[2025-06-18 15:09:12,753] {taskinstance.py:851} INFO - Dependencies all met for <TaskInstance: first_dag.second_task 2025-02-14T00:00:00+00:00 [queued]>
[2025-06-18 15:09:12,823] {taskinstance.py:851} INFO - Dependencies all met for <TaskInstance: first_dag.second_task 2025-02-14T00:00:00+00:00 [queued]>
[2025-06-18 15:09:12,824] {taskinstance.py:1042} INFO - 
--------------------------------------------------------------------------------
[2025-06-18 15:09:12,824] {taskinstance.py:1043} INFO - Starting attempt 1 of 6
[2025-06-18 15:09:12,824] {taskinstance.py:1044} INFO - 
--------------------------------------------------------------------------------
[2025-06-18 15:09:12,905] {taskinstance.py:1063} INFO - Executing <Task(BashOperator): second_task> on 2025-02-14T00:00:00+00:00
[2025-06-18 15:09:12,913] {standard_task_runner.py:52} INFO - Started process 15959 to run task
[2025-06-18 15:09:12,924] {standard_task_runner.py:76} INFO - Running: ['airflow', 'tasks', 'run', 'first_dag', 'second_task', '2025-02-14T00:00:00+00:00', '--job-id', '13547', '--pool', 'default_pool', '--raw', '--subdir', 'DAGS_FOLDER/first_dag.py', '--cfg-path', '/tmp/tmpd1s87m2r', '--error-file', '/tmp/tmphrlmu43h']
[2025-06-18 15:09:12,938] {standard_task_runner.py:77} INFO - Job 13547: Subtask second_task
[2025-06-18 15:09:13,099] {logging_mixin.py:104} INFO - Running <TaskInstance: first_dag.second_task 2025-02-14T00:00:00+00:00 [running]> on host 500dc4ac3a72
[2025-06-18 15:09:13,272] {taskinstance.py:1257} INFO - Exporting the following env vars:
AIRFLOW_CTX_DAG_OWNER=my_name
AIRFLOW_CTX_DAG_ID=first_dag
AIRFLOW_CTX_TASK_ID=second_task
AIRFLOW_CTX_EXECUTION_DATE=2025-02-14T00:00:00+00:00
AIRFLOW_CTX_DAG_RUN_ID=scheduled__2025-02-14T00:00:00+00:00
[2025-06-18 15:09:13,273] {bash.py:135} INFO - Tmp dir root location: 
 /tmp
[2025-06-18 15:09:13,276] {bash.py:158} INFO - Running command: echo "this is sencond task "
[2025-06-18 15:09:13,296] {bash.py:169} INFO - Output:
[2025-06-18 15:09:13,299] {bash.py:173} INFO - this is sencond task
[2025-06-18 15:09:13,300] {bash.py:177} INFO - Command exited with return code 0
[2025-06-18 15:09:13,425] {taskinstance.py:1166} INFO - Marking task as SUCCESS. dag_id=first_dag, task_id=second_task, execution_date=20250214T000000, start_date=20250618T150912, end_date=20250618T150913
[2025-06-18 15:09:13,643] {taskinstance.py:1220} INFO - 0 downstream tasks scheduled from follow-on schedule check
[2025-06-18 15:09:13,674] {local_task_job.py:146} INFO - Task exited with return code 0
