[2025-06-18 15:07:58,464] {taskinstance.py:851} INFO - Dependencies all met for <TaskInstance: first_dag.third_task 2024-08-25T00:00:00+00:00 [queued]>
[2025-06-18 15:07:58,538] {taskinstance.py:851} INFO - Dependencies all met for <TaskInstance: first_dag.third_task 2024-08-25T00:00:00+00:00 [queued]>
[2025-06-18 15:07:58,539] {taskinstance.py:1042} INFO - 
--------------------------------------------------------------------------------
[2025-06-18 15:07:58,540] {taskinstance.py:1043} INFO - Starting attempt 1 of 6
[2025-06-18 15:07:58,540] {taskinstance.py:1044} INFO - 
--------------------------------------------------------------------------------
[2025-06-18 15:07:58,616] {taskinstance.py:1063} INFO - Executing <Task(BashOperator): third_task> on 2024-08-25T00:00:00+00:00
[2025-06-18 15:07:58,638] {standard_task_runner.py:52} INFO - Started process 14235 to run task
[2025-06-18 15:07:58,667] {standard_task_runner.py:76} INFO - Running: ['airflow', 'tasks', 'run', 'first_dag', 'third_task', '2024-08-25T00:00:00+00:00', '--job-id', '13029', '--pool', 'default_pool', '--raw', '--subdir', 'DAGS_FOLDER/first_dag.py', '--cfg-path', '/tmp/tmpz1c2q703', '--error-file', '/tmp/tmpyixi__vo']
[2025-06-18 15:07:58,683] {standard_task_runner.py:77} INFO - Job 13029: Subtask third_task
[2025-06-18 15:07:58,881] {logging_mixin.py:104} INFO - Running <TaskInstance: first_dag.third_task 2024-08-25T00:00:00+00:00 [running]> on host 500dc4ac3a72
[2025-06-18 15:07:59,083] {taskinstance.py:1257} INFO - Exporting the following env vars:
AIRFLOW_CTX_DAG_OWNER=my_name
AIRFLOW_CTX_DAG_ID=first_dag
AIRFLOW_CTX_TASK_ID=third_task
AIRFLOW_CTX_EXECUTION_DATE=2024-08-25T00:00:00+00:00
AIRFLOW_CTX_DAG_RUN_ID=scheduled__2024-08-25T00:00:00+00:00
[2025-06-18 15:07:59,084] {bash.py:135} INFO - Tmp dir root location: 
 /tmp
[2025-06-18 15:07:59,092] {bash.py:158} INFO - Running command: echo "this is third task "
[2025-06-18 15:07:59,125] {bash.py:169} INFO - Output:
[2025-06-18 15:07:59,127] {bash.py:173} INFO - this is third task
[2025-06-18 15:07:59,128] {bash.py:177} INFO - Command exited with return code 0
[2025-06-18 15:07:59,249] {taskinstance.py:1166} INFO - Marking task as SUCCESS. dag_id=first_dag, task_id=third_task, execution_date=20240825T000000, start_date=20250618T150758, end_date=20250618T150759
[2025-06-18 15:07:59,346] {taskinstance.py:1220} INFO - 0 downstream tasks scheduled from follow-on schedule check
[2025-06-18 15:07:59,403] {local_task_job.py:146} INFO - Task exited with return code 0
