[2025-06-17 16:07:59,923] {taskinstance.py:851} INFO - Dependencies all met for <TaskInstance: dag_with_taskflow_api_v02.greet 2025-06-02T00:00:00+00:00 [queued]>
[2025-06-17 16:08:00,022] {taskinstance.py:851} INFO - Dependencies all met for <TaskInstance: dag_with_taskflow_api_v02.greet 2025-06-02T00:00:00+00:00 [queued]>
[2025-06-17 16:08:00,022] {taskinstance.py:1042} INFO - 
--------------------------------------------------------------------------------
[2025-06-17 16:08:00,023] {taskinstance.py:1043} INFO - Starting attempt 1 of 6
[2025-06-17 16:08:00,023] {taskinstance.py:1044} INFO - 
--------------------------------------------------------------------------------
[2025-06-17 16:08:00,071] {taskinstance.py:1063} INFO - Executing <Task(_PythonDecoratedOperator): greet> on 2025-06-02T00:00:00+00:00
[2025-06-17 16:08:00,079] {standard_task_runner.py:52} INFO - Started process 16674 to run task
[2025-06-17 16:08:00,095] {standard_task_runner.py:76} INFO - Running: ['airflow', 'tasks', 'run', 'dag_with_taskflow_api_v02', 'greet', '2025-06-02T00:00:00+00:00', '--job-id', '7911', '--pool', 'default_pool', '--raw', '--subdir', 'DAGS_FOLDER/taskflow.py', '--cfg-path', '/tmp/tmp3oct7lw0', '--error-file', '/tmp/tmpr6g3etb2']
[2025-06-17 16:08:00,136] {standard_task_runner.py:77} INFO - Job 7911: Subtask greet
[2025-06-17 16:08:00,315] {logging_mixin.py:104} INFO - Running <TaskInstance: dag_with_taskflow_api_v02.greet 2025-06-02T00:00:00+00:00 [running]> on host 4f8b76136637
[2025-06-17 16:08:00,580] {taskinstance.py:1257} INFO - Exporting the following env vars:
AIRFLOW_CTX_DAG_OWNER=coder2j
AIRFLOW_CTX_DAG_ID=dag_with_taskflow_api_v02
AIRFLOW_CTX_TASK_ID=greet
AIRFLOW_CTX_EXECUTION_DATE=2025-06-02T00:00:00+00:00
AIRFLOW_CTX_DAG_RUN_ID=scheduled__2025-06-02T00:00:00+00:00
[2025-06-17 16:08:00,584] {logging_mixin.py:104} INFO - Hello World! My name is Jerry Fridman and I am 19 years old!
[2025-06-17 16:08:00,643] {taskinstance.py:1166} INFO - Marking task as SUCCESS. dag_id=dag_with_taskflow_api_v02, task_id=greet, execution_date=20250602T000000, start_date=20250617T160759, end_date=20250617T160800
[2025-06-17 16:08:00,789] {taskinstance.py:1220} INFO - 0 downstream tasks scheduled from follow-on schedule check
[2025-06-17 16:08:00,825] {local_task_job.py:146} INFO - Task exited with return code 0
