[2025-06-18 15:00:35,384] {taskinstance.py:851} INFO - Dependencies all met for <TaskInstance: first_dag.first_task 2021-11-13T00:00:00+00:00 [queued]>
[2025-06-18 15:00:35,444] {taskinstance.py:851} INFO - Dependencies all met for <TaskInstance: first_dag.first_task 2021-11-13T00:00:00+00:00 [queued]>
[2025-06-18 15:00:35,445] {taskinstance.py:1042} INFO - 
--------------------------------------------------------------------------------
[2025-06-18 15:00:35,445] {taskinstance.py:1043} INFO - Starting attempt 1 of 6
[2025-06-18 15:00:35,467] {taskinstance.py:1044} INFO - 
--------------------------------------------------------------------------------
[2025-06-18 15:00:35,546] {taskinstance.py:1063} INFO - Executing <Task(BashOperator): first_task> on 2021-11-13T00:00:00+00:00
[2025-06-18 15:00:35,567] {standard_task_runner.py:52} INFO - Started process 4013 to run task
[2025-06-18 15:00:35,583] {standard_task_runner.py:76} INFO - Running: ['airflow', 'tasks', 'run', 'first_dag', 'first_task', '2021-11-13T00:00:00+00:00', '--job-id', '9965', '--pool', 'default_pool', '--raw', '--subdir', 'DAGS_FOLDER/first_dag.py', '--cfg-path', '/tmp/tmp8i669bca', '--error-file', '/tmp/tmptffhpzxe']
[2025-06-18 15:00:35,588] {standard_task_runner.py:77} INFO - Job 9965: Subtask first_task
[2025-06-18 15:00:35,815] {logging_mixin.py:104} INFO - Running <TaskInstance: first_dag.first_task 2021-11-13T00:00:00+00:00 [running]> on host 500dc4ac3a72
[2025-06-18 15:00:36,060] {taskinstance.py:1257} INFO - Exporting the following env vars:
AIRFLOW_CTX_DAG_OWNER=coder2j
AIRFLOW_CTX_DAG_ID=first_dag
AIRFLOW_CTX_TASK_ID=first_task
AIRFLOW_CTX_EXECUTION_DATE=2021-11-13T00:00:00+00:00
AIRFLOW_CTX_DAG_RUN_ID=scheduled__2021-11-13T00:00:00+00:00
[2025-06-18 15:00:36,062] {bash.py:135} INFO - Tmp dir root location: 
 /tmp
[2025-06-18 15:00:36,065] {bash.py:158} INFO - Running command: echo "this is my first task and I will run first! "
[2025-06-18 15:00:36,120] {bash.py:169} INFO - Output:
[2025-06-18 15:00:36,124] {bash.py:173} INFO - this is my first task and I will run first!
[2025-06-18 15:00:36,125] {bash.py:177} INFO - Command exited with return code 0
[2025-06-18 15:00:36,274] {taskinstance.py:1166} INFO - Marking task as SUCCESS. dag_id=first_dag, task_id=first_task, execution_date=20211113T000000, start_date=20250618T150035, end_date=20250618T150036
[2025-06-18 15:00:36,583] {taskinstance.py:1220} INFO - 0 downstream tasks scheduled from follow-on schedule check
[2025-06-18 15:00:36,620] {local_task_job.py:146} INFO - Task exited with return code 0
