[2025-06-17 16:04:43,865] {taskinstance.py:851} INFO - Dependencies all met for <TaskInstance: dag_with_taskflow_api_v02.get_age 2024-11-27T00:00:00+00:00 [queued]>
[2025-06-17 16:04:44,044] {taskinstance.py:851} INFO - Dependencies all met for <TaskInstance: dag_with_taskflow_api_v02.get_age 2024-11-27T00:00:00+00:00 [queued]>
[2025-06-17 16:04:44,045] {taskinstance.py:1042} INFO - 
--------------------------------------------------------------------------------
[2025-06-17 16:04:44,045] {taskinstance.py:1043} INFO - Starting attempt 1 of 6
[2025-06-17 16:04:44,046] {taskinstance.py:1044} INFO - 
--------------------------------------------------------------------------------
[2025-06-17 16:04:44,157] {taskinstance.py:1063} INFO - Executing <Task(_PythonDecoratedOperator): get_age> on 2024-11-27T00:00:00+00:00
[2025-06-17 16:04:44,187] {standard_task_runner.py:52} INFO - Started process 13614 to run task
[2025-06-17 16:04:44,212] {standard_task_runner.py:76} INFO - Running: ['airflow', 'tasks', 'run', 'dag_with_taskflow_api_v02', 'get_age', '2024-11-27T00:00:00+00:00', '--job-id', '6757', '--pool', 'default_pool', '--raw', '--subdir', 'DAGS_FOLDER/taskflow.py', '--cfg-path', '/tmp/tmprn1pzk2f', '--error-file', '/tmp/tmphdk8x9dz']
[2025-06-17 16:04:44,229] {standard_task_runner.py:77} INFO - Job 6757: Subtask get_age
[2025-06-17 16:04:44,761] {logging_mixin.py:104} INFO - Running <TaskInstance: dag_with_taskflow_api_v02.get_age 2024-11-27T00:00:00+00:00 [running]> on host 4f8b76136637
[2025-06-17 16:04:45,004] {taskinstance.py:1257} INFO - Exporting the following env vars:
AIRFLOW_CTX_DAG_OWNER=coder2j
AIRFLOW_CTX_DAG_ID=dag_with_taskflow_api_v02
AIRFLOW_CTX_TASK_ID=get_age
AIRFLOW_CTX_EXECUTION_DATE=2024-11-27T00:00:00+00:00
AIRFLOW_CTX_DAG_RUN_ID=scheduled__2024-11-27T00:00:00+00:00
[2025-06-17 16:04:45,230] {taskinstance.py:1166} INFO - Marking task as SUCCESS. dag_id=dag_with_taskflow_api_v02, task_id=get_age, execution_date=20241127T000000, start_date=20250617T160443, end_date=20250617T160445
[2025-06-17 16:04:45,922] {taskinstance.py:1220} INFO - 0 downstream tasks scheduled from follow-on schedule check
[2025-06-17 16:04:45,963] {local_task_job.py:146} INFO - Task exited with return code 0
