[2025-06-17 15:44:49,554] {taskinstance.py:851} INFO - Dependencies all met for <TaskInstance: our_first_dag_v5.first_task 2021-08-29T00:00:00+00:00 [queued]>
[2025-06-17 15:44:49,691] {taskinstance.py:851} INFO - Dependencies all met for <TaskInstance: our_first_dag_v5.first_task 2021-08-29T00:00:00+00:00 [queued]>
[2025-06-17 15:44:49,697] {taskinstance.py:1042} INFO - 
--------------------------------------------------------------------------------
[2025-06-17 15:44:49,698] {taskinstance.py:1043} INFO - Starting attempt 1 of 6
[2025-06-17 15:44:49,698] {taskinstance.py:1044} INFO - 
--------------------------------------------------------------------------------
[2025-06-17 15:44:49,943] {taskinstance.py:1063} INFO - Executing <Task(BashOperator): first_task> on 2021-08-29T00:00:00+00:00
[2025-06-17 15:44:49,999] {standard_task_runner.py:52} INFO - Started process 751 to run task
[2025-06-17 15:44:50,117] {standard_task_runner.py:76} INFO - Running: ['airflow', 'tasks', 'run', 'our_first_dag_v5', 'first_task', '2021-08-29T00:00:00+00:00', '--job-id', '183', '--pool', 'default_pool', '--raw', '--subdir', 'DAGS_FOLDER/first_dag.py', '--cfg-path', '/tmp/tmpd6c7ad3q', '--error-file', '/tmp/tmp8fvx_8tg']
[2025-06-17 15:44:50,184] {standard_task_runner.py:77} INFO - Job 183: Subtask first_task
[2025-06-17 15:44:50,671] {logging_mixin.py:104} INFO - Running <TaskInstance: our_first_dag_v5.first_task 2021-08-29T00:00:00+00:00 [running]> on host 4f8b76136637
[2025-06-17 15:44:50,930] {taskinstance.py:1257} INFO - Exporting the following env vars:
AIRFLOW_CTX_DAG_OWNER=coder2j
AIRFLOW_CTX_DAG_ID=our_first_dag_v5
AIRFLOW_CTX_TASK_ID=first_task
AIRFLOW_CTX_EXECUTION_DATE=2021-08-29T00:00:00+00:00
AIRFLOW_CTX_DAG_RUN_ID=scheduled__2021-08-29T00:00:00+00:00
[2025-06-17 15:44:50,932] {bash.py:135} INFO - Tmp dir root location: 
 /tmp
[2025-06-17 15:44:50,950] {bash.py:158} INFO - Running command: echo hello world, this is the first task!
[2025-06-17 15:44:50,997] {bash.py:169} INFO - Output:
[2025-06-17 15:44:51,006] {bash.py:173} INFO - hello world, this is the first task!
[2025-06-17 15:44:51,006] {bash.py:177} INFO - Command exited with return code 0
[2025-06-17 15:44:51,233] {taskinstance.py:1166} INFO - Marking task as SUCCESS. dag_id=our_first_dag_v5, task_id=first_task, execution_date=20210829T000000, start_date=20250617T154449, end_date=20250617T154451
[2025-06-17 15:44:51,474] {taskinstance.py:1220} INFO - 2 downstream tasks scheduled from follow-on schedule check
[2025-06-17 15:44:51,551] {local_task_job.py:146} INFO - Task exited with return code 0
