[2025-06-17 15:50:06,270] {taskinstance.py:851} INFO - Dependencies all met for <TaskInstance: dag_with_taskflow_api_v02.greet 2022-08-19T00:00:00+00:00 [queued]>
[2025-06-17 15:50:06,371] {taskinstance.py:851} INFO - Dependencies all met for <TaskInstance: dag_with_taskflow_api_v02.greet 2022-08-19T00:00:00+00:00 [queued]>
[2025-06-17 15:50:06,371] {taskinstance.py:1042} INFO - 
--------------------------------------------------------------------------------
[2025-06-17 15:50:06,371] {taskinstance.py:1043} INFO - Starting attempt 1 of 6
[2025-06-17 15:50:06,371] {taskinstance.py:1044} INFO - 
--------------------------------------------------------------------------------
[2025-06-17 15:50:06,556] {taskinstance.py:1063} INFO - Executing <Task(_PythonDecoratedOperator): greet> on 2022-08-19T00:00:00+00:00
[2025-06-17 15:50:06,635] {standard_task_runner.py:52} INFO - Started process 407 to run task
[2025-06-17 15:50:06,766] {standard_task_runner.py:76} INFO - Running: ['airflow', 'tasks', 'run', 'dag_with_taskflow_api_v02', 'greet', '2022-08-19T00:00:00+00:00', '--job-id', '1796', '--pool', 'default_pool', '--raw', '--subdir', 'DAGS_FOLDER/taskflow.py', '--cfg-path', '/tmp/tmpmuqs5_vy', '--error-file', '/tmp/tmppwjr8gyz']
[2025-06-17 15:50:06,797] {standard_task_runner.py:77} INFO - Job 1796: Subtask greet
[2025-06-17 15:50:07,073] {logging_mixin.py:104} INFO - Running <TaskInstance: dag_with_taskflow_api_v02.greet 2022-08-19T00:00:00+00:00 [running]> on host 4f8b76136637
[2025-06-17 15:50:07,597] {taskinstance.py:1257} INFO - Exporting the following env vars:
AIRFLOW_CTX_DAG_OWNER=coder2j
AIRFLOW_CTX_DAG_ID=dag_with_taskflow_api_v02
AIRFLOW_CTX_TASK_ID=greet
AIRFLOW_CTX_EXECUTION_DATE=2022-08-19T00:00:00+00:00
AIRFLOW_CTX_DAG_RUN_ID=scheduled__2022-08-19T00:00:00+00:00
[2025-06-17 15:50:07,598] {logging_mixin.py:104} INFO - Hello World! My name is Jerry Fridman and I am 19 years old!
[2025-06-17 15:50:07,735] {taskinstance.py:1166} INFO - Marking task as SUCCESS. dag_id=dag_with_taskflow_api_v02, task_id=greet, execution_date=20220819T000000, start_date=20250617T155006, end_date=20250617T155007
[2025-06-17 15:50:07,949] {taskinstance.py:1220} INFO - 0 downstream tasks scheduled from follow-on schedule check
[2025-06-17 15:50:08,001] {local_task_job.py:146} INFO - Task exited with return code 0
