[2025-06-18 15:04:23,427] {taskinstance.py:851} INFO - Dependencies all met for <TaskInstance: first_dag.third_task 2023-05-01T00:00:00+00:00 [queued]>
[2025-06-18 15:04:23,470] {taskinstance.py:851} INFO - Dependencies all met for <TaskInstance: first_dag.third_task 2023-05-01T00:00:00+00:00 [queued]>
[2025-06-18 15:04:23,471] {taskinstance.py:1042} INFO - 
--------------------------------------------------------------------------------
[2025-06-18 15:04:23,471] {taskinstance.py:1043} INFO - Starting attempt 1 of 6
[2025-06-18 15:04:23,471] {taskinstance.py:1044} INFO - 
--------------------------------------------------------------------------------
[2025-06-18 15:04:23,530] {taskinstance.py:1063} INFO - Executing <Task(BashOperator): third_task> on 2023-05-01T00:00:00+00:00
[2025-06-18 15:04:23,537] {standard_task_runner.py:52} INFO - Started process 9391 to run task
[2025-06-18 15:04:23,562] {standard_task_runner.py:76} INFO - Running: ['airflow', 'tasks', 'run', 'first_dag', 'third_task', '2023-05-01T00:00:00+00:00', '--job-id', '11584', '--pool', 'default_pool', '--raw', '--subdir', 'DAGS_FOLDER/first_dag.py', '--cfg-path', '/tmp/tmp0i0vhrd4', '--error-file', '/tmp/tmpoiwymc07']
[2025-06-18 15:04:23,573] {standard_task_runner.py:77} INFO - Job 11584: Subtask third_task
[2025-06-18 15:04:23,761] {logging_mixin.py:104} INFO - Running <TaskInstance: first_dag.third_task 2023-05-01T00:00:00+00:00 [running]> on host 500dc4ac3a72
[2025-06-18 15:04:23,989] {taskinstance.py:1257} INFO - Exporting the following env vars:
AIRFLOW_CTX_DAG_OWNER=my_name
AIRFLOW_CTX_DAG_ID=first_dag
AIRFLOW_CTX_TASK_ID=third_task
AIRFLOW_CTX_EXECUTION_DATE=2023-05-01T00:00:00+00:00
AIRFLOW_CTX_DAG_RUN_ID=scheduled__2023-05-01T00:00:00+00:00
[2025-06-18 15:04:23,991] {bash.py:135} INFO - Tmp dir root location: 
 /tmp
[2025-06-18 15:04:24,000] {bash.py:158} INFO - Running command: echo "this is third task "
[2025-06-18 15:04:24,027] {bash.py:169} INFO - Output:
[2025-06-18 15:04:24,030] {bash.py:173} INFO - this is third task
[2025-06-18 15:04:24,032] {bash.py:177} INFO - Command exited with return code 0
[2025-06-18 15:04:24,141] {taskinstance.py:1166} INFO - Marking task as SUCCESS. dag_id=first_dag, task_id=third_task, execution_date=20230501T000000, start_date=20250618T150423, end_date=20250618T150424
[2025-06-18 15:04:24,428] {taskinstance.py:1220} INFO - 0 downstream tasks scheduled from follow-on schedule check
[2025-06-18 15:04:24,475] {local_task_job.py:146} INFO - Task exited with return code 0
