[2025-06-17 16:01:33,571] {taskinstance.py:851} INFO - Dependencies all met for <TaskInstance: our_first_dag_v5.thrid_task 2024-01-09T00:00:00+00:00 [queued]>
[2025-06-17 16:01:33,722] {taskinstance.py:851} INFO - Dependencies all met for <TaskInstance: our_first_dag_v5.thrid_task 2024-01-09T00:00:00+00:00 [queued]>
[2025-06-17 16:01:33,722] {taskinstance.py:1042} INFO - 
--------------------------------------------------------------------------------
[2025-06-17 16:01:33,722] {taskinstance.py:1043} INFO - Starting attempt 1 of 6
[2025-06-17 16:01:33,722] {taskinstance.py:1044} INFO - 
--------------------------------------------------------------------------------
[2025-06-17 16:01:33,821] {taskinstance.py:1063} INFO - Executing <Task(BashOperator): thrid_task> on 2024-01-09T00:00:00+00:00
[2025-06-17 16:01:33,839] {standard_task_runner.py:52} INFO - Started process 10060 to run task
[2025-06-17 16:01:33,867] {standard_task_runner.py:76} INFO - Running: ['airflow', 'tasks', 'run', 'our_first_dag_v5', 'thrid_task', '2024-01-09T00:00:00+00:00', '--job-id', '5410', '--pool', 'default_pool', '--raw', '--subdir', 'DAGS_FOLDER/first_dag.py', '--cfg-path', '/tmp/tmplieinsob', '--error-file', '/tmp/tmpg7u2075w']
[2025-06-17 16:01:33,894] {standard_task_runner.py:77} INFO - Job 5410: Subtask thrid_task
[2025-06-17 16:01:34,329] {logging_mixin.py:104} INFO - Running <TaskInstance: our_first_dag_v5.thrid_task 2024-01-09T00:00:00+00:00 [running]> on host 4f8b76136637
[2025-06-17 16:01:34,734] {taskinstance.py:1257} INFO - Exporting the following env vars:
AIRFLOW_CTX_DAG_OWNER=coder2j
AIRFLOW_CTX_DAG_ID=our_first_dag_v5
AIRFLOW_CTX_TASK_ID=thrid_task
AIRFLOW_CTX_EXECUTION_DATE=2024-01-09T00:00:00+00:00
AIRFLOW_CTX_DAG_RUN_ID=scheduled__2024-01-09T00:00:00+00:00
[2025-06-17 16:01:34,740] {bash.py:135} INFO - Tmp dir root location: 
 /tmp
[2025-06-17 16:01:34,743] {bash.py:158} INFO - Running command: echo hey, I am task3 and will be running after task1 at the same time as task2!
[2025-06-17 16:01:34,776] {bash.py:169} INFO - Output:
[2025-06-17 16:01:34,791] {bash.py:173} INFO - hey, I am task3 and will be running after task1 at the same time as task2!
[2025-06-17 16:01:34,795] {bash.py:177} INFO - Command exited with return code 0
[2025-06-17 16:01:35,079] {taskinstance.py:1166} INFO - Marking task as SUCCESS. dag_id=our_first_dag_v5, task_id=thrid_task, execution_date=20240109T000000, start_date=20250617T160133, end_date=20250617T160135
[2025-06-17 16:01:35,359] {taskinstance.py:1220} INFO - 0 downstream tasks scheduled from follow-on schedule check
[2025-06-17 16:01:35,397] {local_task_job.py:146} INFO - Task exited with return code 0
