[2025-06-17 15:46:58,559] {taskinstance.py:851} INFO - Dependencies all met for <TaskInstance: dag_with_taskflow_api_v02.greet 2022-03-20T00:00:00+00:00 [queued]>
[2025-06-17 15:46:58,587] {taskinstance.py:851} INFO - Dependencies all met for <TaskInstance: dag_with_taskflow_api_v02.greet 2022-03-20T00:00:00+00:00 [queued]>
[2025-06-17 15:46:58,591] {taskinstance.py:1042} INFO - 
--------------------------------------------------------------------------------
[2025-06-17 15:46:58,592] {taskinstance.py:1043} INFO - Starting attempt 1 of 6
[2025-06-17 15:46:58,595] {taskinstance.py:1044} INFO - 
--------------------------------------------------------------------------------
[2025-06-17 15:46:58,671] {taskinstance.py:1063} INFO - Executing <Task(_PythonDecoratedOperator): greet> on 2022-03-20T00:00:00+00:00
[2025-06-17 15:46:58,684] {standard_task_runner.py:52} INFO - Started process 2597 to run task
[2025-06-17 15:46:58,698] {standard_task_runner.py:76} INFO - Running: ['airflow', 'tasks', 'run', 'dag_with_taskflow_api_v02', 'greet', '2022-03-20T00:00:00+00:00', '--job-id', '881', '--pool', 'default_pool', '--raw', '--subdir', 'DAGS_FOLDER/taskflow.py', '--cfg-path', '/tmp/tmpekwbwf24', '--error-file', '/tmp/tmp3jz8yqp8']
[2025-06-17 15:46:58,706] {standard_task_runner.py:77} INFO - Job 881: Subtask greet
[2025-06-17 15:46:59,048] {logging_mixin.py:104} INFO - Running <TaskInstance: dag_with_taskflow_api_v02.greet 2022-03-20T00:00:00+00:00 [running]> on host 4f8b76136637
[2025-06-17 15:46:59,506] {taskinstance.py:1257} INFO - Exporting the following env vars:
AIRFLOW_CTX_DAG_OWNER=coder2j
AIRFLOW_CTX_DAG_ID=dag_with_taskflow_api_v02
AIRFLOW_CTX_TASK_ID=greet
AIRFLOW_CTX_EXECUTION_DATE=2022-03-20T00:00:00+00:00
AIRFLOW_CTX_DAG_RUN_ID=scheduled__2022-03-20T00:00:00+00:00
[2025-06-17 15:46:59,507] {logging_mixin.py:104} INFO - Hello World! My name is Jerry Fridman and I am 19 years old!
[2025-06-17 15:46:59,554] {taskinstance.py:1166} INFO - Marking task as SUCCESS. dag_id=dag_with_taskflow_api_v02, task_id=greet, execution_date=20220320T000000, start_date=20250617T154658, end_date=20250617T154659
[2025-06-17 15:46:59,777] {taskinstance.py:1220} INFO - 0 downstream tasks scheduled from follow-on schedule check
[2025-06-17 15:46:59,867] {local_task_job.py:146} INFO - Task exited with return code 0
