[2025-06-17 15:56:39,562] {taskinstance.py:851} INFO - Dependencies all met for <TaskInstance: dag_with_taskflow_api_v02.get_age 2023-08-12T00:00:00+00:00 [queued]>
[2025-06-17 15:56:39,680] {taskinstance.py:851} INFO - Dependencies all met for <TaskInstance: dag_with_taskflow_api_v02.get_age 2023-08-12T00:00:00+00:00 [queued]>
[2025-06-17 15:56:39,680] {taskinstance.py:1042} INFO - 
--------------------------------------------------------------------------------
[2025-06-17 15:56:39,680] {taskinstance.py:1043} INFO - Starting attempt 1 of 6
[2025-06-17 15:56:39,681] {taskinstance.py:1044} INFO - 
--------------------------------------------------------------------------------
[2025-06-17 15:56:39,739] {taskinstance.py:1063} INFO - Executing <Task(_PythonDecoratedOperator): get_age> on 2023-08-12T00:00:00+00:00
[2025-06-17 15:56:39,746] {standard_task_runner.py:52} INFO - Started process 6049 to run task
[2025-06-17 15:56:39,767] {standard_task_runner.py:76} INFO - Running: ['airflow', 'tasks', 'run', 'dag_with_taskflow_api_v02', 'get_age', '2023-08-12T00:00:00+00:00', '--job-id', '3916', '--pool', 'default_pool', '--raw', '--subdir', 'DAGS_FOLDER/taskflow.py', '--cfg-path', '/tmp/tmpbfbencoh', '--error-file', '/tmp/tmpwr2byhdz']
[2025-06-17 15:56:39,774] {standard_task_runner.py:77} INFO - Job 3916: Subtask get_age
[2025-06-17 15:56:40,091] {logging_mixin.py:104} INFO - Running <TaskInstance: dag_with_taskflow_api_v02.get_age 2023-08-12T00:00:00+00:00 [running]> on host 4f8b76136637
[2025-06-17 15:56:40,475] {taskinstance.py:1257} INFO - Exporting the following env vars:
AIRFLOW_CTX_DAG_OWNER=coder2j
AIRFLOW_CTX_DAG_ID=dag_with_taskflow_api_v02
AIRFLOW_CTX_TASK_ID=get_age
AIRFLOW_CTX_EXECUTION_DATE=2023-08-12T00:00:00+00:00
AIRFLOW_CTX_DAG_RUN_ID=scheduled__2023-08-12T00:00:00+00:00
[2025-06-17 15:56:40,625] {taskinstance.py:1166} INFO - Marking task as SUCCESS. dag_id=dag_with_taskflow_api_v02, task_id=get_age, execution_date=20230812T000000, start_date=20250617T155639, end_date=20250617T155640
[2025-06-17 15:56:40,804] {taskinstance.py:1220} INFO - 1 downstream tasks scheduled from follow-on schedule check
[2025-06-17 15:56:40,889] {local_task_job.py:146} INFO - Task exited with return code 0
