[2025-06-17 16:04:30,646] {taskinstance.py:851} INFO - Dependencies all met for <TaskInstance: our_first_dag_v5.thrid_task 2024-08-08T00:00:00+00:00 [queued]>
[2025-06-17 16:04:30,735] {taskinstance.py:851} INFO - Dependencies all met for <TaskInstance: our_first_dag_v5.thrid_task 2024-08-08T00:00:00+00:00 [queued]>
[2025-06-17 16:04:30,736] {taskinstance.py:1042} INFO - 
--------------------------------------------------------------------------------
[2025-06-17 16:04:30,736] {taskinstance.py:1043} INFO - Starting attempt 1 of 6
[2025-06-17 16:04:30,736] {taskinstance.py:1044} INFO - 
--------------------------------------------------------------------------------
[2025-06-17 16:04:30,829] {taskinstance.py:1063} INFO - Executing <Task(BashOperator): thrid_task> on 2024-08-08T00:00:00+00:00
[2025-06-17 16:04:30,871] {standard_task_runner.py:52} INFO - Started process 13386 to run task
[2025-06-17 16:04:30,895] {standard_task_runner.py:76} INFO - Running: ['airflow', 'tasks', 'run', 'our_first_dag_v5', 'thrid_task', '2024-08-08T00:00:00+00:00', '--job-id', '6676', '--pool', 'default_pool', '--raw', '--subdir', 'DAGS_FOLDER/first_dag.py', '--cfg-path', '/tmp/tmp9pm416l0', '--error-file', '/tmp/tmp7lrkvoz0']
[2025-06-17 16:04:30,915] {standard_task_runner.py:77} INFO - Job 6676: Subtask thrid_task
[2025-06-17 16:04:31,188] {logging_mixin.py:104} INFO - Running <TaskInstance: our_first_dag_v5.thrid_task 2024-08-08T00:00:00+00:00 [running]> on host 4f8b76136637
[2025-06-17 16:04:31,520] {taskinstance.py:1257} INFO - Exporting the following env vars:
AIRFLOW_CTX_DAG_OWNER=coder2j
AIRFLOW_CTX_DAG_ID=our_first_dag_v5
AIRFLOW_CTX_TASK_ID=thrid_task
AIRFLOW_CTX_EXECUTION_DATE=2024-08-08T00:00:00+00:00
AIRFLOW_CTX_DAG_RUN_ID=scheduled__2024-08-08T00:00:00+00:00
[2025-06-17 16:04:31,521] {bash.py:135} INFO - Tmp dir root location: 
 /tmp
[2025-06-17 16:04:31,531] {bash.py:158} INFO - Running command: echo hey, I am task3 and will be running after task1 at the same time as task2!
[2025-06-17 16:04:31,569] {bash.py:169} INFO - Output:
[2025-06-17 16:04:31,573] {bash.py:173} INFO - hey, I am task3 and will be running after task1 at the same time as task2!
[2025-06-17 16:04:31,573] {bash.py:177} INFO - Command exited with return code 0
[2025-06-17 16:04:31,887] {taskinstance.py:1166} INFO - Marking task as SUCCESS. dag_id=our_first_dag_v5, task_id=thrid_task, execution_date=20240808T000000, start_date=20250617T160430, end_date=20250617T160431
[2025-06-17 16:04:32,378] {taskinstance.py:1220} INFO - 0 downstream tasks scheduled from follow-on schedule check
[2025-06-17 16:04:32,426] {local_task_job.py:146} INFO - Task exited with return code 0
