[2025-06-17 15:50:42,411] {taskinstance.py:851} INFO - Dependencies all met for <TaskInstance: dag_with_taskflow_api_v02.get_name 2022-09-22T00:00:00+00:00 [queued]>
[2025-06-17 15:50:42,567] {taskinstance.py:851} INFO - Dependencies all met for <TaskInstance: dag_with_taskflow_api_v02.get_name 2022-09-22T00:00:00+00:00 [queued]>
[2025-06-17 15:50:42,567] {taskinstance.py:1042} INFO - 
--------------------------------------------------------------------------------
[2025-06-17 15:50:42,568] {taskinstance.py:1043} INFO - Starting attempt 1 of 6
[2025-06-17 15:50:42,578] {taskinstance.py:1044} INFO - 
--------------------------------------------------------------------------------
[2025-06-17 15:50:42,680] {taskinstance.py:1063} INFO - Executing <Task(_PythonDecoratedOperator): get_name> on 2022-09-22T00:00:00+00:00
[2025-06-17 15:50:42,714] {standard_task_runner.py:52} INFO - Started process 874 to run task
[2025-06-17 15:50:42,750] {standard_task_runner.py:76} INFO - Running: ['airflow', 'tasks', 'run', 'dag_with_taskflow_api_v02', 'get_name', '2022-09-22T00:00:00+00:00', '--job-id', '1974', '--pool', 'default_pool', '--raw', '--subdir', 'DAGS_FOLDER/taskflow.py', '--cfg-path', '/tmp/tmpb0prik1c', '--error-file', '/tmp/tmpn9m6e4dh']
[2025-06-17 15:50:42,766] {standard_task_runner.py:77} INFO - Job 1974: Subtask get_name
[2025-06-17 15:50:43,067] {logging_mixin.py:104} INFO - Running <TaskInstance: dag_with_taskflow_api_v02.get_name 2022-09-22T00:00:00+00:00 [running]> on host 4f8b76136637
[2025-06-17 15:50:43,564] {taskinstance.py:1257} INFO - Exporting the following env vars:
AIRFLOW_CTX_DAG_OWNER=coder2j
AIRFLOW_CTX_DAG_ID=dag_with_taskflow_api_v02
AIRFLOW_CTX_TASK_ID=get_name
AIRFLOW_CTX_EXECUTION_DATE=2022-09-22T00:00:00+00:00
AIRFLOW_CTX_DAG_RUN_ID=scheduled__2022-09-22T00:00:00+00:00
[2025-06-17 15:50:43,835] {taskinstance.py:1166} INFO - Marking task as SUCCESS. dag_id=dag_with_taskflow_api_v02, task_id=get_name, execution_date=20220922T000000, start_date=20250617T155042, end_date=20250617T155043
[2025-06-17 15:50:44,087] {taskinstance.py:1220} INFO - 0 downstream tasks scheduled from follow-on schedule check
[2025-06-17 15:50:44,106] {local_task_job.py:146} INFO - Task exited with return code 0
