[2025-06-18 15:04:06,744] {taskinstance.py:851} INFO - Dependencies all met for <TaskInstance: first_dag.second_task 2023-03-16T00:00:00+00:00 [queued]>
[2025-06-18 15:04:06,772] {taskinstance.py:851} INFO - Dependencies all met for <TaskInstance: first_dag.second_task 2023-03-16T00:00:00+00:00 [queued]>
[2025-06-18 15:04:06,772] {taskinstance.py:1042} INFO - 
--------------------------------------------------------------------------------
[2025-06-18 15:04:06,772] {taskinstance.py:1043} INFO - Starting attempt 1 of 6
[2025-06-18 15:04:06,772] {taskinstance.py:1044} INFO - 
--------------------------------------------------------------------------------
[2025-06-18 15:04:06,805] {taskinstance.py:1063} INFO - Executing <Task(BashOperator): second_task> on 2023-03-16T00:00:00+00:00
[2025-06-18 15:04:06,817] {standard_task_runner.py:52} INFO - Started process 8926 to run task
[2025-06-18 15:04:06,824] {standard_task_runner.py:76} INFO - Running: ['airflow', 'tasks', 'run', 'first_dag', 'second_task', '2023-03-16T00:00:00+00:00', '--job-id', '11445', '--pool', 'default_pool', '--raw', '--subdir', 'DAGS_FOLDER/first_dag.py', '--cfg-path', '/tmp/tmpmq2ml3cl', '--error-file', '/tmp/tmpxttociwv']
[2025-06-18 15:04:06,832] {standard_task_runner.py:77} INFO - Job 11445: Subtask second_task
[2025-06-18 15:04:07,053] {logging_mixin.py:104} INFO - Running <TaskInstance: first_dag.second_task 2023-03-16T00:00:00+00:00 [running]> on host 500dc4ac3a72
[2025-06-18 15:04:07,205] {taskinstance.py:1257} INFO - Exporting the following env vars:
AIRFLOW_CTX_DAG_OWNER=my_name
AIRFLOW_CTX_DAG_ID=first_dag
AIRFLOW_CTX_TASK_ID=second_task
AIRFLOW_CTX_EXECUTION_DATE=2023-03-16T00:00:00+00:00
AIRFLOW_CTX_DAG_RUN_ID=scheduled__2023-03-16T00:00:00+00:00
[2025-06-18 15:04:07,207] {bash.py:135} INFO - Tmp dir root location: 
 /tmp
[2025-06-18 15:04:07,209] {bash.py:158} INFO - Running command: echo "this is sencond task "
[2025-06-18 15:04:07,240] {bash.py:169} INFO - Output:
[2025-06-18 15:04:07,242] {bash.py:173} INFO - this is sencond task
[2025-06-18 15:04:07,243] {bash.py:177} INFO - Command exited with return code 0
[2025-06-18 15:04:07,340] {taskinstance.py:1166} INFO - Marking task as SUCCESS. dag_id=first_dag, task_id=second_task, execution_date=20230316T000000, start_date=20250618T150406, end_date=20250618T150407
[2025-06-18 15:04:07,679] {taskinstance.py:1220} INFO - 0 downstream tasks scheduled from follow-on schedule check
[2025-06-18 15:04:07,715] {local_task_job.py:146} INFO - Task exited with return code 0
