[2025-06-17 15:52:22,935] {taskinstance.py:851} INFO - Dependencies all met for <TaskInstance: our_first_dag_v5.thrid_task 2022-09-10T00:00:00+00:00 [queued]>
[2025-06-17 15:52:23,005] {taskinstance.py:851} INFO - Dependencies all met for <TaskInstance: our_first_dag_v5.thrid_task 2022-09-10T00:00:00+00:00 [queued]>
[2025-06-17 15:52:23,005] {taskinstance.py:1042} INFO - 
--------------------------------------------------------------------------------
[2025-06-17 15:52:23,005] {taskinstance.py:1043} INFO - Starting attempt 1 of 6
[2025-06-17 15:52:23,005] {taskinstance.py:1044} INFO - 
--------------------------------------------------------------------------------
[2025-06-17 15:52:23,049] {taskinstance.py:1063} INFO - Executing <Task(BashOperator): thrid_task> on 2022-09-10T00:00:00+00:00
[2025-06-17 15:52:23,176] {standard_task_runner.py:52} INFO - Started process 2263 to run task
[2025-06-17 15:52:23,183] {standard_task_runner.py:76} INFO - Running: ['airflow', 'tasks', 'run', 'our_first_dag_v5', 'thrid_task', '2022-09-10T00:00:00+00:00', '--job-id', '2489', '--pool', 'default_pool', '--raw', '--subdir', 'DAGS_FOLDER/first_dag.py', '--cfg-path', '/tmp/tmptdgz1gge', '--error-file', '/tmp/tmprws_yiyg']
[2025-06-17 15:52:23,198] {standard_task_runner.py:77} INFO - Job 2489: Subtask thrid_task
[2025-06-17 15:52:23,550] {logging_mixin.py:104} INFO - Running <TaskInstance: our_first_dag_v5.thrid_task 2022-09-10T00:00:00+00:00 [running]> on host 4f8b76136637
[2025-06-17 15:52:23,870] {taskinstance.py:1257} INFO - Exporting the following env vars:
AIRFLOW_CTX_DAG_OWNER=coder2j
AIRFLOW_CTX_DAG_ID=our_first_dag_v5
AIRFLOW_CTX_TASK_ID=thrid_task
AIRFLOW_CTX_EXECUTION_DATE=2022-09-10T00:00:00+00:00
AIRFLOW_CTX_DAG_RUN_ID=scheduled__2022-09-10T00:00:00+00:00
[2025-06-17 15:52:23,871] {bash.py:135} INFO - Tmp dir root location: 
 /tmp
[2025-06-17 15:52:23,875] {bash.py:158} INFO - Running command: echo hey, I am task3 and will be running after task1 at the same time as task2!
[2025-06-17 15:52:23,905] {bash.py:169} INFO - Output:
[2025-06-17 15:52:23,930] {bash.py:173} INFO - hey, I am task3 and will be running after task1 at the same time as task2!
[2025-06-17 15:52:23,933] {bash.py:177} INFO - Command exited with return code 0
[2025-06-17 15:52:24,185] {taskinstance.py:1166} INFO - Marking task as SUCCESS. dag_id=our_first_dag_v5, task_id=thrid_task, execution_date=20220910T000000, start_date=20250617T155222, end_date=20250617T155224
[2025-06-17 15:52:24,581] {taskinstance.py:1220} INFO - 0 downstream tasks scheduled from follow-on schedule check
[2025-06-17 15:52:24,706] {local_task_job.py:146} INFO - Task exited with return code 0
