[2025-06-18 15:02:44,688] {taskinstance.py:851} INFO - Dependencies all met for <TaskInstance: first_dag.second_task 2022-08-27T00:00:00+00:00 [queued]>
[2025-06-18 15:02:44,733] {taskinstance.py:851} INFO - Dependencies all met for <TaskInstance: first_dag.second_task 2022-08-27T00:00:00+00:00 [queued]>
[2025-06-18 15:02:44,739] {taskinstance.py:1042} INFO - 
--------------------------------------------------------------------------------
[2025-06-18 15:02:44,739] {taskinstance.py:1043} INFO - Starting attempt 1 of 6
[2025-06-18 15:02:44,739] {taskinstance.py:1044} INFO - 
--------------------------------------------------------------------------------
[2025-06-18 15:02:44,785] {taskinstance.py:1063} INFO - Executing <Task(BashOperator): second_task> on 2022-08-27T00:00:00+00:00
[2025-06-18 15:02:44,794] {standard_task_runner.py:52} INFO - Started process 6936 to run task
[2025-06-18 15:02:44,832] {standard_task_runner.py:76} INFO - Running: ['airflow', 'tasks', 'run', 'first_dag', 'second_task', '2022-08-27T00:00:00+00:00', '--job-id', '10841', '--pool', 'default_pool', '--raw', '--subdir', 'DAGS_FOLDER/first_dag.py', '--cfg-path', '/tmp/tmpmgkdnfpo', '--error-file', '/tmp/tmpohdcxbbf']
[2025-06-18 15:02:44,864] {standard_task_runner.py:77} INFO - Job 10841: Subtask second_task
[2025-06-18 15:02:45,289] {logging_mixin.py:104} INFO - Running <TaskInstance: first_dag.second_task 2022-08-27T00:00:00+00:00 [running]> on host 500dc4ac3a72
[2025-06-18 15:02:45,738] {taskinstance.py:1257} INFO - Exporting the following env vars:
AIRFLOW_CTX_DAG_OWNER=my_name
AIRFLOW_CTX_DAG_ID=first_dag
AIRFLOW_CTX_TASK_ID=second_task
AIRFLOW_CTX_EXECUTION_DATE=2022-08-27T00:00:00+00:00
AIRFLOW_CTX_DAG_RUN_ID=scheduled__2022-08-27T00:00:00+00:00
[2025-06-18 15:02:45,739] {bash.py:135} INFO - Tmp dir root location: 
 /tmp
[2025-06-18 15:02:45,750] {bash.py:158} INFO - Running command: echo "this is sencond task "
[2025-06-18 15:02:45,781] {bash.py:169} INFO - Output:
[2025-06-18 15:02:45,782] {bash.py:173} INFO - this is sencond task
[2025-06-18 15:02:45,783] {bash.py:177} INFO - Command exited with return code 0
[2025-06-18 15:02:46,046] {taskinstance.py:1166} INFO - Marking task as SUCCESS. dag_id=first_dag, task_id=second_task, execution_date=20220827T000000, start_date=20250618T150244, end_date=20250618T150246
[2025-06-18 15:02:46,483] {taskinstance.py:1220} INFO - 0 downstream tasks scheduled from follow-on schedule check
[2025-06-18 15:02:46,561] {local_task_job.py:146} INFO - Task exited with return code 0
