[2025-06-17 15:46:39,273] {taskinstance.py:851} INFO - Dependencies all met for <TaskInstance: our_first_dag_v5.second_task 2021-11-29T00:00:00+00:00 [queued]>
[2025-06-17 15:46:39,354] {taskinstance.py:851} INFO - Dependencies all met for <TaskInstance: our_first_dag_v5.second_task 2021-11-29T00:00:00+00:00 [queued]>
[2025-06-17 15:46:39,355] {taskinstance.py:1042} INFO - 
--------------------------------------------------------------------------------
[2025-06-17 15:46:39,355] {taskinstance.py:1043} INFO - Starting attempt 1 of 6
[2025-06-17 15:46:39,355] {taskinstance.py:1044} INFO - 
--------------------------------------------------------------------------------
[2025-06-17 15:46:39,480] {taskinstance.py:1063} INFO - Executing <Task(BashOperator): second_task> on 2021-11-29T00:00:00+00:00
[2025-06-17 15:46:39,502] {standard_task_runner.py:52} INFO - Started process 2293 to run task
[2025-06-17 15:46:39,556] {standard_task_runner.py:76} INFO - Running: ['airflow', 'tasks', 'run', 'our_first_dag_v5', 'second_task', '2021-11-29T00:00:00+00:00', '--job-id', '762', '--pool', 'default_pool', '--raw', '--subdir', 'DAGS_FOLDER/first_dag.py', '--cfg-path', '/tmp/tmphopg_9vi', '--error-file', '/tmp/tmpslq6354b']
[2025-06-17 15:46:39,591] {standard_task_runner.py:77} INFO - Job 762: Subtask second_task
[2025-06-17 15:46:39,780] {logging_mixin.py:104} INFO - Running <TaskInstance: our_first_dag_v5.second_task 2021-11-29T00:00:00+00:00 [running]> on host 4f8b76136637
[2025-06-17 15:46:39,868] {taskinstance.py:1257} INFO - Exporting the following env vars:
AIRFLOW_CTX_DAG_OWNER=coder2j
AIRFLOW_CTX_DAG_ID=our_first_dag_v5
AIRFLOW_CTX_TASK_ID=second_task
AIRFLOW_CTX_EXECUTION_DATE=2021-11-29T00:00:00+00:00
AIRFLOW_CTX_DAG_RUN_ID=scheduled__2021-11-29T00:00:00+00:00
[2025-06-17 15:46:39,869] {bash.py:135} INFO - Tmp dir root location: 
 /tmp
[2025-06-17 15:46:39,883] {bash.py:158} INFO - Running command: echo hey, I am task2 and will be running after task1!
[2025-06-17 15:46:39,974] {bash.py:169} INFO - Output:
[2025-06-17 15:46:39,996] {bash.py:173} INFO - hey, I am task2 and will be running after task1!
[2025-06-17 15:46:39,996] {bash.py:177} INFO - Command exited with return code 0
[2025-06-17 15:46:40,385] {taskinstance.py:1166} INFO - Marking task as SUCCESS. dag_id=our_first_dag_v5, task_id=second_task, execution_date=20211129T000000, start_date=20250617T154639, end_date=20250617T154640
[2025-06-17 15:46:40,766] {taskinstance.py:1220} INFO - 0 downstream tasks scheduled from follow-on schedule check
[2025-06-17 15:46:40,831] {local_task_job.py:146} INFO - Task exited with return code 0
