[2025-06-17 15:52:27,277] {taskinstance.py:851} INFO - Dependencies all met for <TaskInstance: dag_with_taskflow_api_v02.get_name 2022-12-21T00:00:00+00:00 [queued]>
[2025-06-17 15:52:27,611] {taskinstance.py:851} INFO - Dependencies all met for <TaskInstance: dag_with_taskflow_api_v02.get_name 2022-12-21T00:00:00+00:00 [queued]>
[2025-06-17 15:52:27,616] {taskinstance.py:1042} INFO - 
--------------------------------------------------------------------------------
[2025-06-17 15:52:27,617] {taskinstance.py:1043} INFO - Starting attempt 1 of 6
[2025-06-17 15:52:27,617] {taskinstance.py:1044} INFO - 
--------------------------------------------------------------------------------
[2025-06-17 15:52:27,664] {taskinstance.py:1063} INFO - Executing <Task(_PythonDecoratedOperator): get_name> on 2022-12-21T00:00:00+00:00
[2025-06-17 15:52:27,686] {standard_task_runner.py:52} INFO - Started process 2312 to run task
[2025-06-17 15:52:27,703] {standard_task_runner.py:76} INFO - Running: ['airflow', 'tasks', 'run', 'dag_with_taskflow_api_v02', 'get_name', '2022-12-21T00:00:00+00:00', '--job-id', '2510', '--pool', 'default_pool', '--raw', '--subdir', 'DAGS_FOLDER/taskflow.py', '--cfg-path', '/tmp/tmpqky1icb_', '--error-file', '/tmp/tmpolmtowou']
[2025-06-17 15:52:27,721] {standard_task_runner.py:77} INFO - Job 2510: Subtask get_name
[2025-06-17 15:52:28,092] {logging_mixin.py:104} INFO - Running <TaskInstance: dag_with_taskflow_api_v02.get_name 2022-12-21T00:00:00+00:00 [running]> on host 4f8b76136637
[2025-06-17 15:52:28,492] {taskinstance.py:1257} INFO - Exporting the following env vars:
AIRFLOW_CTX_DAG_OWNER=coder2j
AIRFLOW_CTX_DAG_ID=dag_with_taskflow_api_v02
AIRFLOW_CTX_TASK_ID=get_name
AIRFLOW_CTX_EXECUTION_DATE=2022-12-21T00:00:00+00:00
AIRFLOW_CTX_DAG_RUN_ID=scheduled__2022-12-21T00:00:00+00:00
[2025-06-17 15:52:29,201] {taskinstance.py:1166} INFO - Marking task as SUCCESS. dag_id=dag_with_taskflow_api_v02, task_id=get_name, execution_date=20221221T000000, start_date=20250617T155227, end_date=20250617T155229
[2025-06-17 15:52:29,452] {taskinstance.py:1220} INFO - 1 downstream tasks scheduled from follow-on schedule check
[2025-06-17 15:52:29,516] {local_task_job.py:146} INFO - Task exited with return code 0
