[2025-06-18 02:28:03,784] {taskinstance.py:851} INFO - Dependencies all met for <TaskInstance: dag_with_postgres_operator_v03.create_postgres_table 2023-10-11T00:00:00+00:00 [queued]>
[2025-06-18 02:28:03,816] {taskinstance.py:851} INFO - Dependencies all met for <TaskInstance: dag_with_postgres_operator_v03.create_postgres_table 2023-10-11T00:00:00+00:00 [queued]>
[2025-06-18 02:28:03,817] {taskinstance.py:1042} INFO - 
--------------------------------------------------------------------------------
[2025-06-18 02:28:03,817] {taskinstance.py:1043} INFO - Starting attempt 1 of 6
[2025-06-18 02:28:03,817] {taskinstance.py:1044} INFO - 
--------------------------------------------------------------------------------
[2025-06-18 02:28:03,837] {taskinstance.py:1063} INFO - Executing <Task(PostgresOperator): create_postgres_table> on 2023-10-11T00:00:00+00:00
[2025-06-18 02:28:03,842] {standard_task_runner.py:52} INFO - Started process 2190 to run task
[2025-06-18 02:28:03,846] {standard_task_runner.py:76} INFO - Running: ['airflow', 'tasks', 'run', 'dag_with_postgres_operator_v03', 'create_postgres_table', '2023-10-11T00:00:00+00:00', '--job-id', '8977', '--pool', 'default_pool', '--raw', '--subdir', 'DAGS_FOLDER/connect_postgres.py', '--cfg-path', '/tmp/tmp3hci_3z4', '--error-file', '/tmp/tmpeyt8j3gx']
[2025-06-18 02:28:03,850] {standard_task_runner.py:77} INFO - Job 8977: Subtask create_postgres_table
[2025-06-18 02:28:03,923] {logging_mixin.py:104} INFO - Running <TaskInstance: dag_with_postgres_operator_v03.create_postgres_table 2023-10-11T00:00:00+00:00 [running]> on host d5e6667b8b51
[2025-06-18 02:28:04,005] {taskinstance.py:1257} INFO - Exporting the following env vars:
AIRFLOW_CTX_DAG_OWNER=coder2j
AIRFLOW_CTX_DAG_ID=dag_with_postgres_operator_v03
AIRFLOW_CTX_TASK_ID=create_postgres_table
AIRFLOW_CTX_EXECUTION_DATE=2023-10-11T00:00:00+00:00
AIRFLOW_CTX_DAG_RUN_ID=scheduled__2023-10-11T00:00:00+00:00
[2025-06-18 02:28:04,006] {postgres.py:69} INFO - Executing: 
            create table if not exists dag_runs (
                dt date,
                dag_id character varying,
                primary key (dt, dag_id)
            )
        
[2025-06-18 02:28:04,020] {base.py:74} INFO - Using connection to: id: postgres_localhost. Host: postgres, Port: 5432, Schema: test, Login: airflow, Password: XXXXXXXX, extra: None
[2025-06-18 02:28:04,027] {dbapi.py:180} INFO - Running statement: 
            create table if not exists dag_runs (
                dt date,
                dag_id character varying,
                primary key (dt, dag_id)
            )
        , parameters: None
[2025-06-18 02:28:04,028] {dbapi.py:186} INFO - Rows affected: -1
[2025-06-18 02:28:04,028] {postgres.py:73} INFO - NOTICE:  relation "dag_runs" already exists, skipping

[2025-06-18 02:28:04,043] {taskinstance.py:1166} INFO - Marking task as SUCCESS. dag_id=dag_with_postgres_operator_v03, task_id=create_postgres_table, execution_date=20231011T000000, start_date=20250618T022803, end_date=20250618T022804
[2025-06-18 02:28:04,174] {taskinstance.py:1220} INFO - 0 downstream tasks scheduled from follow-on schedule check
[2025-06-18 02:28:04,221] {local_task_job.py:146} INFO - Task exited with return code 0
