[2025-06-18 15:06:58,615] {taskinstance.py:851} INFO - Dependencies all met for <TaskInstance: first_dag.third_task 2024-04-05T00:00:00+00:00 [queued]>
[2025-06-18 15:06:58,646] {taskinstance.py:851} INFO - Dependencies all met for <TaskInstance: first_dag.third_task 2024-04-05T00:00:00+00:00 [queued]>
[2025-06-18 15:06:58,647] {taskinstance.py:1042} INFO - 
--------------------------------------------------------------------------------
[2025-06-18 15:06:58,647] {taskinstance.py:1043} INFO - Starting attempt 1 of 6
[2025-06-18 15:06:58,647] {taskinstance.py:1044} INFO - 
--------------------------------------------------------------------------------
[2025-06-18 15:06:58,694] {taskinstance.py:1063} INFO - Executing <Task(BashOperator): third_task> on 2024-04-05T00:00:00+00:00
[2025-06-18 15:06:58,716] {standard_task_runner.py:52} INFO - Started process 12817 to run task
[2025-06-18 15:06:58,734] {standard_task_runner.py:76} INFO - Running: ['airflow', 'tasks', 'run', 'first_dag', 'third_task', '2024-04-05T00:00:00+00:00', '--job-id', '12601', '--pool', 'default_pool', '--raw', '--subdir', 'DAGS_FOLDER/first_dag.py', '--cfg-path', '/tmp/tmpwt36o062', '--error-file', '/tmp/tmp2ktc1j02']
[2025-06-18 15:06:58,746] {standard_task_runner.py:77} INFO - Job 12601: Subtask third_task
[2025-06-18 15:06:59,023] {logging_mixin.py:104} INFO - Running <TaskInstance: first_dag.third_task 2024-04-05T00:00:00+00:00 [running]> on host 500dc4ac3a72
[2025-06-18 15:06:59,184] {taskinstance.py:1257} INFO - Exporting the following env vars:
AIRFLOW_CTX_DAG_OWNER=my_name
AIRFLOW_CTX_DAG_ID=first_dag
AIRFLOW_CTX_TASK_ID=third_task
AIRFLOW_CTX_EXECUTION_DATE=2024-04-05T00:00:00+00:00
AIRFLOW_CTX_DAG_RUN_ID=scheduled__2024-04-05T00:00:00+00:00
[2025-06-18 15:06:59,186] {bash.py:135} INFO - Tmp dir root location: 
 /tmp
[2025-06-18 15:06:59,188] {bash.py:158} INFO - Running command: echo "this is third task "
[2025-06-18 15:06:59,212] {bash.py:169} INFO - Output:
[2025-06-18 15:06:59,214] {bash.py:173} INFO - this is third task
[2025-06-18 15:06:59,214] {bash.py:177} INFO - Command exited with return code 0
[2025-06-18 15:06:59,386] {taskinstance.py:1166} INFO - Marking task as SUCCESS. dag_id=first_dag, task_id=third_task, execution_date=20240405T000000, start_date=20250618T150658, end_date=20250618T150659
[2025-06-18 15:06:59,562] {taskinstance.py:1220} INFO - 0 downstream tasks scheduled from follow-on schedule check
[2025-06-18 15:06:59,610] {local_task_job.py:146} INFO - Task exited with return code 0
