[2025-06-18 15:08:28,448] {taskinstance.py:851} INFO - Dependencies all met for <TaskInstance: first_dag.third_task 2024-10-31T00:00:00+00:00 [queued]>
[2025-06-18 15:08:28,489] {taskinstance.py:851} INFO - Dependencies all met for <TaskInstance: first_dag.third_task 2024-10-31T00:00:00+00:00 [queued]>
[2025-06-18 15:08:28,490] {taskinstance.py:1042} INFO - 
--------------------------------------------------------------------------------
[2025-06-18 15:08:28,490] {taskinstance.py:1043} INFO - Starting attempt 1 of 6
[2025-06-18 15:08:28,490] {taskinstance.py:1044} INFO - 
--------------------------------------------------------------------------------
[2025-06-18 15:08:28,558] {taskinstance.py:1063} INFO - Executing <Task(BashOperator): third_task> on 2024-10-31T00:00:00+00:00
[2025-06-18 15:08:28,567] {standard_task_runner.py:52} INFO - Started process 14911 to run task
[2025-06-18 15:08:28,576] {standard_task_runner.py:76} INFO - Running: ['airflow', 'tasks', 'run', 'first_dag', 'third_task', '2024-10-31T00:00:00+00:00', '--job-id', '13231', '--pool', 'default_pool', '--raw', '--subdir', 'DAGS_FOLDER/first_dag.py', '--cfg-path', '/tmp/tmp03gts59j', '--error-file', '/tmp/tmp9ltb7w39']
[2025-06-18 15:08:28,583] {standard_task_runner.py:77} INFO - Job 13231: Subtask third_task
[2025-06-18 15:08:28,723] {logging_mixin.py:104} INFO - Running <TaskInstance: first_dag.third_task 2024-10-31T00:00:00+00:00 [running]> on host 500dc4ac3a72
[2025-06-18 15:08:28,868] {taskinstance.py:1257} INFO - Exporting the following env vars:
AIRFLOW_CTX_DAG_OWNER=my_name
AIRFLOW_CTX_DAG_ID=first_dag
AIRFLOW_CTX_TASK_ID=third_task
AIRFLOW_CTX_EXECUTION_DATE=2024-10-31T00:00:00+00:00
AIRFLOW_CTX_DAG_RUN_ID=scheduled__2024-10-31T00:00:00+00:00
[2025-06-18 15:08:28,877] {bash.py:135} INFO - Tmp dir root location: 
 /tmp
[2025-06-18 15:08:28,880] {bash.py:158} INFO - Running command: echo "this is third task "
[2025-06-18 15:08:28,912] {bash.py:169} INFO - Output:
[2025-06-18 15:08:28,919] {bash.py:173} INFO - this is third task
[2025-06-18 15:08:28,920] {bash.py:177} INFO - Command exited with return code 0
[2025-06-18 15:08:29,036] {taskinstance.py:1166} INFO - Marking task as SUCCESS. dag_id=first_dag, task_id=third_task, execution_date=20241031T000000, start_date=20250618T150828, end_date=20250618T150829
[2025-06-18 15:08:29,213] {taskinstance.py:1220} INFO - 0 downstream tasks scheduled from follow-on schedule check
[2025-06-18 15:08:29,253] {local_task_job.py:146} INFO - Task exited with return code 0
