[2025-06-17 15:45:38,255] {taskinstance.py:851} INFO - Dependencies all met for <TaskInstance: dag_with_taskflow_api_v02.greet 2021-12-31T00:00:00+00:00 [queued]>
[2025-06-17 15:45:38,322] {taskinstance.py:851} INFO - Dependencies all met for <TaskInstance: dag_with_taskflow_api_v02.greet 2021-12-31T00:00:00+00:00 [queued]>
[2025-06-17 15:45:38,323] {taskinstance.py:1042} INFO - 
--------------------------------------------------------------------------------
[2025-06-17 15:45:38,323] {taskinstance.py:1043} INFO - Starting attempt 1 of 6
[2025-06-17 15:45:38,323] {taskinstance.py:1044} INFO - 
--------------------------------------------------------------------------------
[2025-06-17 15:45:38,420] {taskinstance.py:1063} INFO - Executing <Task(_PythonDecoratedOperator): greet> on 2021-12-31T00:00:00+00:00
[2025-06-17 15:45:38,436] {standard_task_runner.py:52} INFO - Started process 1377 to run task
[2025-06-17 15:45:38,474] {standard_task_runner.py:76} INFO - Running: ['airflow', 'tasks', 'run', 'dag_with_taskflow_api_v02', 'greet', '2021-12-31T00:00:00+00:00', '--job-id', '418', '--pool', 'default_pool', '--raw', '--subdir', 'DAGS_FOLDER/taskflow.py', '--cfg-path', '/tmp/tmpblw8dzl6', '--error-file', '/tmp/tmpkrp16bi0']
[2025-06-17 15:45:38,486] {standard_task_runner.py:77} INFO - Job 418: Subtask greet
[2025-06-17 15:45:38,918] {logging_mixin.py:104} INFO - Running <TaskInstance: dag_with_taskflow_api_v02.greet 2021-12-31T00:00:00+00:00 [running]> on host 4f8b76136637
[2025-06-17 15:45:39,938] {taskinstance.py:1257} INFO - Exporting the following env vars:
AIRFLOW_CTX_DAG_OWNER=coder2j
AIRFLOW_CTX_DAG_ID=dag_with_taskflow_api_v02
AIRFLOW_CTX_TASK_ID=greet
AIRFLOW_CTX_EXECUTION_DATE=2021-12-31T00:00:00+00:00
AIRFLOW_CTX_DAG_RUN_ID=scheduled__2021-12-31T00:00:00+00:00
[2025-06-17 15:45:39,951] {logging_mixin.py:104} INFO - Hello World! My name is Jerry Fridman and I am 19 years old!
[2025-06-17 15:45:40,145] {taskinstance.py:1166} INFO - Marking task as SUCCESS. dag_id=dag_with_taskflow_api_v02, task_id=greet, execution_date=20211231T000000, start_date=20250617T154538, end_date=20250617T154540
[2025-06-17 15:45:40,489] {taskinstance.py:1220} INFO - 0 downstream tasks scheduled from follow-on schedule check
[2025-06-17 15:45:40,704] {local_task_job.py:146} INFO - Task exited with return code 0
