[2025-06-18 15:00:52,832] {taskinstance.py:851} INFO - Dependencies all met for <TaskInstance: first_dag.third_task 2021-12-10T00:00:00+00:00 [queued]>
[2025-06-18 15:00:52,958] {taskinstance.py:851} INFO - Dependencies all met for <TaskInstance: first_dag.third_task 2021-12-10T00:00:00+00:00 [queued]>
[2025-06-18 15:00:52,960] {taskinstance.py:1042} INFO - 
--------------------------------------------------------------------------------
[2025-06-18 15:00:52,960] {taskinstance.py:1043} INFO - Starting attempt 1 of 6
[2025-06-18 15:00:52,961] {taskinstance.py:1044} INFO - 
--------------------------------------------------------------------------------
[2025-06-18 15:00:53,047] {taskinstance.py:1063} INFO - Executing <Task(BashOperator): third_task> on 2021-12-10T00:00:00+00:00
[2025-06-18 15:00:53,065] {standard_task_runner.py:52} INFO - Started process 4324 to run task
[2025-06-18 15:00:53,093] {standard_task_runner.py:76} INFO - Running: ['airflow', 'tasks', 'run', 'first_dag', 'third_task', '2021-12-10T00:00:00+00:00', '--job-id', '10060', '--pool', 'default_pool', '--raw', '--subdir', 'DAGS_FOLDER/first_dag.py', '--cfg-path', '/tmp/tmpu9j6uecy', '--error-file', '/tmp/tmp8uzxxjli']
[2025-06-18 15:00:53,108] {standard_task_runner.py:77} INFO - Job 10060: Subtask third_task
[2025-06-18 15:00:53,425] {logging_mixin.py:104} INFO - Running <TaskInstance: first_dag.third_task 2021-12-10T00:00:00+00:00 [running]> on host 500dc4ac3a72
[2025-06-18 15:00:53,794] {taskinstance.py:1257} INFO - Exporting the following env vars:
AIRFLOW_CTX_DAG_OWNER=my_name
AIRFLOW_CTX_DAG_ID=first_dag
AIRFLOW_CTX_TASK_ID=third_task
AIRFLOW_CTX_EXECUTION_DATE=2021-12-10T00:00:00+00:00
AIRFLOW_CTX_DAG_RUN_ID=scheduled__2021-12-10T00:00:00+00:00
[2025-06-18 15:00:53,796] {bash.py:135} INFO - Tmp dir root location: 
 /tmp
[2025-06-18 15:00:53,800] {bash.py:158} INFO - Running command: echo "this is third task "
[2025-06-18 15:00:53,842] {bash.py:169} INFO - Output:
[2025-06-18 15:00:53,857] {bash.py:173} INFO - this is third task
[2025-06-18 15:00:53,859] {bash.py:177} INFO - Command exited with return code 0
[2025-06-18 15:00:54,024] {taskinstance.py:1166} INFO - Marking task as SUCCESS. dag_id=first_dag, task_id=third_task, execution_date=20211210T000000, start_date=20250618T150052, end_date=20250618T150054
[2025-06-18 15:00:54,176] {taskinstance.py:1220} INFO - 0 downstream tasks scheduled from follow-on schedule check
[2025-06-18 15:00:54,238] {local_task_job.py:146} INFO - Task exited with return code 0
