[2025-06-17 16:04:29,518] {taskinstance.py:851} INFO - Dependencies all met for <TaskInstance: our_first_dag_v5.first_task 2024-08-10T00:00:00+00:00 [queued]>
[2025-06-17 16:04:29,618] {taskinstance.py:851} INFO - Dependencies all met for <TaskInstance: our_first_dag_v5.first_task 2024-08-10T00:00:00+00:00 [queued]>
[2025-06-17 16:04:29,619] {taskinstance.py:1042} INFO - 
--------------------------------------------------------------------------------
[2025-06-17 16:04:29,619] {taskinstance.py:1043} INFO - Starting attempt 1 of 6
[2025-06-17 16:04:29,619] {taskinstance.py:1044} INFO - 
--------------------------------------------------------------------------------
[2025-06-17 16:04:29,711] {taskinstance.py:1063} INFO - Executing <Task(BashOperator): first_task> on 2024-08-10T00:00:00+00:00
[2025-06-17 16:04:29,728] {standard_task_runner.py:52} INFO - Started process 13362 to run task
[2025-06-17 16:04:29,746] {standard_task_runner.py:76} INFO - Running: ['airflow', 'tasks', 'run', 'our_first_dag_v5', 'first_task', '2024-08-10T00:00:00+00:00', '--job-id', '6667', '--pool', 'default_pool', '--raw', '--subdir', 'DAGS_FOLDER/first_dag.py', '--cfg-path', '/tmp/tmpaotcjzxd', '--error-file', '/tmp/tmpvlb_xuy8']
[2025-06-17 16:04:29,777] {standard_task_runner.py:77} INFO - Job 6667: Subtask first_task
[2025-06-17 16:04:30,174] {logging_mixin.py:104} INFO - Running <TaskInstance: our_first_dag_v5.first_task 2024-08-10T00:00:00+00:00 [running]> on host 4f8b76136637
[2025-06-17 16:04:30,445] {taskinstance.py:1257} INFO - Exporting the following env vars:
AIRFLOW_CTX_DAG_OWNER=coder2j
AIRFLOW_CTX_DAG_ID=our_first_dag_v5
AIRFLOW_CTX_TASK_ID=first_task
AIRFLOW_CTX_EXECUTION_DATE=2024-08-10T00:00:00+00:00
AIRFLOW_CTX_DAG_RUN_ID=scheduled__2024-08-10T00:00:00+00:00
[2025-06-17 16:04:30,453] {bash.py:135} INFO - Tmp dir root location: 
 /tmp
[2025-06-17 16:04:30,460] {bash.py:158} INFO - Running command: echo hello world, this is the first task!
[2025-06-17 16:04:30,519] {bash.py:169} INFO - Output:
[2025-06-17 16:04:30,520] {bash.py:173} INFO - hello world, this is the first task!
[2025-06-17 16:04:30,521] {bash.py:177} INFO - Command exited with return code 0
[2025-06-17 16:04:30,781] {taskinstance.py:1166} INFO - Marking task as SUCCESS. dag_id=our_first_dag_v5, task_id=first_task, execution_date=20240810T000000, start_date=20250617T160429, end_date=20250617T160430
[2025-06-17 16:04:31,328] {taskinstance.py:1220} INFO - 0 downstream tasks scheduled from follow-on schedule check
[2025-06-17 16:04:31,384] {local_task_job.py:146} INFO - Task exited with return code 0
