[2025-06-17 16:05:27,670] {taskinstance.py:851} INFO - Dependencies all met for <TaskInstance: dag_with_taskflow_api_v02.get_age 2025-01-06T00:00:00+00:00 [queued]>
[2025-06-17 16:05:27,746] {taskinstance.py:851} INFO - Dependencies all met for <TaskInstance: dag_with_taskflow_api_v02.get_age 2025-01-06T00:00:00+00:00 [queued]>
[2025-06-17 16:05:27,747] {taskinstance.py:1042} INFO - 
--------------------------------------------------------------------------------
[2025-06-17 16:05:27,747] {taskinstance.py:1043} INFO - Starting attempt 1 of 6
[2025-06-17 16:05:27,747] {taskinstance.py:1044} INFO - 
--------------------------------------------------------------------------------
[2025-06-17 16:05:27,787] {taskinstance.py:1063} INFO - Executing <Task(_PythonDecoratedOperator): get_age> on 2025-01-06T00:00:00+00:00
[2025-06-17 16:05:27,798] {standard_task_runner.py:52} INFO - Started process 14258 to run task
[2025-06-17 16:05:27,821] {standard_task_runner.py:76} INFO - Running: ['airflow', 'tasks', 'run', 'dag_with_taskflow_api_v02', 'get_age', '2025-01-06T00:00:00+00:00', '--job-id', '7002', '--pool', 'default_pool', '--raw', '--subdir', 'DAGS_FOLDER/taskflow.py', '--cfg-path', '/tmp/tmp2pk8wx38', '--error-file', '/tmp/tmpjqn5niym']
[2025-06-17 16:05:27,836] {standard_task_runner.py:77} INFO - Job 7002: Subtask get_age
[2025-06-17 16:05:28,075] {logging_mixin.py:104} INFO - Running <TaskInstance: dag_with_taskflow_api_v02.get_age 2025-01-06T00:00:00+00:00 [running]> on host 4f8b76136637
[2025-06-17 16:05:28,437] {taskinstance.py:1257} INFO - Exporting the following env vars:
AIRFLOW_CTX_DAG_OWNER=coder2j
AIRFLOW_CTX_DAG_ID=dag_with_taskflow_api_v02
AIRFLOW_CTX_TASK_ID=get_age
AIRFLOW_CTX_EXECUTION_DATE=2025-01-06T00:00:00+00:00
AIRFLOW_CTX_DAG_RUN_ID=scheduled__2025-01-06T00:00:00+00:00
[2025-06-17 16:05:28,639] {taskinstance.py:1166} INFO - Marking task as SUCCESS. dag_id=dag_with_taskflow_api_v02, task_id=get_age, execution_date=20250106T000000, start_date=20250617T160527, end_date=20250617T160528
[2025-06-17 16:05:28,901] {taskinstance.py:1220} INFO - 0 downstream tasks scheduled from follow-on schedule check
[2025-06-17 16:05:28,938] {local_task_job.py:146} INFO - Task exited with return code 0
