[2025-06-17 16:02:05,966] {taskinstance.py:851} INFO - Dependencies all met for <TaskInstance: our_first_dag_v5.thrid_task 2024-02-16T00:00:00+00:00 [queued]>
[2025-06-17 16:02:06,103] {taskinstance.py:851} INFO - Dependencies all met for <TaskInstance: our_first_dag_v5.thrid_task 2024-02-16T00:00:00+00:00 [queued]>
[2025-06-17 16:02:06,110] {taskinstance.py:1042} INFO - 
--------------------------------------------------------------------------------
[2025-06-17 16:02:06,111] {taskinstance.py:1043} INFO - Starting attempt 1 of 6
[2025-06-17 16:02:06,112] {taskinstance.py:1044} INFO - 
--------------------------------------------------------------------------------
[2025-06-17 16:02:06,169] {taskinstance.py:1063} INFO - Executing <Task(BashOperator): thrid_task> on 2024-02-16T00:00:00+00:00
[2025-06-17 16:02:06,191] {standard_task_runner.py:52} INFO - Started process 10646 to run task
[2025-06-17 16:02:06,209] {standard_task_runner.py:76} INFO - Running: ['airflow', 'tasks', 'run', 'our_first_dag_v5', 'thrid_task', '2024-02-16T00:00:00+00:00', '--job-id', '5635', '--pool', 'default_pool', '--raw', '--subdir', 'DAGS_FOLDER/first_dag.py', '--cfg-path', '/tmp/tmpddsgbs58', '--error-file', '/tmp/tmpca_wqw_j']
[2025-06-17 16:02:06,217] {standard_task_runner.py:77} INFO - Job 5635: Subtask thrid_task
[2025-06-17 16:02:06,437] {logging_mixin.py:104} INFO - Running <TaskInstance: our_first_dag_v5.thrid_task 2024-02-16T00:00:00+00:00 [running]> on host 4f8b76136637
[2025-06-17 16:02:06,780] {taskinstance.py:1257} INFO - Exporting the following env vars:
AIRFLOW_CTX_DAG_OWNER=coder2j
AIRFLOW_CTX_DAG_ID=our_first_dag_v5
AIRFLOW_CTX_TASK_ID=thrid_task
AIRFLOW_CTX_EXECUTION_DATE=2024-02-16T00:00:00+00:00
AIRFLOW_CTX_DAG_RUN_ID=scheduled__2024-02-16T00:00:00+00:00
[2025-06-17 16:02:06,797] {bash.py:135} INFO - Tmp dir root location: 
 /tmp
[2025-06-17 16:02:06,809] {bash.py:158} INFO - Running command: echo hey, I am task3 and will be running after task1 at the same time as task2!
[2025-06-17 16:02:06,853] {bash.py:169} INFO - Output:
[2025-06-17 16:02:06,856] {bash.py:173} INFO - hey, I am task3 and will be running after task1 at the same time as task2!
[2025-06-17 16:02:06,857] {bash.py:177} INFO - Command exited with return code 0
[2025-06-17 16:02:07,046] {taskinstance.py:1166} INFO - Marking task as SUCCESS. dag_id=our_first_dag_v5, task_id=thrid_task, execution_date=20240216T000000, start_date=20250617T160205, end_date=20250617T160207
[2025-06-17 16:02:07,194] {taskinstance.py:1220} INFO - 0 downstream tasks scheduled from follow-on schedule check
[2025-06-17 16:02:07,244] {local_task_job.py:146} INFO - Task exited with return code 0
