[2025-06-18 15:05:05,686] {taskinstance.py:851} INFO - Dependencies all met for <TaskInstance: first_dag.first_task 2023-08-30T00:00:00+00:00 [queued]>
[2025-06-18 15:05:05,717] {taskinstance.py:851} INFO - Dependencies all met for <TaskInstance: first_dag.first_task 2023-08-30T00:00:00+00:00 [queued]>
[2025-06-18 15:05:05,717] {taskinstance.py:1042} INFO - 
--------------------------------------------------------------------------------
[2025-06-18 15:05:05,717] {taskinstance.py:1043} INFO - Starting attempt 1 of 6
[2025-06-18 15:05:05,718] {taskinstance.py:1044} INFO - 
--------------------------------------------------------------------------------
[2025-06-18 15:05:05,795] {taskinstance.py:1063} INFO - Executing <Task(BashOperator): first_task> on 2023-08-30T00:00:00+00:00
[2025-06-18 15:05:05,807] {standard_task_runner.py:52} INFO - Started process 10543 to run task
[2025-06-18 15:05:05,817] {standard_task_runner.py:76} INFO - Running: ['airflow', 'tasks', 'run', 'first_dag', 'first_task', '2023-08-30T00:00:00+00:00', '--job-id', '11934', '--pool', 'default_pool', '--raw', '--subdir', 'DAGS_FOLDER/first_dag.py', '--cfg-path', '/tmp/tmpzwkkm10w', '--error-file', '/tmp/tmpc3xzs2p1']
[2025-06-18 15:05:05,822] {standard_task_runner.py:77} INFO - Job 11934: Subtask first_task
[2025-06-18 15:05:05,970] {logging_mixin.py:104} INFO - Running <TaskInstance: first_dag.first_task 2023-08-30T00:00:00+00:00 [running]> on host 500dc4ac3a72
[2025-06-18 15:05:06,128] {taskinstance.py:1257} INFO - Exporting the following env vars:
AIRFLOW_CTX_DAG_OWNER=my_name
AIRFLOW_CTX_DAG_ID=first_dag
AIRFLOW_CTX_TASK_ID=first_task
AIRFLOW_CTX_EXECUTION_DATE=2023-08-30T00:00:00+00:00
AIRFLOW_CTX_DAG_RUN_ID=scheduled__2023-08-30T00:00:00+00:00
[2025-06-18 15:05:06,129] {bash.py:135} INFO - Tmp dir root location: 
 /tmp
[2025-06-18 15:05:06,137] {bash.py:158} INFO - Running command: echo "this is my first task and I will run first! "
[2025-06-18 15:05:06,188] {bash.py:169} INFO - Output:
[2025-06-18 15:05:06,197] {bash.py:173} INFO - this is my first task and I will run first!
[2025-06-18 15:05:06,198] {bash.py:177} INFO - Command exited with return code 0
[2025-06-18 15:05:06,387] {taskinstance.py:1166} INFO - Marking task as SUCCESS. dag_id=first_dag, task_id=first_task, execution_date=20230830T000000, start_date=20250618T150505, end_date=20250618T150506
[2025-06-18 15:05:06,665] {taskinstance.py:1220} INFO - 0 downstream tasks scheduled from follow-on schedule check
[2025-06-18 15:05:06,691] {local_task_job.py:146} INFO - Task exited with return code 0
