[2025-06-18 15:08:48,975] {taskinstance.py:851} INFO - Dependencies all met for <TaskInstance: first_dag.first_task 2024-12-24T00:00:00+00:00 [queued]>
[2025-06-18 15:08:49,023] {taskinstance.py:851} INFO - Dependencies all met for <TaskInstance: first_dag.first_task 2024-12-24T00:00:00+00:00 [queued]>
[2025-06-18 15:08:49,024] {taskinstance.py:1042} INFO - 
--------------------------------------------------------------------------------
[2025-06-18 15:08:49,024] {taskinstance.py:1043} INFO - Starting attempt 1 of 6
[2025-06-18 15:08:49,024] {taskinstance.py:1044} INFO - 
--------------------------------------------------------------------------------
[2025-06-18 15:08:49,084] {taskinstance.py:1063} INFO - Executing <Task(BashOperator): first_task> on 2024-12-24T00:00:00+00:00
[2025-06-18 15:08:49,101] {standard_task_runner.py:52} INFO - Started process 15397 to run task
[2025-06-18 15:08:49,117] {standard_task_runner.py:76} INFO - Running: ['airflow', 'tasks', 'run', 'first_dag', 'first_task', '2024-12-24T00:00:00+00:00', '--job-id', '13376', '--pool', 'default_pool', '--raw', '--subdir', 'DAGS_FOLDER/first_dag.py', '--cfg-path', '/tmp/tmpv37e1yh5', '--error-file', '/tmp/tmp74mxiyno']
[2025-06-18 15:08:49,124] {standard_task_runner.py:77} INFO - Job 13376: Subtask first_task
[2025-06-18 15:08:49,268] {logging_mixin.py:104} INFO - Running <TaskInstance: first_dag.first_task 2024-12-24T00:00:00+00:00 [running]> on host 500dc4ac3a72
[2025-06-18 15:08:49,535] {taskinstance.py:1257} INFO - Exporting the following env vars:
AIRFLOW_CTX_DAG_OWNER=my_name
AIRFLOW_CTX_DAG_ID=first_dag
AIRFLOW_CTX_TASK_ID=first_task
AIRFLOW_CTX_EXECUTION_DATE=2024-12-24T00:00:00+00:00
AIRFLOW_CTX_DAG_RUN_ID=scheduled__2024-12-24T00:00:00+00:00
[2025-06-18 15:08:49,536] {bash.py:135} INFO - Tmp dir root location: 
 /tmp
[2025-06-18 15:08:49,537] {bash.py:158} INFO - Running command: echo "this is my first task and I will run first! "
[2025-06-18 15:08:49,561] {bash.py:169} INFO - Output:
[2025-06-18 15:08:49,567] {bash.py:173} INFO - this is my first task and I will run first!
[2025-06-18 15:08:49,568] {bash.py:177} INFO - Command exited with return code 0
[2025-06-18 15:08:49,722] {taskinstance.py:1166} INFO - Marking task as SUCCESS. dag_id=first_dag, task_id=first_task, execution_date=20241224T000000, start_date=20250618T150848, end_date=20250618T150849
[2025-06-18 15:08:49,973] {taskinstance.py:1220} INFO - 0 downstream tasks scheduled from follow-on schedule check
[2025-06-18 15:08:50,026] {local_task_job.py:146} INFO - Task exited with return code 0
