[2025-06-17 16:03:40,179] {taskinstance.py:851} INFO - Dependencies all met for <TaskInstance: dag_with_taskflow_api_v02.greet 2024-09-09T00:00:00+00:00 [queued]>
[2025-06-17 16:03:40,279] {taskinstance.py:851} INFO - Dependencies all met for <TaskInstance: dag_with_taskflow_api_v02.greet 2024-09-09T00:00:00+00:00 [queued]>
[2025-06-17 16:03:40,280] {taskinstance.py:1042} INFO - 
--------------------------------------------------------------------------------
[2025-06-17 16:03:40,280] {taskinstance.py:1043} INFO - Starting attempt 1 of 6
[2025-06-17 16:03:40,281] {taskinstance.py:1044} INFO - 
--------------------------------------------------------------------------------
[2025-06-17 16:03:40,331] {taskinstance.py:1063} INFO - Executing <Task(_PythonDecoratedOperator): greet> on 2024-09-09T00:00:00+00:00
[2025-06-17 16:03:40,352] {standard_task_runner.py:52} INFO - Started process 12417 to run task
[2025-06-17 16:03:40,356] {standard_task_runner.py:76} INFO - Running: ['airflow', 'tasks', 'run', 'dag_with_taskflow_api_v02', 'greet', '2024-09-09T00:00:00+00:00', '--job-id', '6305', '--pool', 'default_pool', '--raw', '--subdir', 'DAGS_FOLDER/taskflow.py', '--cfg-path', '/tmp/tmpm_6bpqk4', '--error-file', '/tmp/tmplm7iowhb']
[2025-06-17 16:03:40,369] {standard_task_runner.py:77} INFO - Job 6305: Subtask greet
[2025-06-17 16:03:40,637] {logging_mixin.py:104} INFO - Running <TaskInstance: dag_with_taskflow_api_v02.greet 2024-09-09T00:00:00+00:00 [running]> on host 4f8b76136637
[2025-06-17 16:03:41,149] {taskinstance.py:1257} INFO - Exporting the following env vars:
AIRFLOW_CTX_DAG_OWNER=coder2j
AIRFLOW_CTX_DAG_ID=dag_with_taskflow_api_v02
AIRFLOW_CTX_TASK_ID=greet
AIRFLOW_CTX_EXECUTION_DATE=2024-09-09T00:00:00+00:00
AIRFLOW_CTX_DAG_RUN_ID=scheduled__2024-09-09T00:00:00+00:00
[2025-06-17 16:03:41,152] {logging_mixin.py:104} INFO - Hello World! My name is Jerry Fridman and I am 19 years old!
[2025-06-17 16:03:41,223] {taskinstance.py:1166} INFO - Marking task as SUCCESS. dag_id=dag_with_taskflow_api_v02, task_id=greet, execution_date=20240909T000000, start_date=20250617T160340, end_date=20250617T160341
[2025-06-17 16:03:41,622] {taskinstance.py:1220} INFO - 0 downstream tasks scheduled from follow-on schedule check
[2025-06-17 16:03:41,660] {local_task_job.py:146} INFO - Task exited with return code 0
