[2025-06-18 15:00:39,220] {taskinstance.py:851} INFO - Dependencies all met for <TaskInstance: first_dag.third_task 2021-11-16T00:00:00+00:00 [queued]>
[2025-06-18 15:00:39,251] {taskinstance.py:851} INFO - Dependencies all met for <TaskInstance: first_dag.third_task 2021-11-16T00:00:00+00:00 [queued]>
[2025-06-18 15:00:39,255] {taskinstance.py:1042} INFO - 
--------------------------------------------------------------------------------
[2025-06-18 15:00:39,256] {taskinstance.py:1043} INFO - Starting attempt 1 of 6
[2025-06-18 15:00:39,256] {taskinstance.py:1044} INFO - 
--------------------------------------------------------------------------------
[2025-06-18 15:00:39,306] {taskinstance.py:1063} INFO - Executing <Task(BashOperator): third_task> on 2021-11-16T00:00:00+00:00
[2025-06-18 15:00:39,320] {standard_task_runner.py:52} INFO - Started process 4085 to run task
[2025-06-18 15:00:39,347] {standard_task_runner.py:76} INFO - Running: ['airflow', 'tasks', 'run', 'first_dag', 'third_task', '2021-11-16T00:00:00+00:00', '--job-id', '9990', '--pool', 'default_pool', '--raw', '--subdir', 'DAGS_FOLDER/first_dag.py', '--cfg-path', '/tmp/tmpkt2mkvj9', '--error-file', '/tmp/tmp2osqt7rp']
[2025-06-18 15:00:39,357] {standard_task_runner.py:77} INFO - Job 9990: Subtask third_task
[2025-06-18 15:00:39,601] {logging_mixin.py:104} INFO - Running <TaskInstance: first_dag.third_task 2021-11-16T00:00:00+00:00 [running]> on host 500dc4ac3a72
[2025-06-18 15:00:39,825] {taskinstance.py:1257} INFO - Exporting the following env vars:
AIRFLOW_CTX_DAG_OWNER=coder2j
AIRFLOW_CTX_DAG_ID=first_dag
AIRFLOW_CTX_TASK_ID=third_task
AIRFLOW_CTX_EXECUTION_DATE=2021-11-16T00:00:00+00:00
AIRFLOW_CTX_DAG_RUN_ID=scheduled__2021-11-16T00:00:00+00:00
[2025-06-18 15:00:39,828] {bash.py:135} INFO - Tmp dir root location: 
 /tmp
[2025-06-18 15:00:39,831] {bash.py:158} INFO - Running command: echo "this is third task "
[2025-06-18 15:00:39,850] {bash.py:169} INFO - Output:
[2025-06-18 15:00:39,853] {bash.py:173} INFO - this is third task
[2025-06-18 15:00:39,853] {bash.py:177} INFO - Command exited with return code 0
[2025-06-18 15:00:40,065] {taskinstance.py:1166} INFO - Marking task as SUCCESS. dag_id=first_dag, task_id=third_task, execution_date=20211116T000000, start_date=20250618T150039, end_date=20250618T150040
[2025-06-18 15:00:40,236] {taskinstance.py:1220} INFO - 0 downstream tasks scheduled from follow-on schedule check
[2025-06-18 15:00:40,297] {local_task_job.py:146} INFO - Task exited with return code 0
