[2025-06-17 16:04:07,159] {taskinstance.py:851} INFO - Dependencies all met for <TaskInstance: dag_with_taskflow_api_v02.get_name 2024-10-15T00:00:00+00:00 [queued]>
[2025-06-17 16:04:07,282] {taskinstance.py:851} INFO - Dependencies all met for <TaskInstance: dag_with_taskflow_api_v02.get_name 2024-10-15T00:00:00+00:00 [queued]>
[2025-06-17 16:04:07,286] {taskinstance.py:1042} INFO - 
--------------------------------------------------------------------------------
[2025-06-17 16:04:07,286] {taskinstance.py:1043} INFO - Starting attempt 1 of 6
[2025-06-17 16:04:07,287] {taskinstance.py:1044} INFO - 
--------------------------------------------------------------------------------
[2025-06-17 16:04:07,346] {taskinstance.py:1063} INFO - Executing <Task(_PythonDecoratedOperator): get_name> on 2024-10-15T00:00:00+00:00
[2025-06-17 16:04:07,363] {standard_task_runner.py:52} INFO - Started process 12922 to run task
[2025-06-17 16:04:07,380] {standard_task_runner.py:76} INFO - Running: ['airflow', 'tasks', 'run', 'dag_with_taskflow_api_v02', 'get_name', '2024-10-15T00:00:00+00:00', '--job-id', '6497', '--pool', 'default_pool', '--raw', '--subdir', 'DAGS_FOLDER/taskflow.py', '--cfg-path', '/tmp/tmpki3_m4n5', '--error-file', '/tmp/tmp3z0xigko']
[2025-06-17 16:04:07,389] {standard_task_runner.py:77} INFO - Job 6497: Subtask get_name
[2025-06-17 16:04:07,586] {logging_mixin.py:104} INFO - Running <TaskInstance: dag_with_taskflow_api_v02.get_name 2024-10-15T00:00:00+00:00 [running]> on host 4f8b76136637
[2025-06-17 16:04:07,787] {taskinstance.py:1257} INFO - Exporting the following env vars:
AIRFLOW_CTX_DAG_OWNER=coder2j
AIRFLOW_CTX_DAG_ID=dag_with_taskflow_api_v02
AIRFLOW_CTX_TASK_ID=get_name
AIRFLOW_CTX_EXECUTION_DATE=2024-10-15T00:00:00+00:00
AIRFLOW_CTX_DAG_RUN_ID=scheduled__2024-10-15T00:00:00+00:00
[2025-06-17 16:04:08,151] {taskinstance.py:1166} INFO - Marking task as SUCCESS. dag_id=dag_with_taskflow_api_v02, task_id=get_name, execution_date=20241015T000000, start_date=20250617T160407, end_date=20250617T160408
[2025-06-17 16:04:08,538] {taskinstance.py:1220} INFO - 1 downstream tasks scheduled from follow-on schedule check
[2025-06-17 16:04:08,561] {local_task_job.py:146} INFO - Task exited with return code 0
