[2025-06-18 02:28:22,284] {taskinstance.py:851} INFO - Dependencies all met for <TaskInstance: dag_with_postgres_operator_v03.create_postgres_table 2023-12-27T00:00:00+00:00 [queued]>
[2025-06-18 02:28:22,318] {taskinstance.py:851} INFO - Dependencies all met for <TaskInstance: dag_with_postgres_operator_v03.create_postgres_table 2023-12-27T00:00:00+00:00 [queued]>
[2025-06-18 02:28:22,319] {taskinstance.py:1042} INFO - 
--------------------------------------------------------------------------------
[2025-06-18 02:28:22,319] {taskinstance.py:1043} INFO - Starting attempt 1 of 6
[2025-06-18 02:28:22,319] {taskinstance.py:1044} INFO - 
--------------------------------------------------------------------------------
[2025-06-18 02:28:22,337] {taskinstance.py:1063} INFO - Executing <Task(PostgresOperator): create_postgres_table> on 2023-12-27T00:00:00+00:00
[2025-06-18 02:28:22,344] {standard_task_runner.py:52} INFO - Started process 2397 to run task
[2025-06-18 02:28:22,353] {standard_task_runner.py:76} INFO - Running: ['airflow', 'tasks', 'run', 'dag_with_postgres_operator_v03', 'create_postgres_table', '2023-12-27T00:00:00+00:00', '--job-id', '9055', '--pool', 'default_pool', '--raw', '--subdir', 'DAGS_FOLDER/connect_postgres.py', '--cfg-path', '/tmp/tmpuqynnde8', '--error-file', '/tmp/tmp4w96l4dq']
[2025-06-18 02:28:22,358] {standard_task_runner.py:77} INFO - Job 9055: Subtask create_postgres_table
[2025-06-18 02:28:22,454] {logging_mixin.py:104} INFO - Running <TaskInstance: dag_with_postgres_operator_v03.create_postgres_table 2023-12-27T00:00:00+00:00 [running]> on host d5e6667b8b51
[2025-06-18 02:28:22,565] {taskinstance.py:1257} INFO - Exporting the following env vars:
AIRFLOW_CTX_DAG_OWNER=coder2j
AIRFLOW_CTX_DAG_ID=dag_with_postgres_operator_v03
AIRFLOW_CTX_TASK_ID=create_postgres_table
AIRFLOW_CTX_EXECUTION_DATE=2023-12-27T00:00:00+00:00
AIRFLOW_CTX_DAG_RUN_ID=scheduled__2023-12-27T00:00:00+00:00
[2025-06-18 02:28:22,566] {postgres.py:69} INFO - Executing: 
            create table if not exists dag_runs (
                dt date,
                dag_id character varying,
                primary key (dt, dag_id)
            )
        
[2025-06-18 02:28:22,585] {base.py:74} INFO - Using connection to: id: postgres_localhost. Host: postgres, Port: 5432, Schema: test, Login: airflow, Password: XXXXXXXX, extra: None
[2025-06-18 02:28:22,594] {dbapi.py:180} INFO - Running statement: 
            create table if not exists dag_runs (
                dt date,
                dag_id character varying,
                primary key (dt, dag_id)
            )
        , parameters: None
[2025-06-18 02:28:22,596] {dbapi.py:186} INFO - Rows affected: -1
[2025-06-18 02:28:22,597] {postgres.py:73} INFO - NOTICE:  relation "dag_runs" already exists, skipping

[2025-06-18 02:28:22,615] {taskinstance.py:1166} INFO - Marking task as SUCCESS. dag_id=dag_with_postgres_operator_v03, task_id=create_postgres_table, execution_date=20231227T000000, start_date=20250618T022822, end_date=20250618T022822
[2025-06-18 02:28:22,705] {taskinstance.py:1220} INFO - 0 downstream tasks scheduled from follow-on schedule check
[2025-06-18 02:28:22,725] {local_task_job.py:146} INFO - Task exited with return code 0
