[2025-06-18 14:57:51,348] {taskinstance.py:851} INFO - Dependencies all met for <TaskInstance: first_dag.first_task 2021-07-31T00:00:00+00:00 [queued]>
[2025-06-18 14:57:51,366] {taskinstance.py:851} INFO - Dependencies all met for <TaskInstance: first_dag.first_task 2021-07-31T00:00:00+00:00 [queued]>
[2025-06-18 14:57:51,366] {taskinstance.py:1042} INFO - 
--------------------------------------------------------------------------------
[2025-06-18 14:57:51,366] {taskinstance.py:1043} INFO - Starting attempt 3 of 6
[2025-06-18 14:57:51,366] {taskinstance.py:1044} INFO - 
--------------------------------------------------------------------------------
[2025-06-18 14:57:51,389] {taskinstance.py:1063} INFO - Executing <Task(BashOperator): first_task> on 2021-07-31T00:00:00+00:00
[2025-06-18 14:57:51,394] {standard_task_runner.py:52} INFO - Started process 2628 to run task
[2025-06-18 14:57:51,402] {standard_task_runner.py:76} INFO - Running: ['airflow', 'tasks', 'run', 'first_dag', 'first_task', '2021-07-31T00:00:00+00:00', '--job-id', '9636', '--pool', 'default_pool', '--raw', '--subdir', 'DAGS_FOLDER/first_dag.py', '--cfg-path', '/tmp/tmp85c9msgv', '--error-file', '/tmp/tmp1lw4lzjc']
[2025-06-18 14:57:51,408] {standard_task_runner.py:77} INFO - Job 9636: Subtask first_task
[2025-06-18 14:57:51,479] {logging_mixin.py:104} INFO - Running <TaskInstance: first_dag.first_task 2021-07-31T00:00:00+00:00 [running]> on host 500dc4ac3a72
[2025-06-18 14:57:51,548] {taskinstance.py:1257} INFO - Exporting the following env vars:
AIRFLOW_CTX_DAG_OWNER=coder2j
AIRFLOW_CTX_DAG_ID=first_dag
AIRFLOW_CTX_TASK_ID=first_task
AIRFLOW_CTX_EXECUTION_DATE=2021-07-31T00:00:00+00:00
AIRFLOW_CTX_DAG_RUN_ID=scheduled__2021-07-31T00:00:00+00:00
[2025-06-18 14:57:51,549] {bash.py:135} INFO - Tmp dir root location: 
 /tmp
[2025-06-18 14:57:51,551] {bash.py:158} INFO - Running command: echo "this is my first task and I will run first! "
[2025-06-18 14:57:51,561] {bash.py:169} INFO - Output:
[2025-06-18 14:57:51,562] {bash.py:173} INFO - this is my first task and I will run first!
[2025-06-18 14:57:51,562] {bash.py:177} INFO - Command exited with return code 0
[2025-06-18 14:57:51,602] {taskinstance.py:1166} INFO - Marking task as SUCCESS. dag_id=first_dag, task_id=first_task, execution_date=20210731T000000, start_date=20250618T145751, end_date=20250618T145751
[2025-06-18 14:57:51,647] {taskinstance.py:1220} INFO - 2 downstream tasks scheduled from follow-on schedule check
[2025-06-18 14:57:51,693] {local_task_job.py:146} INFO - Task exited with return code 0
