[2025-06-17 15:56:06,970] {taskinstance.py:851} INFO - Dependencies all met for <TaskInstance: dag_with_taskflow_api_v02.greet 2023-07-09T00:00:00+00:00 [queued]>
[2025-06-17 15:56:07,114] {taskinstance.py:851} INFO - Dependencies all met for <TaskInstance: dag_with_taskflow_api_v02.greet 2023-07-09T00:00:00+00:00 [queued]>
[2025-06-17 15:56:07,121] {taskinstance.py:1042} INFO - 
--------------------------------------------------------------------------------
[2025-06-17 15:56:07,122] {taskinstance.py:1043} INFO - Starting attempt 1 of 6
[2025-06-17 15:56:07,122] {taskinstance.py:1044} INFO - 
--------------------------------------------------------------------------------
[2025-06-17 15:56:07,071] {taskinstance.py:1063} INFO - Executing <Task(_PythonDecoratedOperator): greet> on 2023-07-09T00:00:00+00:00
[2025-06-17 15:56:07,146] {standard_task_runner.py:52} INFO - Started process 5568 to run task
[2025-06-17 15:56:07,183] {standard_task_runner.py:76} INFO - Running: ['airflow', 'tasks', 'run', 'dag_with_taskflow_api_v02', 'greet', '2023-07-09T00:00:00+00:00', '--job-id', '3734', '--pool', 'default_pool', '--raw', '--subdir', 'DAGS_FOLDER/taskflow.py', '--cfg-path', '/tmp/tmpdqt46dih', '--error-file', '/tmp/tmp62fy9wl1']
[2025-06-17 15:56:07,200] {standard_task_runner.py:77} INFO - Job 3734: Subtask greet
[2025-06-17 15:56:07,618] {logging_mixin.py:104} INFO - Running <TaskInstance: dag_with_taskflow_api_v02.greet 2023-07-09T00:00:00+00:00 [running]> on host 4f8b76136637
[2025-06-17 15:56:08,246] {taskinstance.py:1257} INFO - Exporting the following env vars:
AIRFLOW_CTX_DAG_OWNER=coder2j
AIRFLOW_CTX_DAG_ID=dag_with_taskflow_api_v02
AIRFLOW_CTX_TASK_ID=greet
AIRFLOW_CTX_EXECUTION_DATE=2023-07-09T00:00:00+00:00
AIRFLOW_CTX_DAG_RUN_ID=scheduled__2023-07-09T00:00:00+00:00
[2025-06-17 15:56:08,247] {logging_mixin.py:104} INFO - Hello World! My name is Jerry Fridman and I am 19 years old!
[2025-06-17 15:56:08,351] {taskinstance.py:1166} INFO - Marking task as SUCCESS. dag_id=dag_with_taskflow_api_v02, task_id=greet, execution_date=20230709T000000, start_date=20250617T155606, end_date=20250617T155608
[2025-06-17 15:56:08,634] {taskinstance.py:1220} INFO - 0 downstream tasks scheduled from follow-on schedule check
[2025-06-17 15:56:08,687] {local_task_job.py:146} INFO - Task exited with return code 0
