[2025-06-17 15:58:31,907] {taskinstance.py:851} INFO - Dependencies all met for <TaskInstance: dag_with_taskflow_api_v02.get_age 2023-11-16T00:00:00+00:00 [queued]>
[2025-06-17 15:58:32,085] {taskinstance.py:851} INFO - Dependencies all met for <TaskInstance: dag_with_taskflow_api_v02.get_age 2023-11-16T00:00:00+00:00 [queued]>
[2025-06-17 15:58:32,086] {taskinstance.py:1042} INFO - 
--------------------------------------------------------------------------------
[2025-06-17 15:58:32,086] {taskinstance.py:1043} INFO - Starting attempt 1 of 6
[2025-06-17 15:58:32,086] {taskinstance.py:1044} INFO - 
--------------------------------------------------------------------------------
[2025-06-17 15:58:32,194] {taskinstance.py:1063} INFO - Executing <Task(_PythonDecoratedOperator): get_age> on 2023-11-16T00:00:00+00:00
[2025-06-17 15:58:32,317] {standard_task_runner.py:52} INFO - Started process 7592 to run task
[2025-06-17 15:58:32,504] {standard_task_runner.py:76} INFO - Running: ['airflow', 'tasks', 'run', 'dag_with_taskflow_api_v02', 'get_age', '2023-11-16T00:00:00+00:00', '--job-id', '4492', '--pool', 'default_pool', '--raw', '--subdir', 'DAGS_FOLDER/taskflow.py', '--cfg-path', '/tmp/tmpnfz986vh', '--error-file', '/tmp/tmp1c_we8bd']
[2025-06-17 15:58:32,589] {standard_task_runner.py:77} INFO - Job 4492: Subtask get_age
[2025-06-17 15:58:33,943] {logging_mixin.py:104} INFO - Running <TaskInstance: dag_with_taskflow_api_v02.get_age 2023-11-16T00:00:00+00:00 [running]> on host 4f8b76136637
[2025-06-17 15:58:34,728] {taskinstance.py:1257} INFO - Exporting the following env vars:
AIRFLOW_CTX_DAG_OWNER=coder2j
AIRFLOW_CTX_DAG_ID=dag_with_taskflow_api_v02
AIRFLOW_CTX_TASK_ID=get_age
AIRFLOW_CTX_EXECUTION_DATE=2023-11-16T00:00:00+00:00
AIRFLOW_CTX_DAG_RUN_ID=scheduled__2023-11-16T00:00:00+00:00
[2025-06-17 15:58:35,101] {taskinstance.py:1166} INFO - Marking task as SUCCESS. dag_id=dag_with_taskflow_api_v02, task_id=get_age, execution_date=20231116T000000, start_date=20250617T155831, end_date=20250617T155835
[2025-06-17 15:58:35,724] {taskinstance.py:1220} INFO - 1 downstream tasks scheduled from follow-on schedule check
[2025-06-17 15:58:35,823] {local_task_job.py:146} INFO - Task exited with return code 0
