[2025-06-18 15:00:32,887] {taskinstance.py:851} INFO - Dependencies all met for <TaskInstance: first_dag.second_task 2021-10-30T00:00:00+00:00 [queued]>
[2025-06-18 15:00:32,919] {taskinstance.py:851} INFO - Dependencies all met for <TaskInstance: first_dag.second_task 2021-10-30T00:00:00+00:00 [queued]>
[2025-06-18 15:00:32,920] {taskinstance.py:1042} INFO - 
--------------------------------------------------------------------------------
[2025-06-18 15:00:32,927] {taskinstance.py:1043} INFO - Starting attempt 1 of 6
[2025-06-18 15:00:32,928] {taskinstance.py:1044} INFO - 
--------------------------------------------------------------------------------
[2025-06-18 15:00:32,969] {taskinstance.py:1063} INFO - Executing <Task(BashOperator): second_task> on 2021-10-30T00:00:00+00:00
[2025-06-18 15:00:32,981] {standard_task_runner.py:52} INFO - Started process 3931 to run task
[2025-06-18 15:00:32,990] {standard_task_runner.py:76} INFO - Running: ['airflow', 'tasks', 'run', 'first_dag', 'second_task', '2021-10-30T00:00:00+00:00', '--job-id', '9942', '--pool', 'default_pool', '--raw', '--subdir', 'DAGS_FOLDER/first_dag.py', '--cfg-path', '/tmp/tmpsyfxoio7', '--error-file', '/tmp/tmpuy7bwehj']
[2025-06-18 15:00:32,994] {standard_task_runner.py:77} INFO - Job 9942: Subtask second_task
[2025-06-18 15:00:33,147] {logging_mixin.py:104} INFO - Running <TaskInstance: first_dag.second_task 2021-10-30T00:00:00+00:00 [running]> on host 500dc4ac3a72
[2025-06-18 15:00:33,413] {taskinstance.py:1257} INFO - Exporting the following env vars:
AIRFLOW_CTX_DAG_OWNER=coder2j
AIRFLOW_CTX_DAG_ID=first_dag
AIRFLOW_CTX_TASK_ID=second_task
AIRFLOW_CTX_EXECUTION_DATE=2021-10-30T00:00:00+00:00
AIRFLOW_CTX_DAG_RUN_ID=scheduled__2021-10-30T00:00:00+00:00
[2025-06-18 15:00:33,414] {bash.py:135} INFO - Tmp dir root location: 
 /tmp
[2025-06-18 15:00:33,418] {bash.py:158} INFO - Running command: echo "this is sencond task "
[2025-06-18 15:00:33,448] {bash.py:169} INFO - Output:
[2025-06-18 15:00:33,449] {bash.py:173} INFO - this is sencond task
[2025-06-18 15:00:33,450] {bash.py:177} INFO - Command exited with return code 0
[2025-06-18 15:00:33,601] {taskinstance.py:1166} INFO - Marking task as SUCCESS. dag_id=first_dag, task_id=second_task, execution_date=20211030T000000, start_date=20250618T150032, end_date=20250618T150033
[2025-06-18 15:00:33,727] {taskinstance.py:1220} INFO - 0 downstream tasks scheduled from follow-on schedule check
[2025-06-18 15:00:33,792] {local_task_job.py:146} INFO - Task exited with return code 0
