[2025-06-18 15:00:03,210] {taskinstance.py:851} INFO - Dependencies all met for <TaskInstance: first_dag.second_task 2021-08-27T00:00:00+00:00 [queued]>
[2025-06-18 15:00:03,237] {taskinstance.py:851} INFO - Dependencies all met for <TaskInstance: first_dag.second_task 2021-08-27T00:00:00+00:00 [queued]>
[2025-06-18 15:00:03,237] {taskinstance.py:1042} INFO - 
--------------------------------------------------------------------------------
[2025-06-18 15:00:03,237] {taskinstance.py:1043} INFO - Starting attempt 1 of 6
[2025-06-18 15:00:03,237] {taskinstance.py:1044} INFO - 
--------------------------------------------------------------------------------
[2025-06-18 15:00:03,270] {taskinstance.py:1063} INFO - Executing <Task(BashOperator): second_task> on 2021-08-27T00:00:00+00:00
[2025-06-18 15:00:03,275] {standard_task_runner.py:52} INFO - Started process 3275 to run task
[2025-06-18 15:00:03,285] {standard_task_runner.py:76} INFO - Running: ['airflow', 'tasks', 'run', 'first_dag', 'second_task', '2021-08-27T00:00:00+00:00', '--job-id', '9745', '--pool', 'default_pool', '--raw', '--subdir', 'DAGS_FOLDER/first_dag.py', '--cfg-path', '/tmp/tmpr2mt5nhr', '--error-file', '/tmp/tmpjufpkqml']
[2025-06-18 15:00:03,289] {standard_task_runner.py:77} INFO - Job 9745: Subtask second_task
[2025-06-18 15:00:03,423] {logging_mixin.py:104} INFO - Running <TaskInstance: first_dag.second_task 2021-08-27T00:00:00+00:00 [running]> on host 500dc4ac3a72
[2025-06-18 15:00:03,552] {taskinstance.py:1257} INFO - Exporting the following env vars:
AIRFLOW_CTX_DAG_OWNER=coder2j
AIRFLOW_CTX_DAG_ID=first_dag
AIRFLOW_CTX_TASK_ID=second_task
AIRFLOW_CTX_EXECUTION_DATE=2021-08-27T00:00:00+00:00
AIRFLOW_CTX_DAG_RUN_ID=scheduled__2021-08-27T00:00:00+00:00
[2025-06-18 15:00:03,554] {bash.py:135} INFO - Tmp dir root location: 
 /tmp
[2025-06-18 15:00:03,555] {bash.py:158} INFO - Running command: echo "this is sencond task "
[2025-06-18 15:00:03,570] {bash.py:169} INFO - Output:
[2025-06-18 15:00:03,575] {bash.py:173} INFO - this is sencond task
[2025-06-18 15:00:03,576] {bash.py:177} INFO - Command exited with return code 0
[2025-06-18 15:00:03,701] {taskinstance.py:1166} INFO - Marking task as SUCCESS. dag_id=first_dag, task_id=second_task, execution_date=20210827T000000, start_date=20250618T150003, end_date=20250618T150003
[2025-06-18 15:00:03,970] {taskinstance.py:1220} INFO - 0 downstream tasks scheduled from follow-on schedule check
[2025-06-18 15:00:04,032] {local_task_job.py:146} INFO - Task exited with return code 0
