[2025-06-18 16:16:07,298] {taskinstance.py:851} INFO - Dependencies all met for <TaskInstance: connect_postgres_dag.insert_into_table 2022-02-06T00:00:00+00:00 [queued]>
[2025-06-18 16:16:07,396] {taskinstance.py:851} INFO - Dependencies all met for <TaskInstance: connect_postgres_dag.insert_into_table 2022-02-06T00:00:00+00:00 [queued]>
[2025-06-18 16:16:07,396] {taskinstance.py:1042} INFO - 
--------------------------------------------------------------------------------
[2025-06-18 16:16:07,397] {taskinstance.py:1043} INFO - Starting attempt 1 of 6
[2025-06-18 16:16:07,397] {taskinstance.py:1044} INFO - 
--------------------------------------------------------------------------------
[2025-06-18 16:16:07,480] {taskinstance.py:1063} INFO - Executing <Task(PostgresOperator): insert_into_table> on 2022-02-06T00:00:00+00:00
[2025-06-18 16:16:07,487] {standard_task_runner.py:52} INFO - Started process 26918 to run task
[2025-06-18 16:16:07,502] {standard_task_runner.py:76} INFO - Running: ['airflow', 'tasks', 'run', 'connect_postgres_dag', 'insert_into_table', '2022-02-06T00:00:00+00:00', '--job-id', '14032', '--pool', 'default_pool', '--raw', '--subdir', 'DAGS_FOLDER/connect_postgres_dag.py', '--cfg-path', '/tmp/tmpselrh_l4', '--error-file', '/tmp/tmpvg9vwko9']
[2025-06-18 16:16:07,508] {standard_task_runner.py:77} INFO - Job 14032: Subtask insert_into_table
[2025-06-18 16:16:07,756] {logging_mixin.py:104} INFO - Running <TaskInstance: connect_postgres_dag.insert_into_table 2022-02-06T00:00:00+00:00 [running]> on host 500dc4ac3a72
[2025-06-18 16:16:07,891] {taskinstance.py:1257} INFO - Exporting the following env vars:
AIRFLOW_CTX_DAG_OWNER=coder2j
AIRFLOW_CTX_DAG_ID=connect_postgres_dag
AIRFLOW_CTX_TASK_ID=insert_into_table
AIRFLOW_CTX_EXECUTION_DATE=2022-02-06T00:00:00+00:00
AIRFLOW_CTX_DAG_RUN_ID=scheduled__2022-02-06T00:00:00+00:00
[2025-06-18 16:16:07,892] {postgres.py:69} INFO - Executing: 
            insert into employee (name,age,salary) values ('hayyye', '1997','5000.00');
        
[2025-06-18 16:16:07,921] {base.py:74} INFO - Using connection to: id: postgres_localhost. Host: postgres, Port: 5432, Schema: test, Login: airflow, Password: XXXXXXXX, extra: None
[2025-06-18 16:16:07,931] {dbapi.py:180} INFO - Running statement: 
            insert into employee (name,age,salary) values ('hayyye', '1997','5000.00');
        , parameters: None
[2025-06-18 16:16:07,933] {dbapi.py:186} INFO - Rows affected: 1
[2025-06-18 16:16:07,985] {taskinstance.py:1166} INFO - Marking task as SUCCESS. dag_id=connect_postgres_dag, task_id=insert_into_table, execution_date=20220206T000000, start_date=20250618T161607, end_date=20250618T161607
[2025-06-18 16:16:08,059] {taskinstance.py:1220} INFO - 0 downstream tasks scheduled from follow-on schedule check
[2025-06-18 16:16:08,079] {local_task_job.py:146} INFO - Task exited with return code 0
