[2025-06-18 15:09:46,666] {taskinstance.py:851} INFO - Dependencies all met for <TaskInstance: first_dag.third_task 2025-05-08T00:00:00+00:00 [queued]>
[2025-06-18 15:09:46,707] {taskinstance.py:851} INFO - Dependencies all met for <TaskInstance: first_dag.third_task 2025-05-08T00:00:00+00:00 [queued]>
[2025-06-18 15:09:46,707] {taskinstance.py:1042} INFO - 
--------------------------------------------------------------------------------
[2025-06-18 15:09:46,707] {taskinstance.py:1043} INFO - Starting attempt 1 of 6
[2025-06-18 15:09:46,707] {taskinstance.py:1044} INFO - 
--------------------------------------------------------------------------------
[2025-06-18 15:09:46,767] {taskinstance.py:1063} INFO - Executing <Task(BashOperator): third_task> on 2025-05-08T00:00:00+00:00
[2025-06-18 15:09:46,775] {standard_task_runner.py:52} INFO - Started process 16796 to run task
[2025-06-18 15:09:46,800] {standard_task_runner.py:76} INFO - Running: ['airflow', 'tasks', 'run', 'first_dag', 'third_task', '2025-05-08T00:00:00+00:00', '--job-id', '13800', '--pool', 'default_pool', '--raw', '--subdir', 'DAGS_FOLDER/first_dag.py', '--cfg-path', '/tmp/tmp3fh1qcy0', '--error-file', '/tmp/tmpcr24sb9u']
[2025-06-18 15:09:46,808] {standard_task_runner.py:77} INFO - Job 13800: Subtask third_task
[2025-06-18 15:09:46,974] {logging_mixin.py:104} INFO - Running <TaskInstance: first_dag.third_task 2025-05-08T00:00:00+00:00 [running]> on host 500dc4ac3a72
[2025-06-18 15:09:47,165] {taskinstance.py:1257} INFO - Exporting the following env vars:
AIRFLOW_CTX_DAG_OWNER=my_name
AIRFLOW_CTX_DAG_ID=first_dag
AIRFLOW_CTX_TASK_ID=third_task
AIRFLOW_CTX_EXECUTION_DATE=2025-05-08T00:00:00+00:00
AIRFLOW_CTX_DAG_RUN_ID=scheduled__2025-05-08T00:00:00+00:00
[2025-06-18 15:09:47,169] {bash.py:135} INFO - Tmp dir root location: 
 /tmp
[2025-06-18 15:09:47,171] {bash.py:158} INFO - Running command: echo "this is third task "
[2025-06-18 15:09:47,186] {bash.py:169} INFO - Output:
[2025-06-18 15:09:47,188] {bash.py:173} INFO - this is third task
[2025-06-18 15:09:47,189] {bash.py:177} INFO - Command exited with return code 0
[2025-06-18 15:09:47,285] {taskinstance.py:1166} INFO - Marking task as SUCCESS. dag_id=first_dag, task_id=third_task, execution_date=20250508T000000, start_date=20250618T150946, end_date=20250618T150947
[2025-06-18 15:09:47,402] {taskinstance.py:1220} INFO - 0 downstream tasks scheduled from follow-on schedule check
[2025-06-18 15:09:47,466] {local_task_job.py:146} INFO - Task exited with return code 0
