[2025-06-17 16:06:12,847] {taskinstance.py:851} INFO - Dependencies all met for <TaskInstance: dag_with_taskflow_api_v02.get_age 2025-02-25T00:00:00+00:00 [queued]>
[2025-06-17 16:06:12,916] {taskinstance.py:851} INFO - Dependencies all met for <TaskInstance: dag_with_taskflow_api_v02.get_age 2025-02-25T00:00:00+00:00 [queued]>
[2025-06-17 16:06:12,916] {taskinstance.py:1042} INFO - 
--------------------------------------------------------------------------------
[2025-06-17 16:06:12,917] {taskinstance.py:1043} INFO - Starting attempt 1 of 6
[2025-06-17 16:06:12,917] {taskinstance.py:1044} INFO - 
--------------------------------------------------------------------------------
[2025-06-17 16:06:12,963] {taskinstance.py:1063} INFO - Executing <Task(_PythonDecoratedOperator): get_age> on 2025-02-25T00:00:00+00:00
[2025-06-17 16:06:12,968] {standard_task_runner.py:52} INFO - Started process 15044 to run task
[2025-06-17 16:06:12,976] {standard_task_runner.py:76} INFO - Running: ['airflow', 'tasks', 'run', 'dag_with_taskflow_api_v02', 'get_age', '2025-02-25T00:00:00+00:00', '--job-id', '7300', '--pool', 'default_pool', '--raw', '--subdir', 'DAGS_FOLDER/taskflow.py', '--cfg-path', '/tmp/tmp_xrijwc4', '--error-file', '/tmp/tmpsu2txybs']
[2025-06-17 16:06:12,986] {standard_task_runner.py:77} INFO - Job 7300: Subtask get_age
[2025-06-17 16:06:13,171] {logging_mixin.py:104} INFO - Running <TaskInstance: dag_with_taskflow_api_v02.get_age 2025-02-25T00:00:00+00:00 [running]> on host 4f8b76136637
[2025-06-17 16:06:13,527] {taskinstance.py:1257} INFO - Exporting the following env vars:
AIRFLOW_CTX_DAG_OWNER=coder2j
AIRFLOW_CTX_DAG_ID=dag_with_taskflow_api_v02
AIRFLOW_CTX_TASK_ID=get_age
AIRFLOW_CTX_EXECUTION_DATE=2025-02-25T00:00:00+00:00
AIRFLOW_CTX_DAG_RUN_ID=scheduled__2025-02-25T00:00:00+00:00
[2025-06-17 16:06:13,649] {taskinstance.py:1166} INFO - Marking task as SUCCESS. dag_id=dag_with_taskflow_api_v02, task_id=get_age, execution_date=20250225T000000, start_date=20250617T160612, end_date=20250617T160613
[2025-06-17 16:06:14,014] {taskinstance.py:1220} INFO - 0 downstream tasks scheduled from follow-on schedule check
[2025-06-17 16:06:14,047] {local_task_job.py:146} INFO - Task exited with return code 0
