[2025-06-18 15:04:09,713] {taskinstance.py:851} INFO - Dependencies all met for <TaskInstance: first_dag.third_task 2023-03-24T00:00:00+00:00 [queued]>
[2025-06-18 15:04:09,743] {taskinstance.py:851} INFO - Dependencies all met for <TaskInstance: first_dag.third_task 2023-03-24T00:00:00+00:00 [queued]>
[2025-06-18 15:04:09,749] {taskinstance.py:1042} INFO - 
--------------------------------------------------------------------------------
[2025-06-18 15:04:09,749] {taskinstance.py:1043} INFO - Starting attempt 1 of 6
[2025-06-18 15:04:09,750] {taskinstance.py:1044} INFO - 
--------------------------------------------------------------------------------
[2025-06-18 15:04:09,786] {taskinstance.py:1063} INFO - Executing <Task(BashOperator): third_task> on 2023-03-24T00:00:00+00:00
[2025-06-18 15:04:09,799] {standard_task_runner.py:52} INFO - Started process 9022 to run task
[2025-06-18 15:04:09,806] {standard_task_runner.py:76} INFO - Running: ['airflow', 'tasks', 'run', 'first_dag', 'third_task', '2023-03-24T00:00:00+00:00', '--job-id', '11468', '--pool', 'default_pool', '--raw', '--subdir', 'DAGS_FOLDER/first_dag.py', '--cfg-path', '/tmp/tmpj_0z59qn', '--error-file', '/tmp/tmpvmiz4kci']
[2025-06-18 15:04:09,811] {standard_task_runner.py:77} INFO - Job 11468: Subtask third_task
[2025-06-18 15:04:09,996] {logging_mixin.py:104} INFO - Running <TaskInstance: first_dag.third_task 2023-03-24T00:00:00+00:00 [running]> on host 500dc4ac3a72
[2025-06-18 15:04:10,152] {taskinstance.py:1257} INFO - Exporting the following env vars:
AIRFLOW_CTX_DAG_OWNER=my_name
AIRFLOW_CTX_DAG_ID=first_dag
AIRFLOW_CTX_TASK_ID=third_task
AIRFLOW_CTX_EXECUTION_DATE=2023-03-24T00:00:00+00:00
AIRFLOW_CTX_DAG_RUN_ID=scheduled__2023-03-24T00:00:00+00:00
[2025-06-18 15:04:10,153] {bash.py:135} INFO - Tmp dir root location: 
 /tmp
[2025-06-18 15:04:10,157] {bash.py:158} INFO - Running command: echo "this is third task "
[2025-06-18 15:04:10,175] {bash.py:169} INFO - Output:
[2025-06-18 15:04:10,178] {bash.py:173} INFO - this is third task
[2025-06-18 15:04:10,179] {bash.py:177} INFO - Command exited with return code 0
[2025-06-18 15:04:10,291] {taskinstance.py:1166} INFO - Marking task as SUCCESS. dag_id=first_dag, task_id=third_task, execution_date=20230324T000000, start_date=20250618T150409, end_date=20250618T150410
[2025-06-18 15:04:10,456] {taskinstance.py:1220} INFO - 0 downstream tasks scheduled from follow-on schedule check
[2025-06-18 15:04:10,521] {local_task_job.py:146} INFO - Task exited with return code 0
