[2025-06-17 15:44:56,697] {taskinstance.py:851} INFO - Dependencies all met for <TaskInstance: our_first_dag_v5.second_task 2021-09-01T00:00:00+00:00 [queued]>
[2025-06-17 15:44:56,845] {taskinstance.py:851} INFO - Dependencies all met for <TaskInstance: our_first_dag_v5.second_task 2021-09-01T00:00:00+00:00 [queued]>
[2025-06-17 15:44:56,845] {taskinstance.py:1042} INFO - 
--------------------------------------------------------------------------------
[2025-06-17 15:44:56,846] {taskinstance.py:1043} INFO - Starting attempt 1 of 6
[2025-06-17 15:44:56,846] {taskinstance.py:1044} INFO - 
--------------------------------------------------------------------------------
[2025-06-17 15:44:56,999] {taskinstance.py:1063} INFO - Executing <Task(BashOperator): second_task> on 2021-09-01T00:00:00+00:00
[2025-06-17 15:44:57,026] {standard_task_runner.py:52} INFO - Started process 857 to run task
[2025-06-17 15:44:57,061] {standard_task_runner.py:76} INFO - Running: ['airflow', 'tasks', 'run', 'our_first_dag_v5', 'second_task', '2021-09-01T00:00:00+00:00', '--job-id', '227', '--pool', 'default_pool', '--raw', '--subdir', 'DAGS_FOLDER/first_dag.py', '--cfg-path', '/tmp/tmpgzpd6qt3', '--error-file', '/tmp/tmpiorvavwc']
[2025-06-17 15:44:57,074] {standard_task_runner.py:77} INFO - Job 227: Subtask second_task
[2025-06-17 15:44:57,440] {logging_mixin.py:104} INFO - Running <TaskInstance: our_first_dag_v5.second_task 2021-09-01T00:00:00+00:00 [running]> on host 4f8b76136637
[2025-06-17 15:44:57,682] {taskinstance.py:1257} INFO - Exporting the following env vars:
AIRFLOW_CTX_DAG_OWNER=coder2j
AIRFLOW_CTX_DAG_ID=our_first_dag_v5
AIRFLOW_CTX_TASK_ID=second_task
AIRFLOW_CTX_EXECUTION_DATE=2021-09-01T00:00:00+00:00
AIRFLOW_CTX_DAG_RUN_ID=scheduled__2021-09-01T00:00:00+00:00
[2025-06-17 15:44:57,683] {bash.py:135} INFO - Tmp dir root location: 
 /tmp
[2025-06-17 15:44:57,690] {bash.py:158} INFO - Running command: echo hey, I am task2 and will be running after task1!
[2025-06-17 15:44:57,730] {bash.py:169} INFO - Output:
[2025-06-17 15:44:57,738] {bash.py:173} INFO - hey, I am task2 and will be running after task1!
[2025-06-17 15:44:57,739] {bash.py:177} INFO - Command exited with return code 0
[2025-06-17 15:44:57,923] {taskinstance.py:1166} INFO - Marking task as SUCCESS. dag_id=our_first_dag_v5, task_id=second_task, execution_date=20210901T000000, start_date=20250617T154456, end_date=20250617T154457
[2025-06-17 15:44:58,186] {taskinstance.py:1220} INFO - 0 downstream tasks scheduled from follow-on schedule check
[2025-06-17 15:44:58,239] {local_task_job.py:146} INFO - Task exited with return code 0
