[2025-06-18 15:04:43,689] {taskinstance.py:851} INFO - Dependencies all met for <TaskInstance: first_dag.second_task 2023-06-23T00:00:00+00:00 [queued]>
[2025-06-18 15:04:43,747] {taskinstance.py:851} INFO - Dependencies all met for <TaskInstance: first_dag.second_task 2023-06-23T00:00:00+00:00 [queued]>
[2025-06-18 15:04:43,748] {taskinstance.py:1042} INFO - 
--------------------------------------------------------------------------------
[2025-06-18 15:04:43,749] {taskinstance.py:1043} INFO - Starting attempt 1 of 6
[2025-06-18 15:04:43,749] {taskinstance.py:1044} INFO - 
--------------------------------------------------------------------------------
[2025-06-18 15:04:43,818] {taskinstance.py:1063} INFO - Executing <Task(BashOperator): second_task> on 2023-06-23T00:00:00+00:00
[2025-06-18 15:04:43,826] {standard_task_runner.py:52} INFO - Started process 9918 to run task
[2025-06-18 15:04:43,839] {standard_task_runner.py:76} INFO - Running: ['airflow', 'tasks', 'run', 'first_dag', 'second_task', '2023-06-23T00:00:00+00:00', '--job-id', '11742', '--pool', 'default_pool', '--raw', '--subdir', 'DAGS_FOLDER/first_dag.py', '--cfg-path', '/tmp/tmpvut4iyj7', '--error-file', '/tmp/tmp4bbdduse']
[2025-06-18 15:04:43,847] {standard_task_runner.py:77} INFO - Job 11742: Subtask second_task
[2025-06-18 15:04:44,004] {logging_mixin.py:104} INFO - Running <TaskInstance: first_dag.second_task 2023-06-23T00:00:00+00:00 [running]> on host 500dc4ac3a72
[2025-06-18 15:04:44,153] {taskinstance.py:1257} INFO - Exporting the following env vars:
AIRFLOW_CTX_DAG_OWNER=my_name
AIRFLOW_CTX_DAG_ID=first_dag
AIRFLOW_CTX_TASK_ID=second_task
AIRFLOW_CTX_EXECUTION_DATE=2023-06-23T00:00:00+00:00
AIRFLOW_CTX_DAG_RUN_ID=scheduled__2023-06-23T00:00:00+00:00
[2025-06-18 15:04:44,154] {bash.py:135} INFO - Tmp dir root location: 
 /tmp
[2025-06-18 15:04:44,157] {bash.py:158} INFO - Running command: echo "this is sencond task "
[2025-06-18 15:04:44,180] {bash.py:169} INFO - Output:
[2025-06-18 15:04:44,190] {bash.py:173} INFO - this is sencond task
[2025-06-18 15:04:44,191] {bash.py:177} INFO - Command exited with return code 0
[2025-06-18 15:04:44,261] {taskinstance.py:1166} INFO - Marking task as SUCCESS. dag_id=first_dag, task_id=second_task, execution_date=20230623T000000, start_date=20250618T150443, end_date=20250618T150444
[2025-06-18 15:04:44,331] {taskinstance.py:1220} INFO - 0 downstream tasks scheduled from follow-on schedule check
[2025-06-18 15:04:44,387] {local_task_job.py:146} INFO - Task exited with return code 0
