[2025-06-17 15:57:17,033] {taskinstance.py:851} INFO - Dependencies all met for <TaskInstance: our_first_dag_v5.first_task 2023-06-13T00:00:00+00:00 [queued]>
[2025-06-17 15:57:17,116] {taskinstance.py:851} INFO - Dependencies all met for <TaskInstance: our_first_dag_v5.first_task 2023-06-13T00:00:00+00:00 [queued]>
[2025-06-17 15:57:17,117] {taskinstance.py:1042} INFO - 
--------------------------------------------------------------------------------
[2025-06-17 15:57:17,117] {taskinstance.py:1043} INFO - Starting attempt 1 of 6
[2025-06-17 15:57:17,117] {taskinstance.py:1044} INFO - 
--------------------------------------------------------------------------------
[2025-06-17 15:57:17,185] {taskinstance.py:1063} INFO - Executing <Task(BashOperator): first_task> on 2023-06-13T00:00:00+00:00
[2025-06-17 15:57:17,200] {standard_task_runner.py:52} INFO - Started process 6618 to run task
[2025-06-17 15:57:17,231] {standard_task_runner.py:76} INFO - Running: ['airflow', 'tasks', 'run', 'our_first_dag_v5', 'first_task', '2023-06-13T00:00:00+00:00', '--job-id', '4129', '--pool', 'default_pool', '--raw', '--subdir', 'DAGS_FOLDER/first_dag.py', '--cfg-path', '/tmp/tmpryroma4a', '--error-file', '/tmp/tmpb3y9xd5y']
[2025-06-17 15:57:17,256] {standard_task_runner.py:77} INFO - Job 4129: Subtask first_task
[2025-06-17 15:57:17,591] {logging_mixin.py:104} INFO - Running <TaskInstance: our_first_dag_v5.first_task 2023-06-13T00:00:00+00:00 [running]> on host 4f8b76136637
[2025-06-17 15:57:17,841] {taskinstance.py:1257} INFO - Exporting the following env vars:
AIRFLOW_CTX_DAG_OWNER=coder2j
AIRFLOW_CTX_DAG_ID=our_first_dag_v5
AIRFLOW_CTX_TASK_ID=first_task
AIRFLOW_CTX_EXECUTION_DATE=2023-06-13T00:00:00+00:00
AIRFLOW_CTX_DAG_RUN_ID=scheduled__2023-06-13T00:00:00+00:00
[2025-06-17 15:57:17,852] {bash.py:135} INFO - Tmp dir root location: 
 /tmp
[2025-06-17 15:57:17,855] {bash.py:158} INFO - Running command: echo hello world, this is the first task!
[2025-06-17 15:57:17,892] {bash.py:169} INFO - Output:
[2025-06-17 15:57:17,899] {bash.py:173} INFO - hello world, this is the first task!
[2025-06-17 15:57:17,900] {bash.py:177} INFO - Command exited with return code 0
[2025-06-17 15:57:18,130] {taskinstance.py:1166} INFO - Marking task as SUCCESS. dag_id=our_first_dag_v5, task_id=first_task, execution_date=20230613T000000, start_date=20250617T155717, end_date=20250617T155718
[2025-06-17 15:57:18,295] {taskinstance.py:1220} INFO - 2 downstream tasks scheduled from follow-on schedule check
[2025-06-17 15:57:18,329] {local_task_job.py:146} INFO - Task exited with return code 0
