[2025-06-17 16:02:29,367] {taskinstance.py:851} INFO - Dependencies all met for <TaskInstance: our_first_dag_v5.first_task 2024-03-19T00:00:00+00:00 [queued]>
[2025-06-17 16:02:29,497] {taskinstance.py:851} INFO - Dependencies all met for <TaskInstance: our_first_dag_v5.first_task 2024-03-19T00:00:00+00:00 [queued]>
[2025-06-17 16:02:29,498] {taskinstance.py:1042} INFO - 
--------------------------------------------------------------------------------
[2025-06-17 16:02:29,498] {taskinstance.py:1043} INFO - Starting attempt 1 of 6
[2025-06-17 16:02:29,498] {taskinstance.py:1044} INFO - 
--------------------------------------------------------------------------------
[2025-06-17 16:02:29,603] {taskinstance.py:1063} INFO - Executing <Task(BashOperator): first_task> on 2024-03-19T00:00:00+00:00
[2025-06-17 16:02:29,626] {standard_task_runner.py:52} INFO - Started process 11099 to run task
[2025-06-17 16:02:29,666] {standard_task_runner.py:76} INFO - Running: ['airflow', 'tasks', 'run', 'our_first_dag_v5', 'first_task', '2024-03-19T00:00:00+00:00', '--job-id', '5803', '--pool', 'default_pool', '--raw', '--subdir', 'DAGS_FOLDER/first_dag.py', '--cfg-path', '/tmp/tmpyk5hmphe', '--error-file', '/tmp/tmpx158qs5e']
[2025-06-17 16:02:29,676] {standard_task_runner.py:77} INFO - Job 5803: Subtask first_task
[2025-06-17 16:02:29,920] {logging_mixin.py:104} INFO - Running <TaskInstance: our_first_dag_v5.first_task 2024-03-19T00:00:00+00:00 [running]> on host 4f8b76136637
[2025-06-17 16:02:30,222] {taskinstance.py:1257} INFO - Exporting the following env vars:
AIRFLOW_CTX_DAG_OWNER=coder2j
AIRFLOW_CTX_DAG_ID=our_first_dag_v5
AIRFLOW_CTX_TASK_ID=first_task
AIRFLOW_CTX_EXECUTION_DATE=2024-03-19T00:00:00+00:00
AIRFLOW_CTX_DAG_RUN_ID=scheduled__2024-03-19T00:00:00+00:00
[2025-06-17 16:02:30,224] {bash.py:135} INFO - Tmp dir root location: 
 /tmp
[2025-06-17 16:02:30,234] {bash.py:158} INFO - Running command: echo hello world, this is the first task!
[2025-06-17 16:02:30,276] {bash.py:169} INFO - Output:
[2025-06-17 16:02:30,287] {bash.py:173} INFO - hello world, this is the first task!
[2025-06-17 16:02:30,288] {bash.py:177} INFO - Command exited with return code 0
[2025-06-17 16:02:30,505] {taskinstance.py:1166} INFO - Marking task as SUCCESS. dag_id=our_first_dag_v5, task_id=first_task, execution_date=20240319T000000, start_date=20250617T160229, end_date=20250617T160230
[2025-06-17 16:02:31,088] {taskinstance.py:1220} INFO - 0 downstream tasks scheduled from follow-on schedule check
[2025-06-17 16:02:31,140] {local_task_job.py:146} INFO - Task exited with return code 0
