[2025-06-17 15:59:47,720] {taskinstance.py:851} INFO - Dependencies all met for <TaskInstance: dag_with_taskflow_api_v02.greet 2024-01-04T00:00:00+00:00 [queued]>
[2025-06-17 15:59:48,073] {taskinstance.py:851} INFO - Dependencies all met for <TaskInstance: dag_with_taskflow_api_v02.greet 2024-01-04T00:00:00+00:00 [queued]>
[2025-06-17 15:59:48,073] {taskinstance.py:1042} INFO - 
--------------------------------------------------------------------------------
[2025-06-17 15:59:48,074] {taskinstance.py:1043} INFO - Starting attempt 1 of 6
[2025-06-17 15:59:48,074] {taskinstance.py:1044} INFO - 
--------------------------------------------------------------------------------
[2025-06-17 15:59:48,183] {taskinstance.py:1063} INFO - Executing <Task(_PythonDecoratedOperator): greet> on 2024-01-04T00:00:00+00:00
[2025-06-17 15:59:48,228] {standard_task_runner.py:52} INFO - Started process 8455 to run task
[2025-06-17 15:59:48,226] {standard_task_runner.py:76} INFO - Running: ['airflow', 'tasks', 'run', 'dag_with_taskflow_api_v02', 'greet', '2024-01-04T00:00:00+00:00', '--job-id', '4806', '--pool', 'default_pool', '--raw', '--subdir', 'DAGS_FOLDER/taskflow.py', '--cfg-path', '/tmp/tmpiwepyh_r', '--error-file', '/tmp/tmpj4pkkyw4']
[2025-06-17 15:59:48,236] {standard_task_runner.py:77} INFO - Job 4806: Subtask greet
[2025-06-17 15:59:48,599] {logging_mixin.py:104} INFO - Running <TaskInstance: dag_with_taskflow_api_v02.greet 2024-01-04T00:00:00+00:00 [running]> on host 4f8b76136637
[2025-06-17 15:59:49,085] {taskinstance.py:1257} INFO - Exporting the following env vars:
AIRFLOW_CTX_DAG_OWNER=coder2j
AIRFLOW_CTX_DAG_ID=dag_with_taskflow_api_v02
AIRFLOW_CTX_TASK_ID=greet
AIRFLOW_CTX_EXECUTION_DATE=2024-01-04T00:00:00+00:00
AIRFLOW_CTX_DAG_RUN_ID=scheduled__2024-01-04T00:00:00+00:00
[2025-06-17 15:59:49,086] {logging_mixin.py:104} INFO - Hello World! My name is Jerry Fridman and I am 19 years old!
[2025-06-17 15:59:49,230] {taskinstance.py:1166} INFO - Marking task as SUCCESS. dag_id=dag_with_taskflow_api_v02, task_id=greet, execution_date=20240104T000000, start_date=20250617T155947, end_date=20250617T155949
[2025-06-17 15:59:49,584] {taskinstance.py:1220} INFO - 0 downstream tasks scheduled from follow-on schedule check
[2025-06-17 15:59:49,670] {local_task_job.py:146} INFO - Task exited with return code 0
