[2025-06-18 16:17:39,607] {taskinstance.py:851} INFO - Dependencies all met for <TaskInstance: connect_postgres_dag.insert_into_table 2022-11-25T00:00:00+00:00 [queued]>
[2025-06-18 16:17:39,652] {taskinstance.py:851} INFO - Dependencies all met for <TaskInstance: connect_postgres_dag.insert_into_table 2022-11-25T00:00:00+00:00 [queued]>
[2025-06-18 16:17:39,654] {taskinstance.py:1042} INFO - 
--------------------------------------------------------------------------------
[2025-06-18 16:17:39,655] {taskinstance.py:1043} INFO - Starting attempt 1 of 6
[2025-06-18 16:17:39,655] {taskinstance.py:1044} INFO - 
--------------------------------------------------------------------------------
[2025-06-18 16:17:39,703] {taskinstance.py:1063} INFO - Executing <Task(PostgresOperator): insert_into_table> on 2022-11-25T00:00:00+00:00
[2025-06-18 16:17:39,715] {standard_task_runner.py:52} INFO - Started process 28309 to run task
[2025-06-18 16:17:39,721] {standard_task_runner.py:76} INFO - Running: ['airflow', 'tasks', 'run', 'connect_postgres_dag', 'insert_into_table', '2022-11-25T00:00:00+00:00', '--job-id', '14616', '--pool', 'default_pool', '--raw', '--subdir', 'DAGS_FOLDER/connect_postgres_dag.py', '--cfg-path', '/tmp/tmpav4e_4ec', '--error-file', '/tmp/tmppc6dylx1']
[2025-06-18 16:17:39,726] {standard_task_runner.py:77} INFO - Job 14616: Subtask insert_into_table
[2025-06-18 16:17:39,866] {logging_mixin.py:104} INFO - Running <TaskInstance: connect_postgres_dag.insert_into_table 2022-11-25T00:00:00+00:00 [running]> on host 500dc4ac3a72
[2025-06-18 16:17:39,979] {taskinstance.py:1257} INFO - Exporting the following env vars:
AIRFLOW_CTX_DAG_OWNER=coder2j
AIRFLOW_CTX_DAG_ID=connect_postgres_dag
AIRFLOW_CTX_TASK_ID=insert_into_table
AIRFLOW_CTX_EXECUTION_DATE=2022-11-25T00:00:00+00:00
AIRFLOW_CTX_DAG_RUN_ID=scheduled__2022-11-25T00:00:00+00:00
[2025-06-18 16:17:39,979] {postgres.py:69} INFO - Executing: 
            insert into employee (name,age,salary) values ('hayyye', '1997','5000.00');
        
[2025-06-18 16:17:40,010] {base.py:74} INFO - Using connection to: id: postgres_localhost. Host: postgres, Port: 5432, Schema: test, Login: airflow, Password: XXXXXXXX, extra: None
[2025-06-18 16:17:40,032] {dbapi.py:180} INFO - Running statement: 
            insert into employee (name,age,salary) values ('hayyye', '1997','5000.00');
        , parameters: None
[2025-06-18 16:17:40,035] {dbapi.py:186} INFO - Rows affected: 1
[2025-06-18 16:17:40,084] {taskinstance.py:1166} INFO - Marking task as SUCCESS. dag_id=connect_postgres_dag, task_id=insert_into_table, execution_date=20221125T000000, start_date=20250618T161739, end_date=20250618T161740
[2025-06-18 16:17:40,343] {taskinstance.py:1220} INFO - 0 downstream tasks scheduled from follow-on schedule check
[2025-06-18 16:17:40,397] {local_task_job.py:146} INFO - Task exited with return code 0
