[2025-06-17 16:03:22,885] {taskinstance.py:851} INFO - Dependencies all met for <TaskInstance: dag_with_taskflow_api_v02.get_name 2024-08-23T00:00:00+00:00 [queued]>
[2025-06-17 16:03:23,034] {taskinstance.py:851} INFO - Dependencies all met for <TaskInstance: dag_with_taskflow_api_v02.get_name 2024-08-23T00:00:00+00:00 [queued]>
[2025-06-17 16:03:23,035] {taskinstance.py:1042} INFO - 
--------------------------------------------------------------------------------
[2025-06-17 16:03:23,037] {taskinstance.py:1043} INFO - Starting attempt 1 of 6
[2025-06-17 16:03:23,038] {taskinstance.py:1044} INFO - 
--------------------------------------------------------------------------------
[2025-06-17 16:03:23,106] {taskinstance.py:1063} INFO - Executing <Task(_PythonDecoratedOperator): get_name> on 2024-08-23T00:00:00+00:00
[2025-06-17 16:03:23,167] {standard_task_runner.py:52} INFO - Started process 12090 to run task
[2025-06-17 16:03:23,189] {standard_task_runner.py:76} INFO - Running: ['airflow', 'tasks', 'run', 'dag_with_taskflow_api_v02', 'get_name', '2024-08-23T00:00:00+00:00', '--job-id', '6180', '--pool', 'default_pool', '--raw', '--subdir', 'DAGS_FOLDER/taskflow.py', '--cfg-path', '/tmp/tmp251a2v6c', '--error-file', '/tmp/tmpyx0eckf7']
[2025-06-17 16:03:23,213] {standard_task_runner.py:77} INFO - Job 6180: Subtask get_name
[2025-06-17 16:03:23,473] {logging_mixin.py:104} INFO - Running <TaskInstance: dag_with_taskflow_api_v02.get_name 2024-08-23T00:00:00+00:00 [running]> on host 4f8b76136637
[2025-06-17 16:03:23,837] {taskinstance.py:1257} INFO - Exporting the following env vars:
AIRFLOW_CTX_DAG_OWNER=coder2j
AIRFLOW_CTX_DAG_ID=dag_with_taskflow_api_v02
AIRFLOW_CTX_TASK_ID=get_name
AIRFLOW_CTX_EXECUTION_DATE=2024-08-23T00:00:00+00:00
AIRFLOW_CTX_DAG_RUN_ID=scheduled__2024-08-23T00:00:00+00:00
[2025-06-17 16:03:24,199] {taskinstance.py:1166} INFO - Marking task as SUCCESS. dag_id=dag_with_taskflow_api_v02, task_id=get_name, execution_date=20240823T000000, start_date=20250617T160322, end_date=20250617T160324
[2025-06-17 16:03:24,430] {taskinstance.py:1220} INFO - 1 downstream tasks scheduled from follow-on schedule check
[2025-06-17 16:03:24,497] {local_task_job.py:146} INFO - Task exited with return code 0
