[2025-06-17 16:07:19,783] {taskinstance.py:851} INFO - Dependencies all met for <TaskInstance: our_first_dag_v5.thrid_task 2025-01-22T00:00:00+00:00 [queued]>
[2025-06-17 16:07:19,943] {taskinstance.py:851} INFO - Dependencies all met for <TaskInstance: our_first_dag_v5.thrid_task 2025-01-22T00:00:00+00:00 [queued]>
[2025-06-17 16:07:19,943] {taskinstance.py:1042} INFO - 
--------------------------------------------------------------------------------
[2025-06-17 16:07:19,943] {taskinstance.py:1043} INFO - Starting attempt 1 of 6
[2025-06-17 16:07:19,943] {taskinstance.py:1044} INFO - 
--------------------------------------------------------------------------------
[2025-06-17 16:07:20,025] {taskinstance.py:1063} INFO - Executing <Task(BashOperator): thrid_task> on 2025-01-22T00:00:00+00:00
[2025-06-17 16:07:20,059] {standard_task_runner.py:52} INFO - Started process 16051 to run task
[2025-06-17 16:07:20,076] {standard_task_runner.py:76} INFO - Running: ['airflow', 'tasks', 'run', 'our_first_dag_v5', 'thrid_task', '2025-01-22T00:00:00+00:00', '--job-id', '7677', '--pool', 'default_pool', '--raw', '--subdir', 'DAGS_FOLDER/first_dag.py', '--cfg-path', '/tmp/tmpu02fke6w', '--error-file', '/tmp/tmp9yv2d7ga']
[2025-06-17 16:07:20,085] {standard_task_runner.py:77} INFO - Job 7677: Subtask thrid_task
[2025-06-17 16:07:20,659] {logging_mixin.py:104} INFO - Running <TaskInstance: our_first_dag_v5.thrid_task 2025-01-22T00:00:00+00:00 [running]> on host 4f8b76136637
[2025-06-17 16:07:21,298] {taskinstance.py:1257} INFO - Exporting the following env vars:
AIRFLOW_CTX_DAG_OWNER=coder2j
AIRFLOW_CTX_DAG_ID=our_first_dag_v5
AIRFLOW_CTX_TASK_ID=thrid_task
AIRFLOW_CTX_EXECUTION_DATE=2025-01-22T00:00:00+00:00
AIRFLOW_CTX_DAG_RUN_ID=scheduled__2025-01-22T00:00:00+00:00
[2025-06-17 16:07:21,299] {bash.py:135} INFO - Tmp dir root location: 
 /tmp
[2025-06-17 16:07:21,302] {bash.py:158} INFO - Running command: echo hey, I am task3 and will be running after task1 at the same time as task2!
[2025-06-17 16:07:21,331] {bash.py:169} INFO - Output:
[2025-06-17 16:07:21,334] {bash.py:173} INFO - hey, I am task3 and will be running after task1 at the same time as task2!
[2025-06-17 16:07:21,335] {bash.py:177} INFO - Command exited with return code 0
[2025-06-17 16:07:21,643] {taskinstance.py:1166} INFO - Marking task as SUCCESS. dag_id=our_first_dag_v5, task_id=thrid_task, execution_date=20250122T000000, start_date=20250617T160719, end_date=20250617T160721
[2025-06-17 16:07:22,016] {taskinstance.py:1220} INFO - 0 downstream tasks scheduled from follow-on schedule check
[2025-06-17 16:07:22,074] {local_task_job.py:146} INFO - Task exited with return code 0
