[2025-06-17 16:06:04,440] {taskinstance.py:851} INFO - Dependencies all met for <TaskInstance: dag_with_taskflow_api_v02.greet 2025-02-10T00:00:00+00:00 [queued]>
[2025-06-17 16:06:04,512] {taskinstance.py:851} INFO - Dependencies all met for <TaskInstance: dag_with_taskflow_api_v02.greet 2025-02-10T00:00:00+00:00 [queued]>
[2025-06-17 16:06:04,512] {taskinstance.py:1042} INFO - 
--------------------------------------------------------------------------------
[2025-06-17 16:06:04,512] {taskinstance.py:1043} INFO - Starting attempt 1 of 6
[2025-06-17 16:06:04,512] {taskinstance.py:1044} INFO - 
--------------------------------------------------------------------------------
[2025-06-17 16:06:04,585] {taskinstance.py:1063} INFO - Executing <Task(_PythonDecoratedOperator): greet> on 2025-02-10T00:00:00+00:00
[2025-06-17 16:06:04,599] {standard_task_runner.py:52} INFO - Started process 14863 to run task
[2025-06-17 16:06:04,607] {standard_task_runner.py:76} INFO - Running: ['airflow', 'tasks', 'run', 'dag_with_taskflow_api_v02', 'greet', '2025-02-10T00:00:00+00:00', '--job-id', '7232', '--pool', 'default_pool', '--raw', '--subdir', 'DAGS_FOLDER/taskflow.py', '--cfg-path', '/tmp/tmp_rg96ilo', '--error-file', '/tmp/tmptdxonlwe']
[2025-06-17 16:06:04,622] {standard_task_runner.py:77} INFO - Job 7232: Subtask greet
[2025-06-17 16:06:04,907] {logging_mixin.py:104} INFO - Running <TaskInstance: dag_with_taskflow_api_v02.greet 2025-02-10T00:00:00+00:00 [running]> on host 4f8b76136637
[2025-06-17 16:06:05,198] {taskinstance.py:1257} INFO - Exporting the following env vars:
AIRFLOW_CTX_DAG_OWNER=coder2j
AIRFLOW_CTX_DAG_ID=dag_with_taskflow_api_v02
AIRFLOW_CTX_TASK_ID=greet
AIRFLOW_CTX_EXECUTION_DATE=2025-02-10T00:00:00+00:00
AIRFLOW_CTX_DAG_RUN_ID=scheduled__2025-02-10T00:00:00+00:00
[2025-06-17 16:06:05,199] {logging_mixin.py:104} INFO - Hello World! My name is Jerry Fridman and I am 19 years old!
[2025-06-17 16:06:05,241] {taskinstance.py:1166} INFO - Marking task as SUCCESS. dag_id=dag_with_taskflow_api_v02, task_id=greet, execution_date=20250210T000000, start_date=20250617T160604, end_date=20250617T160605
[2025-06-17 16:06:05,543] {taskinstance.py:1220} INFO - 0 downstream tasks scheduled from follow-on schedule check
[2025-06-17 16:06:05,572] {local_task_job.py:146} INFO - Task exited with return code 0
