[2025-06-17 16:05:50,280] {taskinstance.py:851} INFO - Dependencies all met for <TaskInstance: our_first_dag_v5.first_task 2024-10-30T00:00:00+00:00 [queued]>
[2025-06-17 16:05:50,378] {taskinstance.py:851} INFO - Dependencies all met for <TaskInstance: our_first_dag_v5.first_task 2024-10-30T00:00:00+00:00 [queued]>
[2025-06-17 16:05:50,382] {taskinstance.py:1042} INFO - 
--------------------------------------------------------------------------------
[2025-06-17 16:05:50,388] {taskinstance.py:1043} INFO - Starting attempt 1 of 6
[2025-06-17 16:05:50,388] {taskinstance.py:1044} INFO - 
--------------------------------------------------------------------------------
[2025-06-17 16:05:50,434] {taskinstance.py:1063} INFO - Executing <Task(BashOperator): first_task> on 2024-10-30T00:00:00+00:00
[2025-06-17 16:05:50,448] {standard_task_runner.py:52} INFO - Started process 14650 to run task
[2025-06-17 16:05:50,518] {standard_task_runner.py:76} INFO - Running: ['airflow', 'tasks', 'run', 'our_first_dag_v5', 'first_task', '2024-10-30T00:00:00+00:00', '--job-id', '7151', '--pool', 'default_pool', '--raw', '--subdir', 'DAGS_FOLDER/first_dag.py', '--cfg-path', '/tmp/tmp660oh2sz', '--error-file', '/tmp/tmph1jopfgp']
[2025-06-17 16:05:50,566] {standard_task_runner.py:77} INFO - Job 7151: Subtask first_task
[2025-06-17 16:05:50,970] {logging_mixin.py:104} INFO - Running <TaskInstance: our_first_dag_v5.first_task 2024-10-30T00:00:00+00:00 [running]> on host 4f8b76136637
[2025-06-17 16:05:51,544] {taskinstance.py:1257} INFO - Exporting the following env vars:
AIRFLOW_CTX_DAG_OWNER=coder2j
AIRFLOW_CTX_DAG_ID=our_first_dag_v5
AIRFLOW_CTX_TASK_ID=first_task
AIRFLOW_CTX_EXECUTION_DATE=2024-10-30T00:00:00+00:00
AIRFLOW_CTX_DAG_RUN_ID=scheduled__2024-10-30T00:00:00+00:00
[2025-06-17 16:05:51,545] {bash.py:135} INFO - Tmp dir root location: 
 /tmp
[2025-06-17 16:05:51,562] {bash.py:158} INFO - Running command: echo hello world, this is the first task!
[2025-06-17 16:05:51,587] {bash.py:169} INFO - Output:
[2025-06-17 16:05:51,594] {bash.py:173} INFO - hello world, this is the first task!
[2025-06-17 16:05:51,597] {bash.py:177} INFO - Command exited with return code 0
[2025-06-17 16:05:52,062] {taskinstance.py:1166} INFO - Marking task as SUCCESS. dag_id=our_first_dag_v5, task_id=first_task, execution_date=20241030T000000, start_date=20250617T160550, end_date=20250617T160552
[2025-06-17 16:05:52,367] {taskinstance.py:1220} INFO - 2 downstream tasks scheduled from follow-on schedule check
[2025-06-17 16:05:52,457] {local_task_job.py:146} INFO - Task exited with return code 0
