[2025-06-18 16:24:06,189] {taskinstance.py:851} INFO - Dependencies all met for <TaskInstance: connect_postgres_dag.create_postgres_table 2024-01-22T00:00:00+00:00 [queued]>
[2025-06-18 16:24:06,204] {taskinstance.py:851} INFO - Dependencies all met for <TaskInstance: connect_postgres_dag.create_postgres_table 2024-01-22T00:00:00+00:00 [queued]>
[2025-06-18 16:24:06,205] {taskinstance.py:1042} INFO - 
--------------------------------------------------------------------------------
[2025-06-18 16:24:06,205] {taskinstance.py:1043} INFO - Starting attempt 1 of 6
[2025-06-18 16:24:06,205] {taskinstance.py:1044} INFO - 
--------------------------------------------------------------------------------
[2025-06-18 16:24:06,235] {taskinstance.py:1063} INFO - Executing <Task(PostgresOperator): create_postgres_table> on 2024-01-22T00:00:00+00:00
[2025-06-18 16:24:06,240] {standard_task_runner.py:52} INFO - Started process 1112 to run task
[2025-06-18 16:24:06,249] {standard_task_runner.py:76} INFO - Running: ['airflow', 'tasks', 'run', 'connect_postgres_dag', 'create_postgres_table', '2024-01-22T00:00:00+00:00', '--job-id', '15458', '--pool', 'default_pool', '--raw', '--subdir', 'DAGS_FOLDER/connect_postgres_dag.py', '--cfg-path', '/tmp/tmpjl3bkd49', '--error-file', '/tmp/tmpb9zjb7q5']
[2025-06-18 16:24:06,253] {standard_task_runner.py:77} INFO - Job 15458: Subtask create_postgres_table
[2025-06-18 16:24:06,346] {logging_mixin.py:104} INFO - Running <TaskInstance: connect_postgres_dag.create_postgres_table 2024-01-22T00:00:00+00:00 [running]> on host ee91c01336f6
[2025-06-18 16:24:06,456] {taskinstance.py:1257} INFO - Exporting the following env vars:
AIRFLOW_CTX_DAG_OWNER=coder2j
AIRFLOW_CTX_DAG_ID=connect_postgres_dag
AIRFLOW_CTX_TASK_ID=create_postgres_table
AIRFLOW_CTX_EXECUTION_DATE=2024-01-22T00:00:00+00:00
AIRFLOW_CTX_DAG_RUN_ID=scheduled__2024-01-22T00:00:00+00:00
[2025-06-18 16:24:06,457] {postgres.py:69} INFO - Executing: 
            create table if not exists employee (
                "name" text,
                "age" integer,
                "salary" numeric
            )
        
[2025-06-18 16:24:06,473] {base.py:74} INFO - Using connection to: id: postgres_localhost. Host: postgres, Port: 5432, Schema: test, Login: airflow, Password: XXXXXXXX, extra: None
[2025-06-18 16:24:06,481] {dbapi.py:180} INFO - Running statement: 
            create table if not exists employee (
                "name" text,
                "age" integer,
                "salary" numeric
            )
        , parameters: None
[2025-06-18 16:24:06,483] {dbapi.py:186} INFO - Rows affected: -1
[2025-06-18 16:24:06,486] {postgres.py:73} INFO - NOTICE:  relation "employee" already exists, skipping

[2025-06-18 16:24:06,519] {taskinstance.py:1166} INFO - Marking task as SUCCESS. dag_id=connect_postgres_dag, task_id=create_postgres_table, execution_date=20240122T000000, start_date=20250618T162406, end_date=20250618T162406
[2025-06-18 16:24:06,692] {taskinstance.py:1220} INFO - 0 downstream tasks scheduled from follow-on schedule check
[2025-06-18 16:24:06,755] {local_task_job.py:146} INFO - Task exited with return code 0
