[2025-06-18 15:06:03,070] {taskinstance.py:851} INFO - Dependencies all met for <TaskInstance: first_dag.second_task 2023-11-26T00:00:00+00:00 [queued]>
[2025-06-18 15:06:03,156] {taskinstance.py:851} INFO - Dependencies all met for <TaskInstance: first_dag.second_task 2023-11-26T00:00:00+00:00 [queued]>
[2025-06-18 15:06:03,161] {taskinstance.py:1042} INFO - 
--------------------------------------------------------------------------------
[2025-06-18 15:06:03,161] {taskinstance.py:1043} INFO - Starting attempt 1 of 6
[2025-06-18 15:06:03,161] {taskinstance.py:1044} INFO - 
--------------------------------------------------------------------------------
[2025-06-18 15:06:03,248] {taskinstance.py:1063} INFO - Executing <Task(BashOperator): second_task> on 2023-11-26T00:00:00+00:00
[2025-06-18 15:06:03,268] {standard_task_runner.py:52} INFO - Started process 11494 to run task
[2025-06-18 15:06:03,285] {standard_task_runner.py:76} INFO - Running: ['airflow', 'tasks', 'run', 'first_dag', 'second_task', '2023-11-26T00:00:00+00:00', '--job-id', '12209', '--pool', 'default_pool', '--raw', '--subdir', 'DAGS_FOLDER/first_dag.py', '--cfg-path', '/tmp/tmpqhzofnny', '--error-file', '/tmp/tmpecdfovvy']
[2025-06-18 15:06:03,295] {standard_task_runner.py:77} INFO - Job 12209: Subtask second_task
[2025-06-18 15:06:03,511] {logging_mixin.py:104} INFO - Running <TaskInstance: first_dag.second_task 2023-11-26T00:00:00+00:00 [running]> on host 500dc4ac3a72
[2025-06-18 15:06:03,716] {taskinstance.py:1257} INFO - Exporting the following env vars:
AIRFLOW_CTX_DAG_OWNER=my_name
AIRFLOW_CTX_DAG_ID=first_dag
AIRFLOW_CTX_TASK_ID=second_task
AIRFLOW_CTX_EXECUTION_DATE=2023-11-26T00:00:00+00:00
AIRFLOW_CTX_DAG_RUN_ID=scheduled__2023-11-26T00:00:00+00:00
[2025-06-18 15:06:03,717] {bash.py:135} INFO - Tmp dir root location: 
 /tmp
[2025-06-18 15:06:03,720] {bash.py:158} INFO - Running command: echo "this is sencond task "
[2025-06-18 15:06:03,756] {bash.py:169} INFO - Output:
[2025-06-18 15:06:03,761] {bash.py:173} INFO - this is sencond task
[2025-06-18 15:06:03,762] {bash.py:177} INFO - Command exited with return code 0
[2025-06-18 15:06:03,899] {taskinstance.py:1166} INFO - Marking task as SUCCESS. dag_id=first_dag, task_id=second_task, execution_date=20231126T000000, start_date=20250618T150603, end_date=20250618T150603
[2025-06-18 15:06:04,121] {taskinstance.py:1220} INFO - 0 downstream tasks scheduled from follow-on schedule check
[2025-06-18 15:06:04,172] {local_task_job.py:146} INFO - Task exited with return code 0
