[2025-06-18 15:04:02,358] {taskinstance.py:851} INFO - Dependencies all met for <TaskInstance: first_dag.third_task 2023-03-06T00:00:00+00:00 [queued]>
[2025-06-18 15:04:02,433] {taskinstance.py:851} INFO - Dependencies all met for <TaskInstance: first_dag.third_task 2023-03-06T00:00:00+00:00 [queued]>
[2025-06-18 15:04:02,434] {taskinstance.py:1042} INFO - 
--------------------------------------------------------------------------------
[2025-06-18 15:04:02,434] {taskinstance.py:1043} INFO - Starting attempt 1 of 6
[2025-06-18 15:04:02,434] {taskinstance.py:1044} INFO - 
--------------------------------------------------------------------------------
[2025-06-18 15:04:02,511] {taskinstance.py:1063} INFO - Executing <Task(BashOperator): third_task> on 2023-03-06T00:00:00+00:00
[2025-06-18 15:04:02,527] {standard_task_runner.py:52} INFO - Started process 8831 to run task
[2025-06-18 15:04:02,555] {standard_task_runner.py:76} INFO - Running: ['airflow', 'tasks', 'run', 'first_dag', 'third_task', '2023-03-06T00:00:00+00:00', '--job-id', '11413', '--pool', 'default_pool', '--raw', '--subdir', 'DAGS_FOLDER/first_dag.py', '--cfg-path', '/tmp/tmp63s_l9ob', '--error-file', '/tmp/tmpmvyitjmk']
[2025-06-18 15:04:02,567] {standard_task_runner.py:77} INFO - Job 11413: Subtask third_task
[2025-06-18 15:04:02,754] {logging_mixin.py:104} INFO - Running <TaskInstance: first_dag.third_task 2023-03-06T00:00:00+00:00 [running]> on host 500dc4ac3a72
[2025-06-18 15:04:02,936] {taskinstance.py:1257} INFO - Exporting the following env vars:
AIRFLOW_CTX_DAG_OWNER=my_name
AIRFLOW_CTX_DAG_ID=first_dag
AIRFLOW_CTX_TASK_ID=third_task
AIRFLOW_CTX_EXECUTION_DATE=2023-03-06T00:00:00+00:00
AIRFLOW_CTX_DAG_RUN_ID=scheduled__2023-03-06T00:00:00+00:00
[2025-06-18 15:04:02,937] {bash.py:135} INFO - Tmp dir root location: 
 /tmp
[2025-06-18 15:04:02,938] {bash.py:158} INFO - Running command: echo "this is third task "
[2025-06-18 15:04:02,972] {bash.py:169} INFO - Output:
[2025-06-18 15:04:02,975] {bash.py:173} INFO - this is third task
[2025-06-18 15:04:02,976] {bash.py:177} INFO - Command exited with return code 0
[2025-06-18 15:04:03,106] {taskinstance.py:1166} INFO - Marking task as SUCCESS. dag_id=first_dag, task_id=third_task, execution_date=20230306T000000, start_date=20250618T150402, end_date=20250618T150403
[2025-06-18 15:04:03,415] {taskinstance.py:1220} INFO - 0 downstream tasks scheduled from follow-on schedule check
[2025-06-18 15:04:03,443] {local_task_job.py:146} INFO - Task exited with return code 0
