[2025-06-17 16:05:13,179] {taskinstance.py:851} INFO - Dependencies all met for <TaskInstance: our_first_dag_v5.thrid_task 2024-09-20T00:00:00+00:00 [queued]>
[2025-06-17 16:05:13,453] {taskinstance.py:851} INFO - Dependencies all met for <TaskInstance: our_first_dag_v5.thrid_task 2024-09-20T00:00:00+00:00 [queued]>
[2025-06-17 16:05:13,453] {taskinstance.py:1042} INFO - 
--------------------------------------------------------------------------------
[2025-06-17 16:05:13,453] {taskinstance.py:1043} INFO - Starting attempt 1 of 6
[2025-06-17 16:05:13,453] {taskinstance.py:1044} INFO - 
--------------------------------------------------------------------------------
[2025-06-17 16:05:13,519] {taskinstance.py:1063} INFO - Executing <Task(BashOperator): thrid_task> on 2024-09-20T00:00:00+00:00
[2025-06-17 16:05:13,567] {standard_task_runner.py:52} INFO - Started process 14058 to run task
[2025-06-17 16:05:13,679] {standard_task_runner.py:76} INFO - Running: ['airflow', 'tasks', 'run', 'our_first_dag_v5', 'thrid_task', '2024-09-20T00:00:00+00:00', '--job-id', '6925', '--pool', 'default_pool', '--raw', '--subdir', 'DAGS_FOLDER/first_dag.py', '--cfg-path', '/tmp/tmp0y026ves', '--error-file', '/tmp/tmptyarmeav']
[2025-06-17 16:05:13,691] {standard_task_runner.py:77} INFO - Job 6925: Subtask thrid_task
[2025-06-17 16:05:13,960] {logging_mixin.py:104} INFO - Running <TaskInstance: our_first_dag_v5.thrid_task 2024-09-20T00:00:00+00:00 [running]> on host 4f8b76136637
[2025-06-17 16:05:14,147] {taskinstance.py:1257} INFO - Exporting the following env vars:
AIRFLOW_CTX_DAG_OWNER=coder2j
AIRFLOW_CTX_DAG_ID=our_first_dag_v5
AIRFLOW_CTX_TASK_ID=thrid_task
AIRFLOW_CTX_EXECUTION_DATE=2024-09-20T00:00:00+00:00
AIRFLOW_CTX_DAG_RUN_ID=scheduled__2024-09-20T00:00:00+00:00
[2025-06-17 16:05:14,148] {bash.py:135} INFO - Tmp dir root location: 
 /tmp
[2025-06-17 16:05:14,163] {bash.py:158} INFO - Running command: echo hey, I am task3 and will be running after task1 at the same time as task2!
[2025-06-17 16:05:14,201] {bash.py:169} INFO - Output:
[2025-06-17 16:05:14,209] {bash.py:173} INFO - hey, I am task3 and will be running after task1 at the same time as task2!
[2025-06-17 16:05:14,210] {bash.py:177} INFO - Command exited with return code 0
[2025-06-17 16:05:14,394] {taskinstance.py:1166} INFO - Marking task as SUCCESS. dag_id=our_first_dag_v5, task_id=thrid_task, execution_date=20240920T000000, start_date=20250617T160513, end_date=20250617T160514
[2025-06-17 16:05:14,505] {taskinstance.py:1220} INFO - 0 downstream tasks scheduled from follow-on schedule check
[2025-06-17 16:05:14,547] {local_task_job.py:146} INFO - Task exited with return code 0
