[2025-06-18 15:08:01,974] {taskinstance.py:851} INFO - Dependencies all met for <TaskInstance: first_dag.first_task 2024-09-06T00:00:00+00:00 [queued]>
[2025-06-18 15:08:02,019] {taskinstance.py:851} INFO - Dependencies all met for <TaskInstance: first_dag.first_task 2024-09-06T00:00:00+00:00 [queued]>
[2025-06-18 15:08:02,019] {taskinstance.py:1042} INFO - 
--------------------------------------------------------------------------------
[2025-06-18 15:08:02,019] {taskinstance.py:1043} INFO - Starting attempt 1 of 6
[2025-06-18 15:08:02,020] {taskinstance.py:1044} INFO - 
--------------------------------------------------------------------------------
[2025-06-18 15:08:02,071] {taskinstance.py:1063} INFO - Executing <Task(BashOperator): first_task> on 2024-09-06T00:00:00+00:00
[2025-06-18 15:08:02,078] {standard_task_runner.py:52} INFO - Started process 14314 to run task
[2025-06-18 15:08:02,088] {standard_task_runner.py:76} INFO - Running: ['airflow', 'tasks', 'run', 'first_dag', 'first_task', '2024-09-06T00:00:00+00:00', '--job-id', '13051', '--pool', 'default_pool', '--raw', '--subdir', 'DAGS_FOLDER/first_dag.py', '--cfg-path', '/tmp/tmpfmd42hkf', '--error-file', '/tmp/tmprbtj3oe8']
[2025-06-18 15:08:02,096] {standard_task_runner.py:77} INFO - Job 13051: Subtask first_task
[2025-06-18 15:08:02,268] {logging_mixin.py:104} INFO - Running <TaskInstance: first_dag.first_task 2024-09-06T00:00:00+00:00 [running]> on host 500dc4ac3a72
[2025-06-18 15:08:02,418] {taskinstance.py:1257} INFO - Exporting the following env vars:
AIRFLOW_CTX_DAG_OWNER=my_name
AIRFLOW_CTX_DAG_ID=first_dag
AIRFLOW_CTX_TASK_ID=first_task
AIRFLOW_CTX_EXECUTION_DATE=2024-09-06T00:00:00+00:00
AIRFLOW_CTX_DAG_RUN_ID=scheduled__2024-09-06T00:00:00+00:00
[2025-06-18 15:08:02,419] {bash.py:135} INFO - Tmp dir root location: 
 /tmp
[2025-06-18 15:08:02,421] {bash.py:158} INFO - Running command: echo "this is my first task and I will run first! "
[2025-06-18 15:08:02,446] {bash.py:169} INFO - Output:
[2025-06-18 15:08:02,446] {bash.py:173} INFO - this is my first task and I will run first!
[2025-06-18 15:08:02,446] {bash.py:177} INFO - Command exited with return code 0
[2025-06-18 15:08:02,625] {taskinstance.py:1166} INFO - Marking task as SUCCESS. dag_id=first_dag, task_id=first_task, execution_date=20240906T000000, start_date=20250618T150801, end_date=20250618T150802
[2025-06-18 15:08:02,872] {taskinstance.py:1220} INFO - 0 downstream tasks scheduled from follow-on schedule check
[2025-06-18 15:08:02,958] {local_task_job.py:146} INFO - Task exited with return code 0
