[2025-06-18 16:17:47,080] {taskinstance.py:851} INFO - Dependencies all met for <TaskInstance: connect_postgres_dag.insert_into_table 2022-12-15T00:00:00+00:00 [queued]>
[2025-06-18 16:17:47,120] {taskinstance.py:851} INFO - Dependencies all met for <TaskInstance: connect_postgres_dag.insert_into_table 2022-12-15T00:00:00+00:00 [queued]>
[2025-06-18 16:17:47,120] {taskinstance.py:1042} INFO - 
--------------------------------------------------------------------------------
[2025-06-18 16:17:47,121] {taskinstance.py:1043} INFO - Starting attempt 1 of 6
[2025-06-18 16:17:47,121] {taskinstance.py:1044} INFO - 
--------------------------------------------------------------------------------
[2025-06-18 16:17:47,163] {taskinstance.py:1063} INFO - Executing <Task(PostgresOperator): insert_into_table> on 2022-12-15T00:00:00+00:00
[2025-06-18 16:17:47,171] {standard_task_runner.py:52} INFO - Started process 28405 to run task
[2025-06-18 16:17:47,185] {standard_task_runner.py:76} INFO - Running: ['airflow', 'tasks', 'run', 'connect_postgres_dag', 'insert_into_table', '2022-12-15T00:00:00+00:00', '--job-id', '14659', '--pool', 'default_pool', '--raw', '--subdir', 'DAGS_FOLDER/connect_postgres_dag.py', '--cfg-path', '/tmp/tmpk_zmdptm', '--error-file', '/tmp/tmp8a05q9ga']
[2025-06-18 16:17:47,194] {standard_task_runner.py:77} INFO - Job 14659: Subtask insert_into_table
[2025-06-18 16:17:47,353] {logging_mixin.py:104} INFO - Running <TaskInstance: connect_postgres_dag.insert_into_table 2022-12-15T00:00:00+00:00 [running]> on host 500dc4ac3a72
[2025-06-18 16:17:47,537] {taskinstance.py:1257} INFO - Exporting the following env vars:
AIRFLOW_CTX_DAG_OWNER=coder2j
AIRFLOW_CTX_DAG_ID=connect_postgres_dag
AIRFLOW_CTX_TASK_ID=insert_into_table
AIRFLOW_CTX_EXECUTION_DATE=2022-12-15T00:00:00+00:00
AIRFLOW_CTX_DAG_RUN_ID=scheduled__2022-12-15T00:00:00+00:00
[2025-06-18 16:17:47,538] {postgres.py:69} INFO - Executing: 
            insert into employee (name,age,salary) values ('hayyye', '1997','5000.00');
        
[2025-06-18 16:17:47,567] {base.py:74} INFO - Using connection to: id: postgres_localhost. Host: postgres, Port: 5432, Schema: test, Login: airflow, Password: XXXXXXXX, extra: None
[2025-06-18 16:17:47,586] {dbapi.py:180} INFO - Running statement: 
            insert into employee (name,age,salary) values ('hayyye', '1997','5000.00');
        , parameters: None
[2025-06-18 16:17:47,587] {dbapi.py:186} INFO - Rows affected: 1
[2025-06-18 16:17:47,698] {taskinstance.py:1166} INFO - Marking task as SUCCESS. dag_id=connect_postgres_dag, task_id=insert_into_table, execution_date=20221215T000000, start_date=20250618T161747, end_date=20250618T161747
[2025-06-18 16:17:47,843] {taskinstance.py:1220} INFO - 0 downstream tasks scheduled from follow-on schedule check
[2025-06-18 16:17:47,870] {local_task_job.py:146} INFO - Task exited with return code 0
