[2025-06-18 15:01:12,714] {taskinstance.py:851} INFO - Dependencies all met for <TaskInstance: first_dag.first_task 2022-01-29T00:00:00+00:00 [queued]>
[2025-06-18 15:01:12,749] {taskinstance.py:851} INFO - Dependencies all met for <TaskInstance: first_dag.first_task 2022-01-29T00:00:00+00:00 [queued]>
[2025-06-18 15:01:12,750] {taskinstance.py:1042} INFO - 
--------------------------------------------------------------------------------
[2025-06-18 15:01:12,750] {taskinstance.py:1043} INFO - Starting attempt 1 of 6
[2025-06-18 15:01:12,750] {taskinstance.py:1044} INFO - 
--------------------------------------------------------------------------------
[2025-06-18 15:01:12,808] {taskinstance.py:1063} INFO - Executing <Task(BashOperator): first_task> on 2022-01-29T00:00:00+00:00
[2025-06-18 15:01:12,819] {standard_task_runner.py:52} INFO - Started process 4786 to run task
[2025-06-18 15:01:12,827] {standard_task_runner.py:76} INFO - Running: ['airflow', 'tasks', 'run', 'first_dag', 'first_task', '2022-01-29T00:00:00+00:00', '--job-id', '10198', '--pool', 'default_pool', '--raw', '--subdir', 'DAGS_FOLDER/first_dag.py', '--cfg-path', '/tmp/tmpfhok0vaj', '--error-file', '/tmp/tmpj2nwnmtr']
[2025-06-18 15:01:12,832] {standard_task_runner.py:77} INFO - Job 10198: Subtask first_task
[2025-06-18 15:01:12,978] {logging_mixin.py:104} INFO - Running <TaskInstance: first_dag.first_task 2022-01-29T00:00:00+00:00 [running]> on host 500dc4ac3a72
[2025-06-18 15:01:13,161] {taskinstance.py:1257} INFO - Exporting the following env vars:
AIRFLOW_CTX_DAG_OWNER=my_name
AIRFLOW_CTX_DAG_ID=first_dag
AIRFLOW_CTX_TASK_ID=first_task
AIRFLOW_CTX_EXECUTION_DATE=2022-01-29T00:00:00+00:00
AIRFLOW_CTX_DAG_RUN_ID=scheduled__2022-01-29T00:00:00+00:00
[2025-06-18 15:01:13,162] {bash.py:135} INFO - Tmp dir root location: 
 /tmp
[2025-06-18 15:01:13,164] {bash.py:158} INFO - Running command: echo "this is my first task and I will run first! "
[2025-06-18 15:01:13,188] {bash.py:169} INFO - Output:
[2025-06-18 15:01:13,191] {bash.py:173} INFO - this is my first task and I will run first!
[2025-06-18 15:01:13,192] {bash.py:177} INFO - Command exited with return code 0
[2025-06-18 15:01:13,353] {taskinstance.py:1166} INFO - Marking task as SUCCESS. dag_id=first_dag, task_id=first_task, execution_date=20220129T000000, start_date=20250618T150112, end_date=20250618T150113
[2025-06-18 15:01:13,633] {taskinstance.py:1220} INFO - 0 downstream tasks scheduled from follow-on schedule check
[2025-06-18 15:01:13,721] {local_task_job.py:146} INFO - Task exited with return code 0
