[2025-06-17 15:59:10,231] {taskinstance.py:851} INFO - Dependencies all met for <TaskInstance: our_first_dag_v5.first_task 2023-09-11T00:00:00+00:00 [queued]>
[2025-06-17 15:59:10,611] {taskinstance.py:851} INFO - Dependencies all met for <TaskInstance: our_first_dag_v5.first_task 2023-09-11T00:00:00+00:00 [queued]>
[2025-06-17 15:59:10,612] {taskinstance.py:1042} INFO - 
--------------------------------------------------------------------------------
[2025-06-17 15:59:10,613] {taskinstance.py:1043} INFO - Starting attempt 1 of 6
[2025-06-17 15:59:10,613] {taskinstance.py:1044} INFO - 
--------------------------------------------------------------------------------
[2025-06-17 15:59:10,678] {taskinstance.py:1063} INFO - Executing <Task(BashOperator): first_task> on 2023-09-11T00:00:00+00:00
[2025-06-17 15:59:10,686] {standard_task_runner.py:52} INFO - Started process 8070 to run task
[2025-06-17 15:59:10,705] {standard_task_runner.py:76} INFO - Running: ['airflow', 'tasks', 'run', 'our_first_dag_v5', 'first_task', '2023-09-11T00:00:00+00:00', '--job-id', '4667', '--pool', 'default_pool', '--raw', '--subdir', 'DAGS_FOLDER/first_dag.py', '--cfg-path', '/tmp/tmpgc7y6jdo', '--error-file', '/tmp/tmp00rdle9o']
[2025-06-17 15:59:10,716] {standard_task_runner.py:77} INFO - Job 4667: Subtask first_task
[2025-06-17 15:59:11,288] {logging_mixin.py:104} INFO - Running <TaskInstance: our_first_dag_v5.first_task 2023-09-11T00:00:00+00:00 [running]> on host 4f8b76136637
[2025-06-17 15:59:11,771] {taskinstance.py:1257} INFO - Exporting the following env vars:
AIRFLOW_CTX_DAG_OWNER=coder2j
AIRFLOW_CTX_DAG_ID=our_first_dag_v5
AIRFLOW_CTX_TASK_ID=first_task
AIRFLOW_CTX_EXECUTION_DATE=2023-09-11T00:00:00+00:00
AIRFLOW_CTX_DAG_RUN_ID=scheduled__2023-09-11T00:00:00+00:00
[2025-06-17 15:59:11,771] {bash.py:135} INFO - Tmp dir root location: 
 /tmp
[2025-06-17 15:59:11,772] {bash.py:158} INFO - Running command: echo hello world, this is the first task!
[2025-06-17 15:59:11,806] {bash.py:169} INFO - Output:
[2025-06-17 15:59:11,811] {bash.py:173} INFO - hello world, this is the first task!
[2025-06-17 15:59:11,812] {bash.py:177} INFO - Command exited with return code 0
[2025-06-17 15:59:12,257] {taskinstance.py:1166} INFO - Marking task as SUCCESS. dag_id=our_first_dag_v5, task_id=first_task, execution_date=20230911T000000, start_date=20250617T155910, end_date=20250617T155912
[2025-06-17 15:59:12,630] {taskinstance.py:1220} INFO - 2 downstream tasks scheduled from follow-on schedule check
[2025-06-17 15:59:12,668] {local_task_job.py:146} INFO - Task exited with return code 0
