[2025-06-17 16:00:29,713] {taskinstance.py:851} INFO - Dependencies all met for <TaskInstance: our_first_dag_v5.second_task 2023-11-05T00:00:00+00:00 [queued]>
[2025-06-17 16:00:29,795] {taskinstance.py:851} INFO - Dependencies all met for <TaskInstance: our_first_dag_v5.second_task 2023-11-05T00:00:00+00:00 [queued]>
[2025-06-17 16:00:29,796] {taskinstance.py:1042} INFO - 
--------------------------------------------------------------------------------
[2025-06-17 16:00:29,796] {taskinstance.py:1043} INFO - Starting attempt 1 of 6
[2025-06-17 16:00:29,796] {taskinstance.py:1044} INFO - 
--------------------------------------------------------------------------------
[2025-06-17 16:00:29,844] {taskinstance.py:1063} INFO - Executing <Task(BashOperator): second_task> on 2023-11-05T00:00:00+00:00
[2025-06-17 16:00:29,865] {standard_task_runner.py:52} INFO - Started process 9013 to run task
[2025-06-17 16:00:29,896] {standard_task_runner.py:76} INFO - Running: ['airflow', 'tasks', 'run', 'our_first_dag_v5', 'second_task', '2023-11-05T00:00:00+00:00', '--job-id', '5016', '--pool', 'default_pool', '--raw', '--subdir', 'DAGS_FOLDER/first_dag.py', '--cfg-path', '/tmp/tmp6i7_db2h', '--error-file', '/tmp/tmpqw7d7a3j']
[2025-06-17 16:00:29,916] {standard_task_runner.py:77} INFO - Job 5016: Subtask second_task
[2025-06-17 16:00:30,229] {logging_mixin.py:104} INFO - Running <TaskInstance: our_first_dag_v5.second_task 2023-11-05T00:00:00+00:00 [running]> on host 4f8b76136637
[2025-06-17 16:00:30,630] {taskinstance.py:1257} INFO - Exporting the following env vars:
AIRFLOW_CTX_DAG_OWNER=coder2j
AIRFLOW_CTX_DAG_ID=our_first_dag_v5
AIRFLOW_CTX_TASK_ID=second_task
AIRFLOW_CTX_EXECUTION_DATE=2023-11-05T00:00:00+00:00
AIRFLOW_CTX_DAG_RUN_ID=scheduled__2023-11-05T00:00:00+00:00
[2025-06-17 16:00:30,632] {bash.py:135} INFO - Tmp dir root location: 
 /tmp
[2025-06-17 16:00:30,633] {bash.py:158} INFO - Running command: echo hey, I am task2 and will be running after task1!
[2025-06-17 16:00:30,660] {bash.py:169} INFO - Output:
[2025-06-17 16:00:30,660] {bash.py:173} INFO - hey, I am task2 and will be running after task1!
[2025-06-17 16:00:30,660] {bash.py:177} INFO - Command exited with return code 0
[2025-06-17 16:00:30,892] {taskinstance.py:1166} INFO - Marking task as SUCCESS. dag_id=our_first_dag_v5, task_id=second_task, execution_date=20231105T000000, start_date=20250617T160029, end_date=20250617T160030
[2025-06-17 16:00:31,208] {taskinstance.py:1220} INFO - 0 downstream tasks scheduled from follow-on schedule check
[2025-06-17 16:00:31,278] {local_task_job.py:146} INFO - Task exited with return code 0
