[2025-06-17 15:53:59,318] {taskinstance.py:851} INFO - Dependencies all met for <TaskInstance: our_first_dag_v5.second_task 2022-12-07T00:00:00+00:00 [queued]>
[2025-06-17 15:53:59,407] {taskinstance.py:851} INFO - Dependencies all met for <TaskInstance: our_first_dag_v5.second_task 2022-12-07T00:00:00+00:00 [queued]>
[2025-06-17 15:53:59,407] {taskinstance.py:1042} INFO - 
--------------------------------------------------------------------------------
[2025-06-17 15:53:59,408] {taskinstance.py:1043} INFO - Starting attempt 1 of 6
[2025-06-17 15:53:59,408] {taskinstance.py:1044} INFO - 
--------------------------------------------------------------------------------
[2025-06-17 15:53:59,448] {taskinstance.py:1063} INFO - Executing <Task(BashOperator): second_task> on 2022-12-07T00:00:00+00:00
[2025-06-17 15:53:59,487] {standard_task_runner.py:52} INFO - Started process 3668 to run task
[2025-06-17 15:53:59,519] {standard_task_runner.py:76} INFO - Running: ['airflow', 'tasks', 'run', 'our_first_dag_v5', 'second_task', '2022-12-07T00:00:00+00:00', '--job-id', '3018', '--pool', 'default_pool', '--raw', '--subdir', 'DAGS_FOLDER/first_dag.py', '--cfg-path', '/tmp/tmpehyzl734', '--error-file', '/tmp/tmp7op038a6']
[2025-06-17 15:53:59,527] {standard_task_runner.py:77} INFO - Job 3018: Subtask second_task
[2025-06-17 15:53:59,783] {logging_mixin.py:104} INFO - Running <TaskInstance: our_first_dag_v5.second_task 2022-12-07T00:00:00+00:00 [running]> on host 4f8b76136637
[2025-06-17 15:54:00,159] {taskinstance.py:1257} INFO - Exporting the following env vars:
AIRFLOW_CTX_DAG_OWNER=coder2j
AIRFLOW_CTX_DAG_ID=our_first_dag_v5
AIRFLOW_CTX_TASK_ID=second_task
AIRFLOW_CTX_EXECUTION_DATE=2022-12-07T00:00:00+00:00
AIRFLOW_CTX_DAG_RUN_ID=scheduled__2022-12-07T00:00:00+00:00
[2025-06-17 15:54:00,160] {bash.py:135} INFO - Tmp dir root location: 
 /tmp
[2025-06-17 15:54:00,166] {bash.py:158} INFO - Running command: echo hey, I am task2 and will be running after task1!
[2025-06-17 15:54:00,223] {bash.py:169} INFO - Output:
[2025-06-17 15:54:00,230] {bash.py:173} INFO - hey, I am task2 and will be running after task1!
[2025-06-17 15:54:00,231] {bash.py:177} INFO - Command exited with return code 0
[2025-06-17 15:54:00,482] {taskinstance.py:1166} INFO - Marking task as SUCCESS. dag_id=our_first_dag_v5, task_id=second_task, execution_date=20221207T000000, start_date=20250617T155359, end_date=20250617T155400
[2025-06-17 15:54:00,633] {taskinstance.py:1220} INFO - 0 downstream tasks scheduled from follow-on schedule check
[2025-06-17 15:54:00,679] {local_task_job.py:146} INFO - Task exited with return code 0
