[2025-06-18 15:02:51,290] {taskinstance.py:851} INFO - Dependencies all met for <TaskInstance: first_dag.first_task 2022-09-13T00:00:00+00:00 [queued]>
[2025-06-18 15:02:51,314] {taskinstance.py:851} INFO - Dependencies all met for <TaskInstance: first_dag.first_task 2022-09-13T00:00:00+00:00 [queued]>
[2025-06-18 15:02:51,315] {taskinstance.py:1042} INFO - 
--------------------------------------------------------------------------------
[2025-06-18 15:02:51,315] {taskinstance.py:1043} INFO - Starting attempt 1 of 6
[2025-06-18 15:02:51,315] {taskinstance.py:1044} INFO - 
--------------------------------------------------------------------------------
[2025-06-18 15:02:51,355] {taskinstance.py:1063} INFO - Executing <Task(BashOperator): first_task> on 2022-09-13T00:00:00+00:00
[2025-06-18 15:02:51,367] {standard_task_runner.py:52} INFO - Started process 7052 to run task
[2025-06-18 15:02:51,380] {standard_task_runner.py:76} INFO - Running: ['airflow', 'tasks', 'run', 'first_dag', 'first_task', '2022-09-13T00:00:00+00:00', '--job-id', '10879', '--pool', 'default_pool', '--raw', '--subdir', 'DAGS_FOLDER/first_dag.py', '--cfg-path', '/tmp/tmpmd1wjqhy', '--error-file', '/tmp/tmpgys90lrx']
[2025-06-18 15:02:51,386] {standard_task_runner.py:77} INFO - Job 10879: Subtask first_task
[2025-06-18 15:02:51,521] {logging_mixin.py:104} INFO - Running <TaskInstance: first_dag.first_task 2022-09-13T00:00:00+00:00 [running]> on host 500dc4ac3a72
[2025-06-18 15:02:52,047] {taskinstance.py:1257} INFO - Exporting the following env vars:
AIRFLOW_CTX_DAG_OWNER=my_name
AIRFLOW_CTX_DAG_ID=first_dag
AIRFLOW_CTX_TASK_ID=first_task
AIRFLOW_CTX_EXECUTION_DATE=2022-09-13T00:00:00+00:00
AIRFLOW_CTX_DAG_RUN_ID=scheduled__2022-09-13T00:00:00+00:00
[2025-06-18 15:02:52,048] {bash.py:135} INFO - Tmp dir root location: 
 /tmp
[2025-06-18 15:02:52,052] {bash.py:158} INFO - Running command: echo "this is my first task and I will run first! "
[2025-06-18 15:02:52,082] {bash.py:169} INFO - Output:
[2025-06-18 15:02:52,084] {bash.py:173} INFO - this is my first task and I will run first!
[2025-06-18 15:02:52,085] {bash.py:177} INFO - Command exited with return code 0
[2025-06-18 15:02:52,218] {taskinstance.py:1166} INFO - Marking task as SUCCESS. dag_id=first_dag, task_id=first_task, execution_date=20220913T000000, start_date=20250618T150251, end_date=20250618T150252
[2025-06-18 15:02:52,339] {taskinstance.py:1220} INFO - 2 downstream tasks scheduled from follow-on schedule check
[2025-06-18 15:02:52,368] {local_task_job.py:146} INFO - Task exited with return code 0
