[2025-06-17 16:02:48,937] {taskinstance.py:851} INFO - Dependencies all met for <TaskInstance: dag_with_taskflow_api_v02.greet 2024-07-12T00:00:00+00:00 [queued]>
[2025-06-17 16:02:49,015] {taskinstance.py:851} INFO - Dependencies all met for <TaskInstance: dag_with_taskflow_api_v02.greet 2024-07-12T00:00:00+00:00 [queued]>
[2025-06-17 16:02:49,015] {taskinstance.py:1042} INFO - 
--------------------------------------------------------------------------------
[2025-06-17 16:02:49,015] {taskinstance.py:1043} INFO - Starting attempt 1 of 6
[2025-06-17 16:02:49,016] {taskinstance.py:1044} INFO - 
--------------------------------------------------------------------------------
[2025-06-17 16:02:49,085] {taskinstance.py:1063} INFO - Executing <Task(_PythonDecoratedOperator): greet> on 2024-07-12T00:00:00+00:00
[2025-06-17 16:02:49,105] {standard_task_runner.py:52} INFO - Started process 11460 to run task
[2025-06-17 16:02:49,142] {standard_task_runner.py:76} INFO - Running: ['airflow', 'tasks', 'run', 'dag_with_taskflow_api_v02', 'greet', '2024-07-12T00:00:00+00:00', '--job-id', '5942', '--pool', 'default_pool', '--raw', '--subdir', 'DAGS_FOLDER/taskflow.py', '--cfg-path', '/tmp/tmp9vkgthpb', '--error-file', '/tmp/tmpthpx5tpz']
[2025-06-17 16:02:49,172] {standard_task_runner.py:77} INFO - Job 5942: Subtask greet
[2025-06-17 16:02:49,438] {logging_mixin.py:104} INFO - Running <TaskInstance: dag_with_taskflow_api_v02.greet 2024-07-12T00:00:00+00:00 [running]> on host 4f8b76136637
[2025-06-17 16:02:49,984] {taskinstance.py:1257} INFO - Exporting the following env vars:
AIRFLOW_CTX_DAG_OWNER=coder2j
AIRFLOW_CTX_DAG_ID=dag_with_taskflow_api_v02
AIRFLOW_CTX_TASK_ID=greet
AIRFLOW_CTX_EXECUTION_DATE=2024-07-12T00:00:00+00:00
AIRFLOW_CTX_DAG_RUN_ID=scheduled__2024-07-12T00:00:00+00:00
[2025-06-17 16:02:50,013] {logging_mixin.py:104} INFO - Hello World! My name is Jerry Fridman and I am 19 years old!
[2025-06-17 16:02:50,169] {taskinstance.py:1166} INFO - Marking task as SUCCESS. dag_id=dag_with_taskflow_api_v02, task_id=greet, execution_date=20240712T000000, start_date=20250617T160248, end_date=20250617T160250
[2025-06-17 16:02:50,678] {taskinstance.py:1220} INFO - 0 downstream tasks scheduled from follow-on schedule check
[2025-06-17 16:02:50,720] {local_task_job.py:146} INFO - Task exited with return code 0
