[2025-06-18 02:27:42,498] {taskinstance.py:851} INFO - Dependencies all met for <TaskInstance: dag_with_postgres_operator_v03.create_postgres_table 2023-07-06T00:00:00+00:00 [queued]>
[2025-06-18 02:27:42,529] {taskinstance.py:851} INFO - Dependencies all met for <TaskInstance: dag_with_postgres_operator_v03.create_postgres_table 2023-07-06T00:00:00+00:00 [queued]>
[2025-06-18 02:27:42,530] {taskinstance.py:1042} INFO - 
--------------------------------------------------------------------------------
[2025-06-18 02:27:42,530] {taskinstance.py:1043} INFO - Starting attempt 1 of 6
[2025-06-18 02:27:42,530] {taskinstance.py:1044} INFO - 
--------------------------------------------------------------------------------
[2025-06-18 02:27:42,545] {taskinstance.py:1063} INFO - Executing <Task(PostgresOperator): create_postgres_table> on 2023-07-06T00:00:00+00:00
[2025-06-18 02:27:42,551] {standard_task_runner.py:52} INFO - Started process 1947 to run task
[2025-06-18 02:27:42,558] {standard_task_runner.py:76} INFO - Running: ['airflow', 'tasks', 'run', 'dag_with_postgres_operator_v03', 'create_postgres_table', '2023-07-06T00:00:00+00:00', '--job-id', '8880', '--pool', 'default_pool', '--raw', '--subdir', 'DAGS_FOLDER/connect_postgres.py', '--cfg-path', '/tmp/tmp8jj22byg', '--error-file', '/tmp/tmp7gckn6hn']
[2025-06-18 02:27:42,562] {standard_task_runner.py:77} INFO - Job 8880: Subtask create_postgres_table
[2025-06-18 02:27:42,671] {logging_mixin.py:104} INFO - Running <TaskInstance: dag_with_postgres_operator_v03.create_postgres_table 2023-07-06T00:00:00+00:00 [running]> on host d5e6667b8b51
[2025-06-18 02:27:42,765] {taskinstance.py:1257} INFO - Exporting the following env vars:
AIRFLOW_CTX_DAG_OWNER=coder2j
AIRFLOW_CTX_DAG_ID=dag_with_postgres_operator_v03
AIRFLOW_CTX_TASK_ID=create_postgres_table
AIRFLOW_CTX_EXECUTION_DATE=2023-07-06T00:00:00+00:00
AIRFLOW_CTX_DAG_RUN_ID=scheduled__2023-07-06T00:00:00+00:00
[2025-06-18 02:27:42,766] {postgres.py:69} INFO - Executing: 
            create table if not exists dag_runs (
                dt date,
                dag_id character varying,
                primary key (dt, dag_id)
            )
        
[2025-06-18 02:27:42,787] {base.py:74} INFO - Using connection to: id: postgres_localhost. Host: postgres, Port: 5432, Schema: test, Login: airflow, Password: XXXXXXXX, extra: None
[2025-06-18 02:27:42,796] {dbapi.py:180} INFO - Running statement: 
            create table if not exists dag_runs (
                dt date,
                dag_id character varying,
                primary key (dt, dag_id)
            )
        , parameters: None
[2025-06-18 02:27:42,798] {dbapi.py:186} INFO - Rows affected: -1
[2025-06-18 02:27:42,799] {postgres.py:73} INFO - NOTICE:  relation "dag_runs" already exists, skipping

[2025-06-18 02:27:42,864] {taskinstance.py:1166} INFO - Marking task as SUCCESS. dag_id=dag_with_postgres_operator_v03, task_id=create_postgres_table, execution_date=20230706T000000, start_date=20250618T022742, end_date=20250618T022742
[2025-06-18 02:27:43,058] {taskinstance.py:1220} INFO - 0 downstream tasks scheduled from follow-on schedule check
[2025-06-18 02:27:43,093] {local_task_job.py:146} INFO - Task exited with return code 0
