[2025-06-17 16:05:26,007] {taskinstance.py:851} INFO - Dependencies all met for <TaskInstance: our_first_dag_v5.thrid_task 2024-10-01T00:00:00+00:00 [queued]>
[2025-06-17 16:05:26,232] {taskinstance.py:851} INFO - Dependencies all met for <TaskInstance: our_first_dag_v5.thrid_task 2024-10-01T00:00:00+00:00 [queued]>
[2025-06-17 16:05:26,233] {taskinstance.py:1042} INFO - 
--------------------------------------------------------------------------------
[2025-06-17 16:05:26,233] {taskinstance.py:1043} INFO - Starting attempt 1 of 6
[2025-06-17 16:05:26,233] {taskinstance.py:1044} INFO - 
--------------------------------------------------------------------------------
[2025-06-17 16:05:26,303] {taskinstance.py:1063} INFO - Executing <Task(BashOperator): thrid_task> on 2024-10-01T00:00:00+00:00
[2025-06-17 16:05:26,367] {standard_task_runner.py:52} INFO - Started process 14241 to run task
[2025-06-17 16:05:26,423] {standard_task_runner.py:76} INFO - Running: ['airflow', 'tasks', 'run', 'our_first_dag_v5', 'thrid_task', '2024-10-01T00:00:00+00:00', '--job-id', '6995', '--pool', 'default_pool', '--raw', '--subdir', 'DAGS_FOLDER/first_dag.py', '--cfg-path', '/tmp/tmp40v69rzh', '--error-file', '/tmp/tmpwj42cd70']
[2025-06-17 16:05:26,526] {standard_task_runner.py:77} INFO - Job 6995: Subtask thrid_task
[2025-06-17 16:05:26,862] {logging_mixin.py:104} INFO - Running <TaskInstance: our_first_dag_v5.thrid_task 2024-10-01T00:00:00+00:00 [running]> on host 4f8b76136637
[2025-06-17 16:05:27,252] {taskinstance.py:1257} INFO - Exporting the following env vars:
AIRFLOW_CTX_DAG_OWNER=coder2j
AIRFLOW_CTX_DAG_ID=our_first_dag_v5
AIRFLOW_CTX_TASK_ID=thrid_task
AIRFLOW_CTX_EXECUTION_DATE=2024-10-01T00:00:00+00:00
AIRFLOW_CTX_DAG_RUN_ID=scheduled__2024-10-01T00:00:00+00:00
[2025-06-17 16:05:27,253] {bash.py:135} INFO - Tmp dir root location: 
 /tmp
[2025-06-17 16:05:27,263] {bash.py:158} INFO - Running command: echo hey, I am task3 and will be running after task1 at the same time as task2!
[2025-06-17 16:05:27,284] {bash.py:169} INFO - Output:
[2025-06-17 16:05:27,291] {bash.py:173} INFO - hey, I am task3 and will be running after task1 at the same time as task2!
[2025-06-17 16:05:27,302] {bash.py:177} INFO - Command exited with return code 0
[2025-06-17 16:05:27,551] {taskinstance.py:1166} INFO - Marking task as SUCCESS. dag_id=our_first_dag_v5, task_id=thrid_task, execution_date=20241001T000000, start_date=20250617T160526, end_date=20250617T160527
[2025-06-17 16:05:27,986] {taskinstance.py:1220} INFO - 0 downstream tasks scheduled from follow-on schedule check
[2025-06-17 16:05:28,010] {local_task_job.py:146} INFO - Task exited with return code 0
