[2025-06-17 15:46:17,102] {taskinstance.py:851} INFO - Dependencies all met for <TaskInstance: our_first_dag_v5.first_task 2021-11-10T00:00:00+00:00 [queued]>
[2025-06-17 15:46:17,159] {taskinstance.py:851} INFO - Dependencies all met for <TaskInstance: our_first_dag_v5.first_task 2021-11-10T00:00:00+00:00 [queued]>
[2025-06-17 15:46:17,160] {taskinstance.py:1042} INFO - 
--------------------------------------------------------------------------------
[2025-06-17 15:46:17,160] {taskinstance.py:1043} INFO - Starting attempt 1 of 6
[2025-06-17 15:46:17,160] {taskinstance.py:1044} INFO - 
--------------------------------------------------------------------------------
[2025-06-17 15:46:17,206] {taskinstance.py:1063} INFO - Executing <Task(BashOperator): first_task> on 2021-11-10T00:00:00+00:00
[2025-06-17 15:46:17,217] {standard_task_runner.py:52} INFO - Started process 1922 to run task
[2025-06-17 15:46:17,224] {standard_task_runner.py:76} INFO - Running: ['airflow', 'tasks', 'run', 'our_first_dag_v5', 'first_task', '2021-11-10T00:00:00+00:00', '--job-id', '623', '--pool', 'default_pool', '--raw', '--subdir', 'DAGS_FOLDER/first_dag.py', '--cfg-path', '/tmp/tmpkbfustms', '--error-file', '/tmp/tmpym1asnx4']
[2025-06-17 15:46:17,228] {standard_task_runner.py:77} INFO - Job 623: Subtask first_task
[2025-06-17 15:46:17,419] {logging_mixin.py:104} INFO - Running <TaskInstance: our_first_dag_v5.first_task 2021-11-10T00:00:00+00:00 [running]> on host 4f8b76136637
[2025-06-17 15:46:17,687] {taskinstance.py:1257} INFO - Exporting the following env vars:
AIRFLOW_CTX_DAG_OWNER=coder2j
AIRFLOW_CTX_DAG_ID=our_first_dag_v5
AIRFLOW_CTX_TASK_ID=first_task
AIRFLOW_CTX_EXECUTION_DATE=2021-11-10T00:00:00+00:00
AIRFLOW_CTX_DAG_RUN_ID=scheduled__2021-11-10T00:00:00+00:00
[2025-06-17 15:46:17,688] {bash.py:135} INFO - Tmp dir root location: 
 /tmp
[2025-06-17 15:46:17,691] {bash.py:158} INFO - Running command: echo hello world, this is the first task!
[2025-06-17 15:46:17,748] {bash.py:169} INFO - Output:
[2025-06-17 15:46:17,811] {bash.py:173} INFO - hello world, this is the first task!
[2025-06-17 15:46:17,812] {bash.py:177} INFO - Command exited with return code 0
[2025-06-17 15:46:17,960] {taskinstance.py:1166} INFO - Marking task as SUCCESS. dag_id=our_first_dag_v5, task_id=first_task, execution_date=20211110T000000, start_date=20250617T154617, end_date=20250617T154617
[2025-06-17 15:46:18,524] {taskinstance.py:1220} INFO - 0 downstream tasks scheduled from follow-on schedule check
[2025-06-17 15:46:18,564] {local_task_job.py:146} INFO - Task exited with return code 0
