[2025-06-17 16:01:02,575] {taskinstance.py:851} INFO - Dependencies all met for <TaskInstance: our_first_dag_v5.first_task 2023-12-09T00:00:00+00:00 [queued]>
[2025-06-17 16:01:02,653] {taskinstance.py:851} INFO - Dependencies all met for <TaskInstance: our_first_dag_v5.first_task 2023-12-09T00:00:00+00:00 [queued]>
[2025-06-17 16:01:02,653] {taskinstance.py:1042} INFO - 
--------------------------------------------------------------------------------
[2025-06-17 16:01:02,653] {taskinstance.py:1043} INFO - Starting attempt 1 of 6
[2025-06-17 16:01:02,653] {taskinstance.py:1044} INFO - 
--------------------------------------------------------------------------------
[2025-06-17 16:01:02,696] {taskinstance.py:1063} INFO - Executing <Task(BashOperator): first_task> on 2023-12-09T00:00:00+00:00
[2025-06-17 16:01:02,703] {standard_task_runner.py:52} INFO - Started process 9503 to run task
[2025-06-17 16:01:02,730] {standard_task_runner.py:76} INFO - Running: ['airflow', 'tasks', 'run', 'our_first_dag_v5', 'first_task', '2023-12-09T00:00:00+00:00', '--job-id', '5199', '--pool', 'default_pool', '--raw', '--subdir', 'DAGS_FOLDER/first_dag.py', '--cfg-path', '/tmp/tmp4tdyxvlf', '--error-file', '/tmp/tmpn7bgb689']
[2025-06-17 16:01:02,741] {standard_task_runner.py:77} INFO - Job 5199: Subtask first_task
[2025-06-17 16:01:03,040] {logging_mixin.py:104} INFO - Running <TaskInstance: our_first_dag_v5.first_task 2023-12-09T00:00:00+00:00 [running]> on host 4f8b76136637
[2025-06-17 16:01:03,525] {taskinstance.py:1257} INFO - Exporting the following env vars:
AIRFLOW_CTX_DAG_OWNER=coder2j
AIRFLOW_CTX_DAG_ID=our_first_dag_v5
AIRFLOW_CTX_TASK_ID=first_task
AIRFLOW_CTX_EXECUTION_DATE=2023-12-09T00:00:00+00:00
AIRFLOW_CTX_DAG_RUN_ID=scheduled__2023-12-09T00:00:00+00:00
[2025-06-17 16:01:03,527] {bash.py:135} INFO - Tmp dir root location: 
 /tmp
[2025-06-17 16:01:03,528] {bash.py:158} INFO - Running command: echo hello world, this is the first task!
[2025-06-17 16:01:03,578] {bash.py:169} INFO - Output:
[2025-06-17 16:01:03,590] {bash.py:173} INFO - hello world, this is the first task!
[2025-06-17 16:01:03,594] {bash.py:177} INFO - Command exited with return code 0
[2025-06-17 16:01:03,801] {taskinstance.py:1166} INFO - Marking task as SUCCESS. dag_id=our_first_dag_v5, task_id=first_task, execution_date=20231209T000000, start_date=20250617T160102, end_date=20250617T160103
[2025-06-17 16:01:04,189] {taskinstance.py:1220} INFO - 2 downstream tasks scheduled from follow-on schedule check
[2025-06-17 16:01:04,233] {local_task_job.py:146} INFO - Task exited with return code 0
