[2025-06-17 15:54:40,877] {taskinstance.py:851} INFO - Dependencies all met for <TaskInstance: our_first_dag_v5.first_task 2023-01-21T00:00:00+00:00 [queued]>
[2025-06-17 15:54:40,955] {taskinstance.py:851} INFO - Dependencies all met for <TaskInstance: our_first_dag_v5.first_task 2023-01-21T00:00:00+00:00 [queued]>
[2025-06-17 15:54:40,956] {taskinstance.py:1042} INFO - 
--------------------------------------------------------------------------------
[2025-06-17 15:54:40,961] {taskinstance.py:1043} INFO - Starting attempt 1 of 6
[2025-06-17 15:54:40,962] {taskinstance.py:1044} INFO - 
--------------------------------------------------------------------------------
[2025-06-17 15:54:40,992] {taskinstance.py:1063} INFO - Executing <Task(BashOperator): first_task> on 2023-01-21T00:00:00+00:00
[2025-06-17 15:54:41,010] {standard_task_runner.py:52} INFO - Started process 4314 to run task
[2025-06-17 15:54:41,023] {standard_task_runner.py:76} INFO - Running: ['airflow', 'tasks', 'run', 'our_first_dag_v5', 'first_task', '2023-01-21T00:00:00+00:00', '--job-id', '3264', '--pool', 'default_pool', '--raw', '--subdir', 'DAGS_FOLDER/first_dag.py', '--cfg-path', '/tmp/tmp2ln1x0x3', '--error-file', '/tmp/tmpv60r_4qj']
[2025-06-17 15:54:41,026] {standard_task_runner.py:77} INFO - Job 3264: Subtask first_task
[2025-06-17 15:54:41,285] {logging_mixin.py:104} INFO - Running <TaskInstance: our_first_dag_v5.first_task 2023-01-21T00:00:00+00:00 [running]> on host 4f8b76136637
[2025-06-17 15:54:41,781] {taskinstance.py:1257} INFO - Exporting the following env vars:
AIRFLOW_CTX_DAG_OWNER=coder2j
AIRFLOW_CTX_DAG_ID=our_first_dag_v5
AIRFLOW_CTX_TASK_ID=first_task
AIRFLOW_CTX_EXECUTION_DATE=2023-01-21T00:00:00+00:00
AIRFLOW_CTX_DAG_RUN_ID=scheduled__2023-01-21T00:00:00+00:00
[2025-06-17 15:54:41,789] {bash.py:135} INFO - Tmp dir root location: 
 /tmp
[2025-06-17 15:54:41,791] {bash.py:158} INFO - Running command: echo hello world, this is the first task!
[2025-06-17 15:54:41,840] {bash.py:169} INFO - Output:
[2025-06-17 15:54:41,849] {bash.py:173} INFO - hello world, this is the first task!
[2025-06-17 15:54:41,850] {bash.py:177} INFO - Command exited with return code 0
[2025-06-17 15:54:42,100] {taskinstance.py:1166} INFO - Marking task as SUCCESS. dag_id=our_first_dag_v5, task_id=first_task, execution_date=20230121T000000, start_date=20250617T155440, end_date=20250617T155442
[2025-06-17 15:54:42,393] {taskinstance.py:1220} INFO - 2 downstream tasks scheduled from follow-on schedule check
[2025-06-17 15:54:42,466] {local_task_job.py:146} INFO - Task exited with return code 0
