[2025-06-18 15:04:07,138] {taskinstance.py:851} INFO - Dependencies all met for <TaskInstance: first_dag.third_task 2023-03-17T00:00:00+00:00 [queued]>
[2025-06-18 15:04:07,175] {taskinstance.py:851} INFO - Dependencies all met for <TaskInstance: first_dag.third_task 2023-03-17T00:00:00+00:00 [queued]>
[2025-06-18 15:04:07,175] {taskinstance.py:1042} INFO - 
--------------------------------------------------------------------------------
[2025-06-18 15:04:07,175] {taskinstance.py:1043} INFO - Starting attempt 1 of 6
[2025-06-18 15:04:07,175] {taskinstance.py:1044} INFO - 
--------------------------------------------------------------------------------
[2025-06-18 15:04:07,209] {taskinstance.py:1063} INFO - Executing <Task(BashOperator): third_task> on 2023-03-17T00:00:00+00:00
[2025-06-18 15:04:07,223] {standard_task_runner.py:52} INFO - Started process 8938 to run task
[2025-06-18 15:04:07,236] {standard_task_runner.py:76} INFO - Running: ['airflow', 'tasks', 'run', 'first_dag', 'third_task', '2023-03-17T00:00:00+00:00', '--job-id', '11448', '--pool', 'default_pool', '--raw', '--subdir', 'DAGS_FOLDER/first_dag.py', '--cfg-path', '/tmp/tmpg4xnhh_l', '--error-file', '/tmp/tmp59cq_96w']
[2025-06-18 15:04:07,239] {standard_task_runner.py:77} INFO - Job 11448: Subtask third_task
[2025-06-18 15:04:07,422] {logging_mixin.py:104} INFO - Running <TaskInstance: first_dag.third_task 2023-03-17T00:00:00+00:00 [running]> on host 500dc4ac3a72
[2025-06-18 15:04:07,560] {taskinstance.py:1257} INFO - Exporting the following env vars:
AIRFLOW_CTX_DAG_OWNER=my_name
AIRFLOW_CTX_DAG_ID=first_dag
AIRFLOW_CTX_TASK_ID=third_task
AIRFLOW_CTX_EXECUTION_DATE=2023-03-17T00:00:00+00:00
AIRFLOW_CTX_DAG_RUN_ID=scheduled__2023-03-17T00:00:00+00:00
[2025-06-18 15:04:07,561] {bash.py:135} INFO - Tmp dir root location: 
 /tmp
[2025-06-18 15:04:07,565] {bash.py:158} INFO - Running command: echo "this is third task "
[2025-06-18 15:04:07,594] {bash.py:169} INFO - Output:
[2025-06-18 15:04:07,601] {bash.py:173} INFO - this is third task
[2025-06-18 15:04:07,602] {bash.py:177} INFO - Command exited with return code 0
[2025-06-18 15:04:07,740] {taskinstance.py:1166} INFO - Marking task as SUCCESS. dag_id=first_dag, task_id=third_task, execution_date=20230317T000000, start_date=20250618T150407, end_date=20250618T150407
[2025-06-18 15:04:08,103] {taskinstance.py:1220} INFO - 0 downstream tasks scheduled from follow-on schedule check
[2025-06-18 15:04:08,161] {local_task_job.py:146} INFO - Task exited with return code 0
