[2025-06-17 16:01:38,720] {taskinstance.py:851} INFO - Dependencies all met for <TaskInstance: dag_with_taskflow_api_v02.get_age 2024-04-23T00:00:00+00:00 [queued]>
[2025-06-17 16:01:38,829] {taskinstance.py:851} INFO - Dependencies all met for <TaskInstance: dag_with_taskflow_api_v02.get_age 2024-04-23T00:00:00+00:00 [queued]>
[2025-06-17 16:01:38,830] {taskinstance.py:1042} INFO - 
--------------------------------------------------------------------------------
[2025-06-17 16:01:38,833] {taskinstance.py:1043} INFO - Starting attempt 1 of 6
[2025-06-17 16:01:38,855] {taskinstance.py:1044} INFO - 
--------------------------------------------------------------------------------
[2025-06-17 16:01:38,909] {taskinstance.py:1063} INFO - Executing <Task(_PythonDecoratedOperator): get_age> on 2024-04-23T00:00:00+00:00
[2025-06-17 16:01:38,938] {standard_task_runner.py:52} INFO - Started process 10150 to run task
[2025-06-17 16:01:38,959] {standard_task_runner.py:76} INFO - Running: ['airflow', 'tasks', 'run', 'dag_with_taskflow_api_v02', 'get_age', '2024-04-23T00:00:00+00:00', '--job-id', '5443', '--pool', 'default_pool', '--raw', '--subdir', 'DAGS_FOLDER/taskflow.py', '--cfg-path', '/tmp/tmpvtvz0ugd', '--error-file', '/tmp/tmp0slzzez5']
[2025-06-17 16:01:38,966] {standard_task_runner.py:77} INFO - Job 5443: Subtask get_age
[2025-06-17 16:01:39,190] {logging_mixin.py:104} INFO - Running <TaskInstance: dag_with_taskflow_api_v02.get_age 2024-04-23T00:00:00+00:00 [running]> on host 4f8b76136637
[2025-06-17 16:01:39,433] {taskinstance.py:1257} INFO - Exporting the following env vars:
AIRFLOW_CTX_DAG_OWNER=coder2j
AIRFLOW_CTX_DAG_ID=dag_with_taskflow_api_v02
AIRFLOW_CTX_TASK_ID=get_age
AIRFLOW_CTX_EXECUTION_DATE=2024-04-23T00:00:00+00:00
AIRFLOW_CTX_DAG_RUN_ID=scheduled__2024-04-23T00:00:00+00:00
[2025-06-17 16:01:39,614] {taskinstance.py:1166} INFO - Marking task as SUCCESS. dag_id=dag_with_taskflow_api_v02, task_id=get_age, execution_date=20240423T000000, start_date=20250617T160138, end_date=20250617T160139
[2025-06-17 16:01:40,089] {taskinstance.py:1220} INFO - 0 downstream tasks scheduled from follow-on schedule check
[2025-06-17 16:01:40,178] {local_task_job.py:146} INFO - Task exited with return code 0
