[2025-06-18 15:03:46,410] {taskinstance.py:851} INFO - Dependencies all met for <TaskInstance: first_dag.third_task 2023-01-19T00:00:00+00:00 [queued]>
[2025-06-18 15:03:46,444] {taskinstance.py:851} INFO - Dependencies all met for <TaskInstance: first_dag.third_task 2023-01-19T00:00:00+00:00 [queued]>
[2025-06-18 15:03:46,445] {taskinstance.py:1042} INFO - 
--------------------------------------------------------------------------------
[2025-06-18 15:03:46,445] {taskinstance.py:1043} INFO - Starting attempt 1 of 6
[2025-06-18 15:03:46,445] {taskinstance.py:1044} INFO - 
--------------------------------------------------------------------------------
[2025-06-18 15:03:46,478] {taskinstance.py:1063} INFO - Executing <Task(BashOperator): third_task> on 2023-01-19T00:00:00+00:00
[2025-06-18 15:03:46,485] {standard_task_runner.py:52} INFO - Started process 8375 to run task
[2025-06-18 15:03:46,498] {standard_task_runner.py:76} INFO - Running: ['airflow', 'tasks', 'run', 'first_dag', 'third_task', '2023-01-19T00:00:00+00:00', '--job-id', '11280', '--pool', 'default_pool', '--raw', '--subdir', 'DAGS_FOLDER/first_dag.py', '--cfg-path', '/tmp/tmpc5kxdphb', '--error-file', '/tmp/tmp93humlxz']
[2025-06-18 15:03:46,507] {standard_task_runner.py:77} INFO - Job 11280: Subtask third_task
[2025-06-18 15:03:46,703] {logging_mixin.py:104} INFO - Running <TaskInstance: first_dag.third_task 2023-01-19T00:00:00+00:00 [running]> on host 500dc4ac3a72
[2025-06-18 15:03:46,945] {taskinstance.py:1257} INFO - Exporting the following env vars:
AIRFLOW_CTX_DAG_OWNER=my_name
AIRFLOW_CTX_DAG_ID=first_dag
AIRFLOW_CTX_TASK_ID=third_task
AIRFLOW_CTX_EXECUTION_DATE=2023-01-19T00:00:00+00:00
AIRFLOW_CTX_DAG_RUN_ID=scheduled__2023-01-19T00:00:00+00:00
[2025-06-18 15:03:46,949] {bash.py:135} INFO - Tmp dir root location: 
 /tmp
[2025-06-18 15:03:46,952] {bash.py:158} INFO - Running command: echo "this is third task "
[2025-06-18 15:03:47,004] {bash.py:169} INFO - Output:
[2025-06-18 15:03:47,008] {bash.py:173} INFO - this is third task
[2025-06-18 15:03:47,015] {bash.py:177} INFO - Command exited with return code 0
[2025-06-18 15:03:47,189] {taskinstance.py:1166} INFO - Marking task as SUCCESS. dag_id=first_dag, task_id=third_task, execution_date=20230119T000000, start_date=20250618T150346, end_date=20250618T150347
[2025-06-18 15:03:47,376] {taskinstance.py:1220} INFO - 0 downstream tasks scheduled from follow-on schedule check
[2025-06-18 15:03:47,405] {local_task_job.py:146} INFO - Task exited with return code 0
