[2025-06-17 16:08:33,783] {taskinstance.py:851} INFO - Dependencies all met for <TaskInstance: our_first_dag_v5.second_task 2025-05-18T00:00:00+00:00 [queued]>
[2025-06-17 16:08:33,990] {taskinstance.py:851} INFO - Dependencies all met for <TaskInstance: our_first_dag_v5.second_task 2025-05-18T00:00:00+00:00 [queued]>
[2025-06-17 16:08:33,990] {taskinstance.py:1042} INFO - 
--------------------------------------------------------------------------------
[2025-06-17 16:08:33,990] {taskinstance.py:1043} INFO - Starting attempt 1 of 6
[2025-06-17 16:08:33,990] {taskinstance.py:1044} INFO - 
--------------------------------------------------------------------------------
[2025-06-17 16:08:34,082] {taskinstance.py:1063} INFO - Executing <Task(BashOperator): second_task> on 2025-05-18T00:00:00+00:00
[2025-06-17 16:08:34,101] {standard_task_runner.py:52} INFO - Started process 17454 to run task
[2025-06-17 16:08:34,146] {standard_task_runner.py:76} INFO - Running: ['airflow', 'tasks', 'run', 'our_first_dag_v5', 'second_task', '2025-05-18T00:00:00+00:00', '--job-id', '8173', '--pool', 'default_pool', '--raw', '--subdir', 'DAGS_FOLDER/first_dag.py', '--cfg-path', '/tmp/tmpvkn6gw_g', '--error-file', '/tmp/tmpbv9zx7_b']
[2025-06-17 16:08:34,161] {standard_task_runner.py:77} INFO - Job 8173: Subtask second_task
[2025-06-17 16:08:34,412] {logging_mixin.py:104} INFO - Running <TaskInstance: our_first_dag_v5.second_task 2025-05-18T00:00:00+00:00 [running]> on host 4f8b76136637
[2025-06-17 16:08:34,643] {taskinstance.py:1257} INFO - Exporting the following env vars:
AIRFLOW_CTX_DAG_OWNER=coder2j
AIRFLOW_CTX_DAG_ID=our_first_dag_v5
AIRFLOW_CTX_TASK_ID=second_task
AIRFLOW_CTX_EXECUTION_DATE=2025-05-18T00:00:00+00:00
AIRFLOW_CTX_DAG_RUN_ID=scheduled__2025-05-18T00:00:00+00:00
[2025-06-17 16:08:34,644] {bash.py:135} INFO - Tmp dir root location: 
 /tmp
[2025-06-17 16:08:34,657] {bash.py:158} INFO - Running command: echo hey, I am task2 and will be running after task1!
[2025-06-17 16:08:34,720] {bash.py:169} INFO - Output:
[2025-06-17 16:08:34,725] {bash.py:173} INFO - hey, I am task2 and will be running after task1!
[2025-06-17 16:08:34,725] {bash.py:177} INFO - Command exited with return code 0
[2025-06-17 16:08:35,008] {taskinstance.py:1166} INFO - Marking task as SUCCESS. dag_id=our_first_dag_v5, task_id=second_task, execution_date=20250518T000000, start_date=20250617T160833, end_date=20250617T160835
[2025-06-17 16:08:35,157] {taskinstance.py:1220} INFO - 0 downstream tasks scheduled from follow-on schedule check
[2025-06-17 16:08:35,202] {local_task_job.py:146} INFO - Task exited with return code 0
