[2025-06-17 15:47:02,365] {taskinstance.py:851} INFO - Dependencies all met for <TaskInstance: dag_with_taskflow_api_v02.get_name 2022-03-28T00:00:00+00:00 [queued]>
[2025-06-17 15:47:02,426] {taskinstance.py:851} INFO - Dependencies all met for <TaskInstance: dag_with_taskflow_api_v02.get_name 2022-03-28T00:00:00+00:00 [queued]>
[2025-06-17 15:47:02,427] {taskinstance.py:1042} INFO - 
--------------------------------------------------------------------------------
[2025-06-17 15:47:02,427] {taskinstance.py:1043} INFO - Starting attempt 1 of 6
[2025-06-17 15:47:02,427] {taskinstance.py:1044} INFO - 
--------------------------------------------------------------------------------
[2025-06-17 15:47:02,534] {taskinstance.py:1063} INFO - Executing <Task(_PythonDecoratedOperator): get_name> on 2022-03-28T00:00:00+00:00
[2025-06-17 15:47:02,551] {standard_task_runner.py:52} INFO - Started process 2665 to run task
[2025-06-17 15:47:02,581] {standard_task_runner.py:76} INFO - Running: ['airflow', 'tasks', 'run', 'dag_with_taskflow_api_v02', 'get_name', '2022-03-28T00:00:00+00:00', '--job-id', '904', '--pool', 'default_pool', '--raw', '--subdir', 'DAGS_FOLDER/taskflow.py', '--cfg-path', '/tmp/tmpupuxgjgp', '--error-file', '/tmp/tmp9igxqb4t']
[2025-06-17 15:47:02,612] {standard_task_runner.py:77} INFO - Job 904: Subtask get_name
[2025-06-17 15:47:02,808] {logging_mixin.py:104} INFO - Running <TaskInstance: dag_with_taskflow_api_v02.get_name 2022-03-28T00:00:00+00:00 [running]> on host 4f8b76136637
[2025-06-17 15:47:03,169] {taskinstance.py:1257} INFO - Exporting the following env vars:
AIRFLOW_CTX_DAG_OWNER=coder2j
AIRFLOW_CTX_DAG_ID=dag_with_taskflow_api_v02
AIRFLOW_CTX_TASK_ID=get_name
AIRFLOW_CTX_EXECUTION_DATE=2022-03-28T00:00:00+00:00
AIRFLOW_CTX_DAG_RUN_ID=scheduled__2022-03-28T00:00:00+00:00
[2025-06-17 15:47:03,590] {taskinstance.py:1166} INFO - Marking task as SUCCESS. dag_id=dag_with_taskflow_api_v02, task_id=get_name, execution_date=20220328T000000, start_date=20250617T154702, end_date=20250617T154703
[2025-06-17 15:47:03,947] {taskinstance.py:1220} INFO - 1 downstream tasks scheduled from follow-on schedule check
[2025-06-17 15:47:04,025] {local_task_job.py:146} INFO - Task exited with return code 0
