[2025-06-18 16:16:31,087] {taskinstance.py:851} INFO - Dependencies all met for <TaskInstance: connect_postgres_dag.insert_into_table 2022-04-29T00:00:00+00:00 [queued]>
[2025-06-18 16:16:31,115] {taskinstance.py:851} INFO - Dependencies all met for <TaskInstance: connect_postgres_dag.insert_into_table 2022-04-29T00:00:00+00:00 [queued]>
[2025-06-18 16:16:31,115] {taskinstance.py:1042} INFO - 
--------------------------------------------------------------------------------
[2025-06-18 16:16:31,115] {taskinstance.py:1043} INFO - Starting attempt 1 of 6
[2025-06-18 16:16:31,115] {taskinstance.py:1044} INFO - 
--------------------------------------------------------------------------------
[2025-06-18 16:16:31,158] {taskinstance.py:1063} INFO - Executing <Task(PostgresOperator): insert_into_table> on 2022-04-29T00:00:00+00:00
[2025-06-18 16:16:31,164] {standard_task_runner.py:52} INFO - Started process 27298 to run task
[2025-06-18 16:16:31,173] {standard_task_runner.py:76} INFO - Running: ['airflow', 'tasks', 'run', 'connect_postgres_dag', 'insert_into_table', '2022-04-29T00:00:00+00:00', '--job-id', '14196', '--pool', 'default_pool', '--raw', '--subdir', 'DAGS_FOLDER/connect_postgres_dag.py', '--cfg-path', '/tmp/tmp1u1fstiv', '--error-file', '/tmp/tmpe92oq6at']
[2025-06-18 16:16:31,182] {standard_task_runner.py:77} INFO - Job 14196: Subtask insert_into_table
[2025-06-18 16:16:31,335] {logging_mixin.py:104} INFO - Running <TaskInstance: connect_postgres_dag.insert_into_table 2022-04-29T00:00:00+00:00 [running]> on host 500dc4ac3a72
[2025-06-18 16:16:31,474] {taskinstance.py:1257} INFO - Exporting the following env vars:
AIRFLOW_CTX_DAG_OWNER=coder2j
AIRFLOW_CTX_DAG_ID=connect_postgres_dag
AIRFLOW_CTX_TASK_ID=insert_into_table
AIRFLOW_CTX_EXECUTION_DATE=2022-04-29T00:00:00+00:00
AIRFLOW_CTX_DAG_RUN_ID=scheduled__2022-04-29T00:00:00+00:00
[2025-06-18 16:16:31,475] {postgres.py:69} INFO - Executing: 
            insert into employee (name,age,salary) values ('hayyye', '1997','5000.00');
        
[2025-06-18 16:16:31,514] {base.py:74} INFO - Using connection to: id: postgres_localhost. Host: postgres, Port: 5432, Schema: test, Login: airflow, Password: XXXXXXXX, extra: None
[2025-06-18 16:16:31,523] {dbapi.py:180} INFO - Running statement: 
            insert into employee (name,age,salary) values ('hayyye', '1997','5000.00');
        , parameters: None
[2025-06-18 16:16:31,525] {dbapi.py:186} INFO - Rows affected: 1
[2025-06-18 16:16:31,573] {taskinstance.py:1166} INFO - Marking task as SUCCESS. dag_id=connect_postgres_dag, task_id=insert_into_table, execution_date=20220429T000000, start_date=20250618T161631, end_date=20250618T161631
[2025-06-18 16:16:31,832] {taskinstance.py:1220} INFO - 0 downstream tasks scheduled from follow-on schedule check
[2025-06-18 16:16:31,852] {local_task_job.py:146} INFO - Task exited with return code 0
