[2025-06-18 15:02:04,590] {taskinstance.py:851} INFO - Dependencies all met for <TaskInstance: first_dag.third_task 2022-05-26T00:00:00+00:00 [queued]>
[2025-06-18 15:02:04,629] {taskinstance.py:851} INFO - Dependencies all met for <TaskInstance: first_dag.third_task 2022-05-26T00:00:00+00:00 [queued]>
[2025-06-18 15:02:04,629] {taskinstance.py:1042} INFO - 
--------------------------------------------------------------------------------
[2025-06-18 15:02:04,640] {taskinstance.py:1043} INFO - Starting attempt 1 of 6
[2025-06-18 15:02:04,641] {taskinstance.py:1044} INFO - 
--------------------------------------------------------------------------------
[2025-06-18 15:02:04,693] {taskinstance.py:1063} INFO - Executing <Task(BashOperator): third_task> on 2022-05-26T00:00:00+00:00
[2025-06-18 15:02:04,714] {standard_task_runner.py:52} INFO - Started process 6002 to run task
[2025-06-18 15:02:04,734] {standard_task_runner.py:76} INFO - Running: ['airflow', 'tasks', 'run', 'first_dag', 'third_task', '2022-05-26T00:00:00+00:00', '--job-id', '10563', '--pool', 'default_pool', '--raw', '--subdir', 'DAGS_FOLDER/first_dag.py', '--cfg-path', '/tmp/tmp8f28r25e', '--error-file', '/tmp/tmp3zl0vdxi']
[2025-06-18 15:02:04,755] {standard_task_runner.py:77} INFO - Job 10563: Subtask third_task
[2025-06-18 15:02:04,950] {logging_mixin.py:104} INFO - Running <TaskInstance: first_dag.third_task 2022-05-26T00:00:00+00:00 [running]> on host 500dc4ac3a72
[2025-06-18 15:02:05,183] {taskinstance.py:1257} INFO - Exporting the following env vars:
AIRFLOW_CTX_DAG_OWNER=my_name
AIRFLOW_CTX_DAG_ID=first_dag
AIRFLOW_CTX_TASK_ID=third_task
AIRFLOW_CTX_EXECUTION_DATE=2022-05-26T00:00:00+00:00
AIRFLOW_CTX_DAG_RUN_ID=scheduled__2022-05-26T00:00:00+00:00
[2025-06-18 15:02:05,183] {bash.py:135} INFO - Tmp dir root location: 
 /tmp
[2025-06-18 15:02:05,185] {bash.py:158} INFO - Running command: echo "this is third task "
[2025-06-18 15:02:05,234] {bash.py:169} INFO - Output:
[2025-06-18 15:02:05,235] {bash.py:173} INFO - this is third task
[2025-06-18 15:02:05,236] {bash.py:177} INFO - Command exited with return code 0
[2025-06-18 15:02:05,382] {taskinstance.py:1166} INFO - Marking task as SUCCESS. dag_id=first_dag, task_id=third_task, execution_date=20220526T000000, start_date=20250618T150204, end_date=20250618T150205
[2025-06-18 15:02:05,589] {taskinstance.py:1220} INFO - 0 downstream tasks scheduled from follow-on schedule check
[2025-06-18 15:02:05,633] {local_task_job.py:146} INFO - Task exited with return code 0
