[2025-06-17 15:50:39,566] {taskinstance.py:851} INFO - Dependencies all met for <TaskInstance: dag_with_taskflow_api_v02.get_age 2022-09-20T00:00:00+00:00 [queued]>
[2025-06-17 15:50:39,792] {taskinstance.py:851} INFO - Dependencies all met for <TaskInstance: dag_with_taskflow_api_v02.get_age 2022-09-20T00:00:00+00:00 [queued]>
[2025-06-17 15:50:39,792] {taskinstance.py:1042} INFO - 
--------------------------------------------------------------------------------
[2025-06-17 15:50:39,793] {taskinstance.py:1043} INFO - Starting attempt 1 of 6
[2025-06-17 15:50:39,793] {taskinstance.py:1044} INFO - 
--------------------------------------------------------------------------------
[2025-06-17 15:50:39,859] {taskinstance.py:1063} INFO - Executing <Task(_PythonDecoratedOperator): get_age> on 2022-09-20T00:00:00+00:00
[2025-06-17 15:50:39,871] {standard_task_runner.py:52} INFO - Started process 842 to run task
[2025-06-17 15:50:39,922] {standard_task_runner.py:76} INFO - Running: ['airflow', 'tasks', 'run', 'dag_with_taskflow_api_v02', 'get_age', '2022-09-20T00:00:00+00:00', '--job-id', '1963', '--pool', 'default_pool', '--raw', '--subdir', 'DAGS_FOLDER/taskflow.py', '--cfg-path', '/tmp/tmpb83t61r6', '--error-file', '/tmp/tmpfq2fwt_o']
[2025-06-17 15:50:39,937] {standard_task_runner.py:77} INFO - Job 1963: Subtask get_age
[2025-06-17 15:50:40,311] {logging_mixin.py:104} INFO - Running <TaskInstance: dag_with_taskflow_api_v02.get_age 2022-09-20T00:00:00+00:00 [running]> on host 4f8b76136637
[2025-06-17 15:50:40,716] {taskinstance.py:1257} INFO - Exporting the following env vars:
AIRFLOW_CTX_DAG_OWNER=coder2j
AIRFLOW_CTX_DAG_ID=dag_with_taskflow_api_v02
AIRFLOW_CTX_TASK_ID=get_age
AIRFLOW_CTX_EXECUTION_DATE=2022-09-20T00:00:00+00:00
AIRFLOW_CTX_DAG_RUN_ID=scheduled__2022-09-20T00:00:00+00:00
[2025-06-17 15:50:40,939] {taskinstance.py:1166} INFO - Marking task as SUCCESS. dag_id=dag_with_taskflow_api_v02, task_id=get_age, execution_date=20220920T000000, start_date=20250617T155039, end_date=20250617T155040
[2025-06-17 15:50:41,509] {taskinstance.py:1220} INFO - 0 downstream tasks scheduled from follow-on schedule check
[2025-06-17 15:50:41,626] {local_task_job.py:146} INFO - Task exited with return code 0
