[2025-06-17 16:07:50,799] {taskinstance.py:851} INFO - Dependencies all met for <TaskInstance: dag_with_taskflow_api_v02.get_name 2025-05-25T00:00:00+00:00 [queued]>
[2025-06-17 16:07:50,886] {taskinstance.py:851} INFO - Dependencies all met for <TaskInstance: dag_with_taskflow_api_v02.get_name 2025-05-25T00:00:00+00:00 [queued]>
[2025-06-17 16:07:50,887] {taskinstance.py:1042} INFO - 
--------------------------------------------------------------------------------
[2025-06-17 16:07:50,887] {taskinstance.py:1043} INFO - Starting attempt 1 of 6
[2025-06-17 16:07:50,887] {taskinstance.py:1044} INFO - 
--------------------------------------------------------------------------------
[2025-06-17 16:07:50,941] {taskinstance.py:1063} INFO - Executing <Task(_PythonDecoratedOperator): get_name> on 2025-05-25T00:00:00+00:00
[2025-06-17 16:07:50,976] {standard_task_runner.py:52} INFO - Started process 16498 to run task
[2025-06-17 16:07:51,013] {standard_task_runner.py:76} INFO - Running: ['airflow', 'tasks', 'run', 'dag_with_taskflow_api_v02', 'get_name', '2025-05-25T00:00:00+00:00', '--job-id', '7843', '--pool', 'default_pool', '--raw', '--subdir', 'DAGS_FOLDER/taskflow.py', '--cfg-path', '/tmp/tmpkp3aphs_', '--error-file', '/tmp/tmpxzale39y']
[2025-06-17 16:07:51,035] {standard_task_runner.py:77} INFO - Job 7843: Subtask get_name
[2025-06-17 16:07:51,363] {logging_mixin.py:104} INFO - Running <TaskInstance: dag_with_taskflow_api_v02.get_name 2025-05-25T00:00:00+00:00 [running]> on host 4f8b76136637
[2025-06-17 16:07:51,668] {taskinstance.py:1257} INFO - Exporting the following env vars:
AIRFLOW_CTX_DAG_OWNER=coder2j
AIRFLOW_CTX_DAG_ID=dag_with_taskflow_api_v02
AIRFLOW_CTX_TASK_ID=get_name
AIRFLOW_CTX_EXECUTION_DATE=2025-05-25T00:00:00+00:00
AIRFLOW_CTX_DAG_RUN_ID=scheduled__2025-05-25T00:00:00+00:00
[2025-06-17 16:07:52,025] {taskinstance.py:1166} INFO - Marking task as SUCCESS. dag_id=dag_with_taskflow_api_v02, task_id=get_name, execution_date=20250525T000000, start_date=20250617T160750, end_date=20250617T160752
[2025-06-17 16:07:52,162] {taskinstance.py:1220} INFO - 1 downstream tasks scheduled from follow-on schedule check
[2025-06-17 16:07:52,213] {local_task_job.py:146} INFO - Task exited with return code 0
