[2025-06-18 15:06:35,138] {taskinstance.py:851} INFO - Dependencies all met for <TaskInstance: first_dag.first_task 2024-02-13T00:00:00+00:00 [queued]>
[2025-06-18 15:06:35,189] {taskinstance.py:851} INFO - Dependencies all met for <TaskInstance: first_dag.first_task 2024-02-13T00:00:00+00:00 [queued]>
[2025-06-18 15:06:35,190] {taskinstance.py:1042} INFO - 
--------------------------------------------------------------------------------
[2025-06-18 15:06:35,190] {taskinstance.py:1043} INFO - Starting attempt 1 of 6
[2025-06-18 15:06:35,190] {taskinstance.py:1044} INFO - 
--------------------------------------------------------------------------------
[2025-06-18 15:06:35,253] {taskinstance.py:1063} INFO - Executing <Task(BashOperator): first_task> on 2024-02-13T00:00:00+00:00
[2025-06-18 15:06:35,274] {standard_task_runner.py:52} INFO - Started process 12240 to run task
[2025-06-18 15:06:35,295] {standard_task_runner.py:76} INFO - Running: ['airflow', 'tasks', 'run', 'first_dag', 'first_task', '2024-02-13T00:00:00+00:00', '--job-id', '12433', '--pool', 'default_pool', '--raw', '--subdir', 'DAGS_FOLDER/first_dag.py', '--cfg-path', '/tmp/tmpt6ohfi24', '--error-file', '/tmp/tmp2mgqudnf']
[2025-06-18 15:06:35,310] {standard_task_runner.py:77} INFO - Job 12433: Subtask first_task
[2025-06-18 15:06:35,557] {logging_mixin.py:104} INFO - Running <TaskInstance: first_dag.first_task 2024-02-13T00:00:00+00:00 [running]> on host 500dc4ac3a72
[2025-06-18 15:06:35,746] {taskinstance.py:1257} INFO - Exporting the following env vars:
AIRFLOW_CTX_DAG_OWNER=my_name
AIRFLOW_CTX_DAG_ID=first_dag
AIRFLOW_CTX_TASK_ID=first_task
AIRFLOW_CTX_EXECUTION_DATE=2024-02-13T00:00:00+00:00
AIRFLOW_CTX_DAG_RUN_ID=scheduled__2024-02-13T00:00:00+00:00
[2025-06-18 15:06:35,747] {bash.py:135} INFO - Tmp dir root location: 
 /tmp
[2025-06-18 15:06:35,750] {bash.py:158} INFO - Running command: echo "this is my first task and I will run first! "
[2025-06-18 15:06:35,787] {bash.py:169} INFO - Output:
[2025-06-18 15:06:35,788] {bash.py:173} INFO - this is my first task and I will run first!
[2025-06-18 15:06:35,789] {bash.py:177} INFO - Command exited with return code 0
[2025-06-18 15:06:35,962] {taskinstance.py:1166} INFO - Marking task as SUCCESS. dag_id=first_dag, task_id=first_task, execution_date=20240213T000000, start_date=20250618T150635, end_date=20250618T150635
[2025-06-18 15:06:36,283] {taskinstance.py:1220} INFO - 0 downstream tasks scheduled from follow-on schedule check
[2025-06-18 15:06:36,313] {local_task_job.py:146} INFO - Task exited with return code 0
