[2025-06-18 15:03:55,813] {taskinstance.py:851} INFO - Dependencies all met for <TaskInstance: first_dag.first_task 2023-02-20T00:00:00+00:00 [queued]>
[2025-06-18 15:03:55,088] {taskinstance.py:851} INFO - Dependencies all met for <TaskInstance: first_dag.first_task 2023-02-20T00:00:00+00:00 [queued]>
[2025-06-18 15:03:55,090] {taskinstance.py:1042} INFO - 
--------------------------------------------------------------------------------
[2025-06-18 15:03:55,090] {taskinstance.py:1043} INFO - Starting attempt 1 of 6
[2025-06-18 15:03:55,090] {taskinstance.py:1044} INFO - 
--------------------------------------------------------------------------------
[2025-06-18 15:03:55,152] {taskinstance.py:1063} INFO - Executing <Task(BashOperator): first_task> on 2023-02-20T00:00:00+00:00
[2025-06-18 15:03:55,176] {standard_task_runner.py:52} INFO - Started process 8643 to run task
[2025-06-18 15:03:55,191] {standard_task_runner.py:76} INFO - Running: ['airflow', 'tasks', 'run', 'first_dag', 'first_task', '2023-02-20T00:00:00+00:00', '--job-id', '11358', '--pool', 'default_pool', '--raw', '--subdir', 'DAGS_FOLDER/first_dag.py', '--cfg-path', '/tmp/tmpvzo8iv5k', '--error-file', '/tmp/tmpfszdii0g']
[2025-06-18 15:03:55,209] {standard_task_runner.py:77} INFO - Job 11358: Subtask first_task
[2025-06-18 15:03:55,404] {logging_mixin.py:104} INFO - Running <TaskInstance: first_dag.first_task 2023-02-20T00:00:00+00:00 [running]> on host 500dc4ac3a72
[2025-06-18 15:03:55,609] {taskinstance.py:1257} INFO - Exporting the following env vars:
AIRFLOW_CTX_DAG_OWNER=my_name
AIRFLOW_CTX_DAG_ID=first_dag
AIRFLOW_CTX_TASK_ID=first_task
AIRFLOW_CTX_EXECUTION_DATE=2023-02-20T00:00:00+00:00
AIRFLOW_CTX_DAG_RUN_ID=scheduled__2023-02-20T00:00:00+00:00
[2025-06-18 15:03:55,609] {bash.py:135} INFO - Tmp dir root location: 
 /tmp
[2025-06-18 15:03:55,611] {bash.py:158} INFO - Running command: echo "this is my first task and I will run first! "
[2025-06-18 15:03:55,642] {bash.py:169} INFO - Output:
[2025-06-18 15:03:55,646] {bash.py:173} INFO - this is my first task and I will run first!
[2025-06-18 15:03:55,647] {bash.py:177} INFO - Command exited with return code 0
[2025-06-18 15:03:55,726] {taskinstance.py:1166} INFO - Marking task as SUCCESS. dag_id=first_dag, task_id=first_task, execution_date=20230220T000000, start_date=20250618T150355, end_date=20250618T150355
[2025-06-18 15:03:55,836] {taskinstance.py:1220} INFO - 2 downstream tasks scheduled from follow-on schedule check
[2025-06-18 15:03:55,863] {local_task_job.py:146} INFO - Task exited with return code 0
