[2025-06-18 15:08:34,197] {taskinstance.py:851} INFO - Dependencies all met for <TaskInstance: first_dag.second_task 2024-11-13T00:00:00+00:00 [queued]>
[2025-06-18 15:08:34,275] {taskinstance.py:851} INFO - Dependencies all met for <TaskInstance: first_dag.second_task 2024-11-13T00:00:00+00:00 [queued]>
[2025-06-18 15:08:34,275] {taskinstance.py:1042} INFO - 
--------------------------------------------------------------------------------
[2025-06-18 15:08:34,275] {taskinstance.py:1043} INFO - Starting attempt 1 of 6
[2025-06-18 15:08:34,278] {taskinstance.py:1044} INFO - 
--------------------------------------------------------------------------------
[2025-06-18 15:08:34,353] {taskinstance.py:1063} INFO - Executing <Task(BashOperator): second_task> on 2024-11-13T00:00:00+00:00
[2025-06-18 15:08:34,365] {standard_task_runner.py:52} INFO - Started process 15045 to run task
[2025-06-18 15:08:34,395] {standard_task_runner.py:76} INFO - Running: ['airflow', 'tasks', 'run', 'first_dag', 'second_task', '2024-11-13T00:00:00+00:00', '--job-id', '13269', '--pool', 'default_pool', '--raw', '--subdir', 'DAGS_FOLDER/first_dag.py', '--cfg-path', '/tmp/tmpzn6ywg9d', '--error-file', '/tmp/tmpsl10gy45']
[2025-06-18 15:08:34,415] {standard_task_runner.py:77} INFO - Job 13269: Subtask second_task
[2025-06-18 15:08:34,624] {logging_mixin.py:104} INFO - Running <TaskInstance: first_dag.second_task 2024-11-13T00:00:00+00:00 [running]> on host 500dc4ac3a72
[2025-06-18 15:08:34,971] {taskinstance.py:1257} INFO - Exporting the following env vars:
AIRFLOW_CTX_DAG_OWNER=my_name
AIRFLOW_CTX_DAG_ID=first_dag
AIRFLOW_CTX_TASK_ID=second_task
AIRFLOW_CTX_EXECUTION_DATE=2024-11-13T00:00:00+00:00
AIRFLOW_CTX_DAG_RUN_ID=scheduled__2024-11-13T00:00:00+00:00
[2025-06-18 15:08:34,972] {bash.py:135} INFO - Tmp dir root location: 
 /tmp
[2025-06-18 15:08:34,974] {bash.py:158} INFO - Running command: echo "this is sencond task "
[2025-06-18 15:08:35,003] {bash.py:169} INFO - Output:
[2025-06-18 15:08:35,014] {bash.py:173} INFO - this is sencond task
[2025-06-18 15:08:35,015] {bash.py:177} INFO - Command exited with return code 0
[2025-06-18 15:08:35,205] {taskinstance.py:1166} INFO - Marking task as SUCCESS. dag_id=first_dag, task_id=second_task, execution_date=20241113T000000, start_date=20250618T150834, end_date=20250618T150835
[2025-06-18 15:08:35,467] {taskinstance.py:1220} INFO - 0 downstream tasks scheduled from follow-on schedule check
[2025-06-18 15:08:35,488] {local_task_job.py:146} INFO - Task exited with return code 0
