[2025-06-17 15:45:50,461] {taskinstance.py:851} INFO - Dependencies all met for <TaskInstance: our_first_dag_v5.first_task 2021-10-15T00:00:00+00:00 [queued]>
[2025-06-17 15:45:50,506] {taskinstance.py:851} INFO - Dependencies all met for <TaskInstance: our_first_dag_v5.first_task 2021-10-15T00:00:00+00:00 [queued]>
[2025-06-17 15:45:50,508] {taskinstance.py:1042} INFO - 
--------------------------------------------------------------------------------
[2025-06-17 15:45:50,509] {taskinstance.py:1043} INFO - Starting attempt 1 of 6
[2025-06-17 15:45:50,509] {taskinstance.py:1044} INFO - 
--------------------------------------------------------------------------------
[2025-06-17 15:45:50,593] {taskinstance.py:1063} INFO - Executing <Task(BashOperator): first_task> on 2021-10-15T00:00:00+00:00
[2025-06-17 15:45:50,626] {standard_task_runner.py:76} INFO - Running: ['airflow', 'tasks', 'run', 'our_first_dag_v5', 'first_task', '2021-10-15T00:00:00+00:00', '--job-id', '468', '--pool', 'default_pool', '--raw', '--subdir', 'DAGS_FOLDER/first_dag.py', '--cfg-path', '/tmp/tmph06_ko9l', '--error-file', '/tmp/tmp8rapl55z']
[2025-06-17 15:45:50,642] {standard_task_runner.py:77} INFO - Job 468: Subtask first_task
[2025-06-17 15:45:50,628] {standard_task_runner.py:52} INFO - Started process 1504 to run task
[2025-06-17 15:45:51,022] {logging_mixin.py:104} INFO - Running <TaskInstance: our_first_dag_v5.first_task 2021-10-15T00:00:00+00:00 [running]> on host 4f8b76136637
[2025-06-17 15:45:51,454] {taskinstance.py:1257} INFO - Exporting the following env vars:
AIRFLOW_CTX_DAG_OWNER=coder2j
AIRFLOW_CTX_DAG_ID=our_first_dag_v5
AIRFLOW_CTX_TASK_ID=first_task
AIRFLOW_CTX_EXECUTION_DATE=2021-10-15T00:00:00+00:00
AIRFLOW_CTX_DAG_RUN_ID=scheduled__2021-10-15T00:00:00+00:00
[2025-06-17 15:45:51,464] {bash.py:135} INFO - Tmp dir root location: 
 /tmp
[2025-06-17 15:45:51,467] {bash.py:158} INFO - Running command: echo hello world, this is the first task!
[2025-06-17 15:45:51,490] {bash.py:169} INFO - Output:
[2025-06-17 15:45:51,497] {bash.py:173} INFO - hello world, this is the first task!
[2025-06-17 15:45:51,498] {bash.py:177} INFO - Command exited with return code 0
[2025-06-17 15:45:51,685] {taskinstance.py:1166} INFO - Marking task as SUCCESS. dag_id=our_first_dag_v5, task_id=first_task, execution_date=20211015T000000, start_date=20250617T154550, end_date=20250617T154551
[2025-06-17 15:45:51,945] {taskinstance.py:1220} INFO - 2 downstream tasks scheduled from follow-on schedule check
[2025-06-17 15:45:52,041] {local_task_job.py:146} INFO - Task exited with return code 0
