[2025-06-18 15:09:49,485] {taskinstance.py:851} INFO - Dependencies all met for <TaskInstance: first_dag.second_task 2025-05-16T00:00:00+00:00 [queued]>
[2025-06-18 15:09:49,542] {taskinstance.py:851} INFO - Dependencies all met for <TaskInstance: first_dag.second_task 2025-05-16T00:00:00+00:00 [queued]>
[2025-06-18 15:09:49,550] {taskinstance.py:1042} INFO - 
--------------------------------------------------------------------------------
[2025-06-18 15:09:49,550] {taskinstance.py:1043} INFO - Starting attempt 1 of 6
[2025-06-18 15:09:49,550] {taskinstance.py:1044} INFO - 
--------------------------------------------------------------------------------
[2025-06-18 15:09:49,687] {taskinstance.py:1063} INFO - Executing <Task(BashOperator): second_task> on 2025-05-16T00:00:00+00:00
[2025-06-18 15:09:49,700] {standard_task_runner.py:52} INFO - Started process 16874 to run task
[2025-06-18 15:09:49,719] {standard_task_runner.py:76} INFO - Running: ['airflow', 'tasks', 'run', 'first_dag', 'second_task', '2025-05-16T00:00:00+00:00', '--job-id', '13821', '--pool', 'default_pool', '--raw', '--subdir', 'DAGS_FOLDER/first_dag.py', '--cfg-path', '/tmp/tmpq56w406t', '--error-file', '/tmp/tmpk1kz44r4']
[2025-06-18 15:09:49,727] {standard_task_runner.py:77} INFO - Job 13821: Subtask second_task
[2025-06-18 15:09:49,939] {logging_mixin.py:104} INFO - Running <TaskInstance: first_dag.second_task 2025-05-16T00:00:00+00:00 [running]> on host 500dc4ac3a72
[2025-06-18 15:09:50,189] {taskinstance.py:1257} INFO - Exporting the following env vars:
AIRFLOW_CTX_DAG_OWNER=my_name
AIRFLOW_CTX_DAG_ID=first_dag
AIRFLOW_CTX_TASK_ID=second_task
AIRFLOW_CTX_EXECUTION_DATE=2025-05-16T00:00:00+00:00
AIRFLOW_CTX_DAG_RUN_ID=scheduled__2025-05-16T00:00:00+00:00
[2025-06-18 15:09:50,190] {bash.py:135} INFO - Tmp dir root location: 
 /tmp
[2025-06-18 15:09:50,196] {bash.py:158} INFO - Running command: echo "this is sencond task "
[2025-06-18 15:09:50,227] {bash.py:169} INFO - Output:
[2025-06-18 15:09:50,230] {bash.py:173} INFO - this is sencond task
[2025-06-18 15:09:50,231] {bash.py:177} INFO - Command exited with return code 0
[2025-06-18 15:09:50,340] {taskinstance.py:1166} INFO - Marking task as SUCCESS. dag_id=first_dag, task_id=second_task, execution_date=20250516T000000, start_date=20250618T150949, end_date=20250618T150950
[2025-06-18 15:09:50,506] {taskinstance.py:1220} INFO - 0 downstream tasks scheduled from follow-on schedule check
[2025-06-18 15:09:50,546] {local_task_job.py:146} INFO - Task exited with return code 0
