[2025-06-17 15:48:31,862] {taskinstance.py:851} INFO - Dependencies all met for <TaskInstance: dag_with_taskflow_api_v02.get_age 2022-06-30T00:00:00+00:00 [queued]>
[2025-06-17 15:48:31,892] {taskinstance.py:851} INFO - Dependencies all met for <TaskInstance: dag_with_taskflow_api_v02.get_age 2022-06-30T00:00:00+00:00 [queued]>
[2025-06-17 15:48:31,892] {taskinstance.py:1042} INFO - 
--------------------------------------------------------------------------------
[2025-06-17 15:48:31,892] {taskinstance.py:1043} INFO - Starting attempt 1 of 6
[2025-06-17 15:48:31,892] {taskinstance.py:1044} INFO - 
--------------------------------------------------------------------------------
[2025-06-17 15:48:31,986] {taskinstance.py:1063} INFO - Executing <Task(_PythonDecoratedOperator): get_age> on 2022-06-30T00:00:00+00:00
[2025-06-17 15:48:32,018] {standard_task_runner.py:52} INFO - Started process 4168 to run task
[2025-06-17 15:48:32,033] {standard_task_runner.py:76} INFO - Running: ['airflow', 'tasks', 'run', 'dag_with_taskflow_api_v02', 'get_age', '2022-06-30T00:00:00+00:00', '--job-id', '1474', '--pool', 'default_pool', '--raw', '--subdir', 'DAGS_FOLDER/taskflow.py', '--cfg-path', '/tmp/tmpf2bb5934', '--error-file', '/tmp/tmpytmb9uve']
[2025-06-17 15:48:32,043] {standard_task_runner.py:77} INFO - Job 1474: Subtask get_age
[2025-06-17 15:48:32,281] {logging_mixin.py:104} INFO - Running <TaskInstance: dag_with_taskflow_api_v02.get_age 2022-06-30T00:00:00+00:00 [running]> on host 4f8b76136637
[2025-06-17 15:48:32,509] {taskinstance.py:1257} INFO - Exporting the following env vars:
AIRFLOW_CTX_DAG_OWNER=coder2j
AIRFLOW_CTX_DAG_ID=dag_with_taskflow_api_v02
AIRFLOW_CTX_TASK_ID=get_age
AIRFLOW_CTX_EXECUTION_DATE=2022-06-30T00:00:00+00:00
AIRFLOW_CTX_DAG_RUN_ID=scheduled__2022-06-30T00:00:00+00:00
[2025-06-17 15:48:32,782] {taskinstance.py:1166} INFO - Marking task as SUCCESS. dag_id=dag_with_taskflow_api_v02, task_id=get_age, execution_date=20220630T000000, start_date=20250617T154831, end_date=20250617T154832
[2025-06-17 15:48:33,489] {taskinstance.py:1220} INFO - 0 downstream tasks scheduled from follow-on schedule check
[2025-06-17 15:48:33,559] {local_task_job.py:146} INFO - Task exited with return code 0
