[2025-06-18 15:08:03,586] {taskinstance.py:851} INFO - Dependencies all met for <TaskInstance: first_dag.first_task 2024-09-10T00:00:00+00:00 [queued]>
[2025-06-18 15:08:03,611] {taskinstance.py:851} INFO - Dependencies all met for <TaskInstance: first_dag.first_task 2024-09-10T00:00:00+00:00 [queued]>
[2025-06-18 15:08:03,612] {taskinstance.py:1042} INFO - 
--------------------------------------------------------------------------------
[2025-06-18 15:08:03,612] {taskinstance.py:1043} INFO - Starting attempt 1 of 6
[2025-06-18 15:08:03,612] {taskinstance.py:1044} INFO - 
--------------------------------------------------------------------------------
[2025-06-18 15:08:03,667] {taskinstance.py:1063} INFO - Executing <Task(BashOperator): first_task> on 2024-09-10T00:00:00+00:00
[2025-06-18 15:08:03,680] {standard_task_runner.py:52} INFO - Started process 14358 to run task
[2025-06-18 15:08:03,698] {standard_task_runner.py:76} INFO - Running: ['airflow', 'tasks', 'run', 'first_dag', 'first_task', '2024-09-10T00:00:00+00:00', '--job-id', '13064', '--pool', 'default_pool', '--raw', '--subdir', 'DAGS_FOLDER/first_dag.py', '--cfg-path', '/tmp/tmpbbxku52j', '--error-file', '/tmp/tmpd03p4g9p']
[2025-06-18 15:08:03,707] {standard_task_runner.py:77} INFO - Job 13064: Subtask first_task
[2025-06-18 15:08:03,855] {logging_mixin.py:104} INFO - Running <TaskInstance: first_dag.first_task 2024-09-10T00:00:00+00:00 [running]> on host 500dc4ac3a72
[2025-06-18 15:08:04,002] {taskinstance.py:1257} INFO - Exporting the following env vars:
AIRFLOW_CTX_DAG_OWNER=my_name
AIRFLOW_CTX_DAG_ID=first_dag
AIRFLOW_CTX_TASK_ID=first_task
AIRFLOW_CTX_EXECUTION_DATE=2024-09-10T00:00:00+00:00
AIRFLOW_CTX_DAG_RUN_ID=scheduled__2024-09-10T00:00:00+00:00
[2025-06-18 15:08:04,003] {bash.py:135} INFO - Tmp dir root location: 
 /tmp
[2025-06-18 15:08:04,006] {bash.py:158} INFO - Running command: echo "this is my first task and I will run first! "
[2025-06-18 15:08:04,039] {bash.py:169} INFO - Output:
[2025-06-18 15:08:04,039] {bash.py:173} INFO - this is my first task and I will run first!
[2025-06-18 15:08:04,041] {bash.py:177} INFO - Command exited with return code 0
[2025-06-18 15:08:04,189] {taskinstance.py:1166} INFO - Marking task as SUCCESS. dag_id=first_dag, task_id=first_task, execution_date=20240910T000000, start_date=20250618T150803, end_date=20250618T150804
[2025-06-18 15:08:04,502] {taskinstance.py:1220} INFO - 2 downstream tasks scheduled from follow-on schedule check
[2025-06-18 15:08:04,589] {local_task_job.py:146} INFO - Task exited with return code 0
