[2025-06-17 15:48:45,445] {taskinstance.py:851} INFO - Dependencies all met for <TaskInstance: dag_with_taskflow_api_v02.get_age 2022-07-16T00:00:00+00:00 [queued]>
[2025-06-17 15:48:45,508] {taskinstance.py:851} INFO - Dependencies all met for <TaskInstance: dag_with_taskflow_api_v02.get_age 2022-07-16T00:00:00+00:00 [queued]>
[2025-06-17 15:48:45,509] {taskinstance.py:1042} INFO - 
--------------------------------------------------------------------------------
[2025-06-17 15:48:45,509] {taskinstance.py:1043} INFO - Starting attempt 1 of 6
[2025-06-17 15:48:45,509] {taskinstance.py:1044} INFO - 
--------------------------------------------------------------------------------
[2025-06-17 15:48:45,614] {taskinstance.py:1063} INFO - Executing <Task(_PythonDecoratedOperator): get_age> on 2022-07-16T00:00:00+00:00
[2025-06-17 15:48:45,627] {standard_task_runner.py:52} INFO - Started process 4393 to run task
[2025-06-17 15:48:45,667] {standard_task_runner.py:76} INFO - Running: ['airflow', 'tasks', 'run', 'dag_with_taskflow_api_v02', 'get_age', '2022-07-16T00:00:00+00:00', '--job-id', '1558', '--pool', 'default_pool', '--raw', '--subdir', 'DAGS_FOLDER/taskflow.py', '--cfg-path', '/tmp/tmpn5gxyycp', '--error-file', '/tmp/tmplz46bf7y']
[2025-06-17 15:48:45,701] {standard_task_runner.py:77} INFO - Job 1558: Subtask get_age
[2025-06-17 15:48:45,952] {logging_mixin.py:104} INFO - Running <TaskInstance: dag_with_taskflow_api_v02.get_age 2022-07-16T00:00:00+00:00 [running]> on host 4f8b76136637
[2025-06-17 15:48:46,259] {taskinstance.py:1257} INFO - Exporting the following env vars:
AIRFLOW_CTX_DAG_OWNER=coder2j
AIRFLOW_CTX_DAG_ID=dag_with_taskflow_api_v02
AIRFLOW_CTX_TASK_ID=get_age
AIRFLOW_CTX_EXECUTION_DATE=2022-07-16T00:00:00+00:00
AIRFLOW_CTX_DAG_RUN_ID=scheduled__2022-07-16T00:00:00+00:00
[2025-06-17 15:48:46,500] {taskinstance.py:1166} INFO - Marking task as SUCCESS. dag_id=dag_with_taskflow_api_v02, task_id=get_age, execution_date=20220716T000000, start_date=20250617T154845, end_date=20250617T154846
[2025-06-17 15:48:47,069] {taskinstance.py:1220} INFO - 0 downstream tasks scheduled from follow-on schedule check
[2025-06-17 15:48:47,113] {local_task_job.py:146} INFO - Task exited with return code 0
