[2025-06-18 15:06:09,237] {taskinstance.py:851} INFO - Dependencies all met for <TaskInstance: first_dag.first_task 2023-12-15T00:00:00+00:00 [queued]>
[2025-06-18 15:06:09,267] {taskinstance.py:851} INFO - Dependencies all met for <TaskInstance: first_dag.first_task 2023-12-15T00:00:00+00:00 [queued]>
[2025-06-18 15:06:09,267] {taskinstance.py:1042} INFO - 
--------------------------------------------------------------------------------
[2025-06-18 15:06:09,268] {taskinstance.py:1043} INFO - Starting attempt 1 of 6
[2025-06-18 15:06:09,268] {taskinstance.py:1044} INFO - 
--------------------------------------------------------------------------------
[2025-06-18 15:06:09,318] {taskinstance.py:1063} INFO - Executing <Task(BashOperator): first_task> on 2023-12-15T00:00:00+00:00
[2025-06-18 15:06:09,330] {standard_task_runner.py:52} INFO - Started process 11644 to run task
[2025-06-18 15:06:09,341] {standard_task_runner.py:76} INFO - Running: ['airflow', 'tasks', 'run', 'first_dag', 'first_task', '2023-12-15T00:00:00+00:00', '--job-id', '12251', '--pool', 'default_pool', '--raw', '--subdir', 'DAGS_FOLDER/first_dag.py', '--cfg-path', '/tmp/tmp7k0_c8gl', '--error-file', '/tmp/tmpazsfi4_4']
[2025-06-18 15:06:09,348] {standard_task_runner.py:77} INFO - Job 12251: Subtask first_task
[2025-06-18 15:06:09,554] {logging_mixin.py:104} INFO - Running <TaskInstance: first_dag.first_task 2023-12-15T00:00:00+00:00 [running]> on host 500dc4ac3a72
[2025-06-18 15:06:09,729] {taskinstance.py:1257} INFO - Exporting the following env vars:
AIRFLOW_CTX_DAG_OWNER=my_name
AIRFLOW_CTX_DAG_ID=first_dag
AIRFLOW_CTX_TASK_ID=first_task
AIRFLOW_CTX_EXECUTION_DATE=2023-12-15T00:00:00+00:00
AIRFLOW_CTX_DAG_RUN_ID=scheduled__2023-12-15T00:00:00+00:00
[2025-06-18 15:06:09,731] {bash.py:135} INFO - Tmp dir root location: 
 /tmp
[2025-06-18 15:06:09,740] {bash.py:158} INFO - Running command: echo "this is my first task and I will run first! "
[2025-06-18 15:06:09,778] {bash.py:169} INFO - Output:
[2025-06-18 15:06:09,780] {bash.py:173} INFO - this is my first task and I will run first!
[2025-06-18 15:06:09,781] {bash.py:177} INFO - Command exited with return code 0
[2025-06-18 15:06:09,959] {taskinstance.py:1166} INFO - Marking task as SUCCESS. dag_id=first_dag, task_id=first_task, execution_date=20231215T000000, start_date=20250618T150609, end_date=20250618T150609
[2025-06-18 15:06:10,266] {taskinstance.py:1220} INFO - 2 downstream tasks scheduled from follow-on schedule check
[2025-06-18 15:06:10,319] {local_task_job.py:146} INFO - Task exited with return code 0
