[2025-06-18 15:08:13,018] {taskinstance.py:851} INFO - Dependencies all met for <TaskInstance: first_dag.third_task 2024-09-25T00:00:00+00:00 [queued]>
[2025-06-18 15:08:13,058] {taskinstance.py:851} INFO - Dependencies all met for <TaskInstance: first_dag.third_task 2024-09-25T00:00:00+00:00 [queued]>
[2025-06-18 15:08:13,059] {taskinstance.py:1042} INFO - 
--------------------------------------------------------------------------------
[2025-06-18 15:08:13,060] {taskinstance.py:1043} INFO - Starting attempt 1 of 6
[2025-06-18 15:08:13,060] {taskinstance.py:1044} INFO - 
--------------------------------------------------------------------------------
[2025-06-18 15:08:13,111] {taskinstance.py:1063} INFO - Executing <Task(BashOperator): third_task> on 2024-09-25T00:00:00+00:00
[2025-06-18 15:08:13,134] {standard_task_runner.py:52} INFO - Started process 14551 to run task
[2025-06-18 15:08:13,143] {standard_task_runner.py:76} INFO - Running: ['airflow', 'tasks', 'run', 'first_dag', 'third_task', '2024-09-25T00:00:00+00:00', '--job-id', '13121', '--pool', 'default_pool', '--raw', '--subdir', 'DAGS_FOLDER/first_dag.py', '--cfg-path', '/tmp/tmp8zik0nad', '--error-file', '/tmp/tmp6ng50lxt']
[2025-06-18 15:08:13,148] {standard_task_runner.py:77} INFO - Job 13121: Subtask third_task
[2025-06-18 15:08:13,276] {logging_mixin.py:104} INFO - Running <TaskInstance: first_dag.third_task 2024-09-25T00:00:00+00:00 [running]> on host 500dc4ac3a72
[2025-06-18 15:08:13,502] {taskinstance.py:1257} INFO - Exporting the following env vars:
AIRFLOW_CTX_DAG_OWNER=my_name
AIRFLOW_CTX_DAG_ID=first_dag
AIRFLOW_CTX_TASK_ID=third_task
AIRFLOW_CTX_EXECUTION_DATE=2024-09-25T00:00:00+00:00
AIRFLOW_CTX_DAG_RUN_ID=scheduled__2024-09-25T00:00:00+00:00
[2025-06-18 15:08:13,503] {bash.py:135} INFO - Tmp dir root location: 
 /tmp
[2025-06-18 15:08:13,517] {bash.py:158} INFO - Running command: echo "this is third task "
[2025-06-18 15:08:13,547] {bash.py:169} INFO - Output:
[2025-06-18 15:08:13,550] {bash.py:173} INFO - this is third task
[2025-06-18 15:08:13,551] {bash.py:177} INFO - Command exited with return code 0
[2025-06-18 15:08:13,668] {taskinstance.py:1166} INFO - Marking task as SUCCESS. dag_id=first_dag, task_id=third_task, execution_date=20240925T000000, start_date=20250618T150813, end_date=20250618T150813
[2025-06-18 15:08:13,830] {taskinstance.py:1220} INFO - 0 downstream tasks scheduled from follow-on schedule check
[2025-06-18 15:08:13,874] {local_task_job.py:146} INFO - Task exited with return code 0
