[2025-06-17 15:47:47,834] {taskinstance.py:851} INFO - Dependencies all met for <TaskInstance: dag_with_taskflow_api_v02.get_name 2022-05-17T00:00:00+00:00 [queued]>
[2025-06-17 15:47:47,897] {taskinstance.py:851} INFO - Dependencies all met for <TaskInstance: dag_with_taskflow_api_v02.get_name 2022-05-17T00:00:00+00:00 [queued]>
[2025-06-17 15:47:47,897] {taskinstance.py:1042} INFO - 
--------------------------------------------------------------------------------
[2025-06-17 15:47:47,897] {taskinstance.py:1043} INFO - Starting attempt 1 of 6
[2025-06-17 15:47:47,897] {taskinstance.py:1044} INFO - 
--------------------------------------------------------------------------------
[2025-06-17 15:47:48,050] {taskinstance.py:1063} INFO - Executing <Task(_PythonDecoratedOperator): get_name> on 2022-05-17T00:00:00+00:00
[2025-06-17 15:47:48,067] {standard_task_runner.py:52} INFO - Started process 3464 to run task
[2025-06-17 15:47:48,103] {standard_task_runner.py:76} INFO - Running: ['airflow', 'tasks', 'run', 'dag_with_taskflow_api_v02', 'get_name', '2022-05-17T00:00:00+00:00', '--job-id', '1206', '--pool', 'default_pool', '--raw', '--subdir', 'DAGS_FOLDER/taskflow.py', '--cfg-path', '/tmp/tmphstal076', '--error-file', '/tmp/tmp5ho1srmo']
[2025-06-17 15:47:48,141] {standard_task_runner.py:77} INFO - Job 1206: Subtask get_name
[2025-06-17 15:47:48,523] {logging_mixin.py:104} INFO - Running <TaskInstance: dag_with_taskflow_api_v02.get_name 2022-05-17T00:00:00+00:00 [running]> on host 4f8b76136637
[2025-06-17 15:47:48,894] {taskinstance.py:1257} INFO - Exporting the following env vars:
AIRFLOW_CTX_DAG_OWNER=coder2j
AIRFLOW_CTX_DAG_ID=dag_with_taskflow_api_v02
AIRFLOW_CTX_TASK_ID=get_name
AIRFLOW_CTX_EXECUTION_DATE=2022-05-17T00:00:00+00:00
AIRFLOW_CTX_DAG_RUN_ID=scheduled__2022-05-17T00:00:00+00:00
[2025-06-17 15:47:49,498] {taskinstance.py:1166} INFO - Marking task as SUCCESS. dag_id=dag_with_taskflow_api_v02, task_id=get_name, execution_date=20220517T000000, start_date=20250617T154747, end_date=20250617T154749
[2025-06-17 15:47:50,204] {taskinstance.py:1220} INFO - 0 downstream tasks scheduled from follow-on schedule check
[2025-06-17 15:47:50,264] {local_task_job.py:146} INFO - Task exited with return code 0
