[2025-06-17 16:04:07,367] {taskinstance.py:851} INFO - Dependencies all met for <TaskInstance: dag_with_taskflow_api_v02.get_age 2024-10-15T00:00:00+00:00 [queued]>
[2025-06-17 16:04:07,469] {taskinstance.py:851} INFO - Dependencies all met for <TaskInstance: dag_with_taskflow_api_v02.get_age 2024-10-15T00:00:00+00:00 [queued]>
[2025-06-17 16:04:07,470] {taskinstance.py:1042} INFO - 
--------------------------------------------------------------------------------
[2025-06-17 16:04:07,470] {taskinstance.py:1043} INFO - Starting attempt 1 of 6
[2025-06-17 16:04:07,470] {taskinstance.py:1044} INFO - 
--------------------------------------------------------------------------------
[2025-06-17 16:04:07,509] {taskinstance.py:1063} INFO - Executing <Task(_PythonDecoratedOperator): get_age> on 2024-10-15T00:00:00+00:00
[2025-06-17 16:04:07,529] {standard_task_runner.py:52} INFO - Started process 12927 to run task
[2025-06-17 16:04:07,536] {standard_task_runner.py:76} INFO - Running: ['airflow', 'tasks', 'run', 'dag_with_taskflow_api_v02', 'get_age', '2024-10-15T00:00:00+00:00', '--job-id', '6500', '--pool', 'default_pool', '--raw', '--subdir', 'DAGS_FOLDER/taskflow.py', '--cfg-path', '/tmp/tmpo8l45php', '--error-file', '/tmp/tmpuq8l7won']
[2025-06-17 16:04:07,562] {standard_task_runner.py:77} INFO - Job 6500: Subtask get_age
[2025-06-17 16:04:07,775] {logging_mixin.py:104} INFO - Running <TaskInstance: dag_with_taskflow_api_v02.get_age 2024-10-15T00:00:00+00:00 [running]> on host 4f8b76136637
[2025-06-17 16:04:08,046] {taskinstance.py:1257} INFO - Exporting the following env vars:
AIRFLOW_CTX_DAG_OWNER=coder2j
AIRFLOW_CTX_DAG_ID=dag_with_taskflow_api_v02
AIRFLOW_CTX_TASK_ID=get_age
AIRFLOW_CTX_EXECUTION_DATE=2024-10-15T00:00:00+00:00
AIRFLOW_CTX_DAG_RUN_ID=scheduled__2024-10-15T00:00:00+00:00
[2025-06-17 16:04:08,208] {taskinstance.py:1166} INFO - Marking task as SUCCESS. dag_id=dag_with_taskflow_api_v02, task_id=get_age, execution_date=20241015T000000, start_date=20250617T160407, end_date=20250617T160408
[2025-06-17 16:04:08,622] {taskinstance.py:1220} INFO - 0 downstream tasks scheduled from follow-on schedule check
[2025-06-17 16:04:08,668] {local_task_job.py:146} INFO - Task exited with return code 0
