[2025-06-17 15:48:38,431] {taskinstance.py:851} INFO - Dependencies all met for <TaskInstance: our_first_dag_v5.second_task 2022-04-04T00:00:00+00:00 [queued]>
[2025-06-17 15:48:38,516] {taskinstance.py:851} INFO - Dependencies all met for <TaskInstance: our_first_dag_v5.second_task 2022-04-04T00:00:00+00:00 [queued]>
[2025-06-17 15:48:38,517] {taskinstance.py:1042} INFO - 
--------------------------------------------------------------------------------
[2025-06-17 15:48:38,517] {taskinstance.py:1043} INFO - Starting attempt 1 of 6
[2025-06-17 15:48:38,517] {taskinstance.py:1044} INFO - 
--------------------------------------------------------------------------------
[2025-06-17 15:48:38,564] {taskinstance.py:1063} INFO - Executing <Task(BashOperator): second_task> on 2022-04-04T00:00:00+00:00
[2025-06-17 15:48:38,583] {standard_task_runner.py:52} INFO - Started process 4268 to run task
[2025-06-17 15:48:38,592] {standard_task_runner.py:76} INFO - Running: ['airflow', 'tasks', 'run', 'our_first_dag_v5', 'second_task', '2022-04-04T00:00:00+00:00', '--job-id', '1510', '--pool', 'default_pool', '--raw', '--subdir', 'DAGS_FOLDER/first_dag.py', '--cfg-path', '/tmp/tmpcjxzl137', '--error-file', '/tmp/tmpy0ipe6t_']
[2025-06-17 15:48:38,606] {standard_task_runner.py:77} INFO - Job 1510: Subtask second_task
[2025-06-17 15:48:38,884] {logging_mixin.py:104} INFO - Running <TaskInstance: our_first_dag_v5.second_task 2022-04-04T00:00:00+00:00 [running]> on host 4f8b76136637
[2025-06-17 15:48:39,180] {taskinstance.py:1257} INFO - Exporting the following env vars:
AIRFLOW_CTX_DAG_OWNER=coder2j
AIRFLOW_CTX_DAG_ID=our_first_dag_v5
AIRFLOW_CTX_TASK_ID=second_task
AIRFLOW_CTX_EXECUTION_DATE=2022-04-04T00:00:00+00:00
AIRFLOW_CTX_DAG_RUN_ID=scheduled__2022-04-04T00:00:00+00:00
[2025-06-17 15:48:39,187] {bash.py:135} INFO - Tmp dir root location: 
 /tmp
[2025-06-17 15:48:39,189] {bash.py:158} INFO - Running command: echo hey, I am task2 and will be running after task1!
[2025-06-17 15:48:39,210] {bash.py:169} INFO - Output:
[2025-06-17 15:48:39,219] {bash.py:173} INFO - hey, I am task2 and will be running after task1!
[2025-06-17 15:48:39,220] {bash.py:177} INFO - Command exited with return code 0
[2025-06-17 15:48:39,345] {taskinstance.py:1166} INFO - Marking task as SUCCESS. dag_id=our_first_dag_v5, task_id=second_task, execution_date=20220404T000000, start_date=20250617T154838, end_date=20250617T154839
[2025-06-17 15:48:39,612] {taskinstance.py:1220} INFO - 0 downstream tasks scheduled from follow-on schedule check
[2025-06-17 15:48:39,672] {local_task_job.py:146} INFO - Task exited with return code 0
