[2025-06-17 15:55:27,458] {taskinstance.py:851} INFO - Dependencies all met for <TaskInstance: dag_with_taskflow_api_v02.greet 2023-06-03T00:00:00+00:00 [queued]>
[2025-06-17 15:55:27,613] {taskinstance.py:851} INFO - Dependencies all met for <TaskInstance: dag_with_taskflow_api_v02.greet 2023-06-03T00:00:00+00:00 [queued]>
[2025-06-17 15:55:27,617] {taskinstance.py:1042} INFO - 
--------------------------------------------------------------------------------
[2025-06-17 15:55:27,620] {taskinstance.py:1043} INFO - Starting attempt 1 of 6
[2025-06-17 15:55:27,623] {taskinstance.py:1044} INFO - 
--------------------------------------------------------------------------------
[2025-06-17 15:55:27,731] {taskinstance.py:1063} INFO - Executing <Task(_PythonDecoratedOperator): greet> on 2023-06-03T00:00:00+00:00
[2025-06-17 15:55:27,753] {standard_task_runner.py:52} INFO - Started process 4998 to run task
[2025-06-17 15:55:27,787] {standard_task_runner.py:76} INFO - Running: ['airflow', 'tasks', 'run', 'dag_with_taskflow_api_v02', 'greet', '2023-06-03T00:00:00+00:00', '--job-id', '3517', '--pool', 'default_pool', '--raw', '--subdir', 'DAGS_FOLDER/taskflow.py', '--cfg-path', '/tmp/tmptsefud_s', '--error-file', '/tmp/tmp9jvnvg8c']
[2025-06-17 15:55:27,800] {standard_task_runner.py:77} INFO - Job 3517: Subtask greet
[2025-06-17 15:55:28,232] {logging_mixin.py:104} INFO - Running <TaskInstance: dag_with_taskflow_api_v02.greet 2023-06-03T00:00:00+00:00 [running]> on host 4f8b76136637
[2025-06-17 15:55:28,804] {taskinstance.py:1257} INFO - Exporting the following env vars:
AIRFLOW_CTX_DAG_OWNER=coder2j
AIRFLOW_CTX_DAG_ID=dag_with_taskflow_api_v02
AIRFLOW_CTX_TASK_ID=greet
AIRFLOW_CTX_EXECUTION_DATE=2023-06-03T00:00:00+00:00
AIRFLOW_CTX_DAG_RUN_ID=scheduled__2023-06-03T00:00:00+00:00
[2025-06-17 15:55:28,806] {logging_mixin.py:104} INFO - Hello World! My name is Jerry Fridman and I am 19 years old!
[2025-06-17 15:55:28,964] {taskinstance.py:1166} INFO - Marking task as SUCCESS. dag_id=dag_with_taskflow_api_v02, task_id=greet, execution_date=20230603T000000, start_date=20250617T155527, end_date=20250617T155528
[2025-06-17 15:55:29,337] {taskinstance.py:1220} INFO - 0 downstream tasks scheduled from follow-on schedule check
[2025-06-17 15:55:29,425] {local_task_job.py:146} INFO - Task exited with return code 0
