[2025-06-18 15:08:00,991] {taskinstance.py:851} INFO - Dependencies all met for <TaskInstance: first_dag.second_task 2024-08-31T00:00:00+00:00 [queued]>
[2025-06-18 15:08:01,048] {taskinstance.py:851} INFO - Dependencies all met for <TaskInstance: first_dag.second_task 2024-08-31T00:00:00+00:00 [queued]>
[2025-06-18 15:08:01,054] {taskinstance.py:1042} INFO - 
--------------------------------------------------------------------------------
[2025-06-18 15:08:01,054] {taskinstance.py:1043} INFO - Starting attempt 1 of 6
[2025-06-18 15:08:01,055] {taskinstance.py:1044} INFO - 
--------------------------------------------------------------------------------
[2025-06-18 15:08:01,115] {taskinstance.py:1063} INFO - Executing <Task(BashOperator): second_task> on 2024-08-31T00:00:00+00:00
[2025-06-18 15:08:01,137] {standard_task_runner.py:52} INFO - Started process 14285 to run task
[2025-06-18 15:08:01,166] {standard_task_runner.py:76} INFO - Running: ['airflow', 'tasks', 'run', 'first_dag', 'second_task', '2024-08-31T00:00:00+00:00', '--job-id', '13047', '--pool', 'default_pool', '--raw', '--subdir', 'DAGS_FOLDER/first_dag.py', '--cfg-path', '/tmp/tmpheggul4q', '--error-file', '/tmp/tmpmkjd085g']
[2025-06-18 15:08:01,178] {standard_task_runner.py:77} INFO - Job 13047: Subtask second_task
[2025-06-18 15:08:01,353] {logging_mixin.py:104} INFO - Running <TaskInstance: first_dag.second_task 2024-08-31T00:00:00+00:00 [running]> on host 500dc4ac3a72
[2025-06-18 15:08:01,546] {taskinstance.py:1257} INFO - Exporting the following env vars:
AIRFLOW_CTX_DAG_OWNER=my_name
AIRFLOW_CTX_DAG_ID=first_dag
AIRFLOW_CTX_TASK_ID=second_task
AIRFLOW_CTX_EXECUTION_DATE=2024-08-31T00:00:00+00:00
AIRFLOW_CTX_DAG_RUN_ID=scheduled__2024-08-31T00:00:00+00:00
[2025-06-18 15:08:01,547] {bash.py:135} INFO - Tmp dir root location: 
 /tmp
[2025-06-18 15:08:01,558] {bash.py:158} INFO - Running command: echo "this is sencond task "
[2025-06-18 15:08:01,592] {bash.py:169} INFO - Output:
[2025-06-18 15:08:01,593] {bash.py:173} INFO - this is sencond task
[2025-06-18 15:08:01,594] {bash.py:177} INFO - Command exited with return code 0
[2025-06-18 15:08:01,767] {taskinstance.py:1166} INFO - Marking task as SUCCESS. dag_id=first_dag, task_id=second_task, execution_date=20240831T000000, start_date=20250618T150800, end_date=20250618T150801
[2025-06-18 15:08:02,126] {taskinstance.py:1220} INFO - 0 downstream tasks scheduled from follow-on schedule check
[2025-06-18 15:08:02,164] {local_task_job.py:146} INFO - Task exited with return code 0
