[2025-06-18 15:00:41,689] {taskinstance.py:851} INFO - Dependencies all met for <TaskInstance: first_dag.first_task 2021-11-25T00:00:00+00:00 [queued]>
[2025-06-18 15:00:41,740] {taskinstance.py:851} INFO - Dependencies all met for <TaskInstance: first_dag.first_task 2021-11-25T00:00:00+00:00 [queued]>
[2025-06-18 15:00:41,741] {taskinstance.py:1042} INFO - 
--------------------------------------------------------------------------------
[2025-06-18 15:00:41,741] {taskinstance.py:1043} INFO - Starting attempt 1 of 6
[2025-06-18 15:00:41,741] {taskinstance.py:1044} INFO - 
--------------------------------------------------------------------------------
[2025-06-18 15:00:41,785] {taskinstance.py:1063} INFO - Executing <Task(BashOperator): first_task> on 2021-11-25T00:00:00+00:00
[2025-06-18 15:00:41,802] {standard_task_runner.py:52} INFO - Started process 4124 to run task
[2025-06-18 15:00:41,825] {standard_task_runner.py:76} INFO - Running: ['airflow', 'tasks', 'run', 'first_dag', 'first_task', '2021-11-25T00:00:00+00:00', '--job-id', '10004', '--pool', 'default_pool', '--raw', '--subdir', 'DAGS_FOLDER/first_dag.py', '--cfg-path', '/tmp/tmps_paduuu', '--error-file', '/tmp/tmp3m6alntn']
[2025-06-18 15:00:41,833] {standard_task_runner.py:77} INFO - Job 10004: Subtask first_task
[2025-06-18 15:00:42,119] {logging_mixin.py:104} INFO - Running <TaskInstance: first_dag.first_task 2021-11-25T00:00:00+00:00 [running]> on host 500dc4ac3a72
[2025-06-18 15:00:42,370] {taskinstance.py:1257} INFO - Exporting the following env vars:
AIRFLOW_CTX_DAG_OWNER=coder2j
AIRFLOW_CTX_DAG_ID=first_dag
AIRFLOW_CTX_TASK_ID=first_task
AIRFLOW_CTX_EXECUTION_DATE=2021-11-25T00:00:00+00:00
AIRFLOW_CTX_DAG_RUN_ID=scheduled__2021-11-25T00:00:00+00:00
[2025-06-18 15:00:42,371] {bash.py:135} INFO - Tmp dir root location: 
 /tmp
[2025-06-18 15:00:42,373] {bash.py:158} INFO - Running command: echo "this is my first task and I will run first! "
[2025-06-18 15:00:42,422] {bash.py:169} INFO - Output:
[2025-06-18 15:00:42,424] {bash.py:173} INFO - this is my first task and I will run first!
[2025-06-18 15:00:42,425] {bash.py:177} INFO - Command exited with return code 0
[2025-06-18 15:00:42,692] {taskinstance.py:1166} INFO - Marking task as SUCCESS. dag_id=first_dag, task_id=first_task, execution_date=20211125T000000, start_date=20250618T150041, end_date=20250618T150042
[2025-06-18 15:00:43,082] {taskinstance.py:1220} INFO - 0 downstream tasks scheduled from follow-on schedule check
[2025-06-18 15:00:43,138] {local_task_job.py:146} INFO - Task exited with return code 0
