[2025-06-18 14:57:55,055] {taskinstance.py:851} INFO - Dependencies all met for <TaskInstance: first_dag.second_task 2021-08-06T00:00:00+00:00 [queued]>
[2025-06-18 14:57:55,127] {taskinstance.py:851} INFO - Dependencies all met for <TaskInstance: first_dag.second_task 2021-08-06T00:00:00+00:00 [queued]>
[2025-06-18 14:57:55,128] {taskinstance.py:1042} INFO - 
--------------------------------------------------------------------------------
[2025-06-18 14:57:55,128] {taskinstance.py:1043} INFO - Starting attempt 1 of 6
[2025-06-18 14:57:55,129] {taskinstance.py:1044} INFO - 
--------------------------------------------------------------------------------
[2025-06-18 14:57:55,190] {taskinstance.py:1063} INFO - Executing <Task(BashOperator): second_task> on 2021-08-06T00:00:00+00:00
[2025-06-18 14:57:55,200] {standard_task_runner.py:52} INFO - Started process 2741 to run task
[2025-06-18 14:57:55,207] {standard_task_runner.py:76} INFO - Running: ['airflow', 'tasks', 'run', 'first_dag', 'second_task', '2021-08-06T00:00:00+00:00', '--job-id', '9668', '--pool', 'default_pool', '--raw', '--subdir', 'DAGS_FOLDER/first_dag.py', '--cfg-path', '/tmp/tmpq6jtawli', '--error-file', '/tmp/tmpy2h4je5q']
[2025-06-18 14:57:55,215] {standard_task_runner.py:77} INFO - Job 9668: Subtask second_task
[2025-06-18 14:57:55,357] {logging_mixin.py:104} INFO - Running <TaskInstance: first_dag.second_task 2021-08-06T00:00:00+00:00 [running]> on host 500dc4ac3a72
[2025-06-18 14:57:55,482] {taskinstance.py:1257} INFO - Exporting the following env vars:
AIRFLOW_CTX_DAG_OWNER=coder2j
AIRFLOW_CTX_DAG_ID=first_dag
AIRFLOW_CTX_TASK_ID=second_task
AIRFLOW_CTX_EXECUTION_DATE=2021-08-06T00:00:00+00:00
AIRFLOW_CTX_DAG_RUN_ID=scheduled__2021-08-06T00:00:00+00:00
[2025-06-18 14:57:55,487] {bash.py:135} INFO - Tmp dir root location: 
 /tmp
[2025-06-18 14:57:55,488] {bash.py:158} INFO - Running command: echo "this is sencond task "
[2025-06-18 14:57:55,503] {bash.py:169} INFO - Output:
[2025-06-18 14:57:55,504] {bash.py:173} INFO - this is sencond task
[2025-06-18 14:57:55,505] {bash.py:177} INFO - Command exited with return code 0
[2025-06-18 14:57:55,580] {taskinstance.py:1166} INFO - Marking task as SUCCESS. dag_id=first_dag, task_id=second_task, execution_date=20210806T000000, start_date=20250618T145755, end_date=20250618T145755
[2025-06-18 14:57:55,669] {taskinstance.py:1220} INFO - 0 downstream tasks scheduled from follow-on schedule check
[2025-06-18 14:57:55,716] {local_task_job.py:146} INFO - Task exited with return code 0
