[2025-06-17 15:50:46,345] {taskinstance.py:851} INFO - Dependencies all met for <TaskInstance: dag_with_taskflow_api_v02.get_age 2022-09-26T00:00:00+00:00 [queued]>
[2025-06-17 15:50:46,443] {taskinstance.py:851} INFO - Dependencies all met for <TaskInstance: dag_with_taskflow_api_v02.get_age 2022-09-26T00:00:00+00:00 [queued]>
[2025-06-17 15:50:46,443] {taskinstance.py:1042} INFO - 
--------------------------------------------------------------------------------
[2025-06-17 15:50:46,444] {taskinstance.py:1043} INFO - Starting attempt 1 of 6
[2025-06-17 15:50:46,444] {taskinstance.py:1044} INFO - 
--------------------------------------------------------------------------------
[2025-06-17 15:50:46,517] {taskinstance.py:1063} INFO - Executing <Task(_PythonDecoratedOperator): get_age> on 2022-09-26T00:00:00+00:00
[2025-06-17 15:50:46,550] {standard_task_runner.py:52} INFO - Started process 941 to run task
[2025-06-17 15:50:46,590] {standard_task_runner.py:76} INFO - Running: ['airflow', 'tasks', 'run', 'dag_with_taskflow_api_v02', 'get_age', '2022-09-26T00:00:00+00:00', '--job-id', '1997', '--pool', 'default_pool', '--raw', '--subdir', 'DAGS_FOLDER/taskflow.py', '--cfg-path', '/tmp/tmp8fwt7xn7', '--error-file', '/tmp/tmpq8ug7lcj']
[2025-06-17 15:50:46,619] {standard_task_runner.py:77} INFO - Job 1997: Subtask get_age
[2025-06-17 15:50:47,140] {logging_mixin.py:104} INFO - Running <TaskInstance: dag_with_taskflow_api_v02.get_age 2022-09-26T00:00:00+00:00 [running]> on host 4f8b76136637
[2025-06-17 15:50:47,509] {taskinstance.py:1257} INFO - Exporting the following env vars:
AIRFLOW_CTX_DAG_OWNER=coder2j
AIRFLOW_CTX_DAG_ID=dag_with_taskflow_api_v02
AIRFLOW_CTX_TASK_ID=get_age
AIRFLOW_CTX_EXECUTION_DATE=2022-09-26T00:00:00+00:00
AIRFLOW_CTX_DAG_RUN_ID=scheduled__2022-09-26T00:00:00+00:00
[2025-06-17 15:50:47,772] {taskinstance.py:1166} INFO - Marking task as SUCCESS. dag_id=dag_with_taskflow_api_v02, task_id=get_age, execution_date=20220926T000000, start_date=20250617T155046, end_date=20250617T155047
[2025-06-17 15:50:48,146] {taskinstance.py:1220} INFO - 0 downstream tasks scheduled from follow-on schedule check
[2025-06-17 15:50:48,203] {local_task_job.py:146} INFO - Task exited with return code 0
