[2025-06-18 15:04:56,701] {taskinstance.py:851} INFO - Dependencies all met for <TaskInstance: first_dag.second_task 2023-08-03T00:00:00+00:00 [queued]>
[2025-06-18 15:04:56,739] {taskinstance.py:851} INFO - Dependencies all met for <TaskInstance: first_dag.second_task 2023-08-03T00:00:00+00:00 [queued]>
[2025-06-18 15:04:56,742] {taskinstance.py:1042} INFO - 
--------------------------------------------------------------------------------
[2025-06-18 15:04:56,743] {taskinstance.py:1043} INFO - Starting attempt 1 of 6
[2025-06-18 15:04:56,744] {taskinstance.py:1044} INFO - 
--------------------------------------------------------------------------------
[2025-06-18 15:04:56,783] {taskinstance.py:1063} INFO - Executing <Task(BashOperator): second_task> on 2023-08-03T00:00:00+00:00
[2025-06-18 15:04:56,802] {standard_task_runner.py:52} INFO - Started process 10307 to run task
[2025-06-18 15:04:56,812] {standard_task_runner.py:76} INFO - Running: ['airflow', 'tasks', 'run', 'first_dag', 'second_task', '2023-08-03T00:00:00+00:00', '--job-id', '11863', '--pool', 'default_pool', '--raw', '--subdir', 'DAGS_FOLDER/first_dag.py', '--cfg-path', '/tmp/tmp73dx4wuj', '--error-file', '/tmp/tmp0kka309o']
[2025-06-18 15:04:56,819] {standard_task_runner.py:77} INFO - Job 11863: Subtask second_task
[2025-06-18 15:04:56,962] {logging_mixin.py:104} INFO - Running <TaskInstance: first_dag.second_task 2023-08-03T00:00:00+00:00 [running]> on host 500dc4ac3a72
[2025-06-18 15:04:57,160] {taskinstance.py:1257} INFO - Exporting the following env vars:
AIRFLOW_CTX_DAG_OWNER=my_name
AIRFLOW_CTX_DAG_ID=first_dag
AIRFLOW_CTX_TASK_ID=second_task
AIRFLOW_CTX_EXECUTION_DATE=2023-08-03T00:00:00+00:00
AIRFLOW_CTX_DAG_RUN_ID=scheduled__2023-08-03T00:00:00+00:00
[2025-06-18 15:04:57,161] {bash.py:135} INFO - Tmp dir root location: 
 /tmp
[2025-06-18 15:04:57,163] {bash.py:158} INFO - Running command: echo "this is sencond task "
[2025-06-18 15:04:57,192] {bash.py:169} INFO - Output:
[2025-06-18 15:04:57,193] {bash.py:173} INFO - this is sencond task
[2025-06-18 15:04:57,195] {bash.py:177} INFO - Command exited with return code 0
[2025-06-18 15:04:57,324] {taskinstance.py:1166} INFO - Marking task as SUCCESS. dag_id=first_dag, task_id=second_task, execution_date=20230803T000000, start_date=20250618T150456, end_date=20250618T150457
[2025-06-18 15:04:57,439] {taskinstance.py:1220} INFO - 0 downstream tasks scheduled from follow-on schedule check
[2025-06-18 15:04:57,454] {local_task_job.py:146} INFO - Task exited with return code 0
