[2025-06-18 15:04:54,228] {taskinstance.py:851} INFO - Dependencies all met for <TaskInstance: first_dag.second_task 2023-07-27T00:00:00+00:00 [queued]>
[2025-06-18 15:04:54,263] {taskinstance.py:851} INFO - Dependencies all met for <TaskInstance: first_dag.second_task 2023-07-27T00:00:00+00:00 [queued]>
[2025-06-18 15:04:54,263] {taskinstance.py:1042} INFO - 
--------------------------------------------------------------------------------
[2025-06-18 15:04:54,263] {taskinstance.py:1043} INFO - Starting attempt 1 of 6
[2025-06-18 15:04:54,263] {taskinstance.py:1044} INFO - 
--------------------------------------------------------------------------------
[2025-06-18 15:04:54,317] {taskinstance.py:1063} INFO - Executing <Task(BashOperator): second_task> on 2023-07-27T00:00:00+00:00
[2025-06-18 15:04:54,329] {standard_task_runner.py:52} INFO - Started process 10239 to run task
[2025-06-18 15:04:54,345] {standard_task_runner.py:76} INFO - Running: ['airflow', 'tasks', 'run', 'first_dag', 'second_task', '2023-07-27T00:00:00+00:00', '--job-id', '11840', '--pool', 'default_pool', '--raw', '--subdir', 'DAGS_FOLDER/first_dag.py', '--cfg-path', '/tmp/tmphqfy7j5o', '--error-file', '/tmp/tmpas149373']
[2025-06-18 15:04:54,363] {standard_task_runner.py:77} INFO - Job 11840: Subtask second_task
[2025-06-18 15:04:54,541] {logging_mixin.py:104} INFO - Running <TaskInstance: first_dag.second_task 2023-07-27T00:00:00+00:00 [running]> on host 500dc4ac3a72
[2025-06-18 15:04:54,662] {taskinstance.py:1257} INFO - Exporting the following env vars:
AIRFLOW_CTX_DAG_OWNER=my_name
AIRFLOW_CTX_DAG_ID=first_dag
AIRFLOW_CTX_TASK_ID=second_task
AIRFLOW_CTX_EXECUTION_DATE=2023-07-27T00:00:00+00:00
AIRFLOW_CTX_DAG_RUN_ID=scheduled__2023-07-27T00:00:00+00:00
[2025-06-18 15:04:54,663] {bash.py:135} INFO - Tmp dir root location: 
 /tmp
[2025-06-18 15:04:54,665] {bash.py:158} INFO - Running command: echo "this is sencond task "
[2025-06-18 15:04:54,683] {bash.py:169} INFO - Output:
[2025-06-18 15:04:54,684] {bash.py:173} INFO - this is sencond task
[2025-06-18 15:04:54,684] {bash.py:177} INFO - Command exited with return code 0
[2025-06-18 15:04:54,803] {taskinstance.py:1166} INFO - Marking task as SUCCESS. dag_id=first_dag, task_id=second_task, execution_date=20230727T000000, start_date=20250618T150454, end_date=20250618T150454
[2025-06-18 15:04:54,976] {taskinstance.py:1220} INFO - 0 downstream tasks scheduled from follow-on schedule check
[2025-06-18 15:04:55,016] {local_task_job.py:146} INFO - Task exited with return code 0
