[2025-06-17 16:02:39,006] {taskinstance.py:851} INFO - Dependencies all met for <TaskInstance: dag_with_taskflow_api_v02.get_age 2024-07-03T00:00:00+00:00 [queued]>
[2025-06-17 16:02:39,105] {taskinstance.py:851} INFO - Dependencies all met for <TaskInstance: dag_with_taskflow_api_v02.get_age 2024-07-03T00:00:00+00:00 [queued]>
[2025-06-17 16:02:39,106] {taskinstance.py:1042} INFO - 
--------------------------------------------------------------------------------
[2025-06-17 16:02:39,106] {taskinstance.py:1043} INFO - Starting attempt 1 of 6
[2025-06-17 16:02:39,107] {taskinstance.py:1044} INFO - 
--------------------------------------------------------------------------------
[2025-06-17 16:02:39,163] {taskinstance.py:1063} INFO - Executing <Task(_PythonDecoratedOperator): get_age> on 2024-07-03T00:00:00+00:00
[2025-06-17 16:02:39,194] {standard_task_runner.py:52} INFO - Started process 11282 to run task
[2025-06-17 16:02:39,204] {standard_task_runner.py:76} INFO - Running: ['airflow', 'tasks', 'run', 'dag_with_taskflow_api_v02', 'get_age', '2024-07-03T00:00:00+00:00', '--job-id', '5876', '--pool', 'default_pool', '--raw', '--subdir', 'DAGS_FOLDER/taskflow.py', '--cfg-path', '/tmp/tmphxhucw_3', '--error-file', '/tmp/tmpiqyyp4jr']
[2025-06-17 16:02:39,217] {standard_task_runner.py:77} INFO - Job 5876: Subtask get_age
[2025-06-17 16:02:39,393] {logging_mixin.py:104} INFO - Running <TaskInstance: dag_with_taskflow_api_v02.get_age 2024-07-03T00:00:00+00:00 [running]> on host 4f8b76136637
[2025-06-17 16:02:39,642] {taskinstance.py:1257} INFO - Exporting the following env vars:
AIRFLOW_CTX_DAG_OWNER=coder2j
AIRFLOW_CTX_DAG_ID=dag_with_taskflow_api_v02
AIRFLOW_CTX_TASK_ID=get_age
AIRFLOW_CTX_EXECUTION_DATE=2024-07-03T00:00:00+00:00
AIRFLOW_CTX_DAG_RUN_ID=scheduled__2024-07-03T00:00:00+00:00
[2025-06-17 16:02:39,856] {taskinstance.py:1166} INFO - Marking task as SUCCESS. dag_id=dag_with_taskflow_api_v02, task_id=get_age, execution_date=20240703T000000, start_date=20250617T160239, end_date=20250617T160239
[2025-06-17 16:02:40,214] {taskinstance.py:1220} INFO - 0 downstream tasks scheduled from follow-on schedule check
[2025-06-17 16:02:40,261] {local_task_job.py:146} INFO - Task exited with return code 0
