[2025-06-18 15:06:59,946] {taskinstance.py:851} INFO - Dependencies all met for <TaskInstance: first_dag.third_task 2024-04-08T00:00:00+00:00 [queued]>
[2025-06-18 15:06:59,982] {taskinstance.py:851} INFO - Dependencies all met for <TaskInstance: first_dag.third_task 2024-04-08T00:00:00+00:00 [queued]>
[2025-06-18 15:06:59,983] {taskinstance.py:1042} INFO - 
--------------------------------------------------------------------------------
[2025-06-18 15:06:59,984] {taskinstance.py:1043} INFO - Starting attempt 1 of 6
[2025-06-18 15:06:59,984] {taskinstance.py:1044} INFO - 
--------------------------------------------------------------------------------
[2025-06-18 15:07:00,021] {taskinstance.py:1063} INFO - Executing <Task(BashOperator): third_task> on 2024-04-08T00:00:00+00:00
[2025-06-18 15:07:00,041] {standard_task_runner.py:52} INFO - Started process 12845 to run task
[2025-06-18 15:07:00,063] {standard_task_runner.py:76} INFO - Running: ['airflow', 'tasks', 'run', 'first_dag', 'third_task', '2024-04-08T00:00:00+00:00', '--job-id', '12612', '--pool', 'default_pool', '--raw', '--subdir', 'DAGS_FOLDER/first_dag.py', '--cfg-path', '/tmp/tmp7a9pym9j', '--error-file', '/tmp/tmp51arpox7']
[2025-06-18 15:07:00,084] {standard_task_runner.py:77} INFO - Job 12612: Subtask third_task
[2025-06-18 15:07:00,223] {logging_mixin.py:104} INFO - Running <TaskInstance: first_dag.third_task 2024-04-08T00:00:00+00:00 [running]> on host 500dc4ac3a72
[2025-06-18 15:07:00,382] {taskinstance.py:1257} INFO - Exporting the following env vars:
AIRFLOW_CTX_DAG_OWNER=my_name
AIRFLOW_CTX_DAG_ID=first_dag
AIRFLOW_CTX_TASK_ID=third_task
AIRFLOW_CTX_EXECUTION_DATE=2024-04-08T00:00:00+00:00
AIRFLOW_CTX_DAG_RUN_ID=scheduled__2024-04-08T00:00:00+00:00
[2025-06-18 15:07:00,383] {bash.py:135} INFO - Tmp dir root location: 
 /tmp
[2025-06-18 15:07:00,386] {bash.py:158} INFO - Running command: echo "this is third task "
[2025-06-18 15:07:00,408] {bash.py:169} INFO - Output:
[2025-06-18 15:07:00,412] {bash.py:173} INFO - this is third task
[2025-06-18 15:07:00,413] {bash.py:177} INFO - Command exited with return code 0
[2025-06-18 15:07:00,586] {taskinstance.py:1166} INFO - Marking task as SUCCESS. dag_id=first_dag, task_id=third_task, execution_date=20240408T000000, start_date=20250618T150659, end_date=20250618T150700
[2025-06-18 15:07:00,857] {taskinstance.py:1220} INFO - 0 downstream tasks scheduled from follow-on schedule check
[2025-06-18 15:07:00,890] {local_task_job.py:146} INFO - Task exited with return code 0
