[2025-06-17 15:45:28,650] {taskinstance.py:851} INFO - Dependencies all met for <TaskInstance: dag_with_taskflow_api_v02.get_age 2022-01-01T00:00:00+00:00 [queued]>
[2025-06-17 15:45:29,535] {taskinstance.py:851} INFO - Dependencies all met for <TaskInstance: dag_with_taskflow_api_v02.get_age 2022-01-01T00:00:00+00:00 [queued]>
[2025-06-17 15:45:29,536] {taskinstance.py:1042} INFO - 
--------------------------------------------------------------------------------
[2025-06-17 15:45:29,537] {taskinstance.py:1043} INFO - Starting attempt 1 of 6
[2025-06-17 15:45:29,551] {taskinstance.py:1044} INFO - 
--------------------------------------------------------------------------------
[2025-06-17 15:45:29,809] {taskinstance.py:1063} INFO - Executing <Task(_PythonDecoratedOperator): get_age> on 2022-01-01T00:00:00+00:00
[2025-06-17 15:45:29,854] {standard_task_runner.py:52} INFO - Started process 1287 to run task
[2025-06-17 15:45:29,881] {standard_task_runner.py:76} INFO - Running: ['airflow', 'tasks', 'run', 'dag_with_taskflow_api_v02', 'get_age', '2022-01-01T00:00:00+00:00', '--job-id', '387', '--pool', 'default_pool', '--raw', '--subdir', 'DAGS_FOLDER/taskflow.py', '--cfg-path', '/tmp/tmp26qeg9ql', '--error-file', '/tmp/tmp8615o_5h']
[2025-06-17 15:45:29,896] {standard_task_runner.py:77} INFO - Job 387: Subtask get_age
[2025-06-17 15:45:31,597] {logging_mixin.py:104} INFO - Running <TaskInstance: dag_with_taskflow_api_v02.get_age 2022-01-01T00:00:00+00:00 [running]> on host 4f8b76136637
[2025-06-17 15:45:32,199] {taskinstance.py:1257} INFO - Exporting the following env vars:
AIRFLOW_CTX_DAG_OWNER=coder2j
AIRFLOW_CTX_DAG_ID=dag_with_taskflow_api_v02
AIRFLOW_CTX_TASK_ID=get_age
AIRFLOW_CTX_EXECUTION_DATE=2022-01-01T00:00:00+00:00
AIRFLOW_CTX_DAG_RUN_ID=scheduled__2022-01-01T00:00:00+00:00
[2025-06-17 15:45:32,577] {taskinstance.py:1166} INFO - Marking task as SUCCESS. dag_id=dag_with_taskflow_api_v02, task_id=get_age, execution_date=20220101T000000, start_date=20250617T154528, end_date=20250617T154532
[2025-06-17 15:45:32,906] {taskinstance.py:1220} INFO - 0 downstream tasks scheduled from follow-on schedule check
[2025-06-17 15:45:33,215] {local_task_job.py:146} INFO - Task exited with return code 0
