[2025-06-17 16:00:36,881] {taskinstance.py:851} INFO - Dependencies all met for <TaskInstance: dag_with_taskflow_api_v02.get_age 2024-02-18T00:00:00+00:00 [queued]>
[2025-06-17 16:00:37,078] {taskinstance.py:851} INFO - Dependencies all met for <TaskInstance: dag_with_taskflow_api_v02.get_age 2024-02-18T00:00:00+00:00 [queued]>
[2025-06-17 16:00:37,079] {taskinstance.py:1042} INFO - 
--------------------------------------------------------------------------------
[2025-06-17 16:00:37,079] {taskinstance.py:1043} INFO - Starting attempt 1 of 6
[2025-06-17 16:00:37,079] {taskinstance.py:1044} INFO - 
--------------------------------------------------------------------------------
[2025-06-17 16:00:37,110] {taskinstance.py:1063} INFO - Executing <Task(_PythonDecoratedOperator): get_age> on 2024-02-18T00:00:00+00:00
[2025-06-17 16:00:37,125] {standard_task_runner.py:52} INFO - Started process 9123 to run task
[2025-06-17 16:00:37,139] {standard_task_runner.py:76} INFO - Running: ['airflow', 'tasks', 'run', 'dag_with_taskflow_api_v02', 'get_age', '2024-02-18T00:00:00+00:00', '--job-id', '5055', '--pool', 'default_pool', '--raw', '--subdir', 'DAGS_FOLDER/taskflow.py', '--cfg-path', '/tmp/tmpu2fcal_2', '--error-file', '/tmp/tmp0l7zmi3t']
[2025-06-17 16:00:37,151] {standard_task_runner.py:77} INFO - Job 5055: Subtask get_age
[2025-06-17 16:00:37,370] {logging_mixin.py:104} INFO - Running <TaskInstance: dag_with_taskflow_api_v02.get_age 2024-02-18T00:00:00+00:00 [running]> on host 4f8b76136637
[2025-06-17 16:00:37,627] {taskinstance.py:1257} INFO - Exporting the following env vars:
AIRFLOW_CTX_DAG_OWNER=coder2j
AIRFLOW_CTX_DAG_ID=dag_with_taskflow_api_v02
AIRFLOW_CTX_TASK_ID=get_age
AIRFLOW_CTX_EXECUTION_DATE=2024-02-18T00:00:00+00:00
AIRFLOW_CTX_DAG_RUN_ID=scheduled__2024-02-18T00:00:00+00:00
[2025-06-17 16:00:37,784] {taskinstance.py:1166} INFO - Marking task as SUCCESS. dag_id=dag_with_taskflow_api_v02, task_id=get_age, execution_date=20240218T000000, start_date=20250617T160036, end_date=20250617T160037
[2025-06-17 16:00:38,338] {taskinstance.py:1220} INFO - 0 downstream tasks scheduled from follow-on schedule check
[2025-06-17 16:00:38,397] {local_task_job.py:146} INFO - Task exited with return code 0
