[2025-06-17 16:03:48,213] {taskinstance.py:851} INFO - Dependencies all met for <TaskInstance: dag_with_taskflow_api_v02.get_age 2024-09-23T00:00:00+00:00 [queued]>
[2025-06-17 16:03:48,311] {taskinstance.py:851} INFO - Dependencies all met for <TaskInstance: dag_with_taskflow_api_v02.get_age 2024-09-23T00:00:00+00:00 [queued]>
[2025-06-17 16:03:48,311] {taskinstance.py:1042} INFO - 
--------------------------------------------------------------------------------
[2025-06-17 16:03:48,312] {taskinstance.py:1043} INFO - Starting attempt 1 of 6
[2025-06-17 16:03:48,312] {taskinstance.py:1044} INFO - 
--------------------------------------------------------------------------------
[2025-06-17 16:03:48,332] {taskinstance.py:1063} INFO - Executing <Task(_PythonDecoratedOperator): get_age> on 2024-09-23T00:00:00+00:00
[2025-06-17 16:03:48,351] {standard_task_runner.py:52} INFO - Started process 12575 to run task
[2025-06-17 16:03:48,389] {standard_task_runner.py:76} INFO - Running: ['airflow', 'tasks', 'run', 'dag_with_taskflow_api_v02', 'get_age', '2024-09-23T00:00:00+00:00', '--job-id', '6366', '--pool', 'default_pool', '--raw', '--subdir', 'DAGS_FOLDER/taskflow.py', '--cfg-path', '/tmp/tmpszth75jf', '--error-file', '/tmp/tmpltmiru35']
[2025-06-17 16:03:48,402] {standard_task_runner.py:77} INFO - Job 6366: Subtask get_age
[2025-06-17 16:03:48,632] {logging_mixin.py:104} INFO - Running <TaskInstance: dag_with_taskflow_api_v02.get_age 2024-09-23T00:00:00+00:00 [running]> on host 4f8b76136637
[2025-06-17 16:03:48,915] {taskinstance.py:1257} INFO - Exporting the following env vars:
AIRFLOW_CTX_DAG_OWNER=coder2j
AIRFLOW_CTX_DAG_ID=dag_with_taskflow_api_v02
AIRFLOW_CTX_TASK_ID=get_age
AIRFLOW_CTX_EXECUTION_DATE=2024-09-23T00:00:00+00:00
AIRFLOW_CTX_DAG_RUN_ID=scheduled__2024-09-23T00:00:00+00:00
[2025-06-17 16:03:49,093] {taskinstance.py:1166} INFO - Marking task as SUCCESS. dag_id=dag_with_taskflow_api_v02, task_id=get_age, execution_date=20240923T000000, start_date=20250617T160348, end_date=20250617T160349
[2025-06-17 16:03:49,361] {taskinstance.py:1220} INFO - 0 downstream tasks scheduled from follow-on schedule check
[2025-06-17 16:03:49,413] {local_task_job.py:146} INFO - Task exited with return code 0
