[2025-06-17 16:06:17,839] {taskinstance.py:851} INFO - Dependencies all met for <TaskInstance: our_first_dag_v5.first_task 2024-12-01T00:00:00+00:00 [queued]>
[2025-06-17 16:06:17,923] {taskinstance.py:851} INFO - Dependencies all met for <TaskInstance: our_first_dag_v5.first_task 2024-12-01T00:00:00+00:00 [queued]>
[2025-06-17 16:06:17,924] {taskinstance.py:1042} INFO - 
--------------------------------------------------------------------------------
[2025-06-17 16:06:17,924] {taskinstance.py:1043} INFO - Starting attempt 1 of 6
[2025-06-17 16:06:17,924] {taskinstance.py:1044} INFO - 
--------------------------------------------------------------------------------
[2025-06-17 16:06:17,988] {taskinstance.py:1063} INFO - Executing <Task(BashOperator): first_task> on 2024-12-01T00:00:00+00:00
[2025-06-17 16:06:18,017] {standard_task_runner.py:76} INFO - Running: ['airflow', 'tasks', 'run', 'our_first_dag_v5', 'first_task', '2024-12-01T00:00:00+00:00', '--job-id', '7340', '--pool', 'default_pool', '--raw', '--subdir', 'DAGS_FOLDER/first_dag.py', '--cfg-path', '/tmp/tmp6b6p1i3x', '--error-file', '/tmp/tmpo176yvpa']
[2025-06-17 16:06:18,021] {standard_task_runner.py:77} INFO - Job 7340: Subtask first_task
[2025-06-17 16:06:18,013] {standard_task_runner.py:52} INFO - Started process 15144 to run task
[2025-06-17 16:06:18,315] {logging_mixin.py:104} INFO - Running <TaskInstance: our_first_dag_v5.first_task 2024-12-01T00:00:00+00:00 [running]> on host 4f8b76136637
[2025-06-17 16:06:18,611] {taskinstance.py:1257} INFO - Exporting the following env vars:
AIRFLOW_CTX_DAG_OWNER=coder2j
AIRFLOW_CTX_DAG_ID=our_first_dag_v5
AIRFLOW_CTX_TASK_ID=first_task
AIRFLOW_CTX_EXECUTION_DATE=2024-12-01T00:00:00+00:00
AIRFLOW_CTX_DAG_RUN_ID=scheduled__2024-12-01T00:00:00+00:00
[2025-06-17 16:06:18,653] {bash.py:135} INFO - Tmp dir root location: 
 /tmp
[2025-06-17 16:06:18,656] {bash.py:158} INFO - Running command: echo hello world, this is the first task!
[2025-06-17 16:06:18,702] {bash.py:169} INFO - Output:
[2025-06-17 16:06:18,709] {bash.py:173} INFO - hello world, this is the first task!
[2025-06-17 16:06:18,710] {bash.py:177} INFO - Command exited with return code 0
[2025-06-17 16:06:19,039] {taskinstance.py:1166} INFO - Marking task as SUCCESS. dag_id=our_first_dag_v5, task_id=first_task, execution_date=20241201T000000, start_date=20250617T160617, end_date=20250617T160619
[2025-06-17 16:06:19,602] {taskinstance.py:1220} INFO - 0 downstream tasks scheduled from follow-on schedule check
[2025-06-17 16:06:19,639] {local_task_job.py:146} INFO - Task exited with return code 0
