[2025-06-17 15:51:11,727] {taskinstance.py:851} INFO - Dependencies all met for <TaskInstance: dag_with_taskflow_api_v02.greet 2022-10-17T00:00:00+00:00 [queued]>
[2025-06-17 15:51:11,992] {taskinstance.py:851} INFO - Dependencies all met for <TaskInstance: dag_with_taskflow_api_v02.greet 2022-10-17T00:00:00+00:00 [queued]>
[2025-06-17 15:51:11,992] {taskinstance.py:1042} INFO - 
--------------------------------------------------------------------------------
[2025-06-17 15:51:11,992] {taskinstance.py:1043} INFO - Starting attempt 1 of 6
[2025-06-17 15:51:11,992] {taskinstance.py:1044} INFO - 
--------------------------------------------------------------------------------
[2025-06-17 15:51:12,208] {taskinstance.py:1063} INFO - Executing <Task(_PythonDecoratedOperator): greet> on 2022-10-17T00:00:00+00:00
[2025-06-17 15:51:12,234] {standard_task_runner.py:52} INFO - Started process 1320 to run task
[2025-06-17 15:51:12,245] {standard_task_runner.py:76} INFO - Running: ['airflow', 'tasks', 'run', 'dag_with_taskflow_api_v02', 'greet', '2022-10-17T00:00:00+00:00', '--job-id', '2142', '--pool', 'default_pool', '--raw', '--subdir', 'DAGS_FOLDER/taskflow.py', '--cfg-path', '/tmp/tmp97labnhh', '--error-file', '/tmp/tmpnrqx40cy']
[2025-06-17 15:51:12,256] {standard_task_runner.py:77} INFO - Job 2142: Subtask greet
[2025-06-17 15:51:12,877] {logging_mixin.py:104} INFO - Running <TaskInstance: dag_with_taskflow_api_v02.greet 2022-10-17T00:00:00+00:00 [running]> on host 4f8b76136637
[2025-06-17 15:51:13,989] {taskinstance.py:1257} INFO - Exporting the following env vars:
AIRFLOW_CTX_DAG_OWNER=coder2j
AIRFLOW_CTX_DAG_ID=dag_with_taskflow_api_v02
AIRFLOW_CTX_TASK_ID=greet
AIRFLOW_CTX_EXECUTION_DATE=2022-10-17T00:00:00+00:00
AIRFLOW_CTX_DAG_RUN_ID=scheduled__2022-10-17T00:00:00+00:00
[2025-06-17 15:51:13,990] {logging_mixin.py:104} INFO - Hello World! My name is Jerry Fridman and I am 19 years old!
[2025-06-17 15:51:14,072] {taskinstance.py:1166} INFO - Marking task as SUCCESS. dag_id=dag_with_taskflow_api_v02, task_id=greet, execution_date=20221017T000000, start_date=20250617T155111, end_date=20250617T155114
[2025-06-17 15:51:14,485] {taskinstance.py:1220} INFO - 0 downstream tasks scheduled from follow-on schedule check
[2025-06-17 15:51:14,585] {local_task_job.py:146} INFO - Task exited with return code 0
