[2025-06-17 16:00:40,119] {taskinstance.py:851} INFO - Dependencies all met for <TaskInstance: dag_with_taskflow_api_v02.get_age 2024-02-22T00:00:00+00:00 [queued]>
[2025-06-17 16:00:40,269] {taskinstance.py:851} INFO - Dependencies all met for <TaskInstance: dag_with_taskflow_api_v02.get_age 2024-02-22T00:00:00+00:00 [queued]>
[2025-06-17 16:00:40,271] {taskinstance.py:1042} INFO - 
--------------------------------------------------------------------------------
[2025-06-17 16:00:40,271] {taskinstance.py:1043} INFO - Starting attempt 1 of 6
[2025-06-17 16:00:40,271] {taskinstance.py:1044} INFO - 
--------------------------------------------------------------------------------
[2025-06-17 16:00:40,381] {taskinstance.py:1063} INFO - Executing <Task(_PythonDecoratedOperator): get_age> on 2024-02-22T00:00:00+00:00
[2025-06-17 16:00:40,406] {standard_task_runner.py:52} INFO - Started process 9184 to run task
[2025-06-17 16:00:40,450] {standard_task_runner.py:76} INFO - Running: ['airflow', 'tasks', 'run', 'dag_with_taskflow_api_v02', 'get_age', '2024-02-22T00:00:00+00:00', '--job-id', '5077', '--pool', 'default_pool', '--raw', '--subdir', 'DAGS_FOLDER/taskflow.py', '--cfg-path', '/tmp/tmp9g35rbr2', '--error-file', '/tmp/tmpo9_b7uhg']
[2025-06-17 16:00:40,476] {standard_task_runner.py:77} INFO - Job 5077: Subtask get_age
[2025-06-17 16:00:40,806] {logging_mixin.py:104} INFO - Running <TaskInstance: dag_with_taskflow_api_v02.get_age 2024-02-22T00:00:00+00:00 [running]> on host 4f8b76136637
[2025-06-17 16:00:41,372] {taskinstance.py:1257} INFO - Exporting the following env vars:
AIRFLOW_CTX_DAG_OWNER=coder2j
AIRFLOW_CTX_DAG_ID=dag_with_taskflow_api_v02
AIRFLOW_CTX_TASK_ID=get_age
AIRFLOW_CTX_EXECUTION_DATE=2024-02-22T00:00:00+00:00
AIRFLOW_CTX_DAG_RUN_ID=scheduled__2024-02-22T00:00:00+00:00
[2025-06-17 16:00:41,881] {taskinstance.py:1166} INFO - Marking task as SUCCESS. dag_id=dag_with_taskflow_api_v02, task_id=get_age, execution_date=20240222T000000, start_date=20250617T160040, end_date=20250617T160041
[2025-06-17 16:00:42,345] {taskinstance.py:1220} INFO - 1 downstream tasks scheduled from follow-on schedule check
[2025-06-17 16:00:42,402] {local_task_job.py:146} INFO - Task exited with return code 0
