[2025-06-17 15:59:49,038] {taskinstance.py:851} INFO - Dependencies all met for <TaskInstance: dag_with_taskflow_api_v02.get_name 2024-01-08T00:00:00+00:00 [queued]>
[2025-06-17 15:59:49,239] {taskinstance.py:851} INFO - Dependencies all met for <TaskInstance: dag_with_taskflow_api_v02.get_name 2024-01-08T00:00:00+00:00 [queued]>
[2025-06-17 15:59:49,239] {taskinstance.py:1042} INFO - 
--------------------------------------------------------------------------------
[2025-06-17 15:59:49,240] {taskinstance.py:1043} INFO - Starting attempt 1 of 6
[2025-06-17 15:59:49,240] {taskinstance.py:1044} INFO - 
--------------------------------------------------------------------------------
[2025-06-17 15:59:49,412] {taskinstance.py:1063} INFO - Executing <Task(_PythonDecoratedOperator): get_name> on 2024-01-08T00:00:00+00:00
[2025-06-17 15:59:49,429] {standard_task_runner.py:52} INFO - Started process 8470 to run task
[2025-06-17 15:59:49,457] {standard_task_runner.py:76} INFO - Running: ['airflow', 'tasks', 'run', 'dag_with_taskflow_api_v02', 'get_name', '2024-01-08T00:00:00+00:00', '--job-id', '4814', '--pool', 'default_pool', '--raw', '--subdir', 'DAGS_FOLDER/taskflow.py', '--cfg-path', '/tmp/tmpb_w9xwrh', '--error-file', '/tmp/tmpaae7a0qd']
[2025-06-17 15:59:49,466] {standard_task_runner.py:77} INFO - Job 4814: Subtask get_name
[2025-06-17 15:59:49,800] {logging_mixin.py:104} INFO - Running <TaskInstance: dag_with_taskflow_api_v02.get_name 2024-01-08T00:00:00+00:00 [running]> on host 4f8b76136637
[2025-06-17 15:59:50,117] {taskinstance.py:1257} INFO - Exporting the following env vars:
AIRFLOW_CTX_DAG_OWNER=coder2j
AIRFLOW_CTX_DAG_ID=dag_with_taskflow_api_v02
AIRFLOW_CTX_TASK_ID=get_name
AIRFLOW_CTX_EXECUTION_DATE=2024-01-08T00:00:00+00:00
AIRFLOW_CTX_DAG_RUN_ID=scheduled__2024-01-08T00:00:00+00:00
[2025-06-17 15:59:50,948] {taskinstance.py:1166} INFO - Marking task as SUCCESS. dag_id=dag_with_taskflow_api_v02, task_id=get_name, execution_date=20240108T000000, start_date=20250617T155949, end_date=20250617T155950
[2025-06-17 15:59:52,704] {taskinstance.py:1220} INFO - 0 downstream tasks scheduled from follow-on schedule check
[2025-06-17 15:59:52,725] {local_task_job.py:146} INFO - Task exited with return code 0
