[2025-06-17 16:08:27,283] {taskinstance.py:851} INFO - Dependencies all met for <TaskInstance: our_first_dag_v5.first_task 2025-05-09T00:00:00+00:00 [queued]>
[2025-06-17 16:08:27,427] {taskinstance.py:851} INFO - Dependencies all met for <TaskInstance: our_first_dag_v5.first_task 2025-05-09T00:00:00+00:00 [queued]>
[2025-06-17 16:08:27,428] {taskinstance.py:1042} INFO - 
--------------------------------------------------------------------------------
[2025-06-17 16:08:27,428] {taskinstance.py:1043} INFO - Starting attempt 1 of 6
[2025-06-17 16:08:27,428] {taskinstance.py:1044} INFO - 
--------------------------------------------------------------------------------
[2025-06-17 16:08:27,499] {taskinstance.py:1063} INFO - Executing <Task(BashOperator): first_task> on 2025-05-09T00:00:00+00:00
[2025-06-17 16:08:27,512] {standard_task_runner.py:52} INFO - Started process 17332 to run task
[2025-06-17 16:08:27,535] {standard_task_runner.py:76} INFO - Running: ['airflow', 'tasks', 'run', 'our_first_dag_v5', 'first_task', '2025-05-09T00:00:00+00:00', '--job-id', '8136', '--pool', 'default_pool', '--raw', '--subdir', 'DAGS_FOLDER/first_dag.py', '--cfg-path', '/tmp/tmpe4o7da41', '--error-file', '/tmp/tmpb5fdfdes']
[2025-06-17 16:08:27,550] {standard_task_runner.py:77} INFO - Job 8136: Subtask first_task
[2025-06-17 16:08:27,840] {logging_mixin.py:104} INFO - Running <TaskInstance: our_first_dag_v5.first_task 2025-05-09T00:00:00+00:00 [running]> on host 4f8b76136637
[2025-06-17 16:08:28,120] {taskinstance.py:1257} INFO - Exporting the following env vars:
AIRFLOW_CTX_DAG_OWNER=coder2j
AIRFLOW_CTX_DAG_ID=our_first_dag_v5
AIRFLOW_CTX_TASK_ID=first_task
AIRFLOW_CTX_EXECUTION_DATE=2025-05-09T00:00:00+00:00
AIRFLOW_CTX_DAG_RUN_ID=scheduled__2025-05-09T00:00:00+00:00
[2025-06-17 16:08:28,121] {bash.py:135} INFO - Tmp dir root location: 
 /tmp
[2025-06-17 16:08:28,122] {bash.py:158} INFO - Running command: echo hello world, this is the first task!
[2025-06-17 16:08:28,152] {bash.py:169} INFO - Output:
[2025-06-17 16:08:28,158] {bash.py:173} INFO - hello world, this is the first task!
[2025-06-17 16:08:28,160] {bash.py:177} INFO - Command exited with return code 0
[2025-06-17 16:08:28,339] {taskinstance.py:1166} INFO - Marking task as SUCCESS. dag_id=our_first_dag_v5, task_id=first_task, execution_date=20250509T000000, start_date=20250617T160827, end_date=20250617T160828
[2025-06-17 16:08:28,465] {taskinstance.py:1220} INFO - 2 downstream tasks scheduled from follow-on schedule check
[2025-06-17 16:08:28,538] {local_task_job.py:146} INFO - Task exited with return code 0
