[2025-06-18 16:25:37,403] {taskinstance.py:851} INFO - Dependencies all met for <TaskInstance: connect_postgres_dag.insert_into_table 2025-02-14T00:00:00+00:00 [queued]>
[2025-06-18 16:25:37,451] {taskinstance.py:851} INFO - Dependencies all met for <TaskInstance: connect_postgres_dag.insert_into_table 2025-02-14T00:00:00+00:00 [queued]>
[2025-06-18 16:25:37,452] {taskinstance.py:1042} INFO - 
--------------------------------------------------------------------------------
[2025-06-18 16:25:37,452] {taskinstance.py:1043} INFO - Starting attempt 1 of 6
[2025-06-18 16:25:37,452] {taskinstance.py:1044} INFO - 
--------------------------------------------------------------------------------
[2025-06-18 16:25:37,546] {taskinstance.py:1063} INFO - Executing <Task(PostgresOperator): insert_into_table> on 2025-02-14T00:00:00+00:00
[2025-06-18 16:25:37,552] {standard_task_runner.py:52} INFO - Started process 2903 to run task
[2025-06-18 16:25:37,568] {standard_task_runner.py:76} INFO - Running: ['airflow', 'tasks', 'run', 'connect_postgres_dag', 'insert_into_table', '2025-02-14T00:00:00+00:00', '--job-id', '16244', '--pool', 'default_pool', '--raw', '--subdir', 'DAGS_FOLDER/connect_postgres_dag.py', '--cfg-path', '/tmp/tmp8gzmod59', '--error-file', '/tmp/tmpy8yetrkj']
[2025-06-18 16:25:37,575] {standard_task_runner.py:77} INFO - Job 16244: Subtask insert_into_table
[2025-06-18 16:25:37,663] {logging_mixin.py:104} INFO - Running <TaskInstance: connect_postgres_dag.insert_into_table 2025-02-14T00:00:00+00:00 [running]> on host ee91c01336f6
[2025-06-18 16:25:37,799] {taskinstance.py:1257} INFO - Exporting the following env vars:
AIRFLOW_CTX_DAG_OWNER=coder2j
AIRFLOW_CTX_DAG_ID=connect_postgres_dag
AIRFLOW_CTX_TASK_ID=insert_into_table
AIRFLOW_CTX_EXECUTION_DATE=2025-02-14T00:00:00+00:00
AIRFLOW_CTX_DAG_RUN_ID=scheduled__2025-02-14T00:00:00+00:00
[2025-06-18 16:25:37,800] {postgres.py:69} INFO - Executing: 
            insert into employee (name,age,salary) values ('hayyye', '1997','5000.00');
        
[2025-06-18 16:25:37,818] {base.py:74} INFO - Using connection to: id: postgres_localhost. Host: postgres, Port: 5432, Schema: test, Login: airflow, Password: XXXXXXXX, extra: None
[2025-06-18 16:25:37,827] {dbapi.py:180} INFO - Running statement: 
            insert into employee (name,age,salary) values ('hayyye', '1997','5000.00');
        , parameters: None
[2025-06-18 16:25:37,829] {dbapi.py:186} INFO - Rows affected: 1
[2025-06-18 16:25:37,865] {taskinstance.py:1166} INFO - Marking task as SUCCESS. dag_id=connect_postgres_dag, task_id=insert_into_table, execution_date=20250214T000000, start_date=20250618T162537, end_date=20250618T162537
[2025-06-18 16:25:37,970] {taskinstance.py:1220} INFO - 0 downstream tasks scheduled from follow-on schedule check
[2025-06-18 16:25:37,991] {local_task_job.py:146} INFO - Task exited with return code 0
