[2025-06-18 15:08:43,703] {taskinstance.py:851} INFO - Dependencies all met for <TaskInstance: first_dag.third_task 2024-12-07T00:00:00+00:00 [queued]>
[2025-06-18 15:08:43,794] {taskinstance.py:851} INFO - Dependencies all met for <TaskInstance: first_dag.third_task 2024-12-07T00:00:00+00:00 [queued]>
[2025-06-18 15:08:43,794] {taskinstance.py:1042} INFO - 
--------------------------------------------------------------------------------
[2025-06-18 15:08:43,795] {taskinstance.py:1043} INFO - Starting attempt 1 of 6
[2025-06-18 15:08:43,795] {taskinstance.py:1044} INFO - 
--------------------------------------------------------------------------------
[2025-06-18 15:08:43,912] {taskinstance.py:1063} INFO - Executing <Task(BashOperator): third_task> on 2024-12-07T00:00:00+00:00
[2025-06-18 15:08:43,933] {standard_task_runner.py:52} INFO - Started process 15279 to run task
[2025-06-18 15:08:43,942] {standard_task_runner.py:76} INFO - Running: ['airflow', 'tasks', 'run', 'first_dag', 'third_task', '2024-12-07T00:00:00+00:00', '--job-id', '13341', '--pool', 'default_pool', '--raw', '--subdir', 'DAGS_FOLDER/first_dag.py', '--cfg-path', '/tmp/tmp0otai86u', '--error-file', '/tmp/tmpdvtdw_bm']
[2025-06-18 15:08:43,980] {standard_task_runner.py:77} INFO - Job 13341: Subtask third_task
[2025-06-18 15:08:44,188] {logging_mixin.py:104} INFO - Running <TaskInstance: first_dag.third_task 2024-12-07T00:00:00+00:00 [running]> on host 500dc4ac3a72
[2025-06-18 15:08:44,390] {taskinstance.py:1257} INFO - Exporting the following env vars:
AIRFLOW_CTX_DAG_OWNER=my_name
AIRFLOW_CTX_DAG_ID=first_dag
AIRFLOW_CTX_TASK_ID=third_task
AIRFLOW_CTX_EXECUTION_DATE=2024-12-07T00:00:00+00:00
AIRFLOW_CTX_DAG_RUN_ID=scheduled__2024-12-07T00:00:00+00:00
[2025-06-18 15:08:44,391] {bash.py:135} INFO - Tmp dir root location: 
 /tmp
[2025-06-18 15:08:44,402] {bash.py:158} INFO - Running command: echo "this is third task "
[2025-06-18 15:08:44,433] {bash.py:169} INFO - Output:
[2025-06-18 15:08:44,449] {bash.py:173} INFO - this is third task
[2025-06-18 15:08:44,450] {bash.py:177} INFO - Command exited with return code 0
[2025-06-18 15:08:44,605] {taskinstance.py:1166} INFO - Marking task as SUCCESS. dag_id=first_dag, task_id=third_task, execution_date=20241207T000000, start_date=20250618T150843, end_date=20250618T150844
[2025-06-18 15:08:44,832] {taskinstance.py:1220} INFO - 0 downstream tasks scheduled from follow-on schedule check
[2025-06-18 15:08:44,888] {local_task_job.py:146} INFO - Task exited with return code 0
