[2025-06-18 15:06:43,776] {taskinstance.py:851} INFO - Dependencies all met for <TaskInstance: first_dag.third_task 2024-02-26T00:00:00+00:00 [queued]>
[2025-06-18 15:06:43,804] {taskinstance.py:851} INFO - Dependencies all met for <TaskInstance: first_dag.third_task 2024-02-26T00:00:00+00:00 [queued]>
[2025-06-18 15:06:43,807] {taskinstance.py:1042} INFO - 
--------------------------------------------------------------------------------
[2025-06-18 15:06:43,808] {taskinstance.py:1043} INFO - Starting attempt 1 of 6
[2025-06-18 15:06:43,809] {taskinstance.py:1044} INFO - 
--------------------------------------------------------------------------------
[2025-06-18 15:06:43,852] {taskinstance.py:1063} INFO - Executing <Task(BashOperator): third_task> on 2024-02-26T00:00:00+00:00
[2025-06-18 15:06:43,863] {standard_task_runner.py:52} INFO - Started process 12424 to run task
[2025-06-18 15:06:43,876] {standard_task_runner.py:76} INFO - Running: ['airflow', 'tasks', 'run', 'first_dag', 'third_task', '2024-02-26T00:00:00+00:00', '--job-id', '12485', '--pool', 'default_pool', '--raw', '--subdir', 'DAGS_FOLDER/first_dag.py', '--cfg-path', '/tmp/tmp_9ibp8ss', '--error-file', '/tmp/tmp7_2eca1l']
[2025-06-18 15:06:43,883] {standard_task_runner.py:77} INFO - Job 12485: Subtask third_task
[2025-06-18 15:06:44,075] {logging_mixin.py:104} INFO - Running <TaskInstance: first_dag.third_task 2024-02-26T00:00:00+00:00 [running]> on host 500dc4ac3a72
[2025-06-18 15:06:44,289] {taskinstance.py:1257} INFO - Exporting the following env vars:
AIRFLOW_CTX_DAG_OWNER=my_name
AIRFLOW_CTX_DAG_ID=first_dag
AIRFLOW_CTX_TASK_ID=third_task
AIRFLOW_CTX_EXECUTION_DATE=2024-02-26T00:00:00+00:00
AIRFLOW_CTX_DAG_RUN_ID=scheduled__2024-02-26T00:00:00+00:00
[2025-06-18 15:06:44,290] {bash.py:135} INFO - Tmp dir root location: 
 /tmp
[2025-06-18 15:06:44,291] {bash.py:158} INFO - Running command: echo "this is third task "
[2025-06-18 15:06:44,306] {bash.py:169} INFO - Output:
[2025-06-18 15:06:44,309] {bash.py:173} INFO - this is third task
[2025-06-18 15:06:44,310] {bash.py:177} INFO - Command exited with return code 0
[2025-06-18 15:06:44,447] {taskinstance.py:1166} INFO - Marking task as SUCCESS. dag_id=first_dag, task_id=third_task, execution_date=20240226T000000, start_date=20250618T150643, end_date=20250618T150644
[2025-06-18 15:06:44,834] {taskinstance.py:1220} INFO - 0 downstream tasks scheduled from follow-on schedule check
[2025-06-18 15:06:44,868] {local_task_job.py:146} INFO - Task exited with return code 0
