[2025-06-17 15:47:52,968] {taskinstance.py:851} INFO - Dependencies all met for <TaskInstance: dag_with_taskflow_api_v02.get_name 2022-05-22T00:00:00+00:00 [queued]>
[2025-06-17 15:47:53,016] {taskinstance.py:851} INFO - Dependencies all met for <TaskInstance: dag_with_taskflow_api_v02.get_name 2022-05-22T00:00:00+00:00 [queued]>
[2025-06-17 15:47:53,020] {taskinstance.py:1042} INFO - 
--------------------------------------------------------------------------------
[2025-06-17 15:47:53,020] {taskinstance.py:1043} INFO - Starting attempt 1 of 6
[2025-06-17 15:47:53,021] {taskinstance.py:1044} INFO - 
--------------------------------------------------------------------------------
[2025-06-17 15:47:53,077] {taskinstance.py:1063} INFO - Executing <Task(_PythonDecoratedOperator): get_name> on 2022-05-22T00:00:00+00:00
[2025-06-17 15:47:53,113] {standard_task_runner.py:52} INFO - Started process 3545 to run task
[2025-06-17 15:47:53,143] {standard_task_runner.py:76} INFO - Running: ['airflow', 'tasks', 'run', 'dag_with_taskflow_api_v02', 'get_name', '2022-05-22T00:00:00+00:00', '--job-id', '1235', '--pool', 'default_pool', '--raw', '--subdir', 'DAGS_FOLDER/taskflow.py', '--cfg-path', '/tmp/tmpice4odb3', '--error-file', '/tmp/tmpi1ab9zky']
[2025-06-17 15:47:53,177] {standard_task_runner.py:77} INFO - Job 1235: Subtask get_name
[2025-06-17 15:47:53,506] {logging_mixin.py:104} INFO - Running <TaskInstance: dag_with_taskflow_api_v02.get_name 2022-05-22T00:00:00+00:00 [running]> on host 4f8b76136637
[2025-06-17 15:47:53,808] {taskinstance.py:1257} INFO - Exporting the following env vars:
AIRFLOW_CTX_DAG_OWNER=coder2j
AIRFLOW_CTX_DAG_ID=dag_with_taskflow_api_v02
AIRFLOW_CTX_TASK_ID=get_name
AIRFLOW_CTX_EXECUTION_DATE=2022-05-22T00:00:00+00:00
AIRFLOW_CTX_DAG_RUN_ID=scheduled__2022-05-22T00:00:00+00:00
[2025-06-17 15:47:54,436] {taskinstance.py:1166} INFO - Marking task as SUCCESS. dag_id=dag_with_taskflow_api_v02, task_id=get_name, execution_date=20220522T000000, start_date=20250617T154752, end_date=20250617T154754
[2025-06-17 15:47:55,114] {taskinstance.py:1220} INFO - 0 downstream tasks scheduled from follow-on schedule check
[2025-06-17 15:47:55,165] {local_task_job.py:146} INFO - Task exited with return code 0
