[2025-06-17 16:01:18,304] {taskinstance.py:851} INFO - Dependencies all met for <TaskInstance: dag_with_taskflow_api_v02.greet 2024-03-28T00:00:00+00:00 [queued]>
[2025-06-17 16:01:18,398] {taskinstance.py:851} INFO - Dependencies all met for <TaskInstance: dag_with_taskflow_api_v02.greet 2024-03-28T00:00:00+00:00 [queued]>
[2025-06-17 16:01:18,400] {taskinstance.py:1042} INFO - 
--------------------------------------------------------------------------------
[2025-06-17 16:01:18,402] {taskinstance.py:1043} INFO - Starting attempt 1 of 6
[2025-06-17 16:01:18,404] {taskinstance.py:1044} INFO - 
--------------------------------------------------------------------------------
[2025-06-17 16:01:18,465] {taskinstance.py:1063} INFO - Executing <Task(_PythonDecoratedOperator): greet> on 2024-03-28T00:00:00+00:00
[2025-06-17 16:01:18,481] {standard_task_runner.py:52} INFO - Started process 9799 to run task
[2025-06-17 16:01:18,505] {standard_task_runner.py:76} INFO - Running: ['airflow', 'tasks', 'run', 'dag_with_taskflow_api_v02', 'greet', '2024-03-28T00:00:00+00:00', '--job-id', '5312', '--pool', 'default_pool', '--raw', '--subdir', 'DAGS_FOLDER/taskflow.py', '--cfg-path', '/tmp/tmp8rqj294g', '--error-file', '/tmp/tmp7qyd4bf0']
[2025-06-17 16:01:18,516] {standard_task_runner.py:77} INFO - Job 5312: Subtask greet
[2025-06-17 16:01:18,773] {logging_mixin.py:104} INFO - Running <TaskInstance: dag_with_taskflow_api_v02.greet 2024-03-28T00:00:00+00:00 [running]> on host 4f8b76136637
[2025-06-17 16:01:19,213] {taskinstance.py:1257} INFO - Exporting the following env vars:
AIRFLOW_CTX_DAG_OWNER=coder2j
AIRFLOW_CTX_DAG_ID=dag_with_taskflow_api_v02
AIRFLOW_CTX_TASK_ID=greet
AIRFLOW_CTX_EXECUTION_DATE=2024-03-28T00:00:00+00:00
AIRFLOW_CTX_DAG_RUN_ID=scheduled__2024-03-28T00:00:00+00:00
[2025-06-17 16:01:19,214] {logging_mixin.py:104} INFO - Hello World! My name is Jerry Fridman and I am 19 years old!
[2025-06-17 16:01:19,339] {taskinstance.py:1166} INFO - Marking task as SUCCESS. dag_id=dag_with_taskflow_api_v02, task_id=greet, execution_date=20240328T000000, start_date=20250617T160118, end_date=20250617T160119
[2025-06-17 16:01:20,017] {taskinstance.py:1220} INFO - 0 downstream tasks scheduled from follow-on schedule check
[2025-06-17 16:01:20,074] {local_task_job.py:146} INFO - Task exited with return code 0
