[2025-06-17 15:47:53,319] {taskinstance.py:851} INFO - Dependencies all met for <TaskInstance: dag_with_taskflow_api_v02.get_age 2022-05-23T00:00:00+00:00 [queued]>
[2025-06-17 15:47:53,388] {taskinstance.py:851} INFO - Dependencies all met for <TaskInstance: dag_with_taskflow_api_v02.get_age 2022-05-23T00:00:00+00:00 [queued]>
[2025-06-17 15:47:53,389] {taskinstance.py:1042} INFO - 
--------------------------------------------------------------------------------
[2025-06-17 15:47:53,389] {taskinstance.py:1043} INFO - Starting attempt 1 of 6
[2025-06-17 15:47:53,389] {taskinstance.py:1044} INFO - 
--------------------------------------------------------------------------------
[2025-06-17 15:47:53,435] {taskinstance.py:1063} INFO - Executing <Task(_PythonDecoratedOperator): get_age> on 2022-05-23T00:00:00+00:00
[2025-06-17 15:47:53,442] {standard_task_runner.py:52} INFO - Started process 3548 to run task
[2025-06-17 15:47:53,457] {standard_task_runner.py:76} INFO - Running: ['airflow', 'tasks', 'run', 'dag_with_taskflow_api_v02', 'get_age', '2022-05-23T00:00:00+00:00', '--job-id', '1238', '--pool', 'default_pool', '--raw', '--subdir', 'DAGS_FOLDER/taskflow.py', '--cfg-path', '/tmp/tmpcimviaxf', '--error-file', '/tmp/tmphulk7k0l']
[2025-06-17 15:47:53,472] {standard_task_runner.py:77} INFO - Job 1238: Subtask get_age
[2025-06-17 15:47:53,958] {logging_mixin.py:104} INFO - Running <TaskInstance: dag_with_taskflow_api_v02.get_age 2022-05-23T00:00:00+00:00 [running]> on host 4f8b76136637
[2025-06-17 15:47:54,424] {taskinstance.py:1257} INFO - Exporting the following env vars:
AIRFLOW_CTX_DAG_OWNER=coder2j
AIRFLOW_CTX_DAG_ID=dag_with_taskflow_api_v02
AIRFLOW_CTX_TASK_ID=get_age
AIRFLOW_CTX_EXECUTION_DATE=2022-05-23T00:00:00+00:00
AIRFLOW_CTX_DAG_RUN_ID=scheduled__2022-05-23T00:00:00+00:00
[2025-06-17 15:47:54,587] {taskinstance.py:1166} INFO - Marking task as SUCCESS. dag_id=dag_with_taskflow_api_v02, task_id=get_age, execution_date=20220523T000000, start_date=20250617T154753, end_date=20250617T154754
[2025-06-17 15:47:55,176] {taskinstance.py:1220} INFO - 0 downstream tasks scheduled from follow-on schedule check
[2025-06-17 15:47:55,230] {local_task_job.py:146} INFO - Task exited with return code 0
