[2025-06-18 15:04:51,730] {taskinstance.py:851} INFO - Dependencies all met for <TaskInstance: first_dag.third_task 2023-07-16T00:00:00+00:00 [queued]>
[2025-06-18 15:04:51,754] {taskinstance.py:851} INFO - Dependencies all met for <TaskInstance: first_dag.third_task 2023-07-16T00:00:00+00:00 [queued]>
[2025-06-18 15:04:51,757] {taskinstance.py:1042} INFO - 
--------------------------------------------------------------------------------
[2025-06-18 15:04:51,759] {taskinstance.py:1043} INFO - Starting attempt 1 of 6
[2025-06-18 15:04:51,762] {taskinstance.py:1044} INFO - 
--------------------------------------------------------------------------------
[2025-06-18 15:04:51,800] {taskinstance.py:1063} INFO - Executing <Task(BashOperator): third_task> on 2023-07-16T00:00:00+00:00
[2025-06-18 15:04:51,807] {standard_task_runner.py:52} INFO - Started process 10144 to run task
[2025-06-18 15:04:51,823] {standard_task_runner.py:76} INFO - Running: ['airflow', 'tasks', 'run', 'first_dag', 'third_task', '2023-07-16T00:00:00+00:00', '--job-id', '11811', '--pool', 'default_pool', '--raw', '--subdir', 'DAGS_FOLDER/first_dag.py', '--cfg-path', '/tmp/tmpbtooey21', '--error-file', '/tmp/tmpvhrn_w8j']
[2025-06-18 15:04:51,833] {standard_task_runner.py:77} INFO - Job 11811: Subtask third_task
[2025-06-18 15:04:52,033] {logging_mixin.py:104} INFO - Running <TaskInstance: first_dag.third_task 2023-07-16T00:00:00+00:00 [running]> on host 500dc4ac3a72
[2025-06-18 15:04:52,302] {taskinstance.py:1257} INFO - Exporting the following env vars:
AIRFLOW_CTX_DAG_OWNER=my_name
AIRFLOW_CTX_DAG_ID=first_dag
AIRFLOW_CTX_TASK_ID=third_task
AIRFLOW_CTX_EXECUTION_DATE=2023-07-16T00:00:00+00:00
AIRFLOW_CTX_DAG_RUN_ID=scheduled__2023-07-16T00:00:00+00:00
[2025-06-18 15:04:52,304] {bash.py:135} INFO - Tmp dir root location: 
 /tmp
[2025-06-18 15:04:52,309] {bash.py:158} INFO - Running command: echo "this is third task "
[2025-06-18 15:04:52,347] {bash.py:169} INFO - Output:
[2025-06-18 15:04:52,348] {bash.py:173} INFO - this is third task
[2025-06-18 15:04:52,348] {bash.py:177} INFO - Command exited with return code 0
[2025-06-18 15:04:52,469] {taskinstance.py:1166} INFO - Marking task as SUCCESS. dag_id=first_dag, task_id=third_task, execution_date=20230716T000000, start_date=20250618T150451, end_date=20250618T150452
[2025-06-18 15:04:52,595] {taskinstance.py:1220} INFO - 0 downstream tasks scheduled from follow-on schedule check
[2025-06-18 15:04:52,630] {local_task_job.py:146} INFO - Task exited with return code 0
