[2025-06-18 16:17:31,313] {taskinstance.py:851} INFO - Dependencies all met for <TaskInstance: connect_postgres_dag.create_postgres_table 2022-11-07T00:00:00+00:00 [queued]>
[2025-06-18 16:17:31,361] {taskinstance.py:851} INFO - Dependencies all met for <TaskInstance: connect_postgres_dag.create_postgres_table 2022-11-07T00:00:00+00:00 [queued]>
[2025-06-18 16:17:31,362] {taskinstance.py:1042} INFO - 
--------------------------------------------------------------------------------
[2025-06-18 16:17:31,362] {taskinstance.py:1043} INFO - Starting attempt 1 of 6
[2025-06-18 16:17:31,362] {taskinstance.py:1044} INFO - 
--------------------------------------------------------------------------------
[2025-06-18 16:17:31,406] {taskinstance.py:1063} INFO - Executing <Task(PostgresOperator): create_postgres_table> on 2022-11-07T00:00:00+00:00
[2025-06-18 16:17:31,425] {standard_task_runner.py:52} INFO - Started process 28196 to run task
[2025-06-18 16:17:31,431] {standard_task_runner.py:76} INFO - Running: ['airflow', 'tasks', 'run', 'connect_postgres_dag', 'create_postgres_table', '2022-11-07T00:00:00+00:00', '--job-id', '14571', '--pool', 'default_pool', '--raw', '--subdir', 'DAGS_FOLDER/connect_postgres_dag.py', '--cfg-path', '/tmp/tmpap4e8g5q', '--error-file', '/tmp/tmp7hjlxho2']
[2025-06-18 16:17:31,435] {standard_task_runner.py:77} INFO - Job 14571: Subtask create_postgres_table
[2025-06-18 16:17:31,598] {logging_mixin.py:104} INFO - Running <TaskInstance: connect_postgres_dag.create_postgres_table 2022-11-07T00:00:00+00:00 [running]> on host 500dc4ac3a72
[2025-06-18 16:17:31,829] {taskinstance.py:1257} INFO - Exporting the following env vars:
AIRFLOW_CTX_DAG_OWNER=coder2j
AIRFLOW_CTX_DAG_ID=connect_postgres_dag
AIRFLOW_CTX_TASK_ID=create_postgres_table
AIRFLOW_CTX_EXECUTION_DATE=2022-11-07T00:00:00+00:00
AIRFLOW_CTX_DAG_RUN_ID=scheduled__2022-11-07T00:00:00+00:00
[2025-06-18 16:17:31,832] {postgres.py:69} INFO - Executing: 
            create table if not exists employee (
                "name" text,
                "age" integer,
                "salary" numeric
            )
        
[2025-06-18 16:17:31,862] {base.py:74} INFO - Using connection to: id: postgres_localhost. Host: postgres, Port: 5432, Schema: test, Login: airflow, Password: XXXXXXXX, extra: None
[2025-06-18 16:17:31,878] {dbapi.py:180} INFO - Running statement: 
            create table if not exists employee (
                "name" text,
                "age" integer,
                "salary" numeric
            )
        , parameters: None
[2025-06-18 16:17:31,880] {dbapi.py:186} INFO - Rows affected: -1
[2025-06-18 16:17:31,881] {postgres.py:73} INFO - NOTICE:  relation "employee" already exists, skipping

[2025-06-18 16:17:31,915] {taskinstance.py:1166} INFO - Marking task as SUCCESS. dag_id=connect_postgres_dag, task_id=create_postgres_table, execution_date=20221107T000000, start_date=20250618T161731, end_date=20250618T161731
[2025-06-18 16:17:32,154] {taskinstance.py:1220} INFO - 0 downstream tasks scheduled from follow-on schedule check
[2025-06-18 16:17:32,204] {local_task_job.py:146} INFO - Task exited with return code 0
