[2025-06-17 16:05:44,374] {taskinstance.py:851} INFO - Dependencies all met for <TaskInstance: dag_with_taskflow_api_v02.get_name 2025-01-25T00:00:00+00:00 [queued]>
[2025-06-17 16:05:44,480] {taskinstance.py:851} INFO - Dependencies all met for <TaskInstance: dag_with_taskflow_api_v02.get_name 2025-01-25T00:00:00+00:00 [queued]>
[2025-06-17 16:05:44,481] {taskinstance.py:1042} INFO - 
--------------------------------------------------------------------------------
[2025-06-17 16:05:44,481] {taskinstance.py:1043} INFO - Starting attempt 1 of 6
[2025-06-17 16:05:44,484] {taskinstance.py:1044} INFO - 
--------------------------------------------------------------------------------
[2025-06-17 16:05:44,561] {taskinstance.py:1063} INFO - Executing <Task(_PythonDecoratedOperator): get_name> on 2025-01-25T00:00:00+00:00
[2025-06-17 16:05:44,569] {standard_task_runner.py:52} INFO - Started process 14554 to run task
[2025-06-17 16:05:44,581] {standard_task_runner.py:76} INFO - Running: ['airflow', 'tasks', 'run', 'dag_with_taskflow_api_v02', 'get_name', '2025-01-25T00:00:00+00:00', '--job-id', '7114', '--pool', 'default_pool', '--raw', '--subdir', 'DAGS_FOLDER/taskflow.py', '--cfg-path', '/tmp/tmp50qncu92', '--error-file', '/tmp/tmp5xepng5o']
[2025-06-17 16:05:44,593] {standard_task_runner.py:77} INFO - Job 7114: Subtask get_name
[2025-06-17 16:05:44,715] {logging_mixin.py:104} INFO - Running <TaskInstance: dag_with_taskflow_api_v02.get_name 2025-01-25T00:00:00+00:00 [running]> on host 4f8b76136637
[2025-06-17 16:05:44,996] {taskinstance.py:1257} INFO - Exporting the following env vars:
AIRFLOW_CTX_DAG_OWNER=coder2j
AIRFLOW_CTX_DAG_ID=dag_with_taskflow_api_v02
AIRFLOW_CTX_TASK_ID=get_name
AIRFLOW_CTX_EXECUTION_DATE=2025-01-25T00:00:00+00:00
AIRFLOW_CTX_DAG_RUN_ID=scheduled__2025-01-25T00:00:00+00:00
[2025-06-17 16:05:45,287] {taskinstance.py:1166} INFO - Marking task as SUCCESS. dag_id=dag_with_taskflow_api_v02, task_id=get_name, execution_date=20250125T000000, start_date=20250617T160544, end_date=20250617T160545
[2025-06-17 16:05:45,556] {taskinstance.py:1220} INFO - 0 downstream tasks scheduled from follow-on schedule check
[2025-06-17 16:05:45,606] {local_task_job.py:146} INFO - Task exited with return code 0
