[2025-06-17 15:48:17,108] {taskinstance.py:851} INFO - Dependencies all met for <TaskInstance: dag_with_taskflow_api_v02.greet 2022-06-14T00:00:00+00:00 [queued]>
[2025-06-17 15:48:17,129] {taskinstance.py:851} INFO - Dependencies all met for <TaskInstance: dag_with_taskflow_api_v02.greet 2022-06-14T00:00:00+00:00 [queued]>
[2025-06-17 15:48:17,131] {taskinstance.py:1042} INFO - 
--------------------------------------------------------------------------------
[2025-06-17 15:48:17,134] {taskinstance.py:1043} INFO - Starting attempt 1 of 6
[2025-06-17 15:48:17,135] {taskinstance.py:1044} INFO - 
--------------------------------------------------------------------------------
[2025-06-17 15:48:17,185] {taskinstance.py:1063} INFO - Executing <Task(_PythonDecoratedOperator): greet> on 2022-06-14T00:00:00+00:00
[2025-06-17 15:48:17,202] {standard_task_runner.py:52} INFO - Started process 3958 to run task
[2025-06-17 15:48:17,220] {standard_task_runner.py:76} INFO - Running: ['airflow', 'tasks', 'run', 'dag_with_taskflow_api_v02', 'greet', '2022-06-14T00:00:00+00:00', '--job-id', '1394', '--pool', 'default_pool', '--raw', '--subdir', 'DAGS_FOLDER/taskflow.py', '--cfg-path', '/tmp/tmp2m2hh919', '--error-file', '/tmp/tmp4yfck_nl']
[2025-06-17 15:48:17,233] {standard_task_runner.py:77} INFO - Job 1394: Subtask greet
[2025-06-17 15:48:17,500] {logging_mixin.py:104} INFO - Running <TaskInstance: dag_with_taskflow_api_v02.greet 2022-06-14T00:00:00+00:00 [running]> on host 4f8b76136637
[2025-06-17 15:48:17,845] {taskinstance.py:1257} INFO - Exporting the following env vars:
AIRFLOW_CTX_DAG_OWNER=coder2j
AIRFLOW_CTX_DAG_ID=dag_with_taskflow_api_v02
AIRFLOW_CTX_TASK_ID=greet
AIRFLOW_CTX_EXECUTION_DATE=2022-06-14T00:00:00+00:00
AIRFLOW_CTX_DAG_RUN_ID=scheduled__2022-06-14T00:00:00+00:00
[2025-06-17 15:48:17,846] {logging_mixin.py:104} INFO - Hello World! My name is Jerry Fridman and I am 19 years old!
[2025-06-17 15:48:17,910] {taskinstance.py:1166} INFO - Marking task as SUCCESS. dag_id=dag_with_taskflow_api_v02, task_id=greet, execution_date=20220614T000000, start_date=20250617T154817, end_date=20250617T154817
[2025-06-17 15:48:18,097] {taskinstance.py:1220} INFO - 0 downstream tasks scheduled from follow-on schedule check
[2025-06-17 15:48:18,253] {local_task_job.py:146} INFO - Task exited with return code 0
