[2025-06-17 16:02:48,065] {taskinstance.py:851} INFO - Dependencies all met for <TaskInstance: our_first_dag_v5.first_task 2024-04-10T00:00:00+00:00 [queued]>
[2025-06-17 16:02:48,182] {taskinstance.py:851} INFO - Dependencies all met for <TaskInstance: our_first_dag_v5.first_task 2024-04-10T00:00:00+00:00 [queued]>
[2025-06-17 16:02:48,184] {taskinstance.py:1042} INFO - 
--------------------------------------------------------------------------------
[2025-06-17 16:02:48,184] {taskinstance.py:1043} INFO - Starting attempt 1 of 6
[2025-06-17 16:02:48,186] {taskinstance.py:1044} INFO - 
--------------------------------------------------------------------------------
[2025-06-17 16:02:48,341] {taskinstance.py:1063} INFO - Executing <Task(BashOperator): first_task> on 2024-04-10T00:00:00+00:00
[2025-06-17 16:02:48,357] {standard_task_runner.py:52} INFO - Started process 11446 to run task
[2025-06-17 16:02:48,407] {standard_task_runner.py:76} INFO - Running: ['airflow', 'tasks', 'run', 'our_first_dag_v5', 'first_task', '2024-04-10T00:00:00+00:00', '--job-id', '5935', '--pool', 'default_pool', '--raw', '--subdir', 'DAGS_FOLDER/first_dag.py', '--cfg-path', '/tmp/tmpod5ok4t2', '--error-file', '/tmp/tmpp5qrkzlo']
[2025-06-17 16:02:48,417] {standard_task_runner.py:77} INFO - Job 5935: Subtask first_task
[2025-06-17 16:02:48,708] {logging_mixin.py:104} INFO - Running <TaskInstance: our_first_dag_v5.first_task 2024-04-10T00:00:00+00:00 [running]> on host 4f8b76136637
[2025-06-17 16:02:49,214] {taskinstance.py:1257} INFO - Exporting the following env vars:
AIRFLOW_CTX_DAG_OWNER=coder2j
AIRFLOW_CTX_DAG_ID=our_first_dag_v5
AIRFLOW_CTX_TASK_ID=first_task
AIRFLOW_CTX_EXECUTION_DATE=2024-04-10T00:00:00+00:00
AIRFLOW_CTX_DAG_RUN_ID=scheduled__2024-04-10T00:00:00+00:00
[2025-06-17 16:02:49,215] {bash.py:135} INFO - Tmp dir root location: 
 /tmp
[2025-06-17 16:02:49,217] {bash.py:158} INFO - Running command: echo hello world, this is the first task!
[2025-06-17 16:02:49,248] {bash.py:169} INFO - Output:
[2025-06-17 16:02:49,256] {bash.py:173} INFO - hello world, this is the first task!
[2025-06-17 16:02:49,257] {bash.py:177} INFO - Command exited with return code 0
[2025-06-17 16:02:49,475] {taskinstance.py:1166} INFO - Marking task as SUCCESS. dag_id=our_first_dag_v5, task_id=first_task, execution_date=20240410T000000, start_date=20250617T160248, end_date=20250617T160249
[2025-06-17 16:02:49,702] {taskinstance.py:1220} INFO - 2 downstream tasks scheduled from follow-on schedule check
[2025-06-17 16:02:49,805] {local_task_job.py:146} INFO - Task exited with return code 0
