[2025-06-18 02:26:19,741] {taskinstance.py:851} INFO - Dependencies all met for <TaskInstance: dag_with_postgres_operator_v03.create_postgres_table 2022-06-01T00:00:00+00:00 [queued]>
[2025-06-18 02:26:19,775] {taskinstance.py:851} INFO - Dependencies all met for <TaskInstance: dag_with_postgres_operator_v03.create_postgres_table 2022-06-01T00:00:00+00:00 [queued]>
[2025-06-18 02:26:19,776] {taskinstance.py:1042} INFO - 
--------------------------------------------------------------------------------
[2025-06-18 02:26:19,776] {taskinstance.py:1043} INFO - Starting attempt 1 of 6
[2025-06-18 02:26:19,776] {taskinstance.py:1044} INFO - 
--------------------------------------------------------------------------------
[2025-06-18 02:26:19,797] {taskinstance.py:1063} INFO - Executing <Task(PostgresOperator): create_postgres_table> on 2022-06-01T00:00:00+00:00
[2025-06-18 02:26:19,802] {standard_task_runner.py:52} INFO - Started process 971 to run task
[2025-06-18 02:26:19,810] {standard_task_runner.py:76} INFO - Running: ['airflow', 'tasks', 'run', 'dag_with_postgres_operator_v03', 'create_postgres_table', '2022-06-01T00:00:00+00:00', '--job-id', '8480', '--pool', 'default_pool', '--raw', '--subdir', 'DAGS_FOLDER/connect_postgres.py', '--cfg-path', '/tmp/tmpigoj0ypx', '--error-file', '/tmp/tmp94lbe18x']
[2025-06-18 02:26:19,813] {standard_task_runner.py:77} INFO - Job 8480: Subtask create_postgres_table
[2025-06-18 02:26:19,903] {logging_mixin.py:104} INFO - Running <TaskInstance: dag_with_postgres_operator_v03.create_postgres_table 2022-06-01T00:00:00+00:00 [running]> on host d5e6667b8b51
[2025-06-18 02:26:19,998] {taskinstance.py:1257} INFO - Exporting the following env vars:
AIRFLOW_CTX_DAG_OWNER=coder2j
AIRFLOW_CTX_DAG_ID=dag_with_postgres_operator_v03
AIRFLOW_CTX_TASK_ID=create_postgres_table
AIRFLOW_CTX_EXECUTION_DATE=2022-06-01T00:00:00+00:00
AIRFLOW_CTX_DAG_RUN_ID=scheduled__2022-06-01T00:00:00+00:00
[2025-06-18 02:26:19,999] {postgres.py:69} INFO - Executing: 
            create table if not exists dag_runs (
                dt date,
                dag_id character varying,
                primary key (dt, dag_id)
            )
        
[2025-06-18 02:26:20,015] {base.py:74} INFO - Using connection to: id: postgres_localhost. Host: postgres, Port: 5432, Schema: test, Login: airflow, Password: XXXXXXXX, extra: None
[2025-06-18 02:26:20,024] {dbapi.py:180} INFO - Running statement: 
            create table if not exists dag_runs (
                dt date,
                dag_id character varying,
                primary key (dt, dag_id)
            )
        , parameters: None
[2025-06-18 02:26:20,026] {dbapi.py:186} INFO - Rows affected: -1
[2025-06-18 02:26:20,026] {postgres.py:73} INFO - NOTICE:  relation "dag_runs" already exists, skipping

[2025-06-18 02:26:20,066] {taskinstance.py:1166} INFO - Marking task as SUCCESS. dag_id=dag_with_postgres_operator_v03, task_id=create_postgres_table, execution_date=20220601T000000, start_date=20250618T022619, end_date=20250618T022620
[2025-06-18 02:26:20,199] {taskinstance.py:1220} INFO - 0 downstream tasks scheduled from follow-on schedule check
[2025-06-18 02:26:20,224] {local_task_job.py:146} INFO - Task exited with return code 0
