[2025-06-17 15:54:48,458] {taskinstance.py:851} INFO - Dependencies all met for <TaskInstance: our_first_dag_v5.first_task 2023-01-28T00:00:00+00:00 [queued]>
[2025-06-17 15:54:48,521] {taskinstance.py:851} INFO - Dependencies all met for <TaskInstance: our_first_dag_v5.first_task 2023-01-28T00:00:00+00:00 [queued]>
[2025-06-17 15:54:48,523] {taskinstance.py:1042} INFO - 
--------------------------------------------------------------------------------
[2025-06-17 15:54:48,524] {taskinstance.py:1043} INFO - Starting attempt 1 of 6
[2025-06-17 15:54:48,525] {taskinstance.py:1044} INFO - 
--------------------------------------------------------------------------------
[2025-06-17 15:54:48,571] {taskinstance.py:1063} INFO - Executing <Task(BashOperator): first_task> on 2023-01-28T00:00:00+00:00
[2025-06-17 15:54:48,584] {standard_task_runner.py:52} INFO - Started process 4441 to run task
[2025-06-17 15:54:48,608] {standard_task_runner.py:76} INFO - Running: ['airflow', 'tasks', 'run', 'our_first_dag_v5', 'first_task', '2023-01-28T00:00:00+00:00', '--job-id', '3310', '--pool', 'default_pool', '--raw', '--subdir', 'DAGS_FOLDER/first_dag.py', '--cfg-path', '/tmp/tmpsvgv_207', '--error-file', '/tmp/tmpw4az4g_2']
[2025-06-17 15:54:48,626] {standard_task_runner.py:77} INFO - Job 3310: Subtask first_task
[2025-06-17 15:54:48,953] {logging_mixin.py:104} INFO - Running <TaskInstance: our_first_dag_v5.first_task 2023-01-28T00:00:00+00:00 [running]> on host 4f8b76136637
[2025-06-17 15:54:49,302] {taskinstance.py:1257} INFO - Exporting the following env vars:
AIRFLOW_CTX_DAG_OWNER=coder2j
AIRFLOW_CTX_DAG_ID=our_first_dag_v5
AIRFLOW_CTX_TASK_ID=first_task
AIRFLOW_CTX_EXECUTION_DATE=2023-01-28T00:00:00+00:00
AIRFLOW_CTX_DAG_RUN_ID=scheduled__2023-01-28T00:00:00+00:00
[2025-06-17 15:54:49,303] {bash.py:135} INFO - Tmp dir root location: 
 /tmp
[2025-06-17 15:54:49,318] {bash.py:158} INFO - Running command: echo hello world, this is the first task!
[2025-06-17 15:54:49,404] {bash.py:169} INFO - Output:
[2025-06-17 15:54:49,406] {bash.py:173} INFO - hello world, this is the first task!
[2025-06-17 15:54:49,406] {bash.py:177} INFO - Command exited with return code 0
[2025-06-17 15:54:49,632] {taskinstance.py:1166} INFO - Marking task as SUCCESS. dag_id=our_first_dag_v5, task_id=first_task, execution_date=20230128T000000, start_date=20250617T155448, end_date=20250617T155449
[2025-06-17 15:54:50,044] {taskinstance.py:1220} INFO - 0 downstream tasks scheduled from follow-on schedule check
[2025-06-17 15:54:50,079] {local_task_job.py:146} INFO - Task exited with return code 0
