[2025-06-17 15:50:58,199] {taskinstance.py:851} INFO - Dependencies all met for <TaskInstance: dag_with_taskflow_api_v02.greet 2022-10-04T00:00:00+00:00 [queued]>
[2025-06-17 15:50:58,270] {taskinstance.py:851} INFO - Dependencies all met for <TaskInstance: dag_with_taskflow_api_v02.greet 2022-10-04T00:00:00+00:00 [queued]>
[2025-06-17 15:50:58,270] {taskinstance.py:1042} INFO - 
--------------------------------------------------------------------------------
[2025-06-17 15:50:58,272] {taskinstance.py:1043} INFO - Starting attempt 1 of 6
[2025-06-17 15:50:58,272] {taskinstance.py:1044} INFO - 
--------------------------------------------------------------------------------
[2025-06-17 15:50:58,299] {taskinstance.py:1063} INFO - Executing <Task(_PythonDecoratedOperator): greet> on 2022-10-04T00:00:00+00:00
[2025-06-17 15:50:58,324] {standard_task_runner.py:52} INFO - Started process 1109 to run task
[2025-06-17 15:50:58,335] {standard_task_runner.py:76} INFO - Running: ['airflow', 'tasks', 'run', 'dag_with_taskflow_api_v02', 'greet', '2022-10-04T00:00:00+00:00', '--job-id', '2061', '--pool', 'default_pool', '--raw', '--subdir', 'DAGS_FOLDER/taskflow.py', '--cfg-path', '/tmp/tmp76bf8a4e', '--error-file', '/tmp/tmpq8o_w8xl']
[2025-06-17 15:50:58,361] {standard_task_runner.py:77} INFO - Job 2061: Subtask greet
[2025-06-17 15:50:58,579] {logging_mixin.py:104} INFO - Running <TaskInstance: dag_with_taskflow_api_v02.greet 2022-10-04T00:00:00+00:00 [running]> on host 4f8b76136637
[2025-06-17 15:50:58,902] {taskinstance.py:1257} INFO - Exporting the following env vars:
AIRFLOW_CTX_DAG_OWNER=coder2j
AIRFLOW_CTX_DAG_ID=dag_with_taskflow_api_v02
AIRFLOW_CTX_TASK_ID=greet
AIRFLOW_CTX_EXECUTION_DATE=2022-10-04T00:00:00+00:00
AIRFLOW_CTX_DAG_RUN_ID=scheduled__2022-10-04T00:00:00+00:00
[2025-06-17 15:50:58,903] {logging_mixin.py:104} INFO - Hello World! My name is Jerry Fridman and I am 19 years old!
[2025-06-17 15:50:59,004] {taskinstance.py:1166} INFO - Marking task as SUCCESS. dag_id=dag_with_taskflow_api_v02, task_id=greet, execution_date=20221004T000000, start_date=20250617T155058, end_date=20250617T155059
[2025-06-17 15:50:59,648] {taskinstance.py:1220} INFO - 0 downstream tasks scheduled from follow-on schedule check
[2025-06-17 15:50:59,697] {local_task_job.py:146} INFO - Task exited with return code 0
