[2025-06-17 15:58:54,145] {taskinstance.py:851} INFO - Dependencies all met for <TaskInstance: dag_with_taskflow_api_v02.get_name 2023-12-03T00:00:00+00:00 [queued]>
[2025-06-17 15:58:54,276] {taskinstance.py:851} INFO - Dependencies all met for <TaskInstance: dag_with_taskflow_api_v02.get_name 2023-12-03T00:00:00+00:00 [queued]>
[2025-06-17 15:58:54,277] {taskinstance.py:1042} INFO - 
--------------------------------------------------------------------------------
[2025-06-17 15:58:54,277] {taskinstance.py:1043} INFO - Starting attempt 1 of 6
[2025-06-17 15:58:54,278] {taskinstance.py:1044} INFO - 
--------------------------------------------------------------------------------
[2025-06-17 15:58:54,320] {taskinstance.py:1063} INFO - Executing <Task(_PythonDecoratedOperator): get_name> on 2023-12-03T00:00:00+00:00
[2025-06-17 15:58:54,329] {standard_task_runner.py:52} INFO - Started process 7862 to run task
[2025-06-17 15:58:54,346] {standard_task_runner.py:76} INFO - Running: ['airflow', 'tasks', 'run', 'dag_with_taskflow_api_v02', 'get_name', '2023-12-03T00:00:00+00:00', '--job-id', '4595', '--pool', 'default_pool', '--raw', '--subdir', 'DAGS_FOLDER/taskflow.py', '--cfg-path', '/tmp/tmp8dur9k7b', '--error-file', '/tmp/tmp82h6eo87']
[2025-06-17 15:58:54,356] {standard_task_runner.py:77} INFO - Job 4595: Subtask get_name
[2025-06-17 15:58:54,563] {logging_mixin.py:104} INFO - Running <TaskInstance: dag_with_taskflow_api_v02.get_name 2023-12-03T00:00:00+00:00 [running]> on host 4f8b76136637
[2025-06-17 15:58:55,071] {taskinstance.py:1257} INFO - Exporting the following env vars:
AIRFLOW_CTX_DAG_OWNER=coder2j
AIRFLOW_CTX_DAG_ID=dag_with_taskflow_api_v02
AIRFLOW_CTX_TASK_ID=get_name
AIRFLOW_CTX_EXECUTION_DATE=2023-12-03T00:00:00+00:00
AIRFLOW_CTX_DAG_RUN_ID=scheduled__2023-12-03T00:00:00+00:00
[2025-06-17 15:58:55,489] {taskinstance.py:1166} INFO - Marking task as SUCCESS. dag_id=dag_with_taskflow_api_v02, task_id=get_name, execution_date=20231203T000000, start_date=20250617T155854, end_date=20250617T155855
[2025-06-17 15:58:55,684] {taskinstance.py:1220} INFO - 1 downstream tasks scheduled from follow-on schedule check
[2025-06-17 15:58:55,756] {local_task_job.py:146} INFO - Task exited with return code 0
