[2025-06-17 15:49:06,870] {taskinstance.py:851} INFO - Dependencies all met for <TaskInstance: our_first_dag_v5.first_task 2022-05-07T00:00:00+00:00 [queued]>
[2025-06-17 15:49:06,956] {taskinstance.py:851} INFO - Dependencies all met for <TaskInstance: our_first_dag_v5.first_task 2022-05-07T00:00:00+00:00 [queued]>
[2025-06-17 15:49:06,960] {taskinstance.py:1042} INFO - 
--------------------------------------------------------------------------------
[2025-06-17 15:49:06,964] {taskinstance.py:1043} INFO - Starting attempt 1 of 6
[2025-06-17 15:49:06,965] {taskinstance.py:1044} INFO - 
--------------------------------------------------------------------------------
[2025-06-17 15:49:07,113] {taskinstance.py:1063} INFO - Executing <Task(BashOperator): first_task> on 2022-05-07T00:00:00+00:00
[2025-06-17 15:49:07,138] {standard_task_runner.py:52} INFO - Started process 4758 to run task
[2025-06-17 15:49:07,162] {standard_task_runner.py:76} INFO - Running: ['airflow', 'tasks', 'run', 'our_first_dag_v5', 'first_task', '2022-05-07T00:00:00+00:00', '--job-id', '1698', '--pool', 'default_pool', '--raw', '--subdir', 'DAGS_FOLDER/first_dag.py', '--cfg-path', '/tmp/tmpt2sn51qo', '--error-file', '/tmp/tmpbkjhmmlp']
[2025-06-17 15:49:07,177] {standard_task_runner.py:77} INFO - Job 1698: Subtask first_task
[2025-06-17 15:49:07,398] {logging_mixin.py:104} INFO - Running <TaskInstance: our_first_dag_v5.first_task 2022-05-07T00:00:00+00:00 [running]> on host 4f8b76136637
[2025-06-17 15:49:07,831] {taskinstance.py:1257} INFO - Exporting the following env vars:
AIRFLOW_CTX_DAG_OWNER=coder2j
AIRFLOW_CTX_DAG_ID=our_first_dag_v5
AIRFLOW_CTX_TASK_ID=first_task
AIRFLOW_CTX_EXECUTION_DATE=2022-05-07T00:00:00+00:00
AIRFLOW_CTX_DAG_RUN_ID=scheduled__2022-05-07T00:00:00+00:00
[2025-06-17 15:49:07,839] {bash.py:135} INFO - Tmp dir root location: 
 /tmp
[2025-06-17 15:49:07,843] {bash.py:158} INFO - Running command: echo hello world, this is the first task!
[2025-06-17 15:49:07,888] {bash.py:169} INFO - Output:
[2025-06-17 15:49:07,895] {bash.py:173} INFO - hello world, this is the first task!
[2025-06-17 15:49:07,895] {bash.py:177} INFO - Command exited with return code 0
[2025-06-17 15:49:08,070] {taskinstance.py:1166} INFO - Marking task as SUCCESS. dag_id=our_first_dag_v5, task_id=first_task, execution_date=20220507T000000, start_date=20250617T154906, end_date=20250617T154908
[2025-06-17 15:49:08,603] {taskinstance.py:1220} INFO - 0 downstream tasks scheduled from follow-on schedule check
[2025-06-17 15:49:08,647] {local_task_job.py:146} INFO - Task exited with return code 0
[2025-06-17 15:49:08,986] {local_task_job.py:77} ERROR - Received SIGTERM. Terminating subprocesses
