[2025-06-17 16:05:40,500] {taskinstance.py:851} INFO - Dependencies all met for <TaskInstance: our_first_dag_v5.second_task 2024-10-17T00:00:00+00:00 [queued]>
[2025-06-17 16:05:40,601] {taskinstance.py:851} INFO - Dependencies all met for <TaskInstance: our_first_dag_v5.second_task 2024-10-17T00:00:00+00:00 [queued]>
[2025-06-17 16:05:40,601] {taskinstance.py:1042} INFO - 
--------------------------------------------------------------------------------
[2025-06-17 16:05:40,601] {taskinstance.py:1043} INFO - Starting attempt 1 of 6
[2025-06-17 16:05:40,601] {taskinstance.py:1044} INFO - 
--------------------------------------------------------------------------------
[2025-06-17 16:05:40,687] {taskinstance.py:1063} INFO - Executing <Task(BashOperator): second_task> on 2024-10-17T00:00:00+00:00
[2025-06-17 16:05:40,713] {standard_task_runner.py:52} INFO - Started process 14495 to run task
[2025-06-17 16:05:40,725] {standard_task_runner.py:76} INFO - Running: ['airflow', 'tasks', 'run', 'our_first_dag_v5', 'second_task', '2024-10-17T00:00:00+00:00', '--job-id', '7091', '--pool', 'default_pool', '--raw', '--subdir', 'DAGS_FOLDER/first_dag.py', '--cfg-path', '/tmp/tmpkzhl48pt', '--error-file', '/tmp/tmp3xvkmjqg']
[2025-06-17 16:05:40,731] {standard_task_runner.py:77} INFO - Job 7091: Subtask second_task
[2025-06-17 16:05:41,009] {logging_mixin.py:104} INFO - Running <TaskInstance: our_first_dag_v5.second_task 2024-10-17T00:00:00+00:00 [running]> on host 4f8b76136637
[2025-06-17 16:05:41,181] {taskinstance.py:1257} INFO - Exporting the following env vars:
AIRFLOW_CTX_DAG_OWNER=coder2j
AIRFLOW_CTX_DAG_ID=our_first_dag_v5
AIRFLOW_CTX_TASK_ID=second_task
AIRFLOW_CTX_EXECUTION_DATE=2024-10-17T00:00:00+00:00
AIRFLOW_CTX_DAG_RUN_ID=scheduled__2024-10-17T00:00:00+00:00
[2025-06-17 16:05:41,182] {bash.py:135} INFO - Tmp dir root location: 
 /tmp
[2025-06-17 16:05:41,184] {bash.py:158} INFO - Running command: echo hey, I am task2 and will be running after task1!
[2025-06-17 16:05:41,278] {bash.py:169} INFO - Output:
[2025-06-17 16:05:41,279] {bash.py:173} INFO - hey, I am task2 and will be running after task1!
[2025-06-17 16:05:41,280] {bash.py:177} INFO - Command exited with return code 0
[2025-06-17 16:05:41,563] {taskinstance.py:1166} INFO - Marking task as SUCCESS. dag_id=our_first_dag_v5, task_id=second_task, execution_date=20241017T000000, start_date=20250617T160540, end_date=20250617T160541
[2025-06-17 16:05:41,953] {taskinstance.py:1220} INFO - 0 downstream tasks scheduled from follow-on schedule check
[2025-06-17 16:05:42,042] {local_task_job.py:146} INFO - Task exited with return code 0
