[2025-06-18 15:03:41,696] {taskinstance.py:851} INFO - Dependencies all met for <TaskInstance: first_dag.second_task 2023-01-09T00:00:00+00:00 [queued]>
[2025-06-18 15:03:41,729] {taskinstance.py:851} INFO - Dependencies all met for <TaskInstance: first_dag.second_task 2023-01-09T00:00:00+00:00 [queued]>
[2025-06-18 15:03:41,730] {taskinstance.py:1042} INFO - 
--------------------------------------------------------------------------------
[2025-06-18 15:03:41,730] {taskinstance.py:1043} INFO - Starting attempt 1 of 6
[2025-06-18 15:03:41,731] {taskinstance.py:1044} INFO - 
--------------------------------------------------------------------------------
[2025-06-18 15:03:41,788] {taskinstance.py:1063} INFO - Executing <Task(BashOperator): second_task> on 2023-01-09T00:00:00+00:00
[2025-06-18 15:03:41,831] {standard_task_runner.py:52} INFO - Started process 8277 to run task
[2025-06-18 15:03:41,827] {standard_task_runner.py:76} INFO - Running: ['airflow', 'tasks', 'run', 'first_dag', 'second_task', '2023-01-09T00:00:00+00:00', '--job-id', '11243', '--pool', 'default_pool', '--raw', '--subdir', 'DAGS_FOLDER/first_dag.py', '--cfg-path', '/tmp/tmpult5a4ys', '--error-file', '/tmp/tmpvs85mx2k']
[2025-06-18 15:03:41,838] {standard_task_runner.py:77} INFO - Job 11243: Subtask second_task
[2025-06-18 15:03:42,043] {logging_mixin.py:104} INFO - Running <TaskInstance: first_dag.second_task 2023-01-09T00:00:00+00:00 [running]> on host 500dc4ac3a72
[2025-06-18 15:03:42,227] {taskinstance.py:1257} INFO - Exporting the following env vars:
AIRFLOW_CTX_DAG_OWNER=my_name
AIRFLOW_CTX_DAG_ID=first_dag
AIRFLOW_CTX_TASK_ID=second_task
AIRFLOW_CTX_EXECUTION_DATE=2023-01-09T00:00:00+00:00
AIRFLOW_CTX_DAG_RUN_ID=scheduled__2023-01-09T00:00:00+00:00
[2025-06-18 15:03:42,232] {bash.py:135} INFO - Tmp dir root location: 
 /tmp
[2025-06-18 15:03:42,233] {bash.py:158} INFO - Running command: echo "this is sencond task "
[2025-06-18 15:03:42,251] {bash.py:169} INFO - Output:
[2025-06-18 15:03:42,257] {bash.py:173} INFO - this is sencond task
[2025-06-18 15:03:42,258] {bash.py:177} INFO - Command exited with return code 0
[2025-06-18 15:03:42,361] {taskinstance.py:1166} INFO - Marking task as SUCCESS. dag_id=first_dag, task_id=second_task, execution_date=20230109T000000, start_date=20250618T150341, end_date=20250618T150342
[2025-06-18 15:03:42,488] {taskinstance.py:1220} INFO - 0 downstream tasks scheduled from follow-on schedule check
[2025-06-18 15:03:42,555] {local_task_job.py:146} INFO - Task exited with return code 0
