[2025-06-18 15:03:16,241] {taskinstance.py:851} INFO - Dependencies all met for <TaskInstance: first_dag.third_task 2022-11-08T00:00:00+00:00 [queued]>
[2025-06-18 15:03:16,330] {taskinstance.py:851} INFO - Dependencies all met for <TaskInstance: first_dag.third_task 2022-11-08T00:00:00+00:00 [queued]>
[2025-06-18 15:03:16,331] {taskinstance.py:1042} INFO - 
--------------------------------------------------------------------------------
[2025-06-18 15:03:16,331] {taskinstance.py:1043} INFO - Starting attempt 1 of 6
[2025-06-18 15:03:16,331] {taskinstance.py:1044} INFO - 
--------------------------------------------------------------------------------
[2025-06-18 15:03:16,398] {taskinstance.py:1063} INFO - Executing <Task(BashOperator): third_task> on 2022-11-08T00:00:00+00:00
[2025-06-18 15:03:16,420] {standard_task_runner.py:52} INFO - Started process 7683 to run task
[2025-06-18 15:03:16,447] {standard_task_runner.py:76} INFO - Running: ['airflow', 'tasks', 'run', 'first_dag', 'third_task', '2022-11-08T00:00:00+00:00', '--job-id', '11064', '--pool', 'default_pool', '--raw', '--subdir', 'DAGS_FOLDER/first_dag.py', '--cfg-path', '/tmp/tmpjebi3gn1', '--error-file', '/tmp/tmpdf0l8_y_']
[2025-06-18 15:03:16,458] {standard_task_runner.py:77} INFO - Job 11064: Subtask third_task
[2025-06-18 15:03:16,634] {logging_mixin.py:104} INFO - Running <TaskInstance: first_dag.third_task 2022-11-08T00:00:00+00:00 [running]> on host 500dc4ac3a72
[2025-06-18 15:03:17,005] {taskinstance.py:1257} INFO - Exporting the following env vars:
AIRFLOW_CTX_DAG_OWNER=my_name
AIRFLOW_CTX_DAG_ID=first_dag
AIRFLOW_CTX_TASK_ID=third_task
AIRFLOW_CTX_EXECUTION_DATE=2022-11-08T00:00:00+00:00
AIRFLOW_CTX_DAG_RUN_ID=scheduled__2022-11-08T00:00:00+00:00
[2025-06-18 15:03:17,006] {bash.py:135} INFO - Tmp dir root location: 
 /tmp
[2025-06-18 15:03:17,009] {bash.py:158} INFO - Running command: echo "this is third task "
[2025-06-18 15:03:17,065] {bash.py:169} INFO - Output:
[2025-06-18 15:03:17,068] {bash.py:173} INFO - this is third task
[2025-06-18 15:03:17,069] {bash.py:177} INFO - Command exited with return code 0
[2025-06-18 15:03:17,322] {taskinstance.py:1166} INFO - Marking task as SUCCESS. dag_id=first_dag, task_id=third_task, execution_date=20221108T000000, start_date=20250618T150316, end_date=20250618T150317
[2025-06-18 15:03:17,686] {taskinstance.py:1220} INFO - 0 downstream tasks scheduled from follow-on schedule check
[2025-06-18 15:03:17,726] {local_task_job.py:146} INFO - Task exited with return code 0
