[2025-06-17 15:52:56,464] {taskinstance.py:851} INFO - Dependencies all met for <TaskInstance: dag_with_taskflow_api_v02.get_name 2023-01-15T00:00:00+00:00 [queued]>
[2025-06-17 15:52:56,630] {taskinstance.py:851} INFO - Dependencies all met for <TaskInstance: dag_with_taskflow_api_v02.get_name 2023-01-15T00:00:00+00:00 [queued]>
[2025-06-17 15:52:56,631] {taskinstance.py:1042} INFO - 
--------------------------------------------------------------------------------
[2025-06-17 15:52:56,631] {taskinstance.py:1043} INFO - Starting attempt 1 of 6
[2025-06-17 15:52:56,631] {taskinstance.py:1044} INFO - 
--------------------------------------------------------------------------------
[2025-06-17 15:52:56,779] {taskinstance.py:1063} INFO - Executing <Task(_PythonDecoratedOperator): get_name> on 2023-01-15T00:00:00+00:00
[2025-06-17 15:52:56,796] {standard_task_runner.py:52} INFO - Started process 2722 to run task
[2025-06-17 15:52:56,921] {standard_task_runner.py:76} INFO - Running: ['airflow', 'tasks', 'run', 'dag_with_taskflow_api_v02', 'get_name', '2023-01-15T00:00:00+00:00', '--job-id', '2662', '--pool', 'default_pool', '--raw', '--subdir', 'DAGS_FOLDER/taskflow.py', '--cfg-path', '/tmp/tmpaoyyn0bv', '--error-file', '/tmp/tmpzk1j2s1u']
[2025-06-17 15:52:56,975] {standard_task_runner.py:77} INFO - Job 2662: Subtask get_name
[2025-06-17 15:52:57,408] {logging_mixin.py:104} INFO - Running <TaskInstance: dag_with_taskflow_api_v02.get_name 2023-01-15T00:00:00+00:00 [running]> on host 4f8b76136637
[2025-06-17 15:52:57,899] {taskinstance.py:1257} INFO - Exporting the following env vars:
AIRFLOW_CTX_DAG_OWNER=coder2j
AIRFLOW_CTX_DAG_ID=dag_with_taskflow_api_v02
AIRFLOW_CTX_TASK_ID=get_name
AIRFLOW_CTX_EXECUTION_DATE=2023-01-15T00:00:00+00:00
AIRFLOW_CTX_DAG_RUN_ID=scheduled__2023-01-15T00:00:00+00:00
[2025-06-17 15:52:58,705] {taskinstance.py:1166} INFO - Marking task as SUCCESS. dag_id=dag_with_taskflow_api_v02, task_id=get_name, execution_date=20230115T000000, start_date=20250617T155256, end_date=20250617T155258
[2025-06-17 15:52:59,309] {taskinstance.py:1220} INFO - 1 downstream tasks scheduled from follow-on schedule check
[2025-06-17 15:52:59,441] {local_task_job.py:146} INFO - Task exited with return code 0
