[2025-06-17 15:58:39,896] {taskinstance.py:851} INFO - Dependencies all met for <TaskInstance: dag_with_taskflow_api_v02.greet 2023-11-17T00:00:00+00:00 [queued]>
[2025-06-17 15:58:40,058] {taskinstance.py:851} INFO - Dependencies all met for <TaskInstance: dag_with_taskflow_api_v02.greet 2023-11-17T00:00:00+00:00 [queued]>
[2025-06-17 15:58:40,058] {taskinstance.py:1042} INFO - 
--------------------------------------------------------------------------------
[2025-06-17 15:58:40,058] {taskinstance.py:1043} INFO - Starting attempt 1 of 6
[2025-06-17 15:58:40,058] {taskinstance.py:1044} INFO - 
--------------------------------------------------------------------------------
[2025-06-17 15:58:40,192] {taskinstance.py:1063} INFO - Executing <Task(_PythonDecoratedOperator): greet> on 2023-11-17T00:00:00+00:00
[2025-06-17 15:58:40,210] {standard_task_runner.py:52} INFO - Started process 7692 to run task
[2025-06-17 15:58:40,225] {standard_task_runner.py:76} INFO - Running: ['airflow', 'tasks', 'run', 'dag_with_taskflow_api_v02', 'greet', '2023-11-17T00:00:00+00:00', '--job-id', '4527', '--pool', 'default_pool', '--raw', '--subdir', 'DAGS_FOLDER/taskflow.py', '--cfg-path', '/tmp/tmpn3it026j', '--error-file', '/tmp/tmpgqp4f6ur']
[2025-06-17 15:58:40,249] {standard_task_runner.py:77} INFO - Job 4527: Subtask greet
[2025-06-17 15:58:40,667] {logging_mixin.py:104} INFO - Running <TaskInstance: dag_with_taskflow_api_v02.greet 2023-11-17T00:00:00+00:00 [running]> on host 4f8b76136637
[2025-06-17 15:58:41,276] {taskinstance.py:1257} INFO - Exporting the following env vars:
AIRFLOW_CTX_DAG_OWNER=coder2j
AIRFLOW_CTX_DAG_ID=dag_with_taskflow_api_v02
AIRFLOW_CTX_TASK_ID=greet
AIRFLOW_CTX_EXECUTION_DATE=2023-11-17T00:00:00+00:00
AIRFLOW_CTX_DAG_RUN_ID=scheduled__2023-11-17T00:00:00+00:00
[2025-06-17 15:58:41,278] {logging_mixin.py:104} INFO - Hello World! My name is Jerry Fridman and I am 19 years old!
[2025-06-17 15:58:41,393] {taskinstance.py:1166} INFO - Marking task as SUCCESS. dag_id=dag_with_taskflow_api_v02, task_id=greet, execution_date=20231117T000000, start_date=20250617T155839, end_date=20250617T155841
[2025-06-17 15:58:42,153] {taskinstance.py:1220} INFO - 0 downstream tasks scheduled from follow-on schedule check
[2025-06-17 15:58:42,252] {local_task_job.py:146} INFO - Task exited with return code 0
