[2025-06-18 15:00:35,142] {taskinstance.py:851} INFO - Dependencies all met for <TaskInstance: first_dag.first_task 2021-11-10T00:00:00+00:00 [queued]>
[2025-06-18 15:00:35,168] {taskinstance.py:851} INFO - Dependencies all met for <TaskInstance: first_dag.first_task 2021-11-10T00:00:00+00:00 [queued]>
[2025-06-18 15:00:35,169] {taskinstance.py:1042} INFO - 
--------------------------------------------------------------------------------
[2025-06-18 15:00:35,170] {taskinstance.py:1043} INFO - Starting attempt 1 of 6
[2025-06-18 15:00:35,170] {taskinstance.py:1044} INFO - 
--------------------------------------------------------------------------------
[2025-06-18 15:00:34,708] {taskinstance.py:1063} INFO - Executing <Task(BashOperator): first_task> on 2021-11-10T00:00:00+00:00
[2025-06-18 15:00:34,719] {standard_task_runner.py:52} INFO - Started process 3984 to run task
[2025-06-18 15:00:34,741] {standard_task_runner.py:76} INFO - Running: ['airflow', 'tasks', 'run', 'first_dag', 'first_task', '2021-11-10T00:00:00+00:00', '--job-id', '9956', '--pool', 'default_pool', '--raw', '--subdir', 'DAGS_FOLDER/first_dag.py', '--cfg-path', '/tmp/tmppi778t6p', '--error-file', '/tmp/tmpofogs0u9']
[2025-06-18 15:00:34,746] {standard_task_runner.py:77} INFO - Job 9956: Subtask first_task
[2025-06-18 15:00:34,939] {logging_mixin.py:104} INFO - Running <TaskInstance: first_dag.first_task 2021-11-10T00:00:00+00:00 [running]> on host 500dc4ac3a72
[2025-06-18 15:00:35,116] {taskinstance.py:1257} INFO - Exporting the following env vars:
AIRFLOW_CTX_DAG_OWNER=coder2j
AIRFLOW_CTX_DAG_ID=first_dag
AIRFLOW_CTX_TASK_ID=first_task
AIRFLOW_CTX_EXECUTION_DATE=2021-11-10T00:00:00+00:00
AIRFLOW_CTX_DAG_RUN_ID=scheduled__2021-11-10T00:00:00+00:00
[2025-06-18 15:00:35,117] {bash.py:135} INFO - Tmp dir root location: 
 /tmp
[2025-06-18 15:00:35,126] {bash.py:158} INFO - Running command: echo "this is my first task and I will run first! "
[2025-06-18 15:00:35,155] {bash.py:169} INFO - Output:
[2025-06-18 15:00:35,160] {bash.py:173} INFO - this is my first task and I will run first!
[2025-06-18 15:00:35,161] {bash.py:177} INFO - Command exited with return code 0
[2025-06-18 15:00:35,305] {taskinstance.py:1166} INFO - Marking task as SUCCESS. dag_id=first_dag, task_id=first_task, execution_date=20211110T000000, start_date=20250618T150035, end_date=20250618T150035
[2025-06-18 15:00:34,555] {taskinstance.py:1220} INFO - 2 downstream tasks scheduled from follow-on schedule check
[2025-06-18 15:00:34,613] {local_task_job.py:146} INFO - Task exited with return code 0
