[2025-06-17 15:48:32,464] {taskinstance.py:851} INFO - Dependencies all met for <TaskInstance: dag_with_taskflow_api_v02.greet 2022-06-29T00:00:00+00:00 [queued]>
[2025-06-17 15:48:32,523] {taskinstance.py:851} INFO - Dependencies all met for <TaskInstance: dag_with_taskflow_api_v02.greet 2022-06-29T00:00:00+00:00 [queued]>
[2025-06-17 15:48:32,530] {taskinstance.py:1042} INFO - 
--------------------------------------------------------------------------------
[2025-06-17 15:48:32,531] {taskinstance.py:1043} INFO - Starting attempt 1 of 6
[2025-06-17 15:48:32,531] {taskinstance.py:1044} INFO - 
--------------------------------------------------------------------------------
[2025-06-17 15:48:32,659] {taskinstance.py:1063} INFO - Executing <Task(_PythonDecoratedOperator): greet> on 2022-06-29T00:00:00+00:00
[2025-06-17 15:48:32,687] {standard_task_runner.py:52} INFO - Started process 4178 to run task
[2025-06-17 15:48:32,773] {standard_task_runner.py:76} INFO - Running: ['airflow', 'tasks', 'run', 'dag_with_taskflow_api_v02', 'greet', '2022-06-29T00:00:00+00:00', '--job-id', '1475', '--pool', 'default_pool', '--raw', '--subdir', 'DAGS_FOLDER/taskflow.py', '--cfg-path', '/tmp/tmpztpqppmq', '--error-file', '/tmp/tmp9hc0v0s_']
[2025-06-17 15:48:32,800] {standard_task_runner.py:77} INFO - Job 1475: Subtask greet
[2025-06-17 15:48:33,135] {logging_mixin.py:104} INFO - Running <TaskInstance: dag_with_taskflow_api_v02.greet 2022-06-29T00:00:00+00:00 [running]> on host 4f8b76136637
[2025-06-17 15:48:33,591] {taskinstance.py:1257} INFO - Exporting the following env vars:
AIRFLOW_CTX_DAG_OWNER=coder2j
AIRFLOW_CTX_DAG_ID=dag_with_taskflow_api_v02
AIRFLOW_CTX_TASK_ID=greet
AIRFLOW_CTX_EXECUTION_DATE=2022-06-29T00:00:00+00:00
AIRFLOW_CTX_DAG_RUN_ID=scheduled__2022-06-29T00:00:00+00:00
[2025-06-17 15:48:33,592] {logging_mixin.py:104} INFO - Hello World! My name is Jerry Fridman and I am 19 years old!
[2025-06-17 15:48:33,679] {taskinstance.py:1166} INFO - Marking task as SUCCESS. dag_id=dag_with_taskflow_api_v02, task_id=greet, execution_date=20220629T000000, start_date=20250617T154832, end_date=20250617T154833
[2025-06-17 15:48:34,301] {taskinstance.py:1220} INFO - 0 downstream tasks scheduled from follow-on schedule check
[2025-06-17 15:48:34,400] {local_task_job.py:146} INFO - Task exited with return code 0
