[2025-06-18 02:27:47,687] {taskinstance.py:851} INFO - Dependencies all met for <TaskInstance: dag_with_postgres_operator_v03.create_postgres_table 2023-07-26T00:00:00+00:00 [queued]>
[2025-06-18 02:27:47,722] {taskinstance.py:851} INFO - Dependencies all met for <TaskInstance: dag_with_postgres_operator_v03.create_postgres_table 2023-07-26T00:00:00+00:00 [queued]>
[2025-06-18 02:27:47,723] {taskinstance.py:1042} INFO - 
--------------------------------------------------------------------------------
[2025-06-18 02:27:47,723] {taskinstance.py:1043} INFO - Starting attempt 1 of 6
[2025-06-18 02:27:47,723] {taskinstance.py:1044} INFO - 
--------------------------------------------------------------------------------
[2025-06-18 02:27:47,757] {taskinstance.py:1063} INFO - Executing <Task(PostgresOperator): create_postgres_table> on 2023-07-26T00:00:00+00:00
[2025-06-18 02:27:47,766] {standard_task_runner.py:52} INFO - Started process 2012 to run task
[2025-06-18 02:27:47,778] {standard_task_runner.py:76} INFO - Running: ['airflow', 'tasks', 'run', 'dag_with_postgres_operator_v03', 'create_postgres_table', '2023-07-26T00:00:00+00:00', '--job-id', '8900', '--pool', 'default_pool', '--raw', '--subdir', 'DAGS_FOLDER/connect_postgres.py', '--cfg-path', '/tmp/tmptmvqvmbs', '--error-file', '/tmp/tmp7rp5s0h9']
[2025-06-18 02:27:47,787] {standard_task_runner.py:77} INFO - Job 8900: Subtask create_postgres_table
[2025-06-18 02:27:47,905] {logging_mixin.py:104} INFO - Running <TaskInstance: dag_with_postgres_operator_v03.create_postgres_table 2023-07-26T00:00:00+00:00 [running]> on host d5e6667b8b51
[2025-06-18 02:27:48,029] {taskinstance.py:1257} INFO - Exporting the following env vars:
AIRFLOW_CTX_DAG_OWNER=coder2j
AIRFLOW_CTX_DAG_ID=dag_with_postgres_operator_v03
AIRFLOW_CTX_TASK_ID=create_postgres_table
AIRFLOW_CTX_EXECUTION_DATE=2023-07-26T00:00:00+00:00
AIRFLOW_CTX_DAG_RUN_ID=scheduled__2023-07-26T00:00:00+00:00
[2025-06-18 02:27:48,030] {postgres.py:69} INFO - Executing: 
            create table if not exists dag_runs (
                dt date,
                dag_id character varying,
                primary key (dt, dag_id)
            )
        
[2025-06-18 02:27:48,052] {base.py:74} INFO - Using connection to: id: postgres_localhost. Host: postgres, Port: 5432, Schema: test, Login: airflow, Password: XXXXXXXX, extra: None
[2025-06-18 02:27:48,062] {dbapi.py:180} INFO - Running statement: 
            create table if not exists dag_runs (
                dt date,
                dag_id character varying,
                primary key (dt, dag_id)
            )
        , parameters: None
[2025-06-18 02:27:48,064] {dbapi.py:186} INFO - Rows affected: -1
[2025-06-18 02:27:48,066] {postgres.py:73} INFO - NOTICE:  relation "dag_runs" already exists, skipping

[2025-06-18 02:27:48,093] {taskinstance.py:1166} INFO - Marking task as SUCCESS. dag_id=dag_with_postgres_operator_v03, task_id=create_postgres_table, execution_date=20230726T000000, start_date=20250618T022747, end_date=20250618T022748
[2025-06-18 02:27:48,301] {taskinstance.py:1220} INFO - 0 downstream tasks scheduled from follow-on schedule check
[2025-06-18 02:27:48,351] {local_task_job.py:146} INFO - Task exited with return code 0
