[2025-06-18 14:59:19,632] {taskinstance.py:851} INFO - Dependencies all met for <TaskInstance: first_dag.third_task 2021-08-16T00:00:00+00:00 [queued]>
[2025-06-18 14:59:19,658] {taskinstance.py:851} INFO - Dependencies all met for <TaskInstance: first_dag.third_task 2021-08-16T00:00:00+00:00 [queued]>
[2025-06-18 14:59:19,659] {taskinstance.py:1042} INFO - 
--------------------------------------------------------------------------------
[2025-06-18 14:59:19,659] {taskinstance.py:1043} INFO - Starting attempt 1 of 6
[2025-06-18 14:59:19,659] {taskinstance.py:1044} INFO - 
--------------------------------------------------------------------------------
[2025-06-18 14:59:19,687] {taskinstance.py:1063} INFO - Executing <Task(BashOperator): third_task> on 2021-08-16T00:00:00+00:00
[2025-06-18 14:59:19,691] {standard_task_runner.py:52} INFO - Started process 3016 to run task
[2025-06-18 14:59:19,697] {standard_task_runner.py:76} INFO - Running: ['airflow', 'tasks', 'run', 'first_dag', 'third_task', '2021-08-16T00:00:00+00:00', '--job-id', '9691', '--pool', 'default_pool', '--raw', '--subdir', 'DAGS_FOLDER/first_dag.py', '--cfg-path', '/tmp/tmpv5__pfkq', '--error-file', '/tmp/tmpmi0zedaj']
[2025-06-18 14:59:19,700] {standard_task_runner.py:77} INFO - Job 9691: Subtask third_task
[2025-06-18 14:59:19,770] {logging_mixin.py:104} INFO - Running <TaskInstance: first_dag.third_task 2021-08-16T00:00:00+00:00 [running]> on host 500dc4ac3a72
[2025-06-18 14:59:19,831] {taskinstance.py:1257} INFO - Exporting the following env vars:
AIRFLOW_CTX_DAG_OWNER=coder2j
AIRFLOW_CTX_DAG_ID=first_dag
AIRFLOW_CTX_TASK_ID=third_task
AIRFLOW_CTX_EXECUTION_DATE=2021-08-16T00:00:00+00:00
AIRFLOW_CTX_DAG_RUN_ID=scheduled__2021-08-16T00:00:00+00:00
[2025-06-18 14:59:19,832] {bash.py:135} INFO - Tmp dir root location: 
 /tmp
[2025-06-18 14:59:19,833] {bash.py:158} INFO - Running command: echo "this is third task "
[2025-06-18 14:59:19,843] {bash.py:169} INFO - Output:
[2025-06-18 14:59:19,844] {bash.py:173} INFO - this is third task
[2025-06-18 14:59:19,845] {bash.py:177} INFO - Command exited with return code 0
[2025-06-18 14:59:19,897] {taskinstance.py:1166} INFO - Marking task as SUCCESS. dag_id=first_dag, task_id=third_task, execution_date=20210816T000000, start_date=20250618T145919, end_date=20250618T145919
[2025-06-18 14:59:19,929] {taskinstance.py:1220} INFO - 0 downstream tasks scheduled from follow-on schedule check
[2025-06-18 14:59:19,950] {local_task_job.py:146} INFO - Task exited with return code 0
