[2025-06-17 15:44:49,646] {taskinstance.py:851} INFO - Dependencies all met for <TaskInstance: dag_with_taskflow_api_v02.get_name 2021-11-28T00:00:00+00:00 [queued]>
[2025-06-17 15:44:49,735] {taskinstance.py:851} INFO - Dependencies all met for <TaskInstance: dag_with_taskflow_api_v02.get_name 2021-11-28T00:00:00+00:00 [queued]>
[2025-06-17 15:44:49,736] {taskinstance.py:1042} INFO - 
--------------------------------------------------------------------------------
[2025-06-17 15:44:49,736] {taskinstance.py:1043} INFO - Starting attempt 1 of 6
[2025-06-17 15:44:49,736] {taskinstance.py:1044} INFO - 
--------------------------------------------------------------------------------
[2025-06-17 15:44:49,895] {taskinstance.py:1063} INFO - Executing <Task(_PythonDecoratedOperator): get_name> on 2021-11-28T00:00:00+00:00
[2025-06-17 15:44:49,957] {standard_task_runner.py:52} INFO - Started process 750 to run task
[2025-06-17 15:44:49,968] {standard_task_runner.py:76} INFO - Running: ['airflow', 'tasks', 'run', 'dag_with_taskflow_api_v02', 'get_name', '2021-11-28T00:00:00+00:00', '--job-id', '184', '--pool', 'default_pool', '--raw', '--subdir', 'DAGS_FOLDER/taskflow.py', '--cfg-path', '/tmp/tmp5zlok0sg', '--error-file', '/tmp/tmpyxc1392x']
[2025-06-17 15:44:50,001] {standard_task_runner.py:77} INFO - Job 184: Subtask get_name
[2025-06-17 15:44:50,333] {logging_mixin.py:104} INFO - Running <TaskInstance: dag_with_taskflow_api_v02.get_name 2021-11-28T00:00:00+00:00 [running]> on host 4f8b76136637
[2025-06-17 15:44:50,742] {taskinstance.py:1257} INFO - Exporting the following env vars:
AIRFLOW_CTX_DAG_OWNER=coder2j
AIRFLOW_CTX_DAG_ID=dag_with_taskflow_api_v02
AIRFLOW_CTX_TASK_ID=get_name
AIRFLOW_CTX_EXECUTION_DATE=2021-11-28T00:00:00+00:00
AIRFLOW_CTX_DAG_RUN_ID=scheduled__2021-11-28T00:00:00+00:00
[2025-06-17 15:44:51,101] {taskinstance.py:1166} INFO - Marking task as SUCCESS. dag_id=dag_with_taskflow_api_v02, task_id=get_name, execution_date=20211128T000000, start_date=20250617T154449, end_date=20250617T154451
[2025-06-17 15:44:51,345] {taskinstance.py:1220} INFO - 0 downstream tasks scheduled from follow-on schedule check
[2025-06-17 15:44:51,398] {local_task_job.py:146} INFO - Task exited with return code 0
