[2025-06-17 15:58:56,582] {taskinstance.py:851} INFO - Dependencies all met for <TaskInstance: our_first_dag_v5.thrid_task 2023-08-29T00:00:00+00:00 [queued]>
[2025-06-17 15:58:56,672] {taskinstance.py:851} INFO - Dependencies all met for <TaskInstance: our_first_dag_v5.thrid_task 2023-08-29T00:00:00+00:00 [queued]>
[2025-06-17 15:58:56,673] {taskinstance.py:1042} INFO - 
--------------------------------------------------------------------------------
[2025-06-17 15:58:56,673] {taskinstance.py:1043} INFO - Starting attempt 1 of 6
[2025-06-17 15:58:56,673] {taskinstance.py:1044} INFO - 
--------------------------------------------------------------------------------
[2025-06-17 15:58:56,896] {taskinstance.py:1063} INFO - Executing <Task(BashOperator): thrid_task> on 2023-08-29T00:00:00+00:00
[2025-06-17 15:58:56,915] {standard_task_runner.py:52} INFO - Started process 7899 to run task
[2025-06-17 15:58:56,954] {standard_task_runner.py:76} INFO - Running: ['airflow', 'tasks', 'run', 'our_first_dag_v5', 'thrid_task', '2023-08-29T00:00:00+00:00', '--job-id', '4604', '--pool', 'default_pool', '--raw', '--subdir', 'DAGS_FOLDER/first_dag.py', '--cfg-path', '/tmp/tmpatlnky5x', '--error-file', '/tmp/tmpri8wv4_2']
[2025-06-17 15:58:56,974] {standard_task_runner.py:77} INFO - Job 4604: Subtask thrid_task
[2025-06-17 15:58:57,523] {logging_mixin.py:104} INFO - Running <TaskInstance: our_first_dag_v5.thrid_task 2023-08-29T00:00:00+00:00 [running]> on host 4f8b76136637
[2025-06-17 15:58:58,134] {taskinstance.py:1257} INFO - Exporting the following env vars:
AIRFLOW_CTX_DAG_OWNER=coder2j
AIRFLOW_CTX_DAG_ID=our_first_dag_v5
AIRFLOW_CTX_TASK_ID=thrid_task
AIRFLOW_CTX_EXECUTION_DATE=2023-08-29T00:00:00+00:00
AIRFLOW_CTX_DAG_RUN_ID=scheduled__2023-08-29T00:00:00+00:00
[2025-06-17 15:58:58,135] {bash.py:135} INFO - Tmp dir root location: 
 /tmp
[2025-06-17 15:58:58,137] {bash.py:158} INFO - Running command: echo hey, I am task3 and will be running after task1 at the same time as task2!
[2025-06-17 15:58:58,226] {bash.py:169} INFO - Output:
[2025-06-17 15:58:58,228] {bash.py:173} INFO - hey, I am task3 and will be running after task1 at the same time as task2!
[2025-06-17 15:58:58,229] {bash.py:177} INFO - Command exited with return code 0
[2025-06-17 15:58:58,597] {taskinstance.py:1166} INFO - Marking task as SUCCESS. dag_id=our_first_dag_v5, task_id=thrid_task, execution_date=20230829T000000, start_date=20250617T155856, end_date=20250617T155858
[2025-06-17 15:59:00,209] {taskinstance.py:1220} INFO - 0 downstream tasks scheduled from follow-on schedule check
[2025-06-17 15:59:00,247] {local_task_job.py:146} INFO - Task exited with return code 0
