[2025-06-17 16:05:40,889] {taskinstance.py:851} INFO - Dependencies all met for <TaskInstance: dag_with_taskflow_api_v02.get_name 2025-01-21T00:00:00+00:00 [queued]>
[2025-06-17 16:05:40,964] {taskinstance.py:851} INFO - Dependencies all met for <TaskInstance: dag_with_taskflow_api_v02.get_name 2025-01-21T00:00:00+00:00 [queued]>
[2025-06-17 16:05:40,964] {taskinstance.py:1042} INFO - 
--------------------------------------------------------------------------------
[2025-06-17 16:05:40,965] {taskinstance.py:1043} INFO - Starting attempt 1 of 6
[2025-06-17 16:05:40,965] {taskinstance.py:1044} INFO - 
--------------------------------------------------------------------------------
[2025-06-17 16:05:41,074] {taskinstance.py:1063} INFO - Executing <Task(_PythonDecoratedOperator): get_name> on 2025-01-21T00:00:00+00:00
[2025-06-17 16:05:41,087] {standard_task_runner.py:52} INFO - Started process 14499 to run task
[2025-06-17 16:05:41,105] {standard_task_runner.py:76} INFO - Running: ['airflow', 'tasks', 'run', 'dag_with_taskflow_api_v02', 'get_name', '2025-01-21T00:00:00+00:00', '--job-id', '7093', '--pool', 'default_pool', '--raw', '--subdir', 'DAGS_FOLDER/taskflow.py', '--cfg-path', '/tmp/tmps9efhih1', '--error-file', '/tmp/tmpx_x3khwg']
[2025-06-17 16:05:41,116] {standard_task_runner.py:77} INFO - Job 7093: Subtask get_name
[2025-06-17 16:05:41,428] {logging_mixin.py:104} INFO - Running <TaskInstance: dag_with_taskflow_api_v02.get_name 2025-01-21T00:00:00+00:00 [running]> on host 4f8b76136637
[2025-06-17 16:05:41,690] {taskinstance.py:1257} INFO - Exporting the following env vars:
AIRFLOW_CTX_DAG_OWNER=coder2j
AIRFLOW_CTX_DAG_ID=dag_with_taskflow_api_v02
AIRFLOW_CTX_TASK_ID=get_name
AIRFLOW_CTX_EXECUTION_DATE=2025-01-21T00:00:00+00:00
AIRFLOW_CTX_DAG_RUN_ID=scheduled__2025-01-21T00:00:00+00:00
[2025-06-17 16:05:42,271] {taskinstance.py:1166} INFO - Marking task as SUCCESS. dag_id=dag_with_taskflow_api_v02, task_id=get_name, execution_date=20250121T000000, start_date=20250617T160540, end_date=20250617T160542
[2025-06-17 16:05:43,015] {taskinstance.py:1220} INFO - 0 downstream tasks scheduled from follow-on schedule check
[2025-06-17 16:05:43,071] {local_task_job.py:146} INFO - Task exited with return code 0
