[2025-06-18 16:25:57,050] {taskinstance.py:851} INFO - Dependencies all met for <TaskInstance: connect_postgres_dag.insert_into_table 2025-05-07T00:00:00+00:00 [queued]>
[2025-06-18 16:25:57,081] {taskinstance.py:851} INFO - Dependencies all met for <TaskInstance: connect_postgres_dag.insert_into_table 2025-05-07T00:00:00+00:00 [queued]>
[2025-06-18 16:25:57,081] {taskinstance.py:1042} INFO - 
--------------------------------------------------------------------------------
[2025-06-18 16:25:57,081] {taskinstance.py:1043} INFO - Starting attempt 1 of 6
[2025-06-18 16:25:57,082] {taskinstance.py:1044} INFO - 
--------------------------------------------------------------------------------
[2025-06-18 16:25:57,124] {taskinstance.py:1063} INFO - Executing <Task(PostgresOperator): insert_into_table> on 2025-05-07T00:00:00+00:00
[2025-06-18 16:25:57,133] {standard_task_runner.py:52} INFO - Started process 3268 to run task
[2025-06-18 16:25:57,145] {standard_task_runner.py:76} INFO - Running: ['airflow', 'tasks', 'run', 'connect_postgres_dag', 'insert_into_table', '2025-05-07T00:00:00+00:00', '--job-id', '16409', '--pool', 'default_pool', '--raw', '--subdir', 'DAGS_FOLDER/connect_postgres_dag.py', '--cfg-path', '/tmp/tmpi6zx2bnz', '--error-file', '/tmp/tmpufivqxaq']
[2025-06-18 16:25:57,156] {standard_task_runner.py:77} INFO - Job 16409: Subtask insert_into_table
[2025-06-18 16:25:56,482] {logging_mixin.py:104} INFO - Running <TaskInstance: connect_postgres_dag.insert_into_table 2025-05-07T00:00:00+00:00 [running]> on host ee91c01336f6
[2025-06-18 16:25:56,592] {taskinstance.py:1257} INFO - Exporting the following env vars:
AIRFLOW_CTX_DAG_OWNER=coder2j
AIRFLOW_CTX_DAG_ID=connect_postgres_dag
AIRFLOW_CTX_TASK_ID=insert_into_table
AIRFLOW_CTX_EXECUTION_DATE=2025-05-07T00:00:00+00:00
AIRFLOW_CTX_DAG_RUN_ID=scheduled__2025-05-07T00:00:00+00:00
[2025-06-18 16:25:56,593] {postgres.py:69} INFO - Executing: 
            insert into employee (name,age,salary) values ('hayyye', '1997','5000.00');
        
[2025-06-18 16:25:56,617] {base.py:74} INFO - Using connection to: id: postgres_localhost. Host: postgres, Port: 5432, Schema: test, Login: airflow, Password: XXXXXXXX, extra: None
[2025-06-18 16:25:56,637] {dbapi.py:180} INFO - Running statement: 
            insert into employee (name,age,salary) values ('hayyye', '1997','5000.00');
        , parameters: None
[2025-06-18 16:25:56,639] {dbapi.py:186} INFO - Rows affected: 1
[2025-06-18 16:25:56,690] {taskinstance.py:1166} INFO - Marking task as SUCCESS. dag_id=connect_postgres_dag, task_id=insert_into_table, execution_date=20250507T000000, start_date=20250618T162557, end_date=20250618T162556
[2025-06-18 16:25:56,895] {taskinstance.py:1220} INFO - 0 downstream tasks scheduled from follow-on schedule check
[2025-06-18 16:25:56,915] {local_task_job.py:146} INFO - Task exited with return code 0
