[2025-06-17 16:02:41,025] {taskinstance.py:851} INFO - Dependencies all met for <TaskInstance: dag_with_taskflow_api_v02.get_name 2024-07-06T00:00:00+00:00 [queued]>
[2025-06-17 16:02:41,067] {taskinstance.py:851} INFO - Dependencies all met for <TaskInstance: dag_with_taskflow_api_v02.get_name 2024-07-06T00:00:00+00:00 [queued]>
[2025-06-17 16:02:41,067] {taskinstance.py:1042} INFO - 
--------------------------------------------------------------------------------
[2025-06-17 16:02:41,068] {taskinstance.py:1043} INFO - Starting attempt 1 of 6
[2025-06-17 16:02:41,068] {taskinstance.py:1044} INFO - 
--------------------------------------------------------------------------------
[2025-06-17 16:02:41,113] {taskinstance.py:1063} INFO - Executing <Task(_PythonDecoratedOperator): get_name> on 2024-07-06T00:00:00+00:00
[2025-06-17 16:02:41,130] {standard_task_runner.py:52} INFO - Started process 11319 to run task
[2025-06-17 16:02:41,135] {standard_task_runner.py:76} INFO - Running: ['airflow', 'tasks', 'run', 'dag_with_taskflow_api_v02', 'get_name', '2024-07-06T00:00:00+00:00', '--job-id', '5889', '--pool', 'default_pool', '--raw', '--subdir', 'DAGS_FOLDER/taskflow.py', '--cfg-path', '/tmp/tmpbwn3ayg9', '--error-file', '/tmp/tmpum5si_pp']
[2025-06-17 16:02:41,148] {standard_task_runner.py:77} INFO - Job 5889: Subtask get_name
[2025-06-17 16:02:41,339] {logging_mixin.py:104} INFO - Running <TaskInstance: dag_with_taskflow_api_v02.get_name 2024-07-06T00:00:00+00:00 [running]> on host 4f8b76136637
[2025-06-17 16:02:41,500] {taskinstance.py:1257} INFO - Exporting the following env vars:
AIRFLOW_CTX_DAG_OWNER=coder2j
AIRFLOW_CTX_DAG_ID=dag_with_taskflow_api_v02
AIRFLOW_CTX_TASK_ID=get_name
AIRFLOW_CTX_EXECUTION_DATE=2024-07-06T00:00:00+00:00
AIRFLOW_CTX_DAG_RUN_ID=scheduled__2024-07-06T00:00:00+00:00
[2025-06-17 16:02:41,745] {taskinstance.py:1166} INFO - Marking task as SUCCESS. dag_id=dag_with_taskflow_api_v02, task_id=get_name, execution_date=20240706T000000, start_date=20250617T160241, end_date=20250617T160241
[2025-06-17 16:02:41,853] {taskinstance.py:1220} INFO - 0 downstream tasks scheduled from follow-on schedule check
[2025-06-17 16:02:41,899] {local_task_job.py:146} INFO - Task exited with return code 0
