[2025-06-17 16:05:11,797] {taskinstance.py:851} INFO - Dependencies all met for <TaskInstance: dag_with_taskflow_api_v02.get_age 2024-12-24T00:00:00+00:00 [queued]>
[2025-06-17 16:05:12,048] {taskinstance.py:851} INFO - Dependencies all met for <TaskInstance: dag_with_taskflow_api_v02.get_age 2024-12-24T00:00:00+00:00 [queued]>
[2025-06-17 16:05:12,049] {taskinstance.py:1042} INFO - 
--------------------------------------------------------------------------------
[2025-06-17 16:05:12,049] {taskinstance.py:1043} INFO - Starting attempt 1 of 6
[2025-06-17 16:05:12,049] {taskinstance.py:1044} INFO - 
--------------------------------------------------------------------------------
[2025-06-17 16:05:12,085] {taskinstance.py:1063} INFO - Executing <Task(_PythonDecoratedOperator): get_age> on 2024-12-24T00:00:00+00:00
[2025-06-17 16:05:12,103] {standard_task_runner.py:52} INFO - Started process 14047 to run task
[2025-06-17 16:05:12,213] {standard_task_runner.py:76} INFO - Running: ['airflow', 'tasks', 'run', 'dag_with_taskflow_api_v02', 'get_age', '2024-12-24T00:00:00+00:00', '--job-id', '6923', '--pool', 'default_pool', '--raw', '--subdir', 'DAGS_FOLDER/taskflow.py', '--cfg-path', '/tmp/tmpelzbb3nf', '--error-file', '/tmp/tmp_69cbixs']
[2025-06-17 16:05:12,234] {standard_task_runner.py:77} INFO - Job 6923: Subtask get_age
[2025-06-17 16:05:12,571] {logging_mixin.py:104} INFO - Running <TaskInstance: dag_with_taskflow_api_v02.get_age 2024-12-24T00:00:00+00:00 [running]> on host 4f8b76136637
[2025-06-17 16:05:13,303] {taskinstance.py:1257} INFO - Exporting the following env vars:
AIRFLOW_CTX_DAG_OWNER=coder2j
AIRFLOW_CTX_DAG_ID=dag_with_taskflow_api_v02
AIRFLOW_CTX_TASK_ID=get_age
AIRFLOW_CTX_EXECUTION_DATE=2024-12-24T00:00:00+00:00
AIRFLOW_CTX_DAG_RUN_ID=scheduled__2024-12-24T00:00:00+00:00
[2025-06-17 16:05:13,695] {taskinstance.py:1166} INFO - Marking task as SUCCESS. dag_id=dag_with_taskflow_api_v02, task_id=get_age, execution_date=20241224T000000, start_date=20250617T160511, end_date=20250617T160513
[2025-06-17 16:05:13,982] {taskinstance.py:1220} INFO - 1 downstream tasks scheduled from follow-on schedule check
[2025-06-17 16:05:14,029] {local_task_job.py:146} INFO - Task exited with return code 0
