[2025-06-18 15:01:26,111] {taskinstance.py:851} INFO - Dependencies all met for <TaskInstance: first_dag.second_task 2022-02-23T00:00:00+00:00 [queued]>
[2025-06-18 15:01:26,160] {taskinstance.py:851} INFO - Dependencies all met for <TaskInstance: first_dag.second_task 2022-02-23T00:00:00+00:00 [queued]>
[2025-06-18 15:01:26,161] {taskinstance.py:1042} INFO - 
--------------------------------------------------------------------------------
[2025-06-18 15:01:26,161] {taskinstance.py:1043} INFO - Starting attempt 1 of 6
[2025-06-18 15:01:26,161] {taskinstance.py:1044} INFO - 
--------------------------------------------------------------------------------
[2025-06-18 15:01:26,243] {taskinstance.py:1063} INFO - Executing <Task(BashOperator): second_task> on 2022-02-23T00:00:00+00:00
[2025-06-18 15:01:26,259] {standard_task_runner.py:52} INFO - Started process 5073 to run task
[2025-06-18 15:01:26,297] {standard_task_runner.py:76} INFO - Running: ['airflow', 'tasks', 'run', 'first_dag', 'second_task', '2022-02-23T00:00:00+00:00', '--job-id', '10284', '--pool', 'default_pool', '--raw', '--subdir', 'DAGS_FOLDER/first_dag.py', '--cfg-path', '/tmp/tmp0etwdw1o', '--error-file', '/tmp/tmp7l6dx7rf']
[2025-06-18 15:01:26,307] {standard_task_runner.py:77} INFO - Job 10284: Subtask second_task
[2025-06-18 15:01:26,524] {logging_mixin.py:104} INFO - Running <TaskInstance: first_dag.second_task 2022-02-23T00:00:00+00:00 [running]> on host 500dc4ac3a72
[2025-06-18 15:01:26,689] {taskinstance.py:1257} INFO - Exporting the following env vars:
AIRFLOW_CTX_DAG_OWNER=my_name
AIRFLOW_CTX_DAG_ID=first_dag
AIRFLOW_CTX_TASK_ID=second_task
AIRFLOW_CTX_EXECUTION_DATE=2022-02-23T00:00:00+00:00
AIRFLOW_CTX_DAG_RUN_ID=scheduled__2022-02-23T00:00:00+00:00
[2025-06-18 15:01:26,691] {bash.py:135} INFO - Tmp dir root location: 
 /tmp
[2025-06-18 15:01:26,703] {bash.py:158} INFO - Running command: echo "this is sencond task "
[2025-06-18 15:01:26,734] {bash.py:169} INFO - Output:
[2025-06-18 15:01:26,739] {bash.py:173} INFO - this is sencond task
[2025-06-18 15:01:26,740] {bash.py:177} INFO - Command exited with return code 0
[2025-06-18 15:01:26,889] {taskinstance.py:1166} INFO - Marking task as SUCCESS. dag_id=first_dag, task_id=second_task, execution_date=20220223T000000, start_date=20250618T150126, end_date=20250618T150126
[2025-06-18 15:01:27,066] {taskinstance.py:1220} INFO - 0 downstream tasks scheduled from follow-on schedule check
[2025-06-18 15:01:27,105] {local_task_job.py:146} INFO - Task exited with return code 0
