[2025-06-17 15:55:21,847] {taskinstance.py:851} INFO - Dependencies all met for <TaskInstance: dag_with_taskflow_api_v02.greet 2023-05-30T00:00:00+00:00 [queued]>
[2025-06-17 15:55:22,060] {taskinstance.py:851} INFO - Dependencies all met for <TaskInstance: dag_with_taskflow_api_v02.greet 2023-05-30T00:00:00+00:00 [queued]>
[2025-06-17 15:55:22,067] {taskinstance.py:1042} INFO - 
--------------------------------------------------------------------------------
[2025-06-17 15:55:22,068] {taskinstance.py:1043} INFO - Starting attempt 1 of 6
[2025-06-17 15:55:22,068] {taskinstance.py:1044} INFO - 
--------------------------------------------------------------------------------
[2025-06-17 15:55:22,150] {taskinstance.py:1063} INFO - Executing <Task(_PythonDecoratedOperator): greet> on 2023-05-30T00:00:00+00:00
[2025-06-17 15:55:22,199] {standard_task_runner.py:52} INFO - Started process 4933 to run task
[2025-06-17 15:55:22,282] {standard_task_runner.py:76} INFO - Running: ['airflow', 'tasks', 'run', 'dag_with_taskflow_api_v02', 'greet', '2023-05-30T00:00:00+00:00', '--job-id', '3495', '--pool', 'default_pool', '--raw', '--subdir', 'DAGS_FOLDER/taskflow.py', '--cfg-path', '/tmp/tmpsq3ynbt8', '--error-file', '/tmp/tmpjpfuphnr']
[2025-06-17 15:55:22,317] {standard_task_runner.py:77} INFO - Job 3495: Subtask greet
[2025-06-17 15:55:23,092] {logging_mixin.py:104} INFO - Running <TaskInstance: dag_with_taskflow_api_v02.greet 2023-05-30T00:00:00+00:00 [running]> on host 4f8b76136637
[2025-06-17 15:55:23,671] {taskinstance.py:1257} INFO - Exporting the following env vars:
AIRFLOW_CTX_DAG_OWNER=coder2j
AIRFLOW_CTX_DAG_ID=dag_with_taskflow_api_v02
AIRFLOW_CTX_TASK_ID=greet
AIRFLOW_CTX_EXECUTION_DATE=2023-05-30T00:00:00+00:00
AIRFLOW_CTX_DAG_RUN_ID=scheduled__2023-05-30T00:00:00+00:00
[2025-06-17 15:55:23,677] {logging_mixin.py:104} INFO - Hello World! My name is Jerry Fridman and I am 19 years old!
[2025-06-17 15:55:23,830] {taskinstance.py:1166} INFO - Marking task as SUCCESS. dag_id=dag_with_taskflow_api_v02, task_id=greet, execution_date=20230530T000000, start_date=20250617T155521, end_date=20250617T155523
[2025-06-17 15:55:24,491] {taskinstance.py:1220} INFO - 0 downstream tasks scheduled from follow-on schedule check
[2025-06-17 15:55:24,529] {local_task_job.py:146} INFO - Task exited with return code 0
