[2025-06-17 15:51:21,520] {taskinstance.py:851} INFO - Dependencies all met for <TaskInstance: dag_with_taskflow_api_v02.greet 2022-10-23T00:00:00+00:00 [queued]>
[2025-06-17 15:51:21,678] {taskinstance.py:851} INFO - Dependencies all met for <TaskInstance: dag_with_taskflow_api_v02.greet 2022-10-23T00:00:00+00:00 [queued]>
[2025-06-17 15:51:21,678] {taskinstance.py:1042} INFO - 
--------------------------------------------------------------------------------
[2025-06-17 15:51:21,679] {taskinstance.py:1043} INFO - Starting attempt 1 of 6
[2025-06-17 15:51:21,679] {taskinstance.py:1044} INFO - 
--------------------------------------------------------------------------------
[2025-06-17 15:51:21,800] {taskinstance.py:1063} INFO - Executing <Task(_PythonDecoratedOperator): greet> on 2022-10-23T00:00:00+00:00
[2025-06-17 15:51:21,844] {standard_task_runner.py:52} INFO - Started process 1435 to run task
[2025-06-17 15:51:21,917] {standard_task_runner.py:76} INFO - Running: ['airflow', 'tasks', 'run', 'dag_with_taskflow_api_v02', 'greet', '2022-10-23T00:00:00+00:00', '--job-id', '2184', '--pool', 'default_pool', '--raw', '--subdir', 'DAGS_FOLDER/taskflow.py', '--cfg-path', '/tmp/tmp9gjusrrd', '--error-file', '/tmp/tmpr5ibv1ph']
[2025-06-17 15:51:21,934] {standard_task_runner.py:77} INFO - Job 2184: Subtask greet
[2025-06-17 15:51:22,230] {logging_mixin.py:104} INFO - Running <TaskInstance: dag_with_taskflow_api_v02.greet 2022-10-23T00:00:00+00:00 [running]> on host 4f8b76136637
[2025-06-17 15:51:22,981] {taskinstance.py:1257} INFO - Exporting the following env vars:
AIRFLOW_CTX_DAG_OWNER=coder2j
AIRFLOW_CTX_DAG_ID=dag_with_taskflow_api_v02
AIRFLOW_CTX_TASK_ID=greet
AIRFLOW_CTX_EXECUTION_DATE=2022-10-23T00:00:00+00:00
AIRFLOW_CTX_DAG_RUN_ID=scheduled__2022-10-23T00:00:00+00:00
[2025-06-17 15:51:22,986] {logging_mixin.py:104} INFO - Hello World! My name is Jerry Fridman and I am 19 years old!
[2025-06-17 15:51:23,232] {taskinstance.py:1166} INFO - Marking task as SUCCESS. dag_id=dag_with_taskflow_api_v02, task_id=greet, execution_date=20221023T000000, start_date=20250617T155121, end_date=20250617T155123
[2025-06-17 15:51:23,789] {taskinstance.py:1220} INFO - 0 downstream tasks scheduled from follow-on schedule check
[2025-06-17 15:51:23,878] {local_task_job.py:146} INFO - Task exited with return code 0
