[2025-06-17 15:52:50,918] {taskinstance.py:851} INFO - Dependencies all met for <TaskInstance: our_first_dag_v5.second_task 2022-10-03T00:00:00+00:00 [queued]>
[2025-06-17 15:52:51,018] {taskinstance.py:851} INFO - Dependencies all met for <TaskInstance: our_first_dag_v5.second_task 2022-10-03T00:00:00+00:00 [queued]>
[2025-06-17 15:52:51,020] {taskinstance.py:1042} INFO - 
--------------------------------------------------------------------------------
[2025-06-17 15:52:51,025] {taskinstance.py:1043} INFO - Starting attempt 1 of 6
[2025-06-17 15:52:51,034] {taskinstance.py:1044} INFO - 
--------------------------------------------------------------------------------
[2025-06-17 15:52:51,171] {taskinstance.py:1063} INFO - Executing <Task(BashOperator): second_task> on 2022-10-03T00:00:00+00:00
[2025-06-17 15:52:51,197] {standard_task_runner.py:52} INFO - Started process 2631 to run task
[2025-06-17 15:52:51,204] {standard_task_runner.py:76} INFO - Running: ['airflow', 'tasks', 'run', 'our_first_dag_v5', 'second_task', '2022-10-03T00:00:00+00:00', '--job-id', '2630', '--pool', 'default_pool', '--raw', '--subdir', 'DAGS_FOLDER/first_dag.py', '--cfg-path', '/tmp/tmpunfnoom8', '--error-file', '/tmp/tmpxv_vy6o6']
[2025-06-17 15:52:51,230] {standard_task_runner.py:77} INFO - Job 2630: Subtask second_task
[2025-06-17 15:52:51,498] {logging_mixin.py:104} INFO - Running <TaskInstance: our_first_dag_v5.second_task 2022-10-03T00:00:00+00:00 [running]> on host 4f8b76136637
[2025-06-17 15:52:51,742] {taskinstance.py:1257} INFO - Exporting the following env vars:
AIRFLOW_CTX_DAG_OWNER=coder2j
AIRFLOW_CTX_DAG_ID=our_first_dag_v5
AIRFLOW_CTX_TASK_ID=second_task
AIRFLOW_CTX_EXECUTION_DATE=2022-10-03T00:00:00+00:00
AIRFLOW_CTX_DAG_RUN_ID=scheduled__2022-10-03T00:00:00+00:00
[2025-06-17 15:52:51,743] {bash.py:135} INFO - Tmp dir root location: 
 /tmp
[2025-06-17 15:52:51,750] {bash.py:158} INFO - Running command: echo hey, I am task2 and will be running after task1!
[2025-06-17 15:52:51,793] {bash.py:169} INFO - Output:
[2025-06-17 15:52:51,800] {bash.py:173} INFO - hey, I am task2 and will be running after task1!
[2025-06-17 15:52:51,802] {bash.py:177} INFO - Command exited with return code 0
[2025-06-17 15:52:52,031] {taskinstance.py:1166} INFO - Marking task as SUCCESS. dag_id=our_first_dag_v5, task_id=second_task, execution_date=20221003T000000, start_date=20250617T155250, end_date=20250617T155252
[2025-06-17 15:52:52,357] {taskinstance.py:1220} INFO - 0 downstream tasks scheduled from follow-on schedule check
[2025-06-17 15:52:52,412] {local_task_job.py:146} INFO - Task exited with return code 0
