[2025-06-17 15:58:44,926] {taskinstance.py:851} INFO - Dependencies all met for <TaskInstance: our_first_dag_v5.second_task 2023-08-20T00:00:00+00:00 [queued]>
[2025-06-17 15:58:45,076] {taskinstance.py:851} INFO - Dependencies all met for <TaskInstance: our_first_dag_v5.second_task 2023-08-20T00:00:00+00:00 [queued]>
[2025-06-17 15:58:45,101] {taskinstance.py:1042} INFO - 
--------------------------------------------------------------------------------
[2025-06-17 15:58:45,102] {taskinstance.py:1043} INFO - Starting attempt 1 of 6
[2025-06-17 15:58:45,103] {taskinstance.py:1044} INFO - 
--------------------------------------------------------------------------------
[2025-06-17 15:58:45,226] {taskinstance.py:1063} INFO - Executing <Task(BashOperator): second_task> on 2023-08-20T00:00:00+00:00
[2025-06-17 15:58:45,267] {standard_task_runner.py:52} INFO - Started process 7757 to run task
[2025-06-17 15:58:45,349] {standard_task_runner.py:76} INFO - Running: ['airflow', 'tasks', 'run', 'our_first_dag_v5', 'second_task', '2023-08-20T00:00:00+00:00', '--job-id', '4549', '--pool', 'default_pool', '--raw', '--subdir', 'DAGS_FOLDER/first_dag.py', '--cfg-path', '/tmp/tmprqt6q8z3', '--error-file', '/tmp/tmplrf4ri5d']
[2025-06-17 15:58:45,381] {standard_task_runner.py:77} INFO - Job 4549: Subtask second_task
[2025-06-17 15:58:46,212] {logging_mixin.py:104} INFO - Running <TaskInstance: our_first_dag_v5.second_task 2023-08-20T00:00:00+00:00 [running]> on host 4f8b76136637
[2025-06-17 15:58:46,841] {taskinstance.py:1257} INFO - Exporting the following env vars:
AIRFLOW_CTX_DAG_OWNER=coder2j
AIRFLOW_CTX_DAG_ID=our_first_dag_v5
AIRFLOW_CTX_TASK_ID=second_task
AIRFLOW_CTX_EXECUTION_DATE=2023-08-20T00:00:00+00:00
AIRFLOW_CTX_DAG_RUN_ID=scheduled__2023-08-20T00:00:00+00:00
[2025-06-17 15:58:46,842] {bash.py:135} INFO - Tmp dir root location: 
 /tmp
[2025-06-17 15:58:46,843] {bash.py:158} INFO - Running command: echo hey, I am task2 and will be running after task1!
[2025-06-17 15:58:46,923] {bash.py:169} INFO - Output:
[2025-06-17 15:58:46,924] {bash.py:173} INFO - hey, I am task2 and will be running after task1!
[2025-06-17 15:58:46,924] {bash.py:177} INFO - Command exited with return code 0
[2025-06-17 15:58:47,430] {taskinstance.py:1166} INFO - Marking task as SUCCESS. dag_id=our_first_dag_v5, task_id=second_task, execution_date=20230820T000000, start_date=20250617T155844, end_date=20250617T155847
[2025-06-17 15:58:49,423] {taskinstance.py:1220} INFO - 0 downstream tasks scheduled from follow-on schedule check
[2025-06-17 15:58:49,525] {local_task_job.py:146} INFO - Task exited with return code 0
