[2025-06-18 15:08:28,662] {taskinstance.py:851} INFO - Dependencies all met for <TaskInstance: first_dag.second_task 2024-11-01T00:00:00+00:00 [queued]>
[2025-06-18 15:08:28,695] {taskinstance.py:851} INFO - Dependencies all met for <TaskInstance: first_dag.second_task 2024-11-01T00:00:00+00:00 [queued]>
[2025-06-18 15:08:28,695] {taskinstance.py:1042} INFO - 
--------------------------------------------------------------------------------
[2025-06-18 15:08:28,696] {taskinstance.py:1043} INFO - Starting attempt 1 of 6
[2025-06-18 15:08:28,696] {taskinstance.py:1044} INFO - 
--------------------------------------------------------------------------------
[2025-06-18 15:08:28,755] {taskinstance.py:1063} INFO - Executing <Task(BashOperator): second_task> on 2024-11-01T00:00:00+00:00
[2025-06-18 15:08:28,765] {standard_task_runner.py:52} INFO - Started process 14912 to run task
[2025-06-18 15:08:28,776] {standard_task_runner.py:76} INFO - Running: ['airflow', 'tasks', 'run', 'first_dag', 'second_task', '2024-11-01T00:00:00+00:00', '--job-id', '13232', '--pool', 'default_pool', '--raw', '--subdir', 'DAGS_FOLDER/first_dag.py', '--cfg-path', '/tmp/tmp8suwg_en', '--error-file', '/tmp/tmpl4cpvd15']
[2025-06-18 15:08:28,781] {standard_task_runner.py:77} INFO - Job 13232: Subtask second_task
[2025-06-18 15:08:28,934] {logging_mixin.py:104} INFO - Running <TaskInstance: first_dag.second_task 2024-11-01T00:00:00+00:00 [running]> on host 500dc4ac3a72
[2025-06-18 15:08:29,119] {taskinstance.py:1257} INFO - Exporting the following env vars:
AIRFLOW_CTX_DAG_OWNER=my_name
AIRFLOW_CTX_DAG_ID=first_dag
AIRFLOW_CTX_TASK_ID=second_task
AIRFLOW_CTX_EXECUTION_DATE=2024-11-01T00:00:00+00:00
AIRFLOW_CTX_DAG_RUN_ID=scheduled__2024-11-01T00:00:00+00:00
[2025-06-18 15:08:29,120] {bash.py:135} INFO - Tmp dir root location: 
 /tmp
[2025-06-18 15:08:29,124] {bash.py:158} INFO - Running command: echo "this is sencond task "
[2025-06-18 15:08:29,147] {bash.py:169} INFO - Output:
[2025-06-18 15:08:29,155] {bash.py:173} INFO - this is sencond task
[2025-06-18 15:08:29,157] {bash.py:177} INFO - Command exited with return code 0
[2025-06-18 15:08:29,314] {taskinstance.py:1166} INFO - Marking task as SUCCESS. dag_id=first_dag, task_id=second_task, execution_date=20241101T000000, start_date=20250618T150828, end_date=20250618T150829
[2025-06-18 15:08:29,447] {taskinstance.py:1220} INFO - 0 downstream tasks scheduled from follow-on schedule check
[2025-06-18 15:08:29,462] {local_task_job.py:146} INFO - Task exited with return code 0
