[2025-06-18 15:03:33,999] {taskinstance.py:851} INFO - Dependencies all met for <TaskInstance: first_dag.first_task 2022-12-27T00:00:00+00:00 [queued]>
[2025-06-18 15:03:34,035] {taskinstance.py:851} INFO - Dependencies all met for <TaskInstance: first_dag.first_task 2022-12-27T00:00:00+00:00 [queued]>
[2025-06-18 15:03:34,036] {taskinstance.py:1042} INFO - 
--------------------------------------------------------------------------------
[2025-06-18 15:03:34,036] {taskinstance.py:1043} INFO - Starting attempt 1 of 6
[2025-06-18 15:03:34,036] {taskinstance.py:1044} INFO - 
--------------------------------------------------------------------------------
[2025-06-18 15:03:34,093] {taskinstance.py:1063} INFO - Executing <Task(BashOperator): first_task> on 2022-12-27T00:00:00+00:00
[2025-06-18 15:03:34,117] {standard_task_runner.py:52} INFO - Started process 8098 to run task
[2025-06-18 15:03:34,129] {standard_task_runner.py:76} INFO - Running: ['airflow', 'tasks', 'run', 'first_dag', 'first_task', '2022-12-27T00:00:00+00:00', '--job-id', '11195', '--pool', 'default_pool', '--raw', '--subdir', 'DAGS_FOLDER/first_dag.py', '--cfg-path', '/tmp/tmpgfi6ca03', '--error-file', '/tmp/tmpwt08i3bq']
[2025-06-18 15:03:34,150] {standard_task_runner.py:77} INFO - Job 11195: Subtask first_task
[2025-06-18 15:03:34,376] {logging_mixin.py:104} INFO - Running <TaskInstance: first_dag.first_task 2022-12-27T00:00:00+00:00 [running]> on host 500dc4ac3a72
[2025-06-18 15:03:34,551] {taskinstance.py:1257} INFO - Exporting the following env vars:
AIRFLOW_CTX_DAG_OWNER=my_name
AIRFLOW_CTX_DAG_ID=first_dag
AIRFLOW_CTX_TASK_ID=first_task
AIRFLOW_CTX_EXECUTION_DATE=2022-12-27T00:00:00+00:00
AIRFLOW_CTX_DAG_RUN_ID=scheduled__2022-12-27T00:00:00+00:00
[2025-06-18 15:03:34,552] {bash.py:135} INFO - Tmp dir root location: 
 /tmp
[2025-06-18 15:03:34,554] {bash.py:158} INFO - Running command: echo "this is my first task and I will run first! "
[2025-06-18 15:03:34,600] {bash.py:169} INFO - Output:
[2025-06-18 15:03:34,601] {bash.py:173} INFO - this is my first task and I will run first!
[2025-06-18 15:03:34,602] {bash.py:177} INFO - Command exited with return code 0
[2025-06-18 15:03:34,709] {taskinstance.py:1166} INFO - Marking task as SUCCESS. dag_id=first_dag, task_id=first_task, execution_date=20221227T000000, start_date=20250618T150334, end_date=20250618T150334
[2025-06-18 15:03:34,852] {taskinstance.py:1220} INFO - 2 downstream tasks scheduled from follow-on schedule check
[2025-06-18 15:03:34,901] {local_task_job.py:146} INFO - Task exited with return code 0
