[2025-06-17 15:45:55,077] {taskinstance.py:851} INFO - Dependencies all met for <TaskInstance: our_first_dag_v5.thrid_task 2021-10-15T00:00:00+00:00 [queued]>
[2025-06-17 15:45:55,160] {taskinstance.py:851} INFO - Dependencies all met for <TaskInstance: our_first_dag_v5.thrid_task 2021-10-15T00:00:00+00:00 [queued]>
[2025-06-17 15:45:55,164] {taskinstance.py:1042} INFO - 
--------------------------------------------------------------------------------
[2025-06-17 15:45:55,165] {taskinstance.py:1043} INFO - Starting attempt 1 of 6
[2025-06-17 15:45:55,165] {taskinstance.py:1044} INFO - 
--------------------------------------------------------------------------------
[2025-06-17 15:45:55,356] {taskinstance.py:1063} INFO - Executing <Task(BashOperator): thrid_task> on 2021-10-15T00:00:00+00:00
[2025-06-17 15:45:55,415] {standard_task_runner.py:52} INFO - Started process 1573 to run task
[2025-06-17 15:45:55,440] {standard_task_runner.py:76} INFO - Running: ['airflow', 'tasks', 'run', 'our_first_dag_v5', 'thrid_task', '2021-10-15T00:00:00+00:00', '--job-id', '490', '--pool', 'default_pool', '--raw', '--subdir', 'DAGS_FOLDER/first_dag.py', '--cfg-path', '/tmp/tmp0myoygtj', '--error-file', '/tmp/tmpk12i9p7q']
[2025-06-17 15:45:55,494] {standard_task_runner.py:77} INFO - Job 490: Subtask thrid_task
[2025-06-17 15:45:55,786] {logging_mixin.py:104} INFO - Running <TaskInstance: our_first_dag_v5.thrid_task 2021-10-15T00:00:00+00:00 [running]> on host 4f8b76136637
[2025-06-17 15:45:56,121] {taskinstance.py:1257} INFO - Exporting the following env vars:
AIRFLOW_CTX_DAG_OWNER=coder2j
AIRFLOW_CTX_DAG_ID=our_first_dag_v5
AIRFLOW_CTX_TASK_ID=thrid_task
AIRFLOW_CTX_EXECUTION_DATE=2021-10-15T00:00:00+00:00
AIRFLOW_CTX_DAG_RUN_ID=scheduled__2021-10-15T00:00:00+00:00
[2025-06-17 15:45:56,129] {bash.py:135} INFO - Tmp dir root location: 
 /tmp
[2025-06-17 15:45:56,131] {bash.py:158} INFO - Running command: echo hey, I am task3 and will be running after task1 at the same time as task2!
[2025-06-17 15:45:56,216] {bash.py:169} INFO - Output:
[2025-06-17 15:45:56,232] {bash.py:173} INFO - hey, I am task3 and will be running after task1 at the same time as task2!
[2025-06-17 15:45:56,237] {bash.py:177} INFO - Command exited with return code 0
[2025-06-17 15:45:56,473] {taskinstance.py:1166} INFO - Marking task as SUCCESS. dag_id=our_first_dag_v5, task_id=thrid_task, execution_date=20211015T000000, start_date=20250617T154555, end_date=20250617T154556
[2025-06-17 15:45:57,193] {taskinstance.py:1220} INFO - 0 downstream tasks scheduled from follow-on schedule check
[2025-06-17 15:45:57,273] {local_task_job.py:146} INFO - Task exited with return code 0
