[2025-06-18 15:01:10,987] {taskinstance.py:851} INFO - Dependencies all met for <TaskInstance: first_dag.second_task 2022-01-21T00:00:00+00:00 [queued]>
[2025-06-18 15:01:11,069] {taskinstance.py:851} INFO - Dependencies all met for <TaskInstance: first_dag.second_task 2022-01-21T00:00:00+00:00 [queued]>
[2025-06-18 15:01:11,070] {taskinstance.py:1042} INFO - 
--------------------------------------------------------------------------------
[2025-06-18 15:01:11,072] {taskinstance.py:1043} INFO - Starting attempt 1 of 6
[2025-06-18 15:01:11,072] {taskinstance.py:1044} INFO - 
--------------------------------------------------------------------------------
[2025-06-18 15:01:11,197] {taskinstance.py:1063} INFO - Executing <Task(BashOperator): second_task> on 2022-01-21T00:00:00+00:00
[2025-06-18 15:01:11,224] {standard_task_runner.py:52} INFO - Started process 4755 to run task
[2025-06-18 15:01:11,266] {standard_task_runner.py:76} INFO - Running: ['airflow', 'tasks', 'run', 'first_dag', 'second_task', '2022-01-21T00:00:00+00:00', '--job-id', '10187', '--pool', 'default_pool', '--raw', '--subdir', 'DAGS_FOLDER/first_dag.py', '--cfg-path', '/tmp/tmpf93b49vc', '--error-file', '/tmp/tmp0epctrfd']
[2025-06-18 15:01:11,280] {standard_task_runner.py:77} INFO - Job 10187: Subtask second_task
[2025-06-18 15:01:11,419] {logging_mixin.py:104} INFO - Running <TaskInstance: first_dag.second_task 2022-01-21T00:00:00+00:00 [running]> on host 500dc4ac3a72
[2025-06-18 15:01:11,601] {taskinstance.py:1257} INFO - Exporting the following env vars:
AIRFLOW_CTX_DAG_OWNER=my_name
AIRFLOW_CTX_DAG_ID=first_dag
AIRFLOW_CTX_TASK_ID=second_task
AIRFLOW_CTX_EXECUTION_DATE=2022-01-21T00:00:00+00:00
AIRFLOW_CTX_DAG_RUN_ID=scheduled__2022-01-21T00:00:00+00:00
[2025-06-18 15:01:11,603] {bash.py:135} INFO - Tmp dir root location: 
 /tmp
[2025-06-18 15:01:11,607] {bash.py:158} INFO - Running command: echo "this is sencond task "
[2025-06-18 15:01:11,632] {bash.py:169} INFO - Output:
[2025-06-18 15:01:11,633] {bash.py:173} INFO - this is sencond task
[2025-06-18 15:01:11,634] {bash.py:177} INFO - Command exited with return code 0
[2025-06-18 15:01:11,832] {taskinstance.py:1166} INFO - Marking task as SUCCESS. dag_id=first_dag, task_id=second_task, execution_date=20220121T000000, start_date=20250618T150110, end_date=20250618T150111
[2025-06-18 15:01:12,075] {taskinstance.py:1220} INFO - 0 downstream tasks scheduled from follow-on schedule check
[2025-06-18 15:01:12,093] {local_task_job.py:146} INFO - Task exited with return code 0
