[2025-06-17 15:47:40,737] {taskinstance.py:851} INFO - Dependencies all met for <TaskInstance: dag_with_taskflow_api_v02.greet 2022-05-05T00:00:00+00:00 [queued]>
[2025-06-17 15:47:40,781] {taskinstance.py:851} INFO - Dependencies all met for <TaskInstance: dag_with_taskflow_api_v02.greet 2022-05-05T00:00:00+00:00 [queued]>
[2025-06-17 15:47:40,786] {taskinstance.py:1042} INFO - 
--------------------------------------------------------------------------------
[2025-06-17 15:47:40,787] {taskinstance.py:1043} INFO - Starting attempt 1 of 6
[2025-06-17 15:47:40,787] {taskinstance.py:1044} INFO - 
--------------------------------------------------------------------------------
[2025-06-17 15:47:40,925] {taskinstance.py:1063} INFO - Executing <Task(_PythonDecoratedOperator): greet> on 2022-05-05T00:00:00+00:00
[2025-06-17 15:47:40,937] {standard_task_runner.py:52} INFO - Started process 3336 to run task
[2025-06-17 15:47:40,980] {standard_task_runner.py:76} INFO - Running: ['airflow', 'tasks', 'run', 'dag_with_taskflow_api_v02', 'greet', '2022-05-05T00:00:00+00:00', '--job-id', '1158', '--pool', 'default_pool', '--raw', '--subdir', 'DAGS_FOLDER/taskflow.py', '--cfg-path', '/tmp/tmp_2ke7per', '--error-file', '/tmp/tmprngu2oft']
[2025-06-17 15:47:41,028] {standard_task_runner.py:77} INFO - Job 1158: Subtask greet
[2025-06-17 15:47:41,355] {logging_mixin.py:104} INFO - Running <TaskInstance: dag_with_taskflow_api_v02.greet 2022-05-05T00:00:00+00:00 [running]> on host 4f8b76136637
[2025-06-17 15:47:41,719] {taskinstance.py:1257} INFO - Exporting the following env vars:
AIRFLOW_CTX_DAG_OWNER=coder2j
AIRFLOW_CTX_DAG_ID=dag_with_taskflow_api_v02
AIRFLOW_CTX_TASK_ID=greet
AIRFLOW_CTX_EXECUTION_DATE=2022-05-05T00:00:00+00:00
AIRFLOW_CTX_DAG_RUN_ID=scheduled__2022-05-05T00:00:00+00:00
[2025-06-17 15:47:41,721] {logging_mixin.py:104} INFO - Hello World! My name is Jerry Fridman and I am 19 years old!
[2025-06-17 15:47:41,786] {taskinstance.py:1166} INFO - Marking task as SUCCESS. dag_id=dag_with_taskflow_api_v02, task_id=greet, execution_date=20220505T000000, start_date=20250617T154740, end_date=20250617T154741
[2025-06-17 15:47:41,912] {taskinstance.py:1220} INFO - 0 downstream tasks scheduled from follow-on schedule check
[2025-06-17 15:47:41,967] {local_task_job.py:146} INFO - Task exited with return code 0
