[2025-06-17 15:56:34,500] {taskinstance.py:851} INFO - Dependencies all met for <TaskInstance: dag_with_taskflow_api_v02.greet 2023-08-03T00:00:00+00:00 [queued]>
[2025-06-17 15:56:34,591] {taskinstance.py:851} INFO - Dependencies all met for <TaskInstance: dag_with_taskflow_api_v02.greet 2023-08-03T00:00:00+00:00 [queued]>
[2025-06-17 15:56:34,592] {taskinstance.py:1042} INFO - 
--------------------------------------------------------------------------------
[2025-06-17 15:56:34,592] {taskinstance.py:1043} INFO - Starting attempt 1 of 6
[2025-06-17 15:56:34,592] {taskinstance.py:1044} INFO - 
--------------------------------------------------------------------------------
[2025-06-17 15:56:34,623] {taskinstance.py:1063} INFO - Executing <Task(_PythonDecoratedOperator): greet> on 2023-08-03T00:00:00+00:00
[2025-06-17 15:56:34,637] {standard_task_runner.py:52} INFO - Started process 5969 to run task
[2025-06-17 15:56:34,654] {standard_task_runner.py:76} INFO - Running: ['airflow', 'tasks', 'run', 'dag_with_taskflow_api_v02', 'greet', '2023-08-03T00:00:00+00:00', '--job-id', '3884', '--pool', 'default_pool', '--raw', '--subdir', 'DAGS_FOLDER/taskflow.py', '--cfg-path', '/tmp/tmpfa_m_z64', '--error-file', '/tmp/tmph33188ch']
[2025-06-17 15:56:34,663] {standard_task_runner.py:77} INFO - Job 3884: Subtask greet
[2025-06-17 15:56:34,890] {logging_mixin.py:104} INFO - Running <TaskInstance: dag_with_taskflow_api_v02.greet 2023-08-03T00:00:00+00:00 [running]> on host 4f8b76136637
[2025-06-17 15:56:35,356] {taskinstance.py:1257} INFO - Exporting the following env vars:
AIRFLOW_CTX_DAG_OWNER=coder2j
AIRFLOW_CTX_DAG_ID=dag_with_taskflow_api_v02
AIRFLOW_CTX_TASK_ID=greet
AIRFLOW_CTX_EXECUTION_DATE=2023-08-03T00:00:00+00:00
AIRFLOW_CTX_DAG_RUN_ID=scheduled__2023-08-03T00:00:00+00:00
[2025-06-17 15:56:35,359] {logging_mixin.py:104} INFO - Hello World! My name is Jerry Fridman and I am 19 years old!
[2025-06-17 15:56:35,471] {taskinstance.py:1166} INFO - Marking task as SUCCESS. dag_id=dag_with_taskflow_api_v02, task_id=greet, execution_date=20230803T000000, start_date=20250617T155634, end_date=20250617T155635
[2025-06-17 15:56:35,612] {taskinstance.py:1220} INFO - 0 downstream tasks scheduled from follow-on schedule check
[2025-06-17 15:56:35,641] {local_task_job.py:146} INFO - Task exited with return code 0
