[2025-06-18 16:18:43,629] {taskinstance.py:851} INFO - Dependencies all met for <TaskInstance: connect_postgres_dag.create_postgres_table 2023-06-02T00:00:00+00:00 [queued]>
[2025-06-18 16:18:43,676] {taskinstance.py:851} INFO - Dependencies all met for <TaskInstance: connect_postgres_dag.create_postgres_table 2023-06-02T00:00:00+00:00 [queued]>
[2025-06-18 16:18:43,676] {taskinstance.py:1042} INFO - 
--------------------------------------------------------------------------------
[2025-06-18 16:18:43,677] {taskinstance.py:1043} INFO - Starting attempt 1 of 6
[2025-06-18 16:18:43,677] {taskinstance.py:1044} INFO - 
--------------------------------------------------------------------------------
[2025-06-18 16:18:43,719] {taskinstance.py:1063} INFO - Executing <Task(PostgresOperator): create_postgres_table> on 2023-06-02T00:00:00+00:00
[2025-06-18 16:18:43,736] {standard_task_runner.py:52} INFO - Started process 29199 to run task
[2025-06-18 16:18:43,772] {standard_task_runner.py:76} INFO - Running: ['airflow', 'tasks', 'run', 'connect_postgres_dag', 'create_postgres_table', '2023-06-02T00:00:00+00:00', '--job-id', '14987', '--pool', 'default_pool', '--raw', '--subdir', 'DAGS_FOLDER/connect_postgres_dag.py', '--cfg-path', '/tmp/tmp0hj_5rjb', '--error-file', '/tmp/tmpa8brf291']
[2025-06-18 16:18:43,778] {standard_task_runner.py:77} INFO - Job 14987: Subtask create_postgres_table
[2025-06-18 16:18:43,921] {logging_mixin.py:104} INFO - Running <TaskInstance: connect_postgres_dag.create_postgres_table 2023-06-02T00:00:00+00:00 [running]> on host 500dc4ac3a72
[2025-06-18 16:18:44,087] {taskinstance.py:1257} INFO - Exporting the following env vars:
AIRFLOW_CTX_DAG_OWNER=coder2j
AIRFLOW_CTX_DAG_ID=connect_postgres_dag
AIRFLOW_CTX_TASK_ID=create_postgres_table
AIRFLOW_CTX_EXECUTION_DATE=2023-06-02T00:00:00+00:00
AIRFLOW_CTX_DAG_RUN_ID=scheduled__2023-06-02T00:00:00+00:00
[2025-06-18 16:18:44,088] {postgres.py:69} INFO - Executing: 
            create table if not exists employee (
                "name" text,
                "age" integer,
                "salary" numeric
            )
        
[2025-06-18 16:18:44,131] {base.py:74} INFO - Using connection to: id: postgres_localhost. Host: postgres, Port: 5432, Schema: test, Login: airflow, Password: XXXXXXXX, extra: None
[2025-06-18 16:18:44,152] {dbapi.py:180} INFO - Running statement: 
            create table if not exists employee (
                "name" text,
                "age" integer,
                "salary" numeric
            )
        , parameters: None
[2025-06-18 16:18:44,155] {dbapi.py:186} INFO - Rows affected: -1
[2025-06-18 16:18:44,156] {postgres.py:73} INFO - NOTICE:  relation "employee" already exists, skipping

[2025-06-18 16:18:44,201] {taskinstance.py:1166} INFO - Marking task as SUCCESS. dag_id=connect_postgres_dag, task_id=create_postgres_table, execution_date=20230602T000000, start_date=20250618T161843, end_date=20250618T161844
[2025-06-18 16:18:44,466] {taskinstance.py:1220} INFO - 0 downstream tasks scheduled from follow-on schedule check
[2025-06-18 16:18:44,514] {local_task_job.py:146} INFO - Task exited with return code 0
