[2025-06-17 15:58:16,230] {taskinstance.py:851} INFO - Dependencies all met for <TaskInstance: dag_with_taskflow_api_v02.get_name 2023-11-08T00:00:00+00:00 [queued]>
[2025-06-17 15:58:16,564] {taskinstance.py:851} INFO - Dependencies all met for <TaskInstance: dag_with_taskflow_api_v02.get_name 2023-11-08T00:00:00+00:00 [queued]>
[2025-06-17 15:58:16,564] {taskinstance.py:1042} INFO - 
--------------------------------------------------------------------------------
[2025-06-17 15:58:16,565] {taskinstance.py:1043} INFO - Starting attempt 1 of 6
[2025-06-17 15:58:16,565] {taskinstance.py:1044} INFO - 
--------------------------------------------------------------------------------
[2025-06-17 15:58:16,856] {taskinstance.py:1063} INFO - Executing <Task(_PythonDecoratedOperator): get_name> on 2023-11-08T00:00:00+00:00
[2025-06-17 15:58:16,940] {standard_task_runner.py:52} INFO - Started process 7466 to run task
[2025-06-17 15:58:16,981] {standard_task_runner.py:76} INFO - Running: ['airflow', 'tasks', 'run', 'dag_with_taskflow_api_v02', 'get_name', '2023-11-08T00:00:00+00:00', '--job-id', '4443', '--pool', 'default_pool', '--raw', '--subdir', 'DAGS_FOLDER/taskflow.py', '--cfg-path', '/tmp/tmpzm9fjmrr', '--error-file', '/tmp/tmpwkn8nhp2']
[2025-06-17 15:58:17,011] {standard_task_runner.py:77} INFO - Job 4443: Subtask get_name
[2025-06-17 15:58:17,615] {logging_mixin.py:104} INFO - Running <TaskInstance: dag_with_taskflow_api_v02.get_name 2023-11-08T00:00:00+00:00 [running]> on host 4f8b76136637
[2025-06-17 15:58:18,686] {taskinstance.py:1257} INFO - Exporting the following env vars:
AIRFLOW_CTX_DAG_OWNER=coder2j
AIRFLOW_CTX_DAG_ID=dag_with_taskflow_api_v02
AIRFLOW_CTX_TASK_ID=get_name
AIRFLOW_CTX_EXECUTION_DATE=2023-11-08T00:00:00+00:00
AIRFLOW_CTX_DAG_RUN_ID=scheduled__2023-11-08T00:00:00+00:00
[2025-06-17 15:58:19,899] {taskinstance.py:1166} INFO - Marking task as SUCCESS. dag_id=dag_with_taskflow_api_v02, task_id=get_name, execution_date=20231108T000000, start_date=20250617T155816, end_date=20250617T155819
[2025-06-17 15:58:21,112] {taskinstance.py:1220} INFO - 0 downstream tasks scheduled from follow-on schedule check
[2025-06-17 15:58:21,308] {local_task_job.py:146} INFO - Task exited with return code 0
