[2025-06-17 15:56:32,267] {taskinstance.py:851} INFO - Dependencies all met for <TaskInstance: our_first_dag_v5.second_task 2023-04-27T00:00:00+00:00 [queued]>
[2025-06-17 15:56:32,384] {taskinstance.py:851} INFO - Dependencies all met for <TaskInstance: our_first_dag_v5.second_task 2023-04-27T00:00:00+00:00 [queued]>
[2025-06-17 15:56:32,384] {taskinstance.py:1042} INFO - 
--------------------------------------------------------------------------------
[2025-06-17 15:56:32,385] {taskinstance.py:1043} INFO - Starting attempt 1 of 6
[2025-06-17 15:56:32,385] {taskinstance.py:1044} INFO - 
--------------------------------------------------------------------------------
[2025-06-17 15:56:32,434] {taskinstance.py:1063} INFO - Executing <Task(BashOperator): second_task> on 2023-04-27T00:00:00+00:00
[2025-06-17 15:56:32,466] {standard_task_runner.py:52} INFO - Started process 5925 to run task
[2025-06-17 15:56:32,483] {standard_task_runner.py:76} INFO - Running: ['airflow', 'tasks', 'run', 'our_first_dag_v5', 'second_task', '2023-04-27T00:00:00+00:00', '--job-id', '3868', '--pool', 'default_pool', '--raw', '--subdir', 'DAGS_FOLDER/first_dag.py', '--cfg-path', '/tmp/tmp_kwdluv6', '--error-file', '/tmp/tmp5w4kw274']
[2025-06-17 15:56:32,492] {standard_task_runner.py:77} INFO - Job 3868: Subtask second_task
[2025-06-17 15:56:32,714] {logging_mixin.py:104} INFO - Running <TaskInstance: our_first_dag_v5.second_task 2023-04-27T00:00:00+00:00 [running]> on host 4f8b76136637
[2025-06-17 15:56:33,159] {taskinstance.py:1257} INFO - Exporting the following env vars:
AIRFLOW_CTX_DAG_OWNER=coder2j
AIRFLOW_CTX_DAG_ID=our_first_dag_v5
AIRFLOW_CTX_TASK_ID=second_task
AIRFLOW_CTX_EXECUTION_DATE=2023-04-27T00:00:00+00:00
AIRFLOW_CTX_DAG_RUN_ID=scheduled__2023-04-27T00:00:00+00:00
[2025-06-17 15:56:33,187] {bash.py:135} INFO - Tmp dir root location: 
 /tmp
[2025-06-17 15:56:33,189] {bash.py:158} INFO - Running command: echo hey, I am task2 and will be running after task1!
[2025-06-17 15:56:33,302] {bash.py:169} INFO - Output:
[2025-06-17 15:56:33,311] {bash.py:173} INFO - hey, I am task2 and will be running after task1!
[2025-06-17 15:56:33,314] {bash.py:177} INFO - Command exited with return code 0
[2025-06-17 15:56:33,668] {taskinstance.py:1166} INFO - Marking task as SUCCESS. dag_id=our_first_dag_v5, task_id=second_task, execution_date=20230427T000000, start_date=20250617T155632, end_date=20250617T155633
[2025-06-17 15:56:34,246] {taskinstance.py:1220} INFO - 0 downstream tasks scheduled from follow-on schedule check
[2025-06-17 15:56:34,277] {local_task_job.py:146} INFO - Task exited with return code 0
