[2025-06-17 15:57:09,303] {taskinstance.py:851} INFO - Dependencies all met for <TaskInstance: dag_with_taskflow_api_v02.get_age 2023-09-09T00:00:00+00:00 [queued]>
[2025-06-17 15:57:09,427] {taskinstance.py:851} INFO - Dependencies all met for <TaskInstance: dag_with_taskflow_api_v02.get_age 2023-09-09T00:00:00+00:00 [queued]>
[2025-06-17 15:57:09,427] {taskinstance.py:1042} INFO - 
--------------------------------------------------------------------------------
[2025-06-17 15:57:09,428] {taskinstance.py:1043} INFO - Starting attempt 1 of 6
[2025-06-17 15:57:09,428] {taskinstance.py:1044} INFO - 
--------------------------------------------------------------------------------
[2025-06-17 15:57:09,473] {taskinstance.py:1063} INFO - Executing <Task(_PythonDecoratedOperator): get_age> on 2023-09-09T00:00:00+00:00
[2025-06-17 15:57:09,481] {standard_task_runner.py:52} INFO - Started process 6492 to run task
[2025-06-17 15:57:09,492] {standard_task_runner.py:76} INFO - Running: ['airflow', 'tasks', 'run', 'dag_with_taskflow_api_v02', 'get_age', '2023-09-09T00:00:00+00:00', '--job-id', '4081', '--pool', 'default_pool', '--raw', '--subdir', 'DAGS_FOLDER/taskflow.py', '--cfg-path', '/tmp/tmpsens252g', '--error-file', '/tmp/tmp5z9ut9su']
[2025-06-17 15:57:09,496] {standard_task_runner.py:77} INFO - Job 4081: Subtask get_age
[2025-06-17 15:57:09,817] {logging_mixin.py:104} INFO - Running <TaskInstance: dag_with_taskflow_api_v02.get_age 2023-09-09T00:00:00+00:00 [running]> on host 4f8b76136637
[2025-06-17 15:57:10,038] {taskinstance.py:1257} INFO - Exporting the following env vars:
AIRFLOW_CTX_DAG_OWNER=coder2j
AIRFLOW_CTX_DAG_ID=dag_with_taskflow_api_v02
AIRFLOW_CTX_TASK_ID=get_age
AIRFLOW_CTX_EXECUTION_DATE=2023-09-09T00:00:00+00:00
AIRFLOW_CTX_DAG_RUN_ID=scheduled__2023-09-09T00:00:00+00:00
[2025-06-17 15:57:10,231] {taskinstance.py:1166} INFO - Marking task as SUCCESS. dag_id=dag_with_taskflow_api_v02, task_id=get_age, execution_date=20230909T000000, start_date=20250617T155709, end_date=20250617T155710
[2025-06-17 15:57:10,638] {taskinstance.py:1220} INFO - 0 downstream tasks scheduled from follow-on schedule check
[2025-06-17 15:57:10,695] {local_task_job.py:146} INFO - Task exited with return code 0
