[2025-06-17 15:55:17,752] {taskinstance.py:851} INFO - Dependencies all met for <TaskInstance: our_first_dag_v5.first_task 2023-02-25T00:00:00+00:00 [queued]>
[2025-06-17 15:55:17,897] {taskinstance.py:851} INFO - Dependencies all met for <TaskInstance: our_first_dag_v5.first_task 2023-02-25T00:00:00+00:00 [queued]>
[2025-06-17 15:55:17,897] {taskinstance.py:1042} INFO - 
--------------------------------------------------------------------------------
[2025-06-17 15:55:17,897] {taskinstance.py:1043} INFO - Starting attempt 1 of 6
[2025-06-17 15:55:17,897] {taskinstance.py:1044} INFO - 
--------------------------------------------------------------------------------
[2025-06-17 15:55:18,010] {taskinstance.py:1063} INFO - Executing <Task(BashOperator): first_task> on 2023-02-25T00:00:00+00:00
[2025-06-17 15:55:18,043] {standard_task_runner.py:52} INFO - Started process 4890 to run task
[2025-06-17 15:55:18,068] {standard_task_runner.py:76} INFO - Running: ['airflow', 'tasks', 'run', 'our_first_dag_v5', 'first_task', '2023-02-25T00:00:00+00:00', '--job-id', '3479', '--pool', 'default_pool', '--raw', '--subdir', 'DAGS_FOLDER/first_dag.py', '--cfg-path', '/tmp/tmpwrjf5kg7', '--error-file', '/tmp/tmpo46z7uxq']
[2025-06-17 15:55:18,076] {standard_task_runner.py:77} INFO - Job 3479: Subtask first_task
[2025-06-17 15:55:18,643] {logging_mixin.py:104} INFO - Running <TaskInstance: our_first_dag_v5.first_task 2023-02-25T00:00:00+00:00 [running]> on host 4f8b76136637
[2025-06-17 15:55:19,154] {taskinstance.py:1257} INFO - Exporting the following env vars:
AIRFLOW_CTX_DAG_OWNER=coder2j
AIRFLOW_CTX_DAG_ID=our_first_dag_v5
AIRFLOW_CTX_TASK_ID=first_task
AIRFLOW_CTX_EXECUTION_DATE=2023-02-25T00:00:00+00:00
AIRFLOW_CTX_DAG_RUN_ID=scheduled__2023-02-25T00:00:00+00:00
[2025-06-17 15:55:19,155] {bash.py:135} INFO - Tmp dir root location: 
 /tmp
[2025-06-17 15:55:19,166] {bash.py:158} INFO - Running command: echo hello world, this is the first task!
[2025-06-17 15:55:19,252] {bash.py:169} INFO - Output:
[2025-06-17 15:55:19,269] {bash.py:173} INFO - hello world, this is the first task!
[2025-06-17 15:55:19,271] {bash.py:177} INFO - Command exited with return code 0
[2025-06-17 15:55:19,704] {taskinstance.py:1166} INFO - Marking task as SUCCESS. dag_id=our_first_dag_v5, task_id=first_task, execution_date=20230225T000000, start_date=20250617T155517, end_date=20250617T155519
[2025-06-17 15:55:20,263] {taskinstance.py:1220} INFO - 2 downstream tasks scheduled from follow-on schedule check
[2025-06-17 15:55:20,327] {local_task_job.py:146} INFO - Task exited with return code 0
