[2025-06-17 15:46:42,781] {taskinstance.py:851} INFO - Dependencies all met for <TaskInstance: dag_with_taskflow_api_v02.get_age 2022-03-09T00:00:00+00:00 [queued]>
[2025-06-17 15:46:42,859] {taskinstance.py:851} INFO - Dependencies all met for <TaskInstance: dag_with_taskflow_api_v02.get_age 2022-03-09T00:00:00+00:00 [queued]>
[2025-06-17 15:46:42,859] {taskinstance.py:1042} INFO - 
--------------------------------------------------------------------------------
[2025-06-17 15:46:42,860] {taskinstance.py:1043} INFO - Starting attempt 1 of 6
[2025-06-17 15:46:42,860] {taskinstance.py:1044} INFO - 
--------------------------------------------------------------------------------
[2025-06-17 15:46:42,923] {taskinstance.py:1063} INFO - Executing <Task(_PythonDecoratedOperator): get_age> on 2022-03-09T00:00:00+00:00
[2025-06-17 15:46:42,932] {standard_task_runner.py:52} INFO - Started process 2355 to run task
[2025-06-17 15:46:42,959] {standard_task_runner.py:76} INFO - Running: ['airflow', 'tasks', 'run', 'dag_with_taskflow_api_v02', 'get_age', '2022-03-09T00:00:00+00:00', '--job-id', '790', '--pool', 'default_pool', '--raw', '--subdir', 'DAGS_FOLDER/taskflow.py', '--cfg-path', '/tmp/tmpnpgdmfbu', '--error-file', '/tmp/tmpvjb3r2ic']
[2025-06-17 15:46:42,996] {standard_task_runner.py:77} INFO - Job 790: Subtask get_age
[2025-06-17 15:46:43,301] {logging_mixin.py:104} INFO - Running <TaskInstance: dag_with_taskflow_api_v02.get_age 2022-03-09T00:00:00+00:00 [running]> on host 4f8b76136637
[2025-06-17 15:46:43,608] {taskinstance.py:1257} INFO - Exporting the following env vars:
AIRFLOW_CTX_DAG_OWNER=coder2j
AIRFLOW_CTX_DAG_ID=dag_with_taskflow_api_v02
AIRFLOW_CTX_TASK_ID=get_age
AIRFLOW_CTX_EXECUTION_DATE=2022-03-09T00:00:00+00:00
AIRFLOW_CTX_DAG_RUN_ID=scheduled__2022-03-09T00:00:00+00:00
[2025-06-17 15:46:43,811] {taskinstance.py:1166} INFO - Marking task as SUCCESS. dag_id=dag_with_taskflow_api_v02, task_id=get_age, execution_date=20220309T000000, start_date=20250617T154642, end_date=20250617T154643
[2025-06-17 15:46:44,310] {taskinstance.py:1220} INFO - 1 downstream tasks scheduled from follow-on schedule check
[2025-06-17 15:46:44,435] {local_task_job.py:146} INFO - Task exited with return code 0
