[2025-06-17 16:02:10,915] {taskinstance.py:851} INFO - Dependencies all met for <TaskInstance: dag_with_taskflow_api_v02.get_name 2024-05-31T00:00:00+00:00 [queued]>
[2025-06-17 16:02:11,029] {taskinstance.py:851} INFO - Dependencies all met for <TaskInstance: dag_with_taskflow_api_v02.get_name 2024-05-31T00:00:00+00:00 [queued]>
[2025-06-17 16:02:11,030] {taskinstance.py:1042} INFO - 
--------------------------------------------------------------------------------
[2025-06-17 16:02:11,030] {taskinstance.py:1043} INFO - Starting attempt 1 of 6
[2025-06-17 16:02:11,031] {taskinstance.py:1044} INFO - 
--------------------------------------------------------------------------------
[2025-06-17 16:02:11,090] {taskinstance.py:1063} INFO - Executing <Task(_PythonDecoratedOperator): get_name> on 2024-05-31T00:00:00+00:00
[2025-06-17 16:02:11,113] {standard_task_runner.py:52} INFO - Started process 10745 to run task
[2025-06-17 16:02:11,136] {standard_task_runner.py:76} INFO - Running: ['airflow', 'tasks', 'run', 'dag_with_taskflow_api_v02', 'get_name', '2024-05-31T00:00:00+00:00', '--job-id', '5670', '--pool', 'default_pool', '--raw', '--subdir', 'DAGS_FOLDER/taskflow.py', '--cfg-path', '/tmp/tmp98ss4bd3', '--error-file', '/tmp/tmpu6fj3rs4']
[2025-06-17 16:02:11,144] {standard_task_runner.py:77} INFO - Job 5670: Subtask get_name
[2025-06-17 16:02:11,295] {logging_mixin.py:104} INFO - Running <TaskInstance: dag_with_taskflow_api_v02.get_name 2024-05-31T00:00:00+00:00 [running]> on host 4f8b76136637
[2025-06-17 16:02:11,528] {taskinstance.py:1257} INFO - Exporting the following env vars:
AIRFLOW_CTX_DAG_OWNER=coder2j
AIRFLOW_CTX_DAG_ID=dag_with_taskflow_api_v02
AIRFLOW_CTX_TASK_ID=get_name
AIRFLOW_CTX_EXECUTION_DATE=2024-05-31T00:00:00+00:00
AIRFLOW_CTX_DAG_RUN_ID=scheduled__2024-05-31T00:00:00+00:00
[2025-06-17 16:02:11,908] {taskinstance.py:1166} INFO - Marking task as SUCCESS. dag_id=dag_with_taskflow_api_v02, task_id=get_name, execution_date=20240531T000000, start_date=20250617T160210, end_date=20250617T160211
[2025-06-17 16:02:12,344] {taskinstance.py:1220} INFO - 0 downstream tasks scheduled from follow-on schedule check
[2025-06-17 16:02:12,390] {local_task_job.py:146} INFO - Task exited with return code 0
