[2025-06-17 16:03:11,876] {taskinstance.py:851} INFO - Dependencies all met for <TaskInstance: dag_with_taskflow_api_v02.get_age 2024-08-10T00:00:00+00:00 [queued]>
[2025-06-17 16:03:11,974] {taskinstance.py:851} INFO - Dependencies all met for <TaskInstance: dag_with_taskflow_api_v02.get_age 2024-08-10T00:00:00+00:00 [queued]>
[2025-06-17 16:03:11,974] {taskinstance.py:1042} INFO - 
--------------------------------------------------------------------------------
[2025-06-17 16:03:11,974] {taskinstance.py:1043} INFO - Starting attempt 1 of 6
[2025-06-17 16:03:11,974] {taskinstance.py:1044} INFO - 
--------------------------------------------------------------------------------
[2025-06-17 16:03:12,030] {taskinstance.py:1063} INFO - Executing <Task(_PythonDecoratedOperator): get_age> on 2024-08-10T00:00:00+00:00
[2025-06-17 16:03:12,038] {standard_task_runner.py:52} INFO - Started process 11868 to run task
[2025-06-17 16:03:12,052] {standard_task_runner.py:76} INFO - Running: ['airflow', 'tasks', 'run', 'dag_with_taskflow_api_v02', 'get_age', '2024-08-10T00:00:00+00:00', '--job-id', '6097', '--pool', 'default_pool', '--raw', '--subdir', 'DAGS_FOLDER/taskflow.py', '--cfg-path', '/tmp/tmpvzf1jfa_', '--error-file', '/tmp/tmp2yhvg9o_']
[2025-06-17 16:03:12,059] {standard_task_runner.py:77} INFO - Job 6097: Subtask get_age
[2025-06-17 16:03:12,416] {logging_mixin.py:104} INFO - Running <TaskInstance: dag_with_taskflow_api_v02.get_age 2024-08-10T00:00:00+00:00 [running]> on host 4f8b76136637
[2025-06-17 16:03:12,604] {taskinstance.py:1257} INFO - Exporting the following env vars:
AIRFLOW_CTX_DAG_OWNER=coder2j
AIRFLOW_CTX_DAG_ID=dag_with_taskflow_api_v02
AIRFLOW_CTX_TASK_ID=get_age
AIRFLOW_CTX_EXECUTION_DATE=2024-08-10T00:00:00+00:00
AIRFLOW_CTX_DAG_RUN_ID=scheduled__2024-08-10T00:00:00+00:00
[2025-06-17 16:03:12,753] {taskinstance.py:1166} INFO - Marking task as SUCCESS. dag_id=dag_with_taskflow_api_v02, task_id=get_age, execution_date=20240810T000000, start_date=20250617T160311, end_date=20250617T160312
[2025-06-17 16:03:12,909] {taskinstance.py:1220} INFO - 0 downstream tasks scheduled from follow-on schedule check
[2025-06-17 16:03:12,943] {local_task_job.py:146} INFO - Task exited with return code 0
