[2025-06-18 16:10:48,136] {taskinstance.py:851} INFO - Dependencies all met for <TaskInstance: connect_postgres_dag.create_postgres_table 2021-12-20T00:00:00+00:00 [queued]>
[2025-06-18 16:10:48,157] {taskinstance.py:851} INFO - Dependencies all met for <TaskInstance: connect_postgres_dag.create_postgres_table 2021-12-20T00:00:00+00:00 [queued]>
[2025-06-18 16:10:48,157] {taskinstance.py:1042} INFO - 
--------------------------------------------------------------------------------
[2025-06-18 16:10:48,157] {taskinstance.py:1043} INFO - Starting attempt 1 of 6
[2025-06-18 16:10:48,157] {taskinstance.py:1044} INFO - 
--------------------------------------------------------------------------------
[2025-06-18 16:10:48,191] {taskinstance.py:1063} INFO - Executing <Task(PostgresOperator): create_postgres_table> on 2021-12-20T00:00:00+00:00
[2025-06-18 16:10:48,201] {standard_task_runner.py:52} INFO - Started process 25912 to run task
[2025-06-18 16:10:48,212] {standard_task_runner.py:76} INFO - Running: ['airflow', 'tasks', 'run', 'connect_postgres_dag', 'create_postgres_table', '2021-12-20T00:00:00+00:00', '--job-id', '13915', '--pool', 'default_pool', '--raw', '--subdir', 'DAGS_FOLDER/connect_postgres_dag.py', '--cfg-path', '/tmp/tmpo24x0d0i', '--error-file', '/tmp/tmpy06mngyg']
[2025-06-18 16:10:48,218] {standard_task_runner.py:77} INFO - Job 13915: Subtask create_postgres_table
[2025-06-18 16:10:48,298] {logging_mixin.py:104} INFO - Running <TaskInstance: connect_postgres_dag.create_postgres_table 2021-12-20T00:00:00+00:00 [running]> on host 500dc4ac3a72
[2025-06-18 16:10:48,369] {taskinstance.py:1257} INFO - Exporting the following env vars:
AIRFLOW_CTX_DAG_OWNER=coder2j
AIRFLOW_CTX_DAG_ID=connect_postgres_dag
AIRFLOW_CTX_TASK_ID=create_postgres_table
AIRFLOW_CTX_EXECUTION_DATE=2021-12-20T00:00:00+00:00
AIRFLOW_CTX_DAG_RUN_ID=scheduled__2021-12-20T00:00:00+00:00
[2025-06-18 16:10:48,371] {postgres.py:69} INFO - Executing: 
            create table if not exists employee (
                "name" text,
                "age" integer,
                "salary" numeric
            )
        
[2025-06-18 16:10:48,385] {base.py:74} INFO - Using connection to: id: postgres_localhost. Host: postgres, Port: 5432, Schema: test, Login: airflow, Password: XXXXXXXX, extra: None
[2025-06-18 16:10:48,392] {dbapi.py:180} INFO - Running statement: 
            create table if not exists employee (
                "name" text,
                "age" integer,
                "salary" numeric
            )
        , parameters: None
[2025-06-18 16:10:48,434] {dbapi.py:186} INFO - Rows affected: -1
[2025-06-18 16:10:48,453] {taskinstance.py:1166} INFO - Marking task as SUCCESS. dag_id=connect_postgres_dag, task_id=create_postgres_table, execution_date=20211220T000000, start_date=20250618T161048, end_date=20250618T161048
[2025-06-18 16:10:48,515] {taskinstance.py:1220} INFO - 1 downstream tasks scheduled from follow-on schedule check
[2025-06-18 16:10:48,543] {local_task_job.py:146} INFO - Task exited with return code 0
