[2025-06-17 16:02:07,382] {taskinstance.py:851} INFO - Dependencies all met for <TaskInstance: our_first_dag_v5.first_task 2024-02-21T00:00:00+00:00 [queued]>
[2025-06-17 16:02:07,439] {taskinstance.py:851} INFO - Dependencies all met for <TaskInstance: our_first_dag_v5.first_task 2024-02-21T00:00:00+00:00 [queued]>
[2025-06-17 16:02:07,440] {taskinstance.py:1042} INFO - 
--------------------------------------------------------------------------------
[2025-06-17 16:02:07,440] {taskinstance.py:1043} INFO - Starting attempt 1 of 6
[2025-06-17 16:02:07,440] {taskinstance.py:1044} INFO - 
--------------------------------------------------------------------------------
[2025-06-17 16:02:07,471] {taskinstance.py:1063} INFO - Executing <Task(BashOperator): first_task> on 2024-02-21T00:00:00+00:00
[2025-06-17 16:02:07,484] {standard_task_runner.py:52} INFO - Started process 10672 to run task
[2025-06-17 16:02:07,509] {standard_task_runner.py:76} INFO - Running: ['airflow', 'tasks', 'run', 'our_first_dag_v5', 'first_task', '2024-02-21T00:00:00+00:00', '--job-id', '5646', '--pool', 'default_pool', '--raw', '--subdir', 'DAGS_FOLDER/first_dag.py', '--cfg-path', '/tmp/tmpwo8ooltz', '--error-file', '/tmp/tmpm4_3pp4h']
[2025-06-17 16:02:07,517] {standard_task_runner.py:77} INFO - Job 5646: Subtask first_task
[2025-06-17 16:02:07,715] {logging_mixin.py:104} INFO - Running <TaskInstance: our_first_dag_v5.first_task 2024-02-21T00:00:00+00:00 [running]> on host 4f8b76136637
[2025-06-17 16:02:07,964] {taskinstance.py:1257} INFO - Exporting the following env vars:
AIRFLOW_CTX_DAG_OWNER=coder2j
AIRFLOW_CTX_DAG_ID=our_first_dag_v5
AIRFLOW_CTX_TASK_ID=first_task
AIRFLOW_CTX_EXECUTION_DATE=2024-02-21T00:00:00+00:00
AIRFLOW_CTX_DAG_RUN_ID=scheduled__2024-02-21T00:00:00+00:00
[2025-06-17 16:02:07,965] {bash.py:135} INFO - Tmp dir root location: 
 /tmp
[2025-06-17 16:02:07,980] {bash.py:158} INFO - Running command: echo hello world, this is the first task!
[2025-06-17 16:02:08,032] {bash.py:169} INFO - Output:
[2025-06-17 16:02:08,039] {bash.py:173} INFO - hello world, this is the first task!
[2025-06-17 16:02:08,040] {bash.py:177} INFO - Command exited with return code 0
[2025-06-17 16:02:08,197] {taskinstance.py:1166} INFO - Marking task as SUCCESS. dag_id=our_first_dag_v5, task_id=first_task, execution_date=20240221T000000, start_date=20250617T160207, end_date=20250617T160208
[2025-06-17 16:02:08,476] {taskinstance.py:1220} INFO - 2 downstream tasks scheduled from follow-on schedule check
[2025-06-17 16:02:08,528] {local_task_job.py:146} INFO - Task exited with return code 0
