[2025-06-18 15:09:00,786] {taskinstance.py:851} INFO - Dependencies all met for <TaskInstance: first_dag.second_task 2025-01-14T00:00:00+00:00 [queued]>
[2025-06-18 15:09:00,826] {taskinstance.py:851} INFO - Dependencies all met for <TaskInstance: first_dag.second_task 2025-01-14T00:00:00+00:00 [queued]>
[2025-06-18 15:09:00,826] {taskinstance.py:1042} INFO - 
--------------------------------------------------------------------------------
[2025-06-18 15:09:00,826] {taskinstance.py:1043} INFO - Starting attempt 1 of 6
[2025-06-18 15:09:00,826] {taskinstance.py:1044} INFO - 
--------------------------------------------------------------------------------
[2025-06-18 15:09:00,873] {taskinstance.py:1063} INFO - Executing <Task(BashOperator): second_task> on 2025-01-14T00:00:00+00:00
[2025-06-18 15:09:00,882] {standard_task_runner.py:52} INFO - Started process 15650 to run task
[2025-06-18 15:09:00,906] {standard_task_runner.py:76} INFO - Running: ['airflow', 'tasks', 'run', 'first_dag', 'second_task', '2025-01-14T00:00:00+00:00', '--job-id', '13454', '--pool', 'default_pool', '--raw', '--subdir', 'DAGS_FOLDER/first_dag.py', '--cfg-path', '/tmp/tmpl47q96p5', '--error-file', '/tmp/tmpl0uw1_x8']
[2025-06-18 15:09:00,914] {standard_task_runner.py:77} INFO - Job 13454: Subtask second_task
[2025-06-18 15:09:01,183] {logging_mixin.py:104} INFO - Running <TaskInstance: first_dag.second_task 2025-01-14T00:00:00+00:00 [running]> on host 500dc4ac3a72
[2025-06-18 15:09:01,372] {taskinstance.py:1257} INFO - Exporting the following env vars:
AIRFLOW_CTX_DAG_OWNER=my_name
AIRFLOW_CTX_DAG_ID=first_dag
AIRFLOW_CTX_TASK_ID=second_task
AIRFLOW_CTX_EXECUTION_DATE=2025-01-14T00:00:00+00:00
AIRFLOW_CTX_DAG_RUN_ID=scheduled__2025-01-14T00:00:00+00:00
[2025-06-18 15:09:01,378] {bash.py:135} INFO - Tmp dir root location: 
 /tmp
[2025-06-18 15:09:01,380] {bash.py:158} INFO - Running command: echo "this is sencond task "
[2025-06-18 15:09:01,425] {bash.py:169} INFO - Output:
[2025-06-18 15:09:01,427] {bash.py:173} INFO - this is sencond task
[2025-06-18 15:09:01,433] {bash.py:177} INFO - Command exited with return code 0
[2025-06-18 15:09:01,541] {taskinstance.py:1166} INFO - Marking task as SUCCESS. dag_id=first_dag, task_id=second_task, execution_date=20250114T000000, start_date=20250618T150900, end_date=20250618T150901
[2025-06-18 15:09:01,906] {taskinstance.py:1220} INFO - 0 downstream tasks scheduled from follow-on schedule check
[2025-06-18 15:09:01,966] {local_task_job.py:146} INFO - Task exited with return code 0
