[2025-06-18 02:27:35,717] {taskinstance.py:851} INFO - Dependencies all met for <TaskInstance: dag_with_postgres_operator_v03.create_postgres_table 2023-06-09T00:00:00+00:00 [queued]>
[2025-06-18 02:27:35,754] {taskinstance.py:851} INFO - Dependencies all met for <TaskInstance: dag_with_postgres_operator_v03.create_postgres_table 2023-06-09T00:00:00+00:00 [queued]>
[2025-06-18 02:27:35,754] {taskinstance.py:1042} INFO - 
--------------------------------------------------------------------------------
[2025-06-18 02:27:35,754] {taskinstance.py:1043} INFO - Starting attempt 1 of 6
[2025-06-18 02:27:35,755] {taskinstance.py:1044} INFO - 
--------------------------------------------------------------------------------
[2025-06-18 02:27:35,777] {taskinstance.py:1063} INFO - Executing <Task(PostgresOperator): create_postgres_table> on 2023-06-09T00:00:00+00:00
[2025-06-18 02:27:35,781] {standard_task_runner.py:52} INFO - Started process 1892 to run task
[2025-06-18 02:27:35,785] {standard_task_runner.py:76} INFO - Running: ['airflow', 'tasks', 'run', 'dag_with_postgres_operator_v03', 'create_postgres_table', '2023-06-09T00:00:00+00:00', '--job-id', '8853', '--pool', 'default_pool', '--raw', '--subdir', 'DAGS_FOLDER/connect_postgres.py', '--cfg-path', '/tmp/tmpczs8kti3', '--error-file', '/tmp/tmpb2n27woq']
[2025-06-18 02:27:35,789] {standard_task_runner.py:77} INFO - Job 8853: Subtask create_postgres_table
[2025-06-18 02:27:35,893] {logging_mixin.py:104} INFO - Running <TaskInstance: dag_with_postgres_operator_v03.create_postgres_table 2023-06-09T00:00:00+00:00 [running]> on host d5e6667b8b51
[2025-06-18 02:27:35,989] {taskinstance.py:1257} INFO - Exporting the following env vars:
AIRFLOW_CTX_DAG_OWNER=coder2j
AIRFLOW_CTX_DAG_ID=dag_with_postgres_operator_v03
AIRFLOW_CTX_TASK_ID=create_postgres_table
AIRFLOW_CTX_EXECUTION_DATE=2023-06-09T00:00:00+00:00
AIRFLOW_CTX_DAG_RUN_ID=scheduled__2023-06-09T00:00:00+00:00
[2025-06-18 02:27:35,990] {postgres.py:69} INFO - Executing: 
            create table if not exists dag_runs (
                dt date,
                dag_id character varying,
                primary key (dt, dag_id)
            )
        
[2025-06-18 02:27:36,012] {base.py:74} INFO - Using connection to: id: postgres_localhost. Host: postgres, Port: 5432, Schema: test, Login: airflow, Password: XXXXXXXX, extra: None
[2025-06-18 02:27:36,023] {dbapi.py:180} INFO - Running statement: 
            create table if not exists dag_runs (
                dt date,
                dag_id character varying,
                primary key (dt, dag_id)
            )
        , parameters: None
[2025-06-18 02:27:36,024] {dbapi.py:186} INFO - Rows affected: -1
[2025-06-18 02:27:36,025] {postgres.py:73} INFO - NOTICE:  relation "dag_runs" already exists, skipping

[2025-06-18 02:27:36,047] {taskinstance.py:1166} INFO - Marking task as SUCCESS. dag_id=dag_with_postgres_operator_v03, task_id=create_postgres_table, execution_date=20230609T000000, start_date=20250618T022735, end_date=20250618T022736
[2025-06-18 02:27:36,273] {taskinstance.py:1220} INFO - 0 downstream tasks scheduled from follow-on schedule check
[2025-06-18 02:27:36,322] {local_task_job.py:146} INFO - Task exited with return code 0
