[2025-06-18 02:27:55,326] {taskinstance.py:851} INFO - Dependencies all met for <TaskInstance: dag_with_postgres_operator_v03.create_postgres_table 2023-08-28T00:00:00+00:00 [queued]>
[2025-06-18 02:27:55,365] {taskinstance.py:851} INFO - Dependencies all met for <TaskInstance: dag_with_postgres_operator_v03.create_postgres_table 2023-08-28T00:00:00+00:00 [queued]>
[2025-06-18 02:27:55,365] {taskinstance.py:1042} INFO - 
--------------------------------------------------------------------------------
[2025-06-18 02:27:55,365] {taskinstance.py:1043} INFO - Starting attempt 1 of 6
[2025-06-18 02:27:55,365] {taskinstance.py:1044} INFO - 
--------------------------------------------------------------------------------
[2025-06-18 02:27:55,389] {taskinstance.py:1063} INFO - Executing <Task(PostgresOperator): create_postgres_table> on 2023-08-28T00:00:00+00:00
[2025-06-18 02:27:55,395] {standard_task_runner.py:52} INFO - Started process 2090 to run task
[2025-06-18 02:27:55,404] {standard_task_runner.py:76} INFO - Running: ['airflow', 'tasks', 'run', 'dag_with_postgres_operator_v03', 'create_postgres_table', '2023-08-28T00:00:00+00:00', '--job-id', '8933', '--pool', 'default_pool', '--raw', '--subdir', 'DAGS_FOLDER/connect_postgres.py', '--cfg-path', '/tmp/tmpm1sqg64s', '--error-file', '/tmp/tmp2d0san4x']
[2025-06-18 02:27:55,409] {standard_task_runner.py:77} INFO - Job 8933: Subtask create_postgres_table
[2025-06-18 02:27:55,516] {logging_mixin.py:104} INFO - Running <TaskInstance: dag_with_postgres_operator_v03.create_postgres_table 2023-08-28T00:00:00+00:00 [running]> on host d5e6667b8b51
[2025-06-18 02:27:55,608] {taskinstance.py:1257} INFO - Exporting the following env vars:
AIRFLOW_CTX_DAG_OWNER=coder2j
AIRFLOW_CTX_DAG_ID=dag_with_postgres_operator_v03
AIRFLOW_CTX_TASK_ID=create_postgres_table
AIRFLOW_CTX_EXECUTION_DATE=2023-08-28T00:00:00+00:00
AIRFLOW_CTX_DAG_RUN_ID=scheduled__2023-08-28T00:00:00+00:00
[2025-06-18 02:27:55,609] {postgres.py:69} INFO - Executing: 
            create table if not exists dag_runs (
                dt date,
                dag_id character varying,
                primary key (dt, dag_id)
            )
        
[2025-06-18 02:27:55,628] {base.py:74} INFO - Using connection to: id: postgres_localhost. Host: postgres, Port: 5432, Schema: test, Login: airflow, Password: XXXXXXXX, extra: None
[2025-06-18 02:27:55,637] {dbapi.py:180} INFO - Running statement: 
            create table if not exists dag_runs (
                dt date,
                dag_id character varying,
                primary key (dt, dag_id)
            )
        , parameters: None
[2025-06-18 02:27:55,638] {dbapi.py:186} INFO - Rows affected: -1
[2025-06-18 02:27:55,639] {postgres.py:73} INFO - NOTICE:  relation "dag_runs" already exists, skipping

[2025-06-18 02:27:55,678] {taskinstance.py:1166} INFO - Marking task as SUCCESS. dag_id=dag_with_postgres_operator_v03, task_id=create_postgres_table, execution_date=20230828T000000, start_date=20250618T022755, end_date=20250618T022755
[2025-06-18 02:27:55,791] {taskinstance.py:1220} INFO - 0 downstream tasks scheduled from follow-on schedule check
[2025-06-18 02:27:55,818] {local_task_job.py:146} INFO - Task exited with return code 0
