[2025-06-17 16:07:57,529] {taskinstance.py:851} INFO - Dependencies all met for <TaskInstance: dag_with_taskflow_api_v02.greet 2025-05-29T00:00:00+00:00 [queued]>
[2025-06-17 16:07:57,628] {taskinstance.py:851} INFO - Dependencies all met for <TaskInstance: dag_with_taskflow_api_v02.greet 2025-05-29T00:00:00+00:00 [queued]>
[2025-06-17 16:07:57,629] {taskinstance.py:1042} INFO - 
--------------------------------------------------------------------------------
[2025-06-17 16:07:57,629] {taskinstance.py:1043} INFO - Starting attempt 1 of 6
[2025-06-17 16:07:57,629] {taskinstance.py:1044} INFO - 
--------------------------------------------------------------------------------
[2025-06-17 16:07:57,663] {taskinstance.py:1063} INFO - Executing <Task(_PythonDecoratedOperator): greet> on 2025-05-29T00:00:00+00:00
[2025-06-17 16:07:57,668] {standard_task_runner.py:52} INFO - Started process 16613 to run task
[2025-06-17 16:07:57,686] {standard_task_runner.py:76} INFO - Running: ['airflow', 'tasks', 'run', 'dag_with_taskflow_api_v02', 'greet', '2025-05-29T00:00:00+00:00', '--job-id', '7889', '--pool', 'default_pool', '--raw', '--subdir', 'DAGS_FOLDER/taskflow.py', '--cfg-path', '/tmp/tmpb6gfk4u1', '--error-file', '/tmp/tmp4uch1aas']
[2025-06-17 16:07:57,699] {standard_task_runner.py:77} INFO - Job 7889: Subtask greet
[2025-06-17 16:07:58,022] {logging_mixin.py:104} INFO - Running <TaskInstance: dag_with_taskflow_api_v02.greet 2025-05-29T00:00:00+00:00 [running]> on host 4f8b76136637
[2025-06-17 16:07:58,439] {taskinstance.py:1257} INFO - Exporting the following env vars:
AIRFLOW_CTX_DAG_OWNER=coder2j
AIRFLOW_CTX_DAG_ID=dag_with_taskflow_api_v02
AIRFLOW_CTX_TASK_ID=greet
AIRFLOW_CTX_EXECUTION_DATE=2025-05-29T00:00:00+00:00
AIRFLOW_CTX_DAG_RUN_ID=scheduled__2025-05-29T00:00:00+00:00
[2025-06-17 16:07:58,441] {logging_mixin.py:104} INFO - Hello World! My name is Jerry Fridman and I am 19 years old!
[2025-06-17 16:07:58,543] {taskinstance.py:1166} INFO - Marking task as SUCCESS. dag_id=dag_with_taskflow_api_v02, task_id=greet, execution_date=20250529T000000, start_date=20250617T160757, end_date=20250617T160758
[2025-06-17 16:07:58,972] {taskinstance.py:1220} INFO - 0 downstream tasks scheduled from follow-on schedule check
[2025-06-17 16:07:59,016] {local_task_job.py:146} INFO - Task exited with return code 0
