[2025-06-18 16:16:23,989] {taskinstance.py:851} INFO - Dependencies all met for <TaskInstance: connect_postgres_dag.insert_into_table 2022-04-02T00:00:00+00:00 [queued]>
[2025-06-18 16:16:24,025] {taskinstance.py:851} INFO - Dependencies all met for <TaskInstance: connect_postgres_dag.insert_into_table 2022-04-02T00:00:00+00:00 [queued]>
[2025-06-18 16:16:24,025] {taskinstance.py:1042} INFO - 
--------------------------------------------------------------------------------
[2025-06-18 16:16:24,026] {taskinstance.py:1043} INFO - Starting attempt 1 of 6
[2025-06-18 16:16:24,027] {taskinstance.py:1044} INFO - 
--------------------------------------------------------------------------------
[2025-06-18 16:16:24,069] {taskinstance.py:1063} INFO - Executing <Task(PostgresOperator): insert_into_table> on 2022-04-02T00:00:00+00:00
[2025-06-18 16:16:24,074] {standard_task_runner.py:52} INFO - Started process 27172 to run task
[2025-06-18 16:16:24,083] {standard_task_runner.py:76} INFO - Running: ['airflow', 'tasks', 'run', 'connect_postgres_dag', 'insert_into_table', '2022-04-02T00:00:00+00:00', '--job-id', '14143', '--pool', 'default_pool', '--raw', '--subdir', 'DAGS_FOLDER/connect_postgres_dag.py', '--cfg-path', '/tmp/tmp5u84_rj4', '--error-file', '/tmp/tmpmtgglavc']
[2025-06-18 16:16:24,087] {standard_task_runner.py:77} INFO - Job 14143: Subtask insert_into_table
[2025-06-18 16:16:24,281] {logging_mixin.py:104} INFO - Running <TaskInstance: connect_postgres_dag.insert_into_table 2022-04-02T00:00:00+00:00 [running]> on host 500dc4ac3a72
[2025-06-18 16:16:24,417] {taskinstance.py:1257} INFO - Exporting the following env vars:
AIRFLOW_CTX_DAG_OWNER=coder2j
AIRFLOW_CTX_DAG_ID=connect_postgres_dag
AIRFLOW_CTX_TASK_ID=insert_into_table
AIRFLOW_CTX_EXECUTION_DATE=2022-04-02T00:00:00+00:00
AIRFLOW_CTX_DAG_RUN_ID=scheduled__2022-04-02T00:00:00+00:00
[2025-06-18 16:16:24,433] {postgres.py:69} INFO - Executing: 
            insert into employee (name,age,salary) values ('hayyye', '1997','5000.00');
        
[2025-06-18 16:16:24,469] {base.py:74} INFO - Using connection to: id: postgres_localhost. Host: postgres, Port: 5432, Schema: test, Login: airflow, Password: XXXXXXXX, extra: None
[2025-06-18 16:16:24,481] {dbapi.py:180} INFO - Running statement: 
            insert into employee (name,age,salary) values ('hayyye', '1997','5000.00');
        , parameters: None
[2025-06-18 16:16:24,482] {dbapi.py:186} INFO - Rows affected: 1
[2025-06-18 16:16:24,617] {taskinstance.py:1166} INFO - Marking task as SUCCESS. dag_id=connect_postgres_dag, task_id=insert_into_table, execution_date=20220402T000000, start_date=20250618T161623, end_date=20250618T161624
[2025-06-18 16:16:24,729] {taskinstance.py:1220} INFO - 0 downstream tasks scheduled from follow-on schedule check
[2025-06-18 16:16:24,764] {local_task_job.py:146} INFO - Task exited with return code 0
