[2025-06-17 15:53:57,662] {taskinstance.py:851} INFO - Dependencies all met for <TaskInstance: our_first_dag_v5.first_task 2022-12-09T00:00:00+00:00 [queued]>
[2025-06-17 15:53:57,821] {taskinstance.py:851} INFO - Dependencies all met for <TaskInstance: our_first_dag_v5.first_task 2022-12-09T00:00:00+00:00 [queued]>
[2025-06-17 15:53:57,821] {taskinstance.py:1042} INFO - 
--------------------------------------------------------------------------------
[2025-06-17 15:53:57,821] {taskinstance.py:1043} INFO - Starting attempt 1 of 6
[2025-06-17 15:53:57,821] {taskinstance.py:1044} INFO - 
--------------------------------------------------------------------------------
[2025-06-17 15:53:57,954] {taskinstance.py:1063} INFO - Executing <Task(BashOperator): first_task> on 2022-12-09T00:00:00+00:00
[2025-06-17 15:53:57,965] {standard_task_runner.py:52} INFO - Started process 3639 to run task
[2025-06-17 15:53:58,083] {standard_task_runner.py:76} INFO - Running: ['airflow', 'tasks', 'run', 'our_first_dag_v5', 'first_task', '2022-12-09T00:00:00+00:00', '--job-id', '3011', '--pool', 'default_pool', '--raw', '--subdir', 'DAGS_FOLDER/first_dag.py', '--cfg-path', '/tmp/tmpv8z3pq8n', '--error-file', '/tmp/tmp3x3ab7y7']
[2025-06-17 15:53:58,129] {standard_task_runner.py:77} INFO - Job 3011: Subtask first_task
[2025-06-17 15:53:58,454] {logging_mixin.py:104} INFO - Running <TaskInstance: our_first_dag_v5.first_task 2022-12-09T00:00:00+00:00 [running]> on host 4f8b76136637
[2025-06-17 15:53:58,879] {taskinstance.py:1257} INFO - Exporting the following env vars:
AIRFLOW_CTX_DAG_OWNER=coder2j
AIRFLOW_CTX_DAG_ID=our_first_dag_v5
AIRFLOW_CTX_TASK_ID=first_task
AIRFLOW_CTX_EXECUTION_DATE=2022-12-09T00:00:00+00:00
AIRFLOW_CTX_DAG_RUN_ID=scheduled__2022-12-09T00:00:00+00:00
[2025-06-17 15:53:58,880] {bash.py:135} INFO - Tmp dir root location: 
 /tmp
[2025-06-17 15:53:58,883] {bash.py:158} INFO - Running command: echo hello world, this is the first task!
[2025-06-17 15:53:58,928] {bash.py:169} INFO - Output:
[2025-06-17 15:53:58,931] {bash.py:173} INFO - hello world, this is the first task!
[2025-06-17 15:53:58,932] {bash.py:177} INFO - Command exited with return code 0
[2025-06-17 15:53:59,189] {taskinstance.py:1166} INFO - Marking task as SUCCESS. dag_id=our_first_dag_v5, task_id=first_task, execution_date=20221209T000000, start_date=20250617T155357, end_date=20250617T155359
[2025-06-17 15:53:59,848] {taskinstance.py:1220} INFO - 0 downstream tasks scheduled from follow-on schedule check
[2025-06-17 15:53:59,878] {local_task_job.py:146} INFO - Task exited with return code 0
