[2025-06-18 15:06:53,457] {taskinstance.py:851} INFO - Dependencies all met for <TaskInstance: first_dag.second_task 2024-03-24T00:00:00+00:00 [queued]>
[2025-06-18 15:06:53,506] {taskinstance.py:851} INFO - Dependencies all met for <TaskInstance: first_dag.second_task 2024-03-24T00:00:00+00:00 [queued]>
[2025-06-18 15:06:53,507] {taskinstance.py:1042} INFO - 
--------------------------------------------------------------------------------
[2025-06-18 15:06:53,507] {taskinstance.py:1043} INFO - Starting attempt 1 of 6
[2025-06-18 15:06:53,508] {taskinstance.py:1044} INFO - 
--------------------------------------------------------------------------------
[2025-06-18 15:06:53,552] {taskinstance.py:1063} INFO - Executing <Task(BashOperator): second_task> on 2024-03-24T00:00:00+00:00
[2025-06-18 15:06:53,571] {standard_task_runner.py:52} INFO - Started process 12688 to run task
[2025-06-18 15:06:53,583] {standard_task_runner.py:76} INFO - Running: ['airflow', 'tasks', 'run', 'first_dag', 'second_task', '2024-03-24T00:00:00+00:00', '--job-id', '12566', '--pool', 'default_pool', '--raw', '--subdir', 'DAGS_FOLDER/first_dag.py', '--cfg-path', '/tmp/tmp44tkshtc', '--error-file', '/tmp/tmp4si4yhlk']
[2025-06-18 15:06:53,588] {standard_task_runner.py:77} INFO - Job 12566: Subtask second_task
[2025-06-18 15:06:53,766] {logging_mixin.py:104} INFO - Running <TaskInstance: first_dag.second_task 2024-03-24T00:00:00+00:00 [running]> on host 500dc4ac3a72
[2025-06-18 15:06:53,988] {taskinstance.py:1257} INFO - Exporting the following env vars:
AIRFLOW_CTX_DAG_OWNER=my_name
AIRFLOW_CTX_DAG_ID=first_dag
AIRFLOW_CTX_TASK_ID=second_task
AIRFLOW_CTX_EXECUTION_DATE=2024-03-24T00:00:00+00:00
AIRFLOW_CTX_DAG_RUN_ID=scheduled__2024-03-24T00:00:00+00:00
[2025-06-18 15:06:53,989] {bash.py:135} INFO - Tmp dir root location: 
 /tmp
[2025-06-18 15:06:53,992] {bash.py:158} INFO - Running command: echo "this is sencond task "
[2025-06-18 15:06:54,025] {bash.py:169} INFO - Output:
[2025-06-18 15:06:54,028] {bash.py:173} INFO - this is sencond task
[2025-06-18 15:06:54,032] {bash.py:177} INFO - Command exited with return code 0
[2025-06-18 15:06:54,220] {taskinstance.py:1166} INFO - Marking task as SUCCESS. dag_id=first_dag, task_id=second_task, execution_date=20240324T000000, start_date=20250618T150653, end_date=20250618T150654
[2025-06-18 15:06:54,498] {taskinstance.py:1220} INFO - 0 downstream tasks scheduled from follow-on schedule check
[2025-06-18 15:06:54,566] {local_task_job.py:146} INFO - Task exited with return code 0
