[2025-06-17 15:44:22,632] {taskinstance.py:851} INFO - Dependencies all met for <TaskInstance: our_first_dag_v5.first_task 2021-08-03T00:00:00+00:00 [queued]>
[2025-06-17 15:44:22,728] {taskinstance.py:851} INFO - Dependencies all met for <TaskInstance: our_first_dag_v5.first_task 2021-08-03T00:00:00+00:00 [queued]>
[2025-06-17 15:44:22,730] {taskinstance.py:1042} INFO - 
--------------------------------------------------------------------------------
[2025-06-17 15:44:22,730] {taskinstance.py:1043} INFO - Starting attempt 1 of 6
[2025-06-17 15:44:22,730] {taskinstance.py:1044} INFO - 
--------------------------------------------------------------------------------
[2025-06-17 15:44:22,804] {taskinstance.py:1063} INFO - Executing <Task(BashOperator): first_task> on 2021-08-03T00:00:00+00:00
[2025-06-17 15:44:22,810] {standard_task_runner.py:52} INFO - Started process 324 to run task
[2025-06-17 15:44:22,845] {standard_task_runner.py:76} INFO - Running: ['airflow', 'tasks', 'run', 'our_first_dag_v5', 'first_task', '2021-08-03T00:00:00+00:00', '--job-id', '25', '--pool', 'default_pool', '--raw', '--subdir', 'DAGS_FOLDER/first_dag.py', '--cfg-path', '/tmp/tmpxf0g4cir', '--error-file', '/tmp/tmplh6z5p0c']
[2025-06-17 15:44:22,864] {standard_task_runner.py:77} INFO - Job 25: Subtask first_task
[2025-06-17 15:44:23,025] {logging_mixin.py:104} INFO - Running <TaskInstance: our_first_dag_v5.first_task 2021-08-03T00:00:00+00:00 [running]> on host 4f8b76136637
[2025-06-17 15:44:23,200] {taskinstance.py:1257} INFO - Exporting the following env vars:
AIRFLOW_CTX_DAG_OWNER=coder2j
AIRFLOW_CTX_DAG_ID=our_first_dag_v5
AIRFLOW_CTX_TASK_ID=first_task
AIRFLOW_CTX_EXECUTION_DATE=2021-08-03T00:00:00+00:00
AIRFLOW_CTX_DAG_RUN_ID=scheduled__2021-08-03T00:00:00+00:00
[2025-06-17 15:44:23,201] {bash.py:135} INFO - Tmp dir root location: 
 /tmp
[2025-06-17 15:44:23,227] {bash.py:158} INFO - Running command: echo hello world, this is the first task!
[2025-06-17 15:44:23,277] {bash.py:169} INFO - Output:
[2025-06-17 15:44:23,280] {bash.py:173} INFO - hello world, this is the first task!
[2025-06-17 15:44:23,280] {bash.py:177} INFO - Command exited with return code 0
[2025-06-17 15:44:23,498] {taskinstance.py:1166} INFO - Marking task as SUCCESS. dag_id=our_first_dag_v5, task_id=first_task, execution_date=20210803T000000, start_date=20250617T154422, end_date=20250617T154423
[2025-06-17 15:44:23,926] {taskinstance.py:1220} INFO - 0 downstream tasks scheduled from follow-on schedule check
[2025-06-17 15:44:24,004] {local_task_job.py:146} INFO - Task exited with return code 0
