[2025-06-17 16:08:30,742] {taskinstance.py:851} INFO - Dependencies all met for <TaskInstance: our_first_dag_v5.first_task 2025-05-16T00:00:00+00:00 [queued]>
[2025-06-17 16:08:30,864] {taskinstance.py:851} INFO - Dependencies all met for <TaskInstance: our_first_dag_v5.first_task 2025-05-16T00:00:00+00:00 [queued]>
[2025-06-17 16:08:30,865] {taskinstance.py:1042} INFO - 
--------------------------------------------------------------------------------
[2025-06-17 16:08:30,865] {taskinstance.py:1043} INFO - Starting attempt 1 of 6
[2025-06-17 16:08:30,866] {taskinstance.py:1044} INFO - 
--------------------------------------------------------------------------------
[2025-06-17 16:08:30,931] {taskinstance.py:1063} INFO - Executing <Task(BashOperator): first_task> on 2025-05-16T00:00:00+00:00
[2025-06-17 16:08:30,948] {standard_task_runner.py:52} INFO - Started process 17401 to run task
[2025-06-17 16:08:30,974] {standard_task_runner.py:76} INFO - Running: ['airflow', 'tasks', 'run', 'our_first_dag_v5', 'first_task', '2025-05-16T00:00:00+00:00', '--job-id', '8156', '--pool', 'default_pool', '--raw', '--subdir', 'DAGS_FOLDER/first_dag.py', '--cfg-path', '/tmp/tmpo3sbxwhk', '--error-file', '/tmp/tmp0sqb0ik8']
[2025-06-17 16:08:30,989] {standard_task_runner.py:77} INFO - Job 8156: Subtask first_task
[2025-06-17 16:08:31,224] {logging_mixin.py:104} INFO - Running <TaskInstance: our_first_dag_v5.first_task 2025-05-16T00:00:00+00:00 [running]> on host 4f8b76136637
[2025-06-17 16:08:31,517] {taskinstance.py:1257} INFO - Exporting the following env vars:
AIRFLOW_CTX_DAG_OWNER=coder2j
AIRFLOW_CTX_DAG_ID=our_first_dag_v5
AIRFLOW_CTX_TASK_ID=first_task
AIRFLOW_CTX_EXECUTION_DATE=2025-05-16T00:00:00+00:00
AIRFLOW_CTX_DAG_RUN_ID=scheduled__2025-05-16T00:00:00+00:00
[2025-06-17 16:08:31,519] {bash.py:135} INFO - Tmp dir root location: 
 /tmp
[2025-06-17 16:08:31,525] {bash.py:158} INFO - Running command: echo hello world, this is the first task!
[2025-06-17 16:08:31,568] {bash.py:169} INFO - Output:
[2025-06-17 16:08:31,574] {bash.py:173} INFO - hello world, this is the first task!
[2025-06-17 16:08:31,575] {bash.py:177} INFO - Command exited with return code 0
[2025-06-17 16:08:31,742] {taskinstance.py:1166} INFO - Marking task as SUCCESS. dag_id=our_first_dag_v5, task_id=first_task, execution_date=20250516T000000, start_date=20250617T160830, end_date=20250617T160831
[2025-06-17 16:08:31,896] {taskinstance.py:1220} INFO - 2 downstream tasks scheduled from follow-on schedule check
[2025-06-17 16:08:31,951] {local_task_job.py:146} INFO - Task exited with return code 0
