[2025-06-18 02:28:15,029] {taskinstance.py:851} INFO - Dependencies all met for <TaskInstance: dag_with_postgres_operator_v03.create_postgres_table 2023-12-01T00:00:00+00:00 [queued]>
[2025-06-18 02:28:15,080] {taskinstance.py:851} INFO - Dependencies all met for <TaskInstance: dag_with_postgres_operator_v03.create_postgres_table 2023-12-01T00:00:00+00:00 [queued]>
[2025-06-18 02:28:15,081] {taskinstance.py:1042} INFO - 
--------------------------------------------------------------------------------
[2025-06-18 02:28:15,081] {taskinstance.py:1043} INFO - Starting attempt 1 of 6
[2025-06-18 02:28:15,081] {taskinstance.py:1044} INFO - 
--------------------------------------------------------------------------------
[2025-06-18 02:28:15,108] {taskinstance.py:1063} INFO - Executing <Task(PostgresOperator): create_postgres_table> on 2023-12-01T00:00:00+00:00
[2025-06-18 02:28:15,117] {standard_task_runner.py:52} INFO - Started process 2318 to run task
[2025-06-18 02:28:15,129] {standard_task_runner.py:76} INFO - Running: ['airflow', 'tasks', 'run', 'dag_with_postgres_operator_v03', 'create_postgres_table', '2023-12-01T00:00:00+00:00', '--job-id', '9028', '--pool', 'default_pool', '--raw', '--subdir', 'DAGS_FOLDER/connect_postgres.py', '--cfg-path', '/tmp/tmpfm37kgjb', '--error-file', '/tmp/tmp6oe_5ng7']
[2025-06-18 02:28:15,137] {standard_task_runner.py:77} INFO - Job 9028: Subtask create_postgres_table
[2025-06-18 02:28:15,268] {logging_mixin.py:104} INFO - Running <TaskInstance: dag_with_postgres_operator_v03.create_postgres_table 2023-12-01T00:00:00+00:00 [running]> on host d5e6667b8b51
[2025-06-18 02:28:15,382] {taskinstance.py:1257} INFO - Exporting the following env vars:
AIRFLOW_CTX_DAG_OWNER=coder2j
AIRFLOW_CTX_DAG_ID=dag_with_postgres_operator_v03
AIRFLOW_CTX_TASK_ID=create_postgres_table
AIRFLOW_CTX_EXECUTION_DATE=2023-12-01T00:00:00+00:00
AIRFLOW_CTX_DAG_RUN_ID=scheduled__2023-12-01T00:00:00+00:00
[2025-06-18 02:28:15,383] {postgres.py:69} INFO - Executing: 
            create table if not exists dag_runs (
                dt date,
                dag_id character varying,
                primary key (dt, dag_id)
            )
        
[2025-06-18 02:28:15,401] {base.py:74} INFO - Using connection to: id: postgres_localhost. Host: postgres, Port: 5432, Schema: test, Login: airflow, Password: XXXXXXXX, extra: None
[2025-06-18 02:28:15,413] {dbapi.py:180} INFO - Running statement: 
            create table if not exists dag_runs (
                dt date,
                dag_id character varying,
                primary key (dt, dag_id)
            )
        , parameters: None
[2025-06-18 02:28:15,414] {dbapi.py:186} INFO - Rows affected: -1
[2025-06-18 02:28:15,415] {postgres.py:73} INFO - NOTICE:  relation "dag_runs" already exists, skipping

[2025-06-18 02:28:15,467] {taskinstance.py:1166} INFO - Marking task as SUCCESS. dag_id=dag_with_postgres_operator_v03, task_id=create_postgres_table, execution_date=20231201T000000, start_date=20250618T022815, end_date=20250618T022815
[2025-06-18 02:28:15,598] {taskinstance.py:1220} INFO - 0 downstream tasks scheduled from follow-on schedule check
[2025-06-18 02:28:15,620] {local_task_job.py:146} INFO - Task exited with return code 0
