[2025-06-17 15:52:16,326] {taskinstance.py:851} INFO - Dependencies all met for <TaskInstance: our_first_dag_v5.thrid_task 2022-09-03T00:00:00+00:00 [queued]>
[2025-06-17 15:52:16,468] {taskinstance.py:851} INFO - Dependencies all met for <TaskInstance: our_first_dag_v5.thrid_task 2022-09-03T00:00:00+00:00 [queued]>
[2025-06-17 15:52:16,469] {taskinstance.py:1042} INFO - 
--------------------------------------------------------------------------------
[2025-06-17 15:52:16,469] {taskinstance.py:1043} INFO - Starting attempt 1 of 6
[2025-06-17 15:52:16,469] {taskinstance.py:1044} INFO - 
--------------------------------------------------------------------------------
[2025-06-17 15:52:16,576] {taskinstance.py:1063} INFO - Executing <Task(BashOperator): thrid_task> on 2022-09-03T00:00:00+00:00
[2025-06-17 15:52:16,586] {standard_task_runner.py:52} INFO - Started process 2150 to run task
[2025-06-17 15:52:16,615] {standard_task_runner.py:76} INFO - Running: ['airflow', 'tasks', 'run', 'our_first_dag_v5', 'thrid_task', '2022-09-03T00:00:00+00:00', '--job-id', '2451', '--pool', 'default_pool', '--raw', '--subdir', 'DAGS_FOLDER/first_dag.py', '--cfg-path', '/tmp/tmpcxbr3ji7', '--error-file', '/tmp/tmpt48m3dbb']
[2025-06-17 15:52:16,629] {standard_task_runner.py:77} INFO - Job 2451: Subtask thrid_task
[2025-06-17 15:52:17,247] {logging_mixin.py:104} INFO - Running <TaskInstance: our_first_dag_v5.thrid_task 2022-09-03T00:00:00+00:00 [running]> on host 4f8b76136637
[2025-06-17 15:52:17,618] {taskinstance.py:1257} INFO - Exporting the following env vars:
AIRFLOW_CTX_DAG_OWNER=coder2j
AIRFLOW_CTX_DAG_ID=our_first_dag_v5
AIRFLOW_CTX_TASK_ID=thrid_task
AIRFLOW_CTX_EXECUTION_DATE=2022-09-03T00:00:00+00:00
AIRFLOW_CTX_DAG_RUN_ID=scheduled__2022-09-03T00:00:00+00:00
[2025-06-17 15:52:17,619] {bash.py:135} INFO - Tmp dir root location: 
 /tmp
[2025-06-17 15:52:17,627] {bash.py:158} INFO - Running command: echo hey, I am task3 and will be running after task1 at the same time as task2!
[2025-06-17 15:52:17,677] {bash.py:169} INFO - Output:
[2025-06-17 15:52:17,677] {bash.py:173} INFO - hey, I am task3 and will be running after task1 at the same time as task2!
[2025-06-17 15:52:17,678] {bash.py:177} INFO - Command exited with return code 0
[2025-06-17 15:52:17,992] {taskinstance.py:1166} INFO - Marking task as SUCCESS. dag_id=our_first_dag_v5, task_id=thrid_task, execution_date=20220903T000000, start_date=20250617T155216, end_date=20250617T155217
[2025-06-17 15:52:18,706] {taskinstance.py:1220} INFO - 0 downstream tasks scheduled from follow-on schedule check
[2025-06-17 15:52:18,779] {local_task_job.py:146} INFO - Task exited with return code 0
