[2025-06-17 15:52:47,000] {taskinstance.py:851} INFO - Dependencies all met for <TaskInstance: dag_with_taskflow_api_v02.get_name 2023-01-06T00:00:00+00:00 [queued]>
[2025-06-17 15:52:47,129] {taskinstance.py:851} INFO - Dependencies all met for <TaskInstance: dag_with_taskflow_api_v02.get_name 2023-01-06T00:00:00+00:00 [queued]>
[2025-06-17 15:52:47,129] {taskinstance.py:1042} INFO - 
--------------------------------------------------------------------------------
[2025-06-17 15:52:47,129] {taskinstance.py:1043} INFO - Starting attempt 1 of 6
[2025-06-17 15:52:47,130] {taskinstance.py:1044} INFO - 
--------------------------------------------------------------------------------
[2025-06-17 15:52:47,197] {taskinstance.py:1063} INFO - Executing <Task(_PythonDecoratedOperator): get_name> on 2023-01-06T00:00:00+00:00
[2025-06-17 15:52:47,208] {standard_task_runner.py:52} INFO - Started process 2574 to run task
[2025-06-17 15:52:47,234] {standard_task_runner.py:76} INFO - Running: ['airflow', 'tasks', 'run', 'dag_with_taskflow_api_v02', 'get_name', '2023-01-06T00:00:00+00:00', '--job-id', '2606', '--pool', 'default_pool', '--raw', '--subdir', 'DAGS_FOLDER/taskflow.py', '--cfg-path', '/tmp/tmp6fs4ia8p', '--error-file', '/tmp/tmpuy99xxvn']
[2025-06-17 15:52:47,255] {standard_task_runner.py:77} INFO - Job 2606: Subtask get_name
[2025-06-17 15:52:47,501] {logging_mixin.py:104} INFO - Running <TaskInstance: dag_with_taskflow_api_v02.get_name 2023-01-06T00:00:00+00:00 [running]> on host 4f8b76136637
[2025-06-17 15:52:47,891] {taskinstance.py:1257} INFO - Exporting the following env vars:
AIRFLOW_CTX_DAG_OWNER=coder2j
AIRFLOW_CTX_DAG_ID=dag_with_taskflow_api_v02
AIRFLOW_CTX_TASK_ID=get_name
AIRFLOW_CTX_EXECUTION_DATE=2023-01-06T00:00:00+00:00
AIRFLOW_CTX_DAG_RUN_ID=scheduled__2023-01-06T00:00:00+00:00
[2025-06-17 15:52:48,221] {taskinstance.py:1166} INFO - Marking task as SUCCESS. dag_id=dag_with_taskflow_api_v02, task_id=get_name, execution_date=20230106T000000, start_date=20250617T155247, end_date=20250617T155248
[2025-06-17 15:52:48,471] {taskinstance.py:1220} INFO - 0 downstream tasks scheduled from follow-on schedule check
[2025-06-17 15:52:48,587] {local_task_job.py:146} INFO - Task exited with return code 0
