[2025-06-18 15:02:56,707] {taskinstance.py:851} INFO - Dependencies all met for <TaskInstance: first_dag.first_task 2022-09-26T00:00:00+00:00 [queued]>
[2025-06-18 15:02:56,780] {taskinstance.py:851} INFO - Dependencies all met for <TaskInstance: first_dag.first_task 2022-09-26T00:00:00+00:00 [queued]>
[2025-06-18 15:02:56,780] {taskinstance.py:1042} INFO - 
--------------------------------------------------------------------------------
[2025-06-18 15:02:56,781] {taskinstance.py:1043} INFO - Starting attempt 1 of 6
[2025-06-18 15:02:56,781] {taskinstance.py:1044} INFO - 
--------------------------------------------------------------------------------
[2025-06-18 15:02:56,869] {taskinstance.py:1063} INFO - Executing <Task(BashOperator): first_task> on 2022-09-26T00:00:00+00:00
[2025-06-18 15:02:56,878] {standard_task_runner.py:52} INFO - Started process 7194 to run task
[2025-06-18 15:02:56,899] {standard_task_runner.py:76} INFO - Running: ['airflow', 'tasks', 'run', 'first_dag', 'first_task', '2022-09-26T00:00:00+00:00', '--job-id', '10917', '--pool', 'default_pool', '--raw', '--subdir', 'DAGS_FOLDER/first_dag.py', '--cfg-path', '/tmp/tmpab8dqd7o', '--error-file', '/tmp/tmp3gptpms5']
[2025-06-18 15:02:56,906] {standard_task_runner.py:77} INFO - Job 10917: Subtask first_task
[2025-06-18 15:02:57,072] {logging_mixin.py:104} INFO - Running <TaskInstance: first_dag.first_task 2022-09-26T00:00:00+00:00 [running]> on host 500dc4ac3a72
[2025-06-18 15:02:57,283] {taskinstance.py:1257} INFO - Exporting the following env vars:
AIRFLOW_CTX_DAG_OWNER=my_name
AIRFLOW_CTX_DAG_ID=first_dag
AIRFLOW_CTX_TASK_ID=first_task
AIRFLOW_CTX_EXECUTION_DATE=2022-09-26T00:00:00+00:00
AIRFLOW_CTX_DAG_RUN_ID=scheduled__2022-09-26T00:00:00+00:00
[2025-06-18 15:02:57,285] {bash.py:135} INFO - Tmp dir root location: 
 /tmp
[2025-06-18 15:02:57,292] {bash.py:158} INFO - Running command: echo "this is my first task and I will run first! "
[2025-06-18 15:02:57,322] {bash.py:169} INFO - Output:
[2025-06-18 15:02:57,323] {bash.py:173} INFO - this is my first task and I will run first!
[2025-06-18 15:02:57,324] {bash.py:177} INFO - Command exited with return code 0
[2025-06-18 15:02:57,553] {taskinstance.py:1166} INFO - Marking task as SUCCESS. dag_id=first_dag, task_id=first_task, execution_date=20220926T000000, start_date=20250618T150256, end_date=20250618T150257
[2025-06-18 15:02:57,803] {taskinstance.py:1220} INFO - 0 downstream tasks scheduled from follow-on schedule check
[2025-06-18 15:02:57,826] {local_task_job.py:146} INFO - Task exited with return code 0
