[2025-06-18 14:53:48,705] {taskinstance.py:851} INFO - Dependencies all met for <TaskInstance: first_dag.first_task 2021-08-05T00:00:00+00:00 [queued]>
[2025-06-18 14:53:48,725] {taskinstance.py:851} INFO - Dependencies all met for <TaskInstance: first_dag.first_task 2021-08-05T00:00:00+00:00 [queued]>
[2025-06-18 14:53:48,725] {taskinstance.py:1042} INFO - 
--------------------------------------------------------------------------------
[2025-06-18 14:53:48,725] {taskinstance.py:1043} INFO - Starting attempt 1 of 6
[2025-06-18 14:53:48,726] {taskinstance.py:1044} INFO - 
--------------------------------------------------------------------------------
[2025-06-18 14:53:48,745] {taskinstance.py:1063} INFO - Executing <Task(BashOperator): first_task> on 2021-08-05T00:00:00+00:00
[2025-06-18 14:53:48,750] {standard_task_runner.py:52} INFO - Started process 1964 to run task
[2025-06-18 14:53:48,756] {standard_task_runner.py:76} INFO - Running: ['airflow', 'tasks', 'run', 'first_dag', 'first_task', '2021-08-05T00:00:00+00:00', '--job-id', '9609', '--pool', 'default_pool', '--raw', '--subdir', 'DAGS_FOLDER/first_dag.py', '--cfg-path', '/tmp/tmplaocdl2n', '--error-file', '/tmp/tmpylzvah0n']
[2025-06-18 14:53:48,760] {standard_task_runner.py:77} INFO - Job 9609: Subtask first_task
[2025-06-18 14:53:48,837] {logging_mixin.py:104} INFO - Running <TaskInstance: first_dag.first_task 2021-08-05T00:00:00+00:00 [running]> on host 500dc4ac3a72
[2025-06-18 14:53:48,905] {taskinstance.py:1257} INFO - Exporting the following env vars:
AIRFLOW_CTX_DAG_OWNER=coder2j
AIRFLOW_CTX_DAG_ID=first_dag
AIRFLOW_CTX_TASK_ID=first_task
AIRFLOW_CTX_EXECUTION_DATE=2021-08-05T00:00:00+00:00
AIRFLOW_CTX_DAG_RUN_ID=scheduled__2021-08-05T00:00:00+00:00
[2025-06-18 14:53:48,906] {bash.py:135} INFO - Tmp dir root location: 
 /tmp
[2025-06-18 14:53:48,907] {bash.py:158} INFO - Running command: this is my first task and I will run first! 
[2025-06-18 14:53:48,916] {bash.py:169} INFO - Output:
[2025-06-18 14:53:48,918] {bash.py:173} INFO - bash: this: command not found
[2025-06-18 14:53:48,918] {bash.py:177} INFO - Command exited with return code 127
[2025-06-18 14:53:48,934] {taskinstance.py:1455} ERROR - Bash command failed. The command returned a non-zero exit code.
Traceback (most recent call last):
  File "/home/airflow/.local/lib/python3.6/site-packages/airflow/models/taskinstance.py", line 1112, in _run_raw_task
    self._prepare_and_execute_task_with_callbacks(context, task)
  File "/home/airflow/.local/lib/python3.6/site-packages/airflow/models/taskinstance.py", line 1285, in _prepare_and_execute_task_with_callbacks
    result = self._execute_task(context, task_copy)
  File "/home/airflow/.local/lib/python3.6/site-packages/airflow/models/taskinstance.py", line 1315, in _execute_task
    result = task_copy.execute(context=context)
  File "/home/airflow/.local/lib/python3.6/site-packages/airflow/operators/bash.py", line 180, in execute
    raise AirflowException('Bash command failed. The command returned a non-zero exit code.')
airflow.exceptions.AirflowException: Bash command failed. The command returned a non-zero exit code.
[2025-06-18 14:53:48,937] {taskinstance.py:1503} INFO - Marking task as UP_FOR_RETRY. dag_id=first_dag, task_id=first_task, execution_date=20210805T000000, start_date=20250618T145348, end_date=20250618T145348
[2025-06-18 14:53:48,966] {local_task_job.py:146} INFO - Task exited with return code 1
