[2025-06-18 15:08:10,759] {taskinstance.py:851} INFO - Dependencies all met for <TaskInstance: first_dag.third_task 2024-09-20T00:00:00+00:00 [queued]>
[2025-06-18 15:08:10,827] {taskinstance.py:851} INFO - Dependencies all met for <TaskInstance: first_dag.third_task 2024-09-20T00:00:00+00:00 [queued]>
[2025-06-18 15:08:10,829] {taskinstance.py:1042} INFO - 
--------------------------------------------------------------------------------
[2025-06-18 15:08:10,837] {taskinstance.py:1043} INFO - Starting attempt 1 of 6
[2025-06-18 15:08:10,838] {taskinstance.py:1044} INFO - 
--------------------------------------------------------------------------------
[2025-06-18 15:08:10,951] {taskinstance.py:1063} INFO - Executing <Task(BashOperator): third_task> on 2024-09-20T00:00:00+00:00
[2025-06-18 15:08:10,964] {standard_task_runner.py:52} INFO - Started process 14489 to run task
[2025-06-18 15:08:10,975] {standard_task_runner.py:76} INFO - Running: ['airflow', 'tasks', 'run', 'first_dag', 'third_task', '2024-09-20T00:00:00+00:00', '--job-id', '13106', '--pool', 'default_pool', '--raw', '--subdir', 'DAGS_FOLDER/first_dag.py', '--cfg-path', '/tmp/tmpwhpjfmiw', '--error-file', '/tmp/tmpx461clv9']
[2025-06-18 15:08:10,991] {standard_task_runner.py:77} INFO - Job 13106: Subtask third_task
[2025-06-18 15:08:11,168] {logging_mixin.py:104} INFO - Running <TaskInstance: first_dag.third_task 2024-09-20T00:00:00+00:00 [running]> on host 500dc4ac3a72
[2025-06-18 15:08:11,383] {taskinstance.py:1257} INFO - Exporting the following env vars:
AIRFLOW_CTX_DAG_OWNER=my_name
AIRFLOW_CTX_DAG_ID=first_dag
AIRFLOW_CTX_TASK_ID=third_task
AIRFLOW_CTX_EXECUTION_DATE=2024-09-20T00:00:00+00:00
AIRFLOW_CTX_DAG_RUN_ID=scheduled__2024-09-20T00:00:00+00:00
[2025-06-18 15:08:11,386] {bash.py:135} INFO - Tmp dir root location: 
 /tmp
[2025-06-18 15:08:11,388] {bash.py:158} INFO - Running command: echo "this is third task "
[2025-06-18 15:08:11,425] {bash.py:169} INFO - Output:
[2025-06-18 15:08:11,426] {bash.py:173} INFO - this is third task
[2025-06-18 15:08:11,427] {bash.py:177} INFO - Command exited with return code 0
[2025-06-18 15:08:11,547] {taskinstance.py:1166} INFO - Marking task as SUCCESS. dag_id=first_dag, task_id=third_task, execution_date=20240920T000000, start_date=20250618T150810, end_date=20250618T150811
[2025-06-18 15:08:11,682] {taskinstance.py:1220} INFO - 0 downstream tasks scheduled from follow-on schedule check
[2025-06-18 15:08:11,749] {local_task_job.py:146} INFO - Task exited with return code 0
