[2025-06-17 16:03:36,515] {taskinstance.py:851} INFO - Dependencies all met for <TaskInstance: dag_with_taskflow_api_v02.get_age 2024-09-08T00:00:00+00:00 [queued]>
[2025-06-17 16:03:36,668] {taskinstance.py:851} INFO - Dependencies all met for <TaskInstance: dag_with_taskflow_api_v02.get_age 2024-09-08T00:00:00+00:00 [queued]>
[2025-06-17 16:03:36,668] {taskinstance.py:1042} INFO - 
--------------------------------------------------------------------------------
[2025-06-17 16:03:36,669] {taskinstance.py:1043} INFO - Starting attempt 1 of 6
[2025-06-17 16:03:36,669] {taskinstance.py:1044} INFO - 
--------------------------------------------------------------------------------
[2025-06-17 16:03:36,741] {taskinstance.py:1063} INFO - Executing <Task(_PythonDecoratedOperator): get_age> on 2024-09-08T00:00:00+00:00
[2025-06-17 16:03:36,755] {standard_task_runner.py:52} INFO - Started process 12336 to run task
[2025-06-17 16:03:36,780] {standard_task_runner.py:76} INFO - Running: ['airflow', 'tasks', 'run', 'dag_with_taskflow_api_v02', 'get_age', '2024-09-08T00:00:00+00:00', '--job-id', '6274', '--pool', 'default_pool', '--raw', '--subdir', 'DAGS_FOLDER/taskflow.py', '--cfg-path', '/tmp/tmpnbg2jnhg', '--error-file', '/tmp/tmpjbhhpptb']
[2025-06-17 16:03:36,790] {standard_task_runner.py:77} INFO - Job 6274: Subtask get_age
[2025-06-17 16:03:37,045] {logging_mixin.py:104} INFO - Running <TaskInstance: dag_with_taskflow_api_v02.get_age 2024-09-08T00:00:00+00:00 [running]> on host 4f8b76136637
[2025-06-17 16:03:37,357] {taskinstance.py:1257} INFO - Exporting the following env vars:
AIRFLOW_CTX_DAG_OWNER=coder2j
AIRFLOW_CTX_DAG_ID=dag_with_taskflow_api_v02
AIRFLOW_CTX_TASK_ID=get_age
AIRFLOW_CTX_EXECUTION_DATE=2024-09-08T00:00:00+00:00
AIRFLOW_CTX_DAG_RUN_ID=scheduled__2024-09-08T00:00:00+00:00
[2025-06-17 16:03:37,537] {taskinstance.py:1166} INFO - Marking task as SUCCESS. dag_id=dag_with_taskflow_api_v02, task_id=get_age, execution_date=20240908T000000, start_date=20250617T160336, end_date=20250617T160337
[2025-06-17 16:03:37,992] {taskinstance.py:1220} INFO - 0 downstream tasks scheduled from follow-on schedule check
[2025-06-17 16:03:38,011] {local_task_job.py:146} INFO - Task exited with return code 0
