[2025-06-17 15:56:27,284] {taskinstance.py:851} INFO - Dependencies all met for <TaskInstance: our_first_dag_v5.second_task 2023-04-23T00:00:00+00:00 [queued]>
[2025-06-17 15:56:27,405] {taskinstance.py:851} INFO - Dependencies all met for <TaskInstance: our_first_dag_v5.second_task 2023-04-23T00:00:00+00:00 [queued]>
[2025-06-17 15:56:27,405] {taskinstance.py:1042} INFO - 
--------------------------------------------------------------------------------
[2025-06-17 15:56:27,405] {taskinstance.py:1043} INFO - Starting attempt 1 of 6
[2025-06-17 15:56:27,405] {taskinstance.py:1044} INFO - 
--------------------------------------------------------------------------------
[2025-06-17 15:56:27,462] {taskinstance.py:1063} INFO - Executing <Task(BashOperator): second_task> on 2023-04-23T00:00:00+00:00
[2025-06-17 15:56:27,503] {standard_task_runner.py:52} INFO - Started process 5854 to run task
[2025-06-17 15:56:27,519] {standard_task_runner.py:76} INFO - Running: ['airflow', 'tasks', 'run', 'our_first_dag_v5', 'second_task', '2023-04-23T00:00:00+00:00', '--job-id', '3842', '--pool', 'default_pool', '--raw', '--subdir', 'DAGS_FOLDER/first_dag.py', '--cfg-path', '/tmp/tmp0is_rp9l', '--error-file', '/tmp/tmp137efr07']
[2025-06-17 15:56:27,524] {standard_task_runner.py:77} INFO - Job 3842: Subtask second_task
[2025-06-17 15:56:27,738] {logging_mixin.py:104} INFO - Running <TaskInstance: our_first_dag_v5.second_task 2023-04-23T00:00:00+00:00 [running]> on host 4f8b76136637
[2025-06-17 15:56:28,161] {taskinstance.py:1257} INFO - Exporting the following env vars:
AIRFLOW_CTX_DAG_OWNER=coder2j
AIRFLOW_CTX_DAG_ID=our_first_dag_v5
AIRFLOW_CTX_TASK_ID=second_task
AIRFLOW_CTX_EXECUTION_DATE=2023-04-23T00:00:00+00:00
AIRFLOW_CTX_DAG_RUN_ID=scheduled__2023-04-23T00:00:00+00:00
[2025-06-17 15:56:28,222] {bash.py:135} INFO - Tmp dir root location: 
 /tmp
[2025-06-17 15:56:28,229] {bash.py:158} INFO - Running command: echo hey, I am task2 and will be running after task1!
[2025-06-17 15:56:28,279] {bash.py:169} INFO - Output:
[2025-06-17 15:56:28,289] {bash.py:173} INFO - hey, I am task2 and will be running after task1!
[2025-06-17 15:56:28,291] {bash.py:177} INFO - Command exited with return code 0
[2025-06-17 15:56:28,549] {taskinstance.py:1166} INFO - Marking task as SUCCESS. dag_id=our_first_dag_v5, task_id=second_task, execution_date=20230423T000000, start_date=20250617T155627, end_date=20250617T155628
[2025-06-17 15:56:28,771] {taskinstance.py:1220} INFO - 0 downstream tasks scheduled from follow-on schedule check
[2025-06-17 15:56:28,795] {local_task_job.py:146} INFO - Task exited with return code 0
