[2025-06-18 15:06:26,277] {taskinstance.py:851} INFO - Dependencies all met for <TaskInstance: first_dag.third_task 2024-01-24T00:00:00+00:00 [queued]>
[2025-06-18 15:06:26,339] {taskinstance.py:851} INFO - Dependencies all met for <TaskInstance: first_dag.third_task 2024-01-24T00:00:00+00:00 [queued]>
[2025-06-18 15:06:26,342] {taskinstance.py:1042} INFO - 
--------------------------------------------------------------------------------
[2025-06-18 15:06:26,343] {taskinstance.py:1043} INFO - Starting attempt 1 of 6
[2025-06-18 15:06:26,343] {taskinstance.py:1044} INFO - 
--------------------------------------------------------------------------------
[2025-06-18 15:06:26,441] {taskinstance.py:1063} INFO - Executing <Task(BashOperator): third_task> on 2024-01-24T00:00:00+00:00
[2025-06-18 15:06:26,453] {standard_task_runner.py:52} INFO - Started process 12103 to run task
[2025-06-18 15:06:26,554] {standard_task_runner.py:76} INFO - Running: ['airflow', 'tasks', 'run', 'first_dag', 'third_task', '2024-01-24T00:00:00+00:00', '--job-id', '12389', '--pool', 'default_pool', '--raw', '--subdir', 'DAGS_FOLDER/first_dag.py', '--cfg-path', '/tmp/tmpv3oqbabx', '--error-file', '/tmp/tmpa51t2gaa']
[2025-06-18 15:06:26,635] {standard_task_runner.py:77} INFO - Job 12389: Subtask third_task
[2025-06-18 15:06:27,021] {logging_mixin.py:104} INFO - Running <TaskInstance: first_dag.third_task 2024-01-24T00:00:00+00:00 [running]> on host 500dc4ac3a72
[2025-06-18 15:06:27,337] {taskinstance.py:1257} INFO - Exporting the following env vars:
AIRFLOW_CTX_DAG_OWNER=my_name
AIRFLOW_CTX_DAG_ID=first_dag
AIRFLOW_CTX_TASK_ID=third_task
AIRFLOW_CTX_EXECUTION_DATE=2024-01-24T00:00:00+00:00
AIRFLOW_CTX_DAG_RUN_ID=scheduled__2024-01-24T00:00:00+00:00
[2025-06-18 15:06:27,338] {bash.py:135} INFO - Tmp dir root location: 
 /tmp
[2025-06-18 15:06:27,340] {bash.py:158} INFO - Running command: echo "this is third task "
[2025-06-18 15:06:27,393] {bash.py:169} INFO - Output:
[2025-06-18 15:06:27,397] {bash.py:173} INFO - this is third task
[2025-06-18 15:06:27,398] {bash.py:177} INFO - Command exited with return code 0
[2025-06-18 15:06:27,507] {taskinstance.py:1166} INFO - Marking task as SUCCESS. dag_id=first_dag, task_id=third_task, execution_date=20240124T000000, start_date=20250618T150626, end_date=20250618T150627
[2025-06-18 15:06:27,599] {taskinstance.py:1220} INFO - 0 downstream tasks scheduled from follow-on schedule check
[2025-06-18 15:06:27,628] {local_task_job.py:146} INFO - Task exited with return code 0
