[2025-06-17 16:04:07,295] {taskinstance.py:851} INFO - Dependencies all met for <TaskInstance: our_first_dag_v5.first_task 2024-07-13T00:00:00+00:00 [queued]>
[2025-06-17 16:04:07,405] {taskinstance.py:851} INFO - Dependencies all met for <TaskInstance: our_first_dag_v5.first_task 2024-07-13T00:00:00+00:00 [queued]>
[2025-06-17 16:04:07,405] {taskinstance.py:1042} INFO - 
--------------------------------------------------------------------------------
[2025-06-17 16:04:07,405] {taskinstance.py:1043} INFO - Starting attempt 1 of 6
[2025-06-17 16:04:07,405] {taskinstance.py:1044} INFO - 
--------------------------------------------------------------------------------
[2025-06-17 16:04:07,446] {taskinstance.py:1063} INFO - Executing <Task(BashOperator): first_task> on 2024-07-13T00:00:00+00:00
[2025-06-17 16:04:07,460] {standard_task_runner.py:52} INFO - Started process 12925 to run task
[2025-06-17 16:04:07,469] {standard_task_runner.py:76} INFO - Running: ['airflow', 'tasks', 'run', 'our_first_dag_v5', 'first_task', '2024-07-13T00:00:00+00:00', '--job-id', '6499', '--pool', 'default_pool', '--raw', '--subdir', 'DAGS_FOLDER/first_dag.py', '--cfg-path', '/tmp/tmp8whnerpq', '--error-file', '/tmp/tmpa23v5w80']
[2025-06-17 16:04:07,479] {standard_task_runner.py:77} INFO - Job 6499: Subtask first_task
[2025-06-17 16:04:07,664] {logging_mixin.py:104} INFO - Running <TaskInstance: our_first_dag_v5.first_task 2024-07-13T00:00:00+00:00 [running]> on host 4f8b76136637
[2025-06-17 16:04:07,938] {taskinstance.py:1257} INFO - Exporting the following env vars:
AIRFLOW_CTX_DAG_OWNER=coder2j
AIRFLOW_CTX_DAG_ID=our_first_dag_v5
AIRFLOW_CTX_TASK_ID=first_task
AIRFLOW_CTX_EXECUTION_DATE=2024-07-13T00:00:00+00:00
AIRFLOW_CTX_DAG_RUN_ID=scheduled__2024-07-13T00:00:00+00:00
[2025-06-17 16:04:07,939] {bash.py:135} INFO - Tmp dir root location: 
 /tmp
[2025-06-17 16:04:07,941] {bash.py:158} INFO - Running command: echo hello world, this is the first task!
[2025-06-17 16:04:07,997] {bash.py:169} INFO - Output:
[2025-06-17 16:04:08,000] {bash.py:173} INFO - hello world, this is the first task!
[2025-06-17 16:04:08,003] {bash.py:177} INFO - Command exited with return code 0
[2025-06-17 16:04:08,143] {taskinstance.py:1166} INFO - Marking task as SUCCESS. dag_id=our_first_dag_v5, task_id=first_task, execution_date=20240713T000000, start_date=20250617T160407, end_date=20250617T160408
[2025-06-17 16:04:08,530] {taskinstance.py:1220} INFO - 0 downstream tasks scheduled from follow-on schedule check
[2025-06-17 16:04:08,562] {local_task_job.py:146} INFO - Task exited with return code 0
