[2025-06-17 15:48:59,148] {taskinstance.py:851} INFO - Dependencies all met for <TaskInstance: dag_with_taskflow_api_v02.get_age 2022-08-01T00:00:00+00:00 [queued]>
[2025-06-17 15:48:59,200] {taskinstance.py:851} INFO - Dependencies all met for <TaskInstance: dag_with_taskflow_api_v02.get_age 2022-08-01T00:00:00+00:00 [queued]>
[2025-06-17 15:48:59,203] {taskinstance.py:1042} INFO - 
--------------------------------------------------------------------------------
[2025-06-17 15:48:59,212] {taskinstance.py:1043} INFO - Starting attempt 1 of 6
[2025-06-17 15:48:59,212] {taskinstance.py:1044} INFO - 
--------------------------------------------------------------------------------
[2025-06-17 15:48:59,283] {taskinstance.py:1063} INFO - Executing <Task(_PythonDecoratedOperator): get_age> on 2022-08-01T00:00:00+00:00
[2025-06-17 15:48:59,302] {standard_task_runner.py:52} INFO - Started process 4649 to run task
[2025-06-17 15:48:59,331] {standard_task_runner.py:76} INFO - Running: ['airflow', 'tasks', 'run', 'dag_with_taskflow_api_v02', 'get_age', '2022-08-01T00:00:00+00:00', '--job-id', '1655', '--pool', 'default_pool', '--raw', '--subdir', 'DAGS_FOLDER/taskflow.py', '--cfg-path', '/tmp/tmpfd0nl4mj', '--error-file', '/tmp/tmpygpl9s01']
[2025-06-17 15:48:59,349] {standard_task_runner.py:77} INFO - Job 1655: Subtask get_age
[2025-06-17 15:48:59,777] {logging_mixin.py:104} INFO - Running <TaskInstance: dag_with_taskflow_api_v02.get_age 2022-08-01T00:00:00+00:00 [running]> on host 4f8b76136637
[2025-06-17 15:49:00,215] {taskinstance.py:1257} INFO - Exporting the following env vars:
AIRFLOW_CTX_DAG_OWNER=coder2j
AIRFLOW_CTX_DAG_ID=dag_with_taskflow_api_v02
AIRFLOW_CTX_TASK_ID=get_age
AIRFLOW_CTX_EXECUTION_DATE=2022-08-01T00:00:00+00:00
AIRFLOW_CTX_DAG_RUN_ID=scheduled__2022-08-01T00:00:00+00:00
[2025-06-17 15:49:00,589] {taskinstance.py:1166} INFO - Marking task as SUCCESS. dag_id=dag_with_taskflow_api_v02, task_id=get_age, execution_date=20220801T000000, start_date=20250617T154859, end_date=20250617T154900
[2025-06-17 15:49:01,288] {taskinstance.py:1220} INFO - 0 downstream tasks scheduled from follow-on schedule check
[2025-06-17 15:49:01,333] {local_task_job.py:146} INFO - Task exited with return code 0
