[2025-06-18 16:25:01,637] {taskinstance.py:851} INFO - Dependencies all met for <TaskInstance: connect_postgres_dag.create_postgres_table 2024-09-19T00:00:00+00:00 [queued]>
[2025-06-18 16:25:01,668] {taskinstance.py:851} INFO - Dependencies all met for <TaskInstance: connect_postgres_dag.create_postgres_table 2024-09-19T00:00:00+00:00 [queued]>
[2025-06-18 16:25:01,668] {taskinstance.py:1042} INFO - 
--------------------------------------------------------------------------------
[2025-06-18 16:25:01,668] {taskinstance.py:1043} INFO - Starting attempt 1 of 6
[2025-06-18 16:25:01,668] {taskinstance.py:1044} INFO - 
--------------------------------------------------------------------------------
[2025-06-18 16:25:01,695] {taskinstance.py:1063} INFO - Executing <Task(PostgresOperator): create_postgres_table> on 2024-09-19T00:00:00+00:00
[2025-06-18 16:25:01,701] {standard_task_runner.py:52} INFO - Started process 2201 to run task
[2025-06-18 16:25:01,710] {standard_task_runner.py:76} INFO - Running: ['airflow', 'tasks', 'run', 'connect_postgres_dag', 'create_postgres_table', '2024-09-19T00:00:00+00:00', '--job-id', '15940', '--pool', 'default_pool', '--raw', '--subdir', 'DAGS_FOLDER/connect_postgres_dag.py', '--cfg-path', '/tmp/tmpephrx5qv', '--error-file', '/tmp/tmpnm2rvuhc']
[2025-06-18 16:25:01,716] {standard_task_runner.py:77} INFO - Job 15940: Subtask create_postgres_table
[2025-06-18 16:25:01,801] {logging_mixin.py:104} INFO - Running <TaskInstance: connect_postgres_dag.create_postgres_table 2024-09-19T00:00:00+00:00 [running]> on host ee91c01336f6
[2025-06-18 16:25:01,882] {taskinstance.py:1257} INFO - Exporting the following env vars:
AIRFLOW_CTX_DAG_OWNER=coder2j
AIRFLOW_CTX_DAG_ID=connect_postgres_dag
AIRFLOW_CTX_TASK_ID=create_postgres_table
AIRFLOW_CTX_EXECUTION_DATE=2024-09-19T00:00:00+00:00
AIRFLOW_CTX_DAG_RUN_ID=scheduled__2024-09-19T00:00:00+00:00
[2025-06-18 16:25:01,883] {postgres.py:69} INFO - Executing: 
            create table if not exists employee (
                "name" text,
                "age" integer,
                "salary" numeric
            )
        
[2025-06-18 16:25:01,899] {base.py:74} INFO - Using connection to: id: postgres_localhost. Host: postgres, Port: 5432, Schema: test, Login: airflow, Password: XXXXXXXX, extra: None
[2025-06-18 16:25:01,908] {dbapi.py:180} INFO - Running statement: 
            create table if not exists employee (
                "name" text,
                "age" integer,
                "salary" numeric
            )
        , parameters: None
[2025-06-18 16:25:01,909] {dbapi.py:186} INFO - Rows affected: -1
[2025-06-18 16:25:01,910] {postgres.py:73} INFO - NOTICE:  relation "employee" already exists, skipping

[2025-06-18 16:25:01,938] {taskinstance.py:1166} INFO - Marking task as SUCCESS. dag_id=connect_postgres_dag, task_id=create_postgres_table, execution_date=20240919T000000, start_date=20250618T162501, end_date=20250618T162501
[2025-06-18 16:25:02,157] {taskinstance.py:1220} INFO - 0 downstream tasks scheduled from follow-on schedule check
[2025-06-18 16:25:02,171] {local_task_job.py:146} INFO - Task exited with return code 0
