[2025-06-17 15:54:42,846] {taskinstance.py:851} INFO - Dependencies all met for <TaskInstance: our_first_dag_v5.first_task 2023-01-22T00:00:00+00:00 [queued]>
[2025-06-17 15:54:42,997] {taskinstance.py:851} INFO - Dependencies all met for <TaskInstance: our_first_dag_v5.first_task 2023-01-22T00:00:00+00:00 [queued]>
[2025-06-17 15:54:42,997] {taskinstance.py:1042} INFO - 
--------------------------------------------------------------------------------
[2025-06-17 15:54:43,002] {taskinstance.py:1043} INFO - Starting attempt 1 of 6
[2025-06-17 15:54:43,009] {taskinstance.py:1044} INFO - 
--------------------------------------------------------------------------------
[2025-06-17 15:54:43,072] {taskinstance.py:1063} INFO - Executing <Task(BashOperator): first_task> on 2023-01-22T00:00:00+00:00
[2025-06-17 15:54:43,088] {standard_task_runner.py:52} INFO - Started process 4356 to run task
[2025-06-17 15:54:43,111] {standard_task_runner.py:76} INFO - Running: ['airflow', 'tasks', 'run', 'our_first_dag_v5', 'first_task', '2023-01-22T00:00:00+00:00', '--job-id', '3276', '--pool', 'default_pool', '--raw', '--subdir', 'DAGS_FOLDER/first_dag.py', '--cfg-path', '/tmp/tmpqq3frcxc', '--error-file', '/tmp/tmpf5nfr2sk']
[2025-06-17 15:54:43,119] {standard_task_runner.py:77} INFO - Job 3276: Subtask first_task
[2025-06-17 15:54:43,458] {logging_mixin.py:104} INFO - Running <TaskInstance: our_first_dag_v5.first_task 2023-01-22T00:00:00+00:00 [running]> on host 4f8b76136637
[2025-06-17 15:54:43,769] {taskinstance.py:1257} INFO - Exporting the following env vars:
AIRFLOW_CTX_DAG_OWNER=coder2j
AIRFLOW_CTX_DAG_ID=our_first_dag_v5
AIRFLOW_CTX_TASK_ID=first_task
AIRFLOW_CTX_EXECUTION_DATE=2023-01-22T00:00:00+00:00
AIRFLOW_CTX_DAG_RUN_ID=scheduled__2023-01-22T00:00:00+00:00
[2025-06-17 15:54:43,771] {bash.py:135} INFO - Tmp dir root location: 
 /tmp
[2025-06-17 15:54:43,775] {bash.py:158} INFO - Running command: echo hello world, this is the first task!
[2025-06-17 15:54:43,833] {bash.py:169} INFO - Output:
[2025-06-17 15:54:43,834] {bash.py:173} INFO - hello world, this is the first task!
[2025-06-17 15:54:43,835] {bash.py:177} INFO - Command exited with return code 0
[2025-06-17 15:54:44,068] {taskinstance.py:1166} INFO - Marking task as SUCCESS. dag_id=our_first_dag_v5, task_id=first_task, execution_date=20230122T000000, start_date=20250617T155442, end_date=20250617T155444
[2025-06-17 15:54:44,353] {taskinstance.py:1220} INFO - 2 downstream tasks scheduled from follow-on schedule check
[2025-06-17 15:54:44,425] {local_task_job.py:146} INFO - Task exited with return code 0
