[2025-06-17 15:59:12,761] {taskinstance.py:851} INFO - Dependencies all met for <TaskInstance: our_first_dag_v5.first_task 2023-09-13T00:00:00+00:00 [queued]>
[2025-06-17 15:59:13,025] {taskinstance.py:851} INFO - Dependencies all met for <TaskInstance: our_first_dag_v5.first_task 2023-09-13T00:00:00+00:00 [queued]>
[2025-06-17 15:59:13,025] {taskinstance.py:1042} INFO - 
--------------------------------------------------------------------------------
[2025-06-17 15:59:13,025] {taskinstance.py:1043} INFO - Starting attempt 1 of 6
[2025-06-17 15:59:13,025] {taskinstance.py:1044} INFO - 
--------------------------------------------------------------------------------
[2025-06-17 15:59:13,167] {taskinstance.py:1063} INFO - Executing <Task(BashOperator): first_task> on 2023-09-13T00:00:00+00:00
[2025-06-17 15:59:13,199] {standard_task_runner.py:52} INFO - Started process 8094 to run task
[2025-06-17 15:59:13,237] {standard_task_runner.py:76} INFO - Running: ['airflow', 'tasks', 'run', 'our_first_dag_v5', 'first_task', '2023-09-13T00:00:00+00:00', '--job-id', '4677', '--pool', 'default_pool', '--raw', '--subdir', 'DAGS_FOLDER/first_dag.py', '--cfg-path', '/tmp/tmpsmlvkzpk', '--error-file', '/tmp/tmpubv_ccl9']
[2025-06-17 15:59:13,254] {standard_task_runner.py:77} INFO - Job 4677: Subtask first_task
[2025-06-17 15:59:13,753] {logging_mixin.py:104} INFO - Running <TaskInstance: our_first_dag_v5.first_task 2023-09-13T00:00:00+00:00 [running]> on host 4f8b76136637
[2025-06-17 15:59:14,475] {taskinstance.py:1257} INFO - Exporting the following env vars:
AIRFLOW_CTX_DAG_OWNER=coder2j
AIRFLOW_CTX_DAG_ID=our_first_dag_v5
AIRFLOW_CTX_TASK_ID=first_task
AIRFLOW_CTX_EXECUTION_DATE=2023-09-13T00:00:00+00:00
AIRFLOW_CTX_DAG_RUN_ID=scheduled__2023-09-13T00:00:00+00:00
[2025-06-17 15:59:14,476] {bash.py:135} INFO - Tmp dir root location: 
 /tmp
[2025-06-17 15:59:14,484] {bash.py:158} INFO - Running command: echo hello world, this is the first task!
[2025-06-17 15:59:14,565] {bash.py:169} INFO - Output:
[2025-06-17 15:59:14,570] {bash.py:173} INFO - hello world, this is the first task!
[2025-06-17 15:59:14,692] {bash.py:177} INFO - Command exited with return code 0
[2025-06-17 15:59:15,050] {taskinstance.py:1166} INFO - Marking task as SUCCESS. dag_id=our_first_dag_v5, task_id=first_task, execution_date=20230913T000000, start_date=20250617T155912, end_date=20250617T155915
[2025-06-17 15:59:16,094] {taskinstance.py:1220} INFO - 0 downstream tasks scheduled from follow-on schedule check
[2025-06-17 15:59:16,159] {local_task_job.py:146} INFO - Task exited with return code 0
