[2025-06-18 15:07:54,840] {taskinstance.py:851} INFO - Dependencies all met for <TaskInstance: first_dag.third_task 2024-08-17T00:00:00+00:00 [queued]>
[2025-06-18 15:07:54,879] {taskinstance.py:851} INFO - Dependencies all met for <TaskInstance: first_dag.third_task 2024-08-17T00:00:00+00:00 [queued]>
[2025-06-18 15:07:54,881] {taskinstance.py:1042} INFO - 
--------------------------------------------------------------------------------
[2025-06-18 15:07:54,881] {taskinstance.py:1043} INFO - Starting attempt 1 of 6
[2025-06-18 15:07:54,882] {taskinstance.py:1044} INFO - 
--------------------------------------------------------------------------------
[2025-06-18 15:07:54,938] {taskinstance.py:1063} INFO - Executing <Task(BashOperator): third_task> on 2024-08-17T00:00:00+00:00
[2025-06-18 15:07:54,959] {standard_task_runner.py:52} INFO - Started process 14156 to run task
[2025-06-18 15:07:55,006] {standard_task_runner.py:76} INFO - Running: ['airflow', 'tasks', 'run', 'first_dag', 'third_task', '2024-08-17T00:00:00+00:00', '--job-id', '13005', '--pool', 'default_pool', '--raw', '--subdir', 'DAGS_FOLDER/first_dag.py', '--cfg-path', '/tmp/tmpwwjpnc_7', '--error-file', '/tmp/tmpr0dup8mz']
[2025-06-18 15:07:55,014] {standard_task_runner.py:77} INFO - Job 13005: Subtask third_task
[2025-06-18 15:07:55,280] {logging_mixin.py:104} INFO - Running <TaskInstance: first_dag.third_task 2024-08-17T00:00:00+00:00 [running]> on host 500dc4ac3a72
[2025-06-18 15:07:55,458] {taskinstance.py:1257} INFO - Exporting the following env vars:
AIRFLOW_CTX_DAG_OWNER=my_name
AIRFLOW_CTX_DAG_ID=first_dag
AIRFLOW_CTX_TASK_ID=third_task
AIRFLOW_CTX_EXECUTION_DATE=2024-08-17T00:00:00+00:00
AIRFLOW_CTX_DAG_RUN_ID=scheduled__2024-08-17T00:00:00+00:00
[2025-06-18 15:07:55,460] {bash.py:135} INFO - Tmp dir root location: 
 /tmp
[2025-06-18 15:07:55,470] {bash.py:158} INFO - Running command: echo "this is third task "
[2025-06-18 15:07:55,502] {bash.py:169} INFO - Output:
[2025-06-18 15:07:55,502] {bash.py:173} INFO - this is third task
[2025-06-18 15:07:55,503] {bash.py:177} INFO - Command exited with return code 0
[2025-06-18 15:07:55,646] {taskinstance.py:1166} INFO - Marking task as SUCCESS. dag_id=first_dag, task_id=third_task, execution_date=20240817T000000, start_date=20250618T150754, end_date=20250618T150755
[2025-06-18 15:07:55,760] {taskinstance.py:1220} INFO - 0 downstream tasks scheduled from follow-on schedule check
[2025-06-18 15:07:55,787] {local_task_job.py:146} INFO - Task exited with return code 0
