[2025-06-17 16:02:59,997] {taskinstance.py:851} INFO - Dependencies all met for <TaskInstance: dag_with_taskflow_api_v02.get_age 2024-07-26T00:00:00+00:00 [queued]>
[2025-06-17 16:03:00,089] {taskinstance.py:851} INFO - Dependencies all met for <TaskInstance: dag_with_taskflow_api_v02.get_age 2024-07-26T00:00:00+00:00 [queued]>
[2025-06-17 16:03:00,090] {taskinstance.py:1042} INFO - 
--------------------------------------------------------------------------------
[2025-06-17 16:03:00,090] {taskinstance.py:1043} INFO - Starting attempt 1 of 6
[2025-06-17 16:03:00,090] {taskinstance.py:1044} INFO - 
--------------------------------------------------------------------------------
[2025-06-17 16:03:00,163] {taskinstance.py:1063} INFO - Executing <Task(_PythonDecoratedOperator): get_age> on 2024-07-26T00:00:00+00:00
[2025-06-17 16:03:00,186] {standard_task_runner.py:52} INFO - Started process 11637 to run task
[2025-06-17 16:03:00,221] {standard_task_runner.py:76} INFO - Running: ['airflow', 'tasks', 'run', 'dag_with_taskflow_api_v02', 'get_age', '2024-07-26T00:00:00+00:00', '--job-id', '6007', '--pool', 'default_pool', '--raw', '--subdir', 'DAGS_FOLDER/taskflow.py', '--cfg-path', '/tmp/tmp1q6x9ct8', '--error-file', '/tmp/tmpe7s0frkj']
[2025-06-17 16:03:00,247] {standard_task_runner.py:77} INFO - Job 6007: Subtask get_age
[2025-06-17 16:03:00,492] {logging_mixin.py:104} INFO - Running <TaskInstance: dag_with_taskflow_api_v02.get_age 2024-07-26T00:00:00+00:00 [running]> on host 4f8b76136637
[2025-06-17 16:03:00,787] {taskinstance.py:1257} INFO - Exporting the following env vars:
AIRFLOW_CTX_DAG_OWNER=coder2j
AIRFLOW_CTX_DAG_ID=dag_with_taskflow_api_v02
AIRFLOW_CTX_TASK_ID=get_age
AIRFLOW_CTX_EXECUTION_DATE=2024-07-26T00:00:00+00:00
AIRFLOW_CTX_DAG_RUN_ID=scheduled__2024-07-26T00:00:00+00:00
[2025-06-17 16:03:00,985] {taskinstance.py:1166} INFO - Marking task as SUCCESS. dag_id=dag_with_taskflow_api_v02, task_id=get_age, execution_date=20240726T000000, start_date=20250617T160259, end_date=20250617T160300
[2025-06-17 16:03:01,471] {taskinstance.py:1220} INFO - 1 downstream tasks scheduled from follow-on schedule check
[2025-06-17 16:03:01,527] {local_task_job.py:146} INFO - Task exited with return code 0
