[2025-06-18 15:07:39,459] {taskinstance.py:851} INFO - Dependencies all met for <TaskInstance: first_dag.third_task 2024-07-09T00:00:00+00:00 [queued]>
[2025-06-18 15:07:39,511] {taskinstance.py:851} INFO - Dependencies all met for <TaskInstance: first_dag.third_task 2024-07-09T00:00:00+00:00 [queued]>
[2025-06-18 15:07:39,511] {taskinstance.py:1042} INFO - 
--------------------------------------------------------------------------------
[2025-06-18 15:07:39,511] {taskinstance.py:1043} INFO - Starting attempt 1 of 6
[2025-06-18 15:07:39,512] {taskinstance.py:1044} INFO - 
--------------------------------------------------------------------------------
[2025-06-18 15:07:39,586] {taskinstance.py:1063} INFO - Executing <Task(BashOperator): third_task> on 2024-07-09T00:00:00+00:00
[2025-06-18 15:07:39,604] {standard_task_runner.py:52} INFO - Started process 13762 to run task
[2025-06-18 15:07:39,630] {standard_task_runner.py:76} INFO - Running: ['airflow', 'tasks', 'run', 'first_dag', 'third_task', '2024-07-09T00:00:00+00:00', '--job-id', '12889', '--pool', 'default_pool', '--raw', '--subdir', 'DAGS_FOLDER/first_dag.py', '--cfg-path', '/tmp/tmp_1xf8mhh', '--error-file', '/tmp/tmpncmyupdd']
[2025-06-18 15:07:39,658] {standard_task_runner.py:77} INFO - Job 12889: Subtask third_task
[2025-06-18 15:07:39,900] {logging_mixin.py:104} INFO - Running <TaskInstance: first_dag.third_task 2024-07-09T00:00:00+00:00 [running]> on host 500dc4ac3a72
[2025-06-18 15:07:40,095] {taskinstance.py:1257} INFO - Exporting the following env vars:
AIRFLOW_CTX_DAG_OWNER=my_name
AIRFLOW_CTX_DAG_ID=first_dag
AIRFLOW_CTX_TASK_ID=third_task
AIRFLOW_CTX_EXECUTION_DATE=2024-07-09T00:00:00+00:00
AIRFLOW_CTX_DAG_RUN_ID=scheduled__2024-07-09T00:00:00+00:00
[2025-06-18 15:07:40,102] {bash.py:135} INFO - Tmp dir root location: 
 /tmp
[2025-06-18 15:07:40,106] {bash.py:158} INFO - Running command: echo "this is third task "
[2025-06-18 15:07:40,154] {bash.py:169} INFO - Output:
[2025-06-18 15:07:40,159] {bash.py:173} INFO - this is third task
[2025-06-18 15:07:40,161] {bash.py:177} INFO - Command exited with return code 0
[2025-06-18 15:07:40,316] {taskinstance.py:1166} INFO - Marking task as SUCCESS. dag_id=first_dag, task_id=third_task, execution_date=20240709T000000, start_date=20250618T150739, end_date=20250618T150740
[2025-06-18 15:07:40,592] {taskinstance.py:1220} INFO - 0 downstream tasks scheduled from follow-on schedule check
[2025-06-18 15:07:40,628] {local_task_job.py:146} INFO - Task exited with return code 0
