[2025-06-17 15:53:18,040] {taskinstance.py:851} INFO - Dependencies all met for <TaskInstance: dag_with_taskflow_api_v02.get_age 2023-02-04T00:00:00+00:00 [queued]>
[2025-06-17 15:53:18,188] {taskinstance.py:851} INFO - Dependencies all met for <TaskInstance: dag_with_taskflow_api_v02.get_age 2023-02-04T00:00:00+00:00 [queued]>
[2025-06-17 15:53:18,198] {taskinstance.py:1042} INFO - 
--------------------------------------------------------------------------------
[2025-06-17 15:53:18,200] {taskinstance.py:1043} INFO - Starting attempt 1 of 6
[2025-06-17 15:53:18,200] {taskinstance.py:1044} INFO - 
--------------------------------------------------------------------------------
[2025-06-17 15:53:18,246] {taskinstance.py:1063} INFO - Executing <Task(_PythonDecoratedOperator): get_age> on 2023-02-04T00:00:00+00:00
[2025-06-17 15:53:18,261] {standard_task_runner.py:52} INFO - Started process 3033 to run task
[2025-06-17 15:53:18,278] {standard_task_runner.py:76} INFO - Running: ['airflow', 'tasks', 'run', 'dag_with_taskflow_api_v02', 'get_age', '2023-02-04T00:00:00+00:00', '--job-id', '2779', '--pool', 'default_pool', '--raw', '--subdir', 'DAGS_FOLDER/taskflow.py', '--cfg-path', '/tmp/tmp7ivx0jwa', '--error-file', '/tmp/tmpanzb26kz']
[2025-06-17 15:53:18,282] {standard_task_runner.py:77} INFO - Job 2779: Subtask get_age
[2025-06-17 15:53:18,534] {logging_mixin.py:104} INFO - Running <TaskInstance: dag_with_taskflow_api_v02.get_age 2023-02-04T00:00:00+00:00 [running]> on host 4f8b76136637
[2025-06-17 15:53:18,762] {taskinstance.py:1257} INFO - Exporting the following env vars:
AIRFLOW_CTX_DAG_OWNER=coder2j
AIRFLOW_CTX_DAG_ID=dag_with_taskflow_api_v02
AIRFLOW_CTX_TASK_ID=get_age
AIRFLOW_CTX_EXECUTION_DATE=2023-02-04T00:00:00+00:00
AIRFLOW_CTX_DAG_RUN_ID=scheduled__2023-02-04T00:00:00+00:00
[2025-06-17 15:53:19,107] {taskinstance.py:1166} INFO - Marking task as SUCCESS. dag_id=dag_with_taskflow_api_v02, task_id=get_age, execution_date=20230204T000000, start_date=20250617T155318, end_date=20250617T155319
[2025-06-17 15:53:19,858] {taskinstance.py:1220} INFO - 1 downstream tasks scheduled from follow-on schedule check
[2025-06-17 15:53:19,915] {local_task_job.py:146} INFO - Task exited with return code 0
