[2025-06-17 15:57:23,475] {taskinstance.py:851} INFO - Dependencies all met for <TaskInstance: dag_with_taskflow_api_v02.get_name 2023-09-24T00:00:00+00:00 [queued]>
[2025-06-17 15:57:23,542] {taskinstance.py:851} INFO - Dependencies all met for <TaskInstance: dag_with_taskflow_api_v02.get_name 2023-09-24T00:00:00+00:00 [queued]>
[2025-06-17 15:57:23,542] {taskinstance.py:1042} INFO - 
--------------------------------------------------------------------------------
[2025-06-17 15:57:23,542] {taskinstance.py:1043} INFO - Starting attempt 1 of 6
[2025-06-17 15:57:23,542] {taskinstance.py:1044} INFO - 
--------------------------------------------------------------------------------
[2025-06-17 15:57:23,561] {taskinstance.py:1063} INFO - Executing <Task(_PythonDecoratedOperator): get_name> on 2023-09-24T00:00:00+00:00
[2025-06-17 15:57:23,576] {standard_task_runner.py:52} INFO - Started process 6724 to run task
[2025-06-17 15:57:23,594] {standard_task_runner.py:76} INFO - Running: ['airflow', 'tasks', 'run', 'dag_with_taskflow_api_v02', 'get_name', '2023-09-24T00:00:00+00:00', '--job-id', '4171', '--pool', 'default_pool', '--raw', '--subdir', 'DAGS_FOLDER/taskflow.py', '--cfg-path', '/tmp/tmp6n8j_jrf', '--error-file', '/tmp/tmplfutn9e9']
[2025-06-17 15:57:23,605] {standard_task_runner.py:77} INFO - Job 4171: Subtask get_name
[2025-06-17 15:57:23,970] {logging_mixin.py:104} INFO - Running <TaskInstance: dag_with_taskflow_api_v02.get_name 2023-09-24T00:00:00+00:00 [running]> on host 4f8b76136637
[2025-06-17 15:57:24,203] {taskinstance.py:1257} INFO - Exporting the following env vars:
AIRFLOW_CTX_DAG_OWNER=coder2j
AIRFLOW_CTX_DAG_ID=dag_with_taskflow_api_v02
AIRFLOW_CTX_TASK_ID=get_name
AIRFLOW_CTX_EXECUTION_DATE=2023-09-24T00:00:00+00:00
AIRFLOW_CTX_DAG_RUN_ID=scheduled__2023-09-24T00:00:00+00:00
[2025-06-17 15:57:24,583] {taskinstance.py:1166} INFO - Marking task as SUCCESS. dag_id=dag_with_taskflow_api_v02, task_id=get_name, execution_date=20230924T000000, start_date=20250617T155723, end_date=20250617T155724
[2025-06-17 15:57:24,823] {taskinstance.py:1220} INFO - 0 downstream tasks scheduled from follow-on schedule check
[2025-06-17 15:57:24,869] {local_task_job.py:146} INFO - Task exited with return code 0
