[2025-06-17 16:03:53,070] {taskinstance.py:851} INFO - Dependencies all met for <TaskInstance: dag_with_taskflow_api_v02.greet 2024-09-25T00:00:00+00:00 [queued]>
[2025-06-17 16:03:53,208] {taskinstance.py:851} INFO - Dependencies all met for <TaskInstance: dag_with_taskflow_api_v02.greet 2024-09-25T00:00:00+00:00 [queued]>
[2025-06-17 16:03:53,208] {taskinstance.py:1042} INFO - 
--------------------------------------------------------------------------------
[2025-06-17 16:03:53,208] {taskinstance.py:1043} INFO - Starting attempt 1 of 6
[2025-06-17 16:03:53,209] {taskinstance.py:1044} INFO - 
--------------------------------------------------------------------------------
[2025-06-17 16:03:53,335] {taskinstance.py:1063} INFO - Executing <Task(_PythonDecoratedOperator): greet> on 2024-09-25T00:00:00+00:00
[2025-06-17 16:03:53,350] {standard_task_runner.py:52} INFO - Started process 12670 to run task
[2025-06-17 16:03:53,408] {standard_task_runner.py:76} INFO - Running: ['airflow', 'tasks', 'run', 'dag_with_taskflow_api_v02', 'greet', '2024-09-25T00:00:00+00:00', '--job-id', '6399', '--pool', 'default_pool', '--raw', '--subdir', 'DAGS_FOLDER/taskflow.py', '--cfg-path', '/tmp/tmpiu0xzmab', '--error-file', '/tmp/tmp6y0cp0cy']
[2025-06-17 16:03:53,418] {standard_task_runner.py:77} INFO - Job 6399: Subtask greet
[2025-06-17 16:03:53,815] {logging_mixin.py:104} INFO - Running <TaskInstance: dag_with_taskflow_api_v02.greet 2024-09-25T00:00:00+00:00 [running]> on host 4f8b76136637
[2025-06-17 16:03:54,290] {taskinstance.py:1257} INFO - Exporting the following env vars:
AIRFLOW_CTX_DAG_OWNER=coder2j
AIRFLOW_CTX_DAG_ID=dag_with_taskflow_api_v02
AIRFLOW_CTX_TASK_ID=greet
AIRFLOW_CTX_EXECUTION_DATE=2024-09-25T00:00:00+00:00
AIRFLOW_CTX_DAG_RUN_ID=scheduled__2024-09-25T00:00:00+00:00
[2025-06-17 16:03:54,292] {logging_mixin.py:104} INFO - Hello World! My name is Jerry Fridman and I am 19 years old!
[2025-06-17 16:03:54,430] {taskinstance.py:1166} INFO - Marking task as SUCCESS. dag_id=dag_with_taskflow_api_v02, task_id=greet, execution_date=20240925T000000, start_date=20250617T160353, end_date=20250617T160354
[2025-06-17 16:03:54,930] {taskinstance.py:1220} INFO - 0 downstream tasks scheduled from follow-on schedule check
[2025-06-17 16:03:54,971] {local_task_job.py:146} INFO - Task exited with return code 0
