[2025-06-17 15:45:28,309] {taskinstance.py:851} INFO - Dependencies all met for <TaskInstance: dag_with_taskflow_api_v02.get_age 2021-12-31T00:00:00+00:00 [queued]>
[2025-06-17 15:45:28,650] {taskinstance.py:851} INFO - Dependencies all met for <TaskInstance: dag_with_taskflow_api_v02.get_age 2021-12-31T00:00:00+00:00 [queued]>
[2025-06-17 15:45:28,651] {taskinstance.py:1042} INFO - 
--------------------------------------------------------------------------------
[2025-06-17 15:45:28,651] {taskinstance.py:1043} INFO - Starting attempt 1 of 6
[2025-06-17 15:45:28,668] {taskinstance.py:1044} INFO - 
--------------------------------------------------------------------------------
[2025-06-17 15:45:29,425] {taskinstance.py:1063} INFO - Executing <Task(_PythonDecoratedOperator): get_age> on 2021-12-31T00:00:00+00:00
[2025-06-17 15:45:29,443] {standard_task_runner.py:52} INFO - Started process 1282 to run task
[2025-06-17 15:45:29,457] {standard_task_runner.py:76} INFO - Running: ['airflow', 'tasks', 'run', 'dag_with_taskflow_api_v02', 'get_age', '2021-12-31T00:00:00+00:00', '--job-id', '385', '--pool', 'default_pool', '--raw', '--subdir', 'DAGS_FOLDER/taskflow.py', '--cfg-path', '/tmp/tmpg3a_m2rc', '--error-file', '/tmp/tmpusccrgpo']
[2025-06-17 15:45:29,464] {standard_task_runner.py:77} INFO - Job 385: Subtask get_age
[2025-06-17 15:45:29,957] {logging_mixin.py:104} INFO - Running <TaskInstance: dag_with_taskflow_api_v02.get_age 2021-12-31T00:00:00+00:00 [running]> on host 4f8b76136637
[2025-06-17 15:45:31,159] {taskinstance.py:1257} INFO - Exporting the following env vars:
AIRFLOW_CTX_DAG_OWNER=coder2j
AIRFLOW_CTX_DAG_ID=dag_with_taskflow_api_v02
AIRFLOW_CTX_TASK_ID=get_age
AIRFLOW_CTX_EXECUTION_DATE=2021-12-31T00:00:00+00:00
AIRFLOW_CTX_DAG_RUN_ID=scheduled__2021-12-31T00:00:00+00:00
[2025-06-17 15:45:31,726] {taskinstance.py:1166} INFO - Marking task as SUCCESS. dag_id=dag_with_taskflow_api_v02, task_id=get_age, execution_date=20211231T000000, start_date=20250617T154528, end_date=20250617T154531
[2025-06-17 15:45:32,808] {taskinstance.py:1220} INFO - 0 downstream tasks scheduled from follow-on schedule check
[2025-06-17 15:45:32,869] {local_task_job.py:146} INFO - Task exited with return code 0
