[2025-06-18 16:17:10,673] {taskinstance.py:851} INFO - Dependencies all met for <TaskInstance: connect_postgres_dag.create_postgres_table 2022-09-08T00:00:00+00:00 [queued]>
[2025-06-18 16:17:10,714] {taskinstance.py:851} INFO - Dependencies all met for <TaskInstance: connect_postgres_dag.create_postgres_table 2022-09-08T00:00:00+00:00 [queued]>
[2025-06-18 16:17:10,715] {taskinstance.py:1042} INFO - 
--------------------------------------------------------------------------------
[2025-06-18 16:17:10,715] {taskinstance.py:1043} INFO - Starting attempt 1 of 6
[2025-06-18 16:17:10,715] {taskinstance.py:1044} INFO - 
--------------------------------------------------------------------------------
[2025-06-18 16:17:10,759] {taskinstance.py:1063} INFO - Executing <Task(PostgresOperator): create_postgres_table> on 2022-09-08T00:00:00+00:00
[2025-06-18 16:17:10,771] {standard_task_runner.py:52} INFO - Started process 27908 to run task
[2025-06-18 16:17:10,803] {standard_task_runner.py:76} INFO - Running: ['airflow', 'tasks', 'run', 'connect_postgres_dag', 'create_postgres_table', '2022-09-08T00:00:00+00:00', '--job-id', '14452', '--pool', 'default_pool', '--raw', '--subdir', 'DAGS_FOLDER/connect_postgres_dag.py', '--cfg-path', '/tmp/tmp7wv_mrow', '--error-file', '/tmp/tmps7f1wd0d']
[2025-06-18 16:17:10,811] {standard_task_runner.py:77} INFO - Job 14452: Subtask create_postgres_table
[2025-06-18 16:17:10,972] {logging_mixin.py:104} INFO - Running <TaskInstance: connect_postgres_dag.create_postgres_table 2022-09-08T00:00:00+00:00 [running]> on host 500dc4ac3a72
[2025-06-18 16:17:11,095] {taskinstance.py:1257} INFO - Exporting the following env vars:
AIRFLOW_CTX_DAG_OWNER=coder2j
AIRFLOW_CTX_DAG_ID=connect_postgres_dag
AIRFLOW_CTX_TASK_ID=create_postgres_table
AIRFLOW_CTX_EXECUTION_DATE=2022-09-08T00:00:00+00:00
AIRFLOW_CTX_DAG_RUN_ID=scheduled__2022-09-08T00:00:00+00:00
[2025-06-18 16:17:11,106] {postgres.py:69} INFO - Executing: 
            create table if not exists employee (
                "name" text,
                "age" integer,
                "salary" numeric
            )
        
[2025-06-18 16:17:11,140] {base.py:74} INFO - Using connection to: id: postgres_localhost. Host: postgres, Port: 5432, Schema: test, Login: airflow, Password: XXXXXXXX, extra: None
[2025-06-18 16:17:11,175] {dbapi.py:180} INFO - Running statement: 
            create table if not exists employee (
                "name" text,
                "age" integer,
                "salary" numeric
            )
        , parameters: None
[2025-06-18 16:17:11,178] {dbapi.py:186} INFO - Rows affected: -1
[2025-06-18 16:17:11,193] {postgres.py:73} INFO - NOTICE:  relation "employee" already exists, skipping

[2025-06-18 16:17:11,246] {taskinstance.py:1166} INFO - Marking task as SUCCESS. dag_id=connect_postgres_dag, task_id=create_postgres_table, execution_date=20220908T000000, start_date=20250618T161710, end_date=20250618T161711
[2025-06-18 16:17:11,424] {taskinstance.py:1220} INFO - 0 downstream tasks scheduled from follow-on schedule check
[2025-06-18 16:17:11,473] {local_task_job.py:146} INFO - Task exited with return code 0
