[2025-06-18 15:04:42,351] {taskinstance.py:851} INFO - Dependencies all met for <TaskInstance: first_dag.first_task 2023-06-23T00:00:00+00:00 [queued]>
[2025-06-18 15:04:42,380] {taskinstance.py:851} INFO - Dependencies all met for <TaskInstance: first_dag.first_task 2023-06-23T00:00:00+00:00 [queued]>
[2025-06-18 15:04:42,380] {taskinstance.py:1042} INFO - 
--------------------------------------------------------------------------------
[2025-06-18 15:04:42,380] {taskinstance.py:1043} INFO - Starting attempt 1 of 6
[2025-06-18 15:04:42,381] {taskinstance.py:1044} INFO - 
--------------------------------------------------------------------------------
[2025-06-18 15:04:42,427] {taskinstance.py:1063} INFO - Executing <Task(BashOperator): first_task> on 2023-06-23T00:00:00+00:00
[2025-06-18 15:04:42,439] {standard_task_runner.py:52} INFO - Started process 9890 to run task
[2025-06-18 15:04:42,459] {standard_task_runner.py:76} INFO - Running: ['airflow', 'tasks', 'run', 'first_dag', 'first_task', '2023-06-23T00:00:00+00:00', '--job-id', '11736', '--pool', 'default_pool', '--raw', '--subdir', 'DAGS_FOLDER/first_dag.py', '--cfg-path', '/tmp/tmpv3su9x_t', '--error-file', '/tmp/tmp9kzhg6c2']
[2025-06-18 15:04:42,468] {standard_task_runner.py:77} INFO - Job 11736: Subtask first_task
[2025-06-18 15:04:42,619] {logging_mixin.py:104} INFO - Running <TaskInstance: first_dag.first_task 2023-06-23T00:00:00+00:00 [running]> on host 500dc4ac3a72
[2025-06-18 15:04:42,818] {taskinstance.py:1257} INFO - Exporting the following env vars:
AIRFLOW_CTX_DAG_OWNER=my_name
AIRFLOW_CTX_DAG_ID=first_dag
AIRFLOW_CTX_TASK_ID=first_task
AIRFLOW_CTX_EXECUTION_DATE=2023-06-23T00:00:00+00:00
AIRFLOW_CTX_DAG_RUN_ID=scheduled__2023-06-23T00:00:00+00:00
[2025-06-18 15:04:42,819] {bash.py:135} INFO - Tmp dir root location: 
 /tmp
[2025-06-18 15:04:42,821] {bash.py:158} INFO - Running command: echo "this is my first task and I will run first! "
[2025-06-18 15:04:42,849] {bash.py:169} INFO - Output:
[2025-06-18 15:04:42,851] {bash.py:173} INFO - this is my first task and I will run first!
[2025-06-18 15:04:42,851] {bash.py:177} INFO - Command exited with return code 0
[2025-06-18 15:04:42,986] {taskinstance.py:1166} INFO - Marking task as SUCCESS. dag_id=first_dag, task_id=first_task, execution_date=20230623T000000, start_date=20250618T150442, end_date=20250618T150442
[2025-06-18 15:04:43,095] {taskinstance.py:1220} INFO - 2 downstream tasks scheduled from follow-on schedule check
[2025-06-18 15:04:43,141] {local_task_job.py:146} INFO - Task exited with return code 0
