[2025-06-18 15:09:48,018] {taskinstance.py:851} INFO - Dependencies all met for <TaskInstance: first_dag.second_task 2025-05-12T00:00:00+00:00 [queued]>
[2025-06-18 15:09:48,070] {taskinstance.py:851} INFO - Dependencies all met for <TaskInstance: first_dag.second_task 2025-05-12T00:00:00+00:00 [queued]>
[2025-06-18 15:09:48,071] {taskinstance.py:1042} INFO - 
--------------------------------------------------------------------------------
[2025-06-18 15:09:48,071] {taskinstance.py:1043} INFO - Starting attempt 1 of 6
[2025-06-18 15:09:48,071] {taskinstance.py:1044} INFO - 
--------------------------------------------------------------------------------
[2025-06-18 15:09:48,203] {taskinstance.py:1063} INFO - Executing <Task(BashOperator): second_task> on 2025-05-12T00:00:00+00:00
[2025-06-18 15:09:48,209] {standard_task_runner.py:52} INFO - Started process 16841 to run task
[2025-06-18 15:09:48,222] {standard_task_runner.py:76} INFO - Running: ['airflow', 'tasks', 'run', 'first_dag', 'second_task', '2025-05-12T00:00:00+00:00', '--job-id', '13810', '--pool', 'default_pool', '--raw', '--subdir', 'DAGS_FOLDER/first_dag.py', '--cfg-path', '/tmp/tmp3wckccbn', '--error-file', '/tmp/tmpew4zrcea']
[2025-06-18 15:09:48,233] {standard_task_runner.py:77} INFO - Job 13810: Subtask second_task
[2025-06-18 15:09:48,379] {logging_mixin.py:104} INFO - Running <TaskInstance: first_dag.second_task 2025-05-12T00:00:00+00:00 [running]> on host 500dc4ac3a72
[2025-06-18 15:09:48,545] {taskinstance.py:1257} INFO - Exporting the following env vars:
AIRFLOW_CTX_DAG_OWNER=my_name
AIRFLOW_CTX_DAG_ID=first_dag
AIRFLOW_CTX_TASK_ID=second_task
AIRFLOW_CTX_EXECUTION_DATE=2025-05-12T00:00:00+00:00
AIRFLOW_CTX_DAG_RUN_ID=scheduled__2025-05-12T00:00:00+00:00
[2025-06-18 15:09:48,547] {bash.py:135} INFO - Tmp dir root location: 
 /tmp
[2025-06-18 15:09:48,556] {bash.py:158} INFO - Running command: echo "this is sencond task "
[2025-06-18 15:09:48,591] {bash.py:169} INFO - Output:
[2025-06-18 15:09:48,593] {bash.py:173} INFO - this is sencond task
[2025-06-18 15:09:48,594] {bash.py:177} INFO - Command exited with return code 0
[2025-06-18 15:09:48,696] {taskinstance.py:1166} INFO - Marking task as SUCCESS. dag_id=first_dag, task_id=second_task, execution_date=20250512T000000, start_date=20250618T150948, end_date=20250618T150948
[2025-06-18 15:09:48,854] {taskinstance.py:1220} INFO - 0 downstream tasks scheduled from follow-on schedule check
[2025-06-18 15:09:48,898] {local_task_job.py:146} INFO - Task exited with return code 0
