[2025-06-17 16:03:43,418] {taskinstance.py:851} INFO - Dependencies all met for <TaskInstance: dag_with_taskflow_api_v02.get_age 2024-09-17T00:00:00+00:00 [queued]>
[2025-06-17 16:03:43,552] {taskinstance.py:851} INFO - Dependencies all met for <TaskInstance: dag_with_taskflow_api_v02.get_age 2024-09-17T00:00:00+00:00 [queued]>
[2025-06-17 16:03:43,553] {taskinstance.py:1042} INFO - 
--------------------------------------------------------------------------------
[2025-06-17 16:03:43,554] {taskinstance.py:1043} INFO - Starting attempt 1 of 6
[2025-06-17 16:03:43,555] {taskinstance.py:1044} INFO - 
--------------------------------------------------------------------------------
[2025-06-17 16:03:43,619] {taskinstance.py:1063} INFO - Executing <Task(_PythonDecoratedOperator): get_age> on 2024-09-17T00:00:00+00:00
[2025-06-17 16:03:43,643] {standard_task_runner.py:52} INFO - Started process 12483 to run task
[2025-06-17 16:03:43,670] {standard_task_runner.py:76} INFO - Running: ['airflow', 'tasks', 'run', 'dag_with_taskflow_api_v02', 'get_age', '2024-09-17T00:00:00+00:00', '--job-id', '6330', '--pool', 'default_pool', '--raw', '--subdir', 'DAGS_FOLDER/taskflow.py', '--cfg-path', '/tmp/tmpi8b1y9op', '--error-file', '/tmp/tmpzw8yxqhy']
[2025-06-17 16:03:43,679] {standard_task_runner.py:77} INFO - Job 6330: Subtask get_age
[2025-06-17 16:03:43,886] {logging_mixin.py:104} INFO - Running <TaskInstance: dag_with_taskflow_api_v02.get_age 2024-09-17T00:00:00+00:00 [running]> on host 4f8b76136637
[2025-06-17 16:03:44,043] {taskinstance.py:1257} INFO - Exporting the following env vars:
AIRFLOW_CTX_DAG_OWNER=coder2j
AIRFLOW_CTX_DAG_ID=dag_with_taskflow_api_v02
AIRFLOW_CTX_TASK_ID=get_age
AIRFLOW_CTX_EXECUTION_DATE=2024-09-17T00:00:00+00:00
AIRFLOW_CTX_DAG_RUN_ID=scheduled__2024-09-17T00:00:00+00:00
[2025-06-17 16:03:44,175] {taskinstance.py:1166} INFO - Marking task as SUCCESS. dag_id=dag_with_taskflow_api_v02, task_id=get_age, execution_date=20240917T000000, start_date=20250617T160343, end_date=20250617T160344
[2025-06-17 16:03:44,487] {taskinstance.py:1220} INFO - 0 downstream tasks scheduled from follow-on schedule check
[2025-06-17 16:03:44,519] {local_task_job.py:146} INFO - Task exited with return code 0
