[2025-06-18 16:24:18,321] {taskinstance.py:851} INFO - Dependencies all met for <TaskInstance: connect_postgres_dag.create_postgres_table 2024-03-16T00:00:00+00:00 [queued]>
[2025-06-18 16:24:18,361] {taskinstance.py:851} INFO - Dependencies all met for <TaskInstance: connect_postgres_dag.create_postgres_table 2024-03-16T00:00:00+00:00 [queued]>
[2025-06-18 16:24:18,362] {taskinstance.py:1042} INFO - 
--------------------------------------------------------------------------------
[2025-06-18 16:24:18,362] {taskinstance.py:1043} INFO - Starting attempt 1 of 6
[2025-06-18 16:24:18,362] {taskinstance.py:1044} INFO - 
--------------------------------------------------------------------------------
[2025-06-18 16:24:18,388] {taskinstance.py:1063} INFO - Executing <Task(PostgresOperator): create_postgres_table> on 2024-03-16T00:00:00+00:00
[2025-06-18 16:24:18,393] {standard_task_runner.py:52} INFO - Started process 1353 to run task
[2025-06-18 16:24:18,402] {standard_task_runner.py:76} INFO - Running: ['airflow', 'tasks', 'run', 'connect_postgres_dag', 'create_postgres_table', '2024-03-16T00:00:00+00:00', '--job-id', '15566', '--pool', 'default_pool', '--raw', '--subdir', 'DAGS_FOLDER/connect_postgres_dag.py', '--cfg-path', '/tmp/tmp06hfdvcm', '--error-file', '/tmp/tmpmqhgv82k']
[2025-06-18 16:24:18,407] {standard_task_runner.py:77} INFO - Job 15566: Subtask create_postgres_table
[2025-06-18 16:24:18,512] {logging_mixin.py:104} INFO - Running <TaskInstance: connect_postgres_dag.create_postgres_table 2024-03-16T00:00:00+00:00 [running]> on host ee91c01336f6
[2025-06-18 16:24:18,602] {taskinstance.py:1257} INFO - Exporting the following env vars:
AIRFLOW_CTX_DAG_OWNER=coder2j
AIRFLOW_CTX_DAG_ID=connect_postgres_dag
AIRFLOW_CTX_TASK_ID=create_postgres_table
AIRFLOW_CTX_EXECUTION_DATE=2024-03-16T00:00:00+00:00
AIRFLOW_CTX_DAG_RUN_ID=scheduled__2024-03-16T00:00:00+00:00
[2025-06-18 16:24:18,603] {postgres.py:69} INFO - Executing: 
            create table if not exists employee (
                "name" text,
                "age" integer,
                "salary" numeric
            )
        
[2025-06-18 16:24:18,621] {base.py:74} INFO - Using connection to: id: postgres_localhost. Host: postgres, Port: 5432, Schema: test, Login: airflow, Password: XXXXXXXX, extra: None
[2025-06-18 16:24:18,629] {dbapi.py:180} INFO - Running statement: 
            create table if not exists employee (
                "name" text,
                "age" integer,
                "salary" numeric
            )
        , parameters: None
[2025-06-18 16:24:18,631] {dbapi.py:186} INFO - Rows affected: -1
[2025-06-18 16:24:18,631] {postgres.py:73} INFO - NOTICE:  relation "employee" already exists, skipping

[2025-06-18 16:24:18,663] {taskinstance.py:1166} INFO - Marking task as SUCCESS. dag_id=connect_postgres_dag, task_id=create_postgres_table, execution_date=20240316T000000, start_date=20250618T162418, end_date=20250618T162418
[2025-06-18 16:24:18,832] {taskinstance.py:1220} INFO - 0 downstream tasks scheduled from follow-on schedule check
[2025-06-18 16:24:18,860] {local_task_job.py:146} INFO - Task exited with return code 0
