[2025-06-17 15:45:24,591] {taskinstance.py:851} INFO - Dependencies all met for <TaskInstance: dag_with_taskflow_api_v02.get_name 2021-12-29T00:00:00+00:00 [queued]>
[2025-06-17 15:45:24,889] {taskinstance.py:851} INFO - Dependencies all met for <TaskInstance: dag_with_taskflow_api_v02.get_name 2021-12-29T00:00:00+00:00 [queued]>
[2025-06-17 15:45:24,889] {taskinstance.py:1042} INFO - 
--------------------------------------------------------------------------------
[2025-06-17 15:45:24,889] {taskinstance.py:1043} INFO - Starting attempt 1 of 6
[2025-06-17 15:45:24,889] {taskinstance.py:1044} INFO - 
--------------------------------------------------------------------------------
[2025-06-17 15:45:25,124] {taskinstance.py:1063} INFO - Executing <Task(_PythonDecoratedOperator): get_name> on 2021-12-29T00:00:00+00:00
[2025-06-17 15:45:25,171] {standard_task_runner.py:52} INFO - Started process 1239 to run task
[2025-06-17 15:45:25,219] {standard_task_runner.py:76} INFO - Running: ['airflow', 'tasks', 'run', 'dag_with_taskflow_api_v02', 'get_name', '2021-12-29T00:00:00+00:00', '--job-id', '368', '--pool', 'default_pool', '--raw', '--subdir', 'DAGS_FOLDER/taskflow.py', '--cfg-path', '/tmp/tmp4d6lx5pm', '--error-file', '/tmp/tmpewi8ah7_']
[2025-06-17 15:45:25,246] {standard_task_runner.py:77} INFO - Job 368: Subtask get_name
[2025-06-17 15:45:25,477] {logging_mixin.py:104} INFO - Running <TaskInstance: dag_with_taskflow_api_v02.get_name 2021-12-29T00:00:00+00:00 [running]> on host 4f8b76136637
[2025-06-17 15:45:25,766] {taskinstance.py:1257} INFO - Exporting the following env vars:
AIRFLOW_CTX_DAG_OWNER=coder2j
AIRFLOW_CTX_DAG_ID=dag_with_taskflow_api_v02
AIRFLOW_CTX_TASK_ID=get_name
AIRFLOW_CTX_EXECUTION_DATE=2021-12-29T00:00:00+00:00
AIRFLOW_CTX_DAG_RUN_ID=scheduled__2021-12-29T00:00:00+00:00
[2025-06-17 15:45:26,593] {taskinstance.py:1166} INFO - Marking task as SUCCESS. dag_id=dag_with_taskflow_api_v02, task_id=get_name, execution_date=20211229T000000, start_date=20250617T154524, end_date=20250617T154526
[2025-06-17 15:45:27,017] {taskinstance.py:1220} INFO - 0 downstream tasks scheduled from follow-on schedule check
[2025-06-17 15:45:27,154] {local_task_job.py:146} INFO - Task exited with return code 0
