[2025-06-17 15:54:34,731] {taskinstance.py:851} INFO - Dependencies all met for <TaskInstance: our_first_dag_v5.first_task 2023-01-14T00:00:00+00:00 [queued]>
[2025-06-17 15:54:34,820] {taskinstance.py:851} INFO - Dependencies all met for <TaskInstance: our_first_dag_v5.first_task 2023-01-14T00:00:00+00:00 [queued]>
[2025-06-17 15:54:34,821] {taskinstance.py:1042} INFO - 
--------------------------------------------------------------------------------
[2025-06-17 15:54:34,821] {taskinstance.py:1043} INFO - Starting attempt 1 of 6
[2025-06-17 15:54:34,821] {taskinstance.py:1044} INFO - 
--------------------------------------------------------------------------------
[2025-06-17 15:54:34,891] {taskinstance.py:1063} INFO - Executing <Task(BashOperator): first_task> on 2023-01-14T00:00:00+00:00
[2025-06-17 15:54:34,937] {standard_task_runner.py:52} INFO - Started process 4217 to run task
[2025-06-17 15:54:34,954] {standard_task_runner.py:76} INFO - Running: ['airflow', 'tasks', 'run', 'our_first_dag_v5', 'first_task', '2023-01-14T00:00:00+00:00', '--job-id', '3224', '--pool', 'default_pool', '--raw', '--subdir', 'DAGS_FOLDER/first_dag.py', '--cfg-path', '/tmp/tmpa7q9u2f7', '--error-file', '/tmp/tmphu2vwjrk']
[2025-06-17 15:54:34,957] {standard_task_runner.py:77} INFO - Job 3224: Subtask first_task
[2025-06-17 15:54:35,230] {logging_mixin.py:104} INFO - Running <TaskInstance: our_first_dag_v5.first_task 2023-01-14T00:00:00+00:00 [running]> on host 4f8b76136637
[2025-06-17 15:54:35,495] {taskinstance.py:1257} INFO - Exporting the following env vars:
AIRFLOW_CTX_DAG_OWNER=coder2j
AIRFLOW_CTX_DAG_ID=our_first_dag_v5
AIRFLOW_CTX_TASK_ID=first_task
AIRFLOW_CTX_EXECUTION_DATE=2023-01-14T00:00:00+00:00
AIRFLOW_CTX_DAG_RUN_ID=scheduled__2023-01-14T00:00:00+00:00
[2025-06-17 15:54:35,497] {bash.py:135} INFO - Tmp dir root location: 
 /tmp
[2025-06-17 15:54:35,499] {bash.py:158} INFO - Running command: echo hello world, this is the first task!
[2025-06-17 15:54:35,552] {bash.py:169} INFO - Output:
[2025-06-17 15:54:35,554] {bash.py:173} INFO - hello world, this is the first task!
[2025-06-17 15:54:35,556] {bash.py:177} INFO - Command exited with return code 0
[2025-06-17 15:54:36,019] {taskinstance.py:1166} INFO - Marking task as SUCCESS. dag_id=our_first_dag_v5, task_id=first_task, execution_date=20230114T000000, start_date=20250617T155434, end_date=20250617T155436
[2025-06-17 15:54:36,597] {taskinstance.py:1220} INFO - 0 downstream tasks scheduled from follow-on schedule check
[2025-06-17 15:54:36,637] {local_task_job.py:146} INFO - Task exited with return code 0
