[2025-06-17 15:44:31,819] {taskinstance.py:851} INFO - Dependencies all met for <TaskInstance: our_first_dag_v5.second_task 2021-08-09T00:00:00+00:00 [queued]>
[2025-06-17 15:44:31,890] {taskinstance.py:851} INFO - Dependencies all met for <TaskInstance: our_first_dag_v5.second_task 2021-08-09T00:00:00+00:00 [queued]>
[2025-06-17 15:44:31,894] {taskinstance.py:1042} INFO - 
--------------------------------------------------------------------------------
[2025-06-17 15:44:31,895] {taskinstance.py:1043} INFO - Starting attempt 1 of 6
[2025-06-17 15:44:31,897] {taskinstance.py:1044} INFO - 
--------------------------------------------------------------------------------
[2025-06-17 15:44:31,966] {taskinstance.py:1063} INFO - Executing <Task(BashOperator): second_task> on 2021-08-09T00:00:00+00:00
[2025-06-17 15:44:31,982] {standard_task_runner.py:52} INFO - Started process 479 to run task
[2025-06-17 15:44:32,011] {standard_task_runner.py:76} INFO - Running: ['airflow', 'tasks', 'run', 'our_first_dag_v5', 'second_task', '2021-08-09T00:00:00+00:00', '--job-id', '86', '--pool', 'default_pool', '--raw', '--subdir', 'DAGS_FOLDER/first_dag.py', '--cfg-path', '/tmp/tmpnhtktpkz', '--error-file', '/tmp/tmpxeg9ahd4']
[2025-06-17 15:44:32,032] {standard_task_runner.py:77} INFO - Job 86: Subtask second_task
[2025-06-17 15:44:32,428] {logging_mixin.py:104} INFO - Running <TaskInstance: our_first_dag_v5.second_task 2021-08-09T00:00:00+00:00 [running]> on host 4f8b76136637
[2025-06-17 15:44:32,662] {taskinstance.py:1257} INFO - Exporting the following env vars:
AIRFLOW_CTX_DAG_OWNER=coder2j
AIRFLOW_CTX_DAG_ID=our_first_dag_v5
AIRFLOW_CTX_TASK_ID=second_task
AIRFLOW_CTX_EXECUTION_DATE=2021-08-09T00:00:00+00:00
AIRFLOW_CTX_DAG_RUN_ID=scheduled__2021-08-09T00:00:00+00:00
[2025-06-17 15:44:32,662] {bash.py:135} INFO - Tmp dir root location: 
 /tmp
[2025-06-17 15:44:32,664] {bash.py:158} INFO - Running command: echo hey, I am task2 and will be running after task1!
[2025-06-17 15:44:32,715] {bash.py:169} INFO - Output:
[2025-06-17 15:44:32,716] {bash.py:173} INFO - hey, I am task2 and will be running after task1!
[2025-06-17 15:44:32,716] {bash.py:177} INFO - Command exited with return code 0
[2025-06-17 15:44:32,990] {taskinstance.py:1166} INFO - Marking task as SUCCESS. dag_id=our_first_dag_v5, task_id=second_task, execution_date=20210809T000000, start_date=20250617T154431, end_date=20250617T154432
[2025-06-17 15:44:33,237] {taskinstance.py:1220} INFO - 0 downstream tasks scheduled from follow-on schedule check
[2025-06-17 15:44:33,271] {local_task_job.py:146} INFO - Task exited with return code 0
