[2025-06-18 16:18:56,352] {taskinstance.py:851} INFO - Dependencies all met for <TaskInstance: connect_postgres_dag.insert_into_table 2023-07-03T00:00:00+00:00 [queued]>
[2025-06-18 16:18:56,409] {taskinstance.py:851} INFO - Dependencies all met for <TaskInstance: connect_postgres_dag.insert_into_table 2023-07-03T00:00:00+00:00 [queued]>
[2025-06-18 16:18:56,410] {taskinstance.py:1042} INFO - 
--------------------------------------------------------------------------------
[2025-06-18 16:18:56,410] {taskinstance.py:1043} INFO - Starting attempt 1 of 6
[2025-06-18 16:18:56,410] {taskinstance.py:1044} INFO - 
--------------------------------------------------------------------------------
[2025-06-18 16:18:56,445] {taskinstance.py:1063} INFO - Executing <Task(PostgresOperator): insert_into_table> on 2023-07-03T00:00:00+00:00
[2025-06-18 16:18:56,462] {standard_task_runner.py:52} INFO - Started process 29362 to run task
[2025-06-18 16:18:56,473] {standard_task_runner.py:76} INFO - Running: ['airflow', 'tasks', 'run', 'connect_postgres_dag', 'insert_into_table', '2023-07-03T00:00:00+00:00', '--job-id', '15057', '--pool', 'default_pool', '--raw', '--subdir', 'DAGS_FOLDER/connect_postgres_dag.py', '--cfg-path', '/tmp/tmp_0nd8me3', '--error-file', '/tmp/tmppv2wii3i']
[2025-06-18 16:18:56,508] {standard_task_runner.py:77} INFO - Job 15057: Subtask insert_into_table
[2025-06-18 16:18:56,775] {logging_mixin.py:104} INFO - Running <TaskInstance: connect_postgres_dag.insert_into_table 2023-07-03T00:00:00+00:00 [running]> on host 500dc4ac3a72
[2025-06-18 16:18:57,002] {taskinstance.py:1257} INFO - Exporting the following env vars:
AIRFLOW_CTX_DAG_OWNER=coder2j
AIRFLOW_CTX_DAG_ID=connect_postgres_dag
AIRFLOW_CTX_TASK_ID=insert_into_table
AIRFLOW_CTX_EXECUTION_DATE=2023-07-03T00:00:00+00:00
AIRFLOW_CTX_DAG_RUN_ID=scheduled__2023-07-03T00:00:00+00:00
[2025-06-18 16:18:57,003] {postgres.py:69} INFO - Executing: 
            insert into employee (name,age,salary) values ('hayyye', '1997','5000.00');
        
[2025-06-18 16:18:57,040] {base.py:74} INFO - Using connection to: id: postgres_localhost. Host: postgres, Port: 5432, Schema: test, Login: airflow, Password: XXXXXXXX, extra: None
[2025-06-18 16:18:57,087] {dbapi.py:180} INFO - Running statement: 
            insert into employee (name,age,salary) values ('hayyye', '1997','5000.00');
        , parameters: None
[2025-06-18 16:18:57,089] {dbapi.py:186} INFO - Rows affected: 1
[2025-06-18 16:18:57,180] {taskinstance.py:1166} INFO - Marking task as SUCCESS. dag_id=connect_postgres_dag, task_id=insert_into_table, execution_date=20230703T000000, start_date=20250618T161856, end_date=20250618T161857
[2025-06-18 16:18:57,374] {local_task_job.py:77} ERROR - Received SIGTERM. Terminating subprocesses
[2025-06-18 16:18:57,412] {process_utils.py:100} INFO - Sending Signals.SIGTERM to GPID 29362
[2025-06-18 16:18:59,258] {taskinstance.py:1239} ERROR - Received SIGTERM. Terminating subprocesses.
[2025-06-18 16:18:59,313] {process_utils.py:66} INFO - Process psutil.Process(pid=29362, status='terminated', exitcode=1, started='16:18:56') (29362) terminated with exit code 1
