[2025-06-17 15:57:53,505] {taskinstance.py:851} INFO - Dependencies all met for <TaskInstance: dag_with_taskflow_api_v02.get_name 2023-10-18T00:00:00+00:00 [queued]>
[2025-06-17 15:57:53,729] {taskinstance.py:851} INFO - Dependencies all met for <TaskInstance: dag_with_taskflow_api_v02.get_name 2023-10-18T00:00:00+00:00 [queued]>
[2025-06-17 15:57:53,730] {taskinstance.py:1042} INFO - 
--------------------------------------------------------------------------------
[2025-06-17 15:57:53,730] {taskinstance.py:1043} INFO - Starting attempt 1 of 6
[2025-06-17 15:57:53,731] {taskinstance.py:1044} INFO - 
--------------------------------------------------------------------------------
[2025-06-17 15:57:53,817] {taskinstance.py:1063} INFO - Executing <Task(_PythonDecoratedOperator): get_name> on 2023-10-18T00:00:00+00:00
[2025-06-17 15:57:53,829] {standard_task_runner.py:52} INFO - Started process 7128 to run task
[2025-06-17 15:57:53,862] {standard_task_runner.py:76} INFO - Running: ['airflow', 'tasks', 'run', 'dag_with_taskflow_api_v02', 'get_name', '2023-10-18T00:00:00+00:00', '--job-id', '4315', '--pool', 'default_pool', '--raw', '--subdir', 'DAGS_FOLDER/taskflow.py', '--cfg-path', '/tmp/tmpq55rfbq9', '--error-file', '/tmp/tmpwvko5t10']
[2025-06-17 15:57:53,897] {standard_task_runner.py:77} INFO - Job 4315: Subtask get_name
[2025-06-17 15:57:54,184] {logging_mixin.py:104} INFO - Running <TaskInstance: dag_with_taskflow_api_v02.get_name 2023-10-18T00:00:00+00:00 [running]> on host 4f8b76136637
[2025-06-17 15:57:54,486] {taskinstance.py:1257} INFO - Exporting the following env vars:
AIRFLOW_CTX_DAG_OWNER=coder2j
AIRFLOW_CTX_DAG_ID=dag_with_taskflow_api_v02
AIRFLOW_CTX_TASK_ID=get_name
AIRFLOW_CTX_EXECUTION_DATE=2023-10-18T00:00:00+00:00
AIRFLOW_CTX_DAG_RUN_ID=scheduled__2023-10-18T00:00:00+00:00
[2025-06-17 15:57:54,884] {taskinstance.py:1166} INFO - Marking task as SUCCESS. dag_id=dag_with_taskflow_api_v02, task_id=get_name, execution_date=20231018T000000, start_date=20250617T155753, end_date=20250617T155754
[2025-06-17 15:57:55,268] {taskinstance.py:1220} INFO - 1 downstream tasks scheduled from follow-on schedule check
[2025-06-17 15:57:55,347] {local_task_job.py:146} INFO - Task exited with return code 0
