[2025-06-18 15:02:10,861] {taskinstance.py:851} INFO - Dependencies all met for <TaskInstance: first_dag.second_task 2022-06-08T00:00:00+00:00 [queued]>
[2025-06-18 15:02:10,900] {taskinstance.py:851} INFO - Dependencies all met for <TaskInstance: first_dag.second_task 2022-06-08T00:00:00+00:00 [queued]>
[2025-06-18 15:02:10,901] {taskinstance.py:1042} INFO - 
--------------------------------------------------------------------------------
[2025-06-18 15:02:10,908] {taskinstance.py:1043} INFO - Starting attempt 1 of 6
[2025-06-18 15:02:10,911] {taskinstance.py:1044} INFO - 
--------------------------------------------------------------------------------
[2025-06-18 15:02:11,010] {taskinstance.py:1063} INFO - Executing <Task(BashOperator): second_task> on 2022-06-08T00:00:00+00:00
[2025-06-18 15:02:11,040] {standard_task_runner.py:52} INFO - Started process 6150 to run task
[2025-06-18 15:02:11,066] {standard_task_runner.py:76} INFO - Running: ['airflow', 'tasks', 'run', 'first_dag', 'second_task', '2022-06-08T00:00:00+00:00', '--job-id', '10603', '--pool', 'default_pool', '--raw', '--subdir', 'DAGS_FOLDER/first_dag.py', '--cfg-path', '/tmp/tmp4u30g0kp', '--error-file', '/tmp/tmp6i81rswx']
[2025-06-18 15:02:11,081] {standard_task_runner.py:77} INFO - Job 10603: Subtask second_task
[2025-06-18 15:02:11,327] {logging_mixin.py:104} INFO - Running <TaskInstance: first_dag.second_task 2022-06-08T00:00:00+00:00 [running]> on host 500dc4ac3a72
[2025-06-18 15:02:11,571] {taskinstance.py:1257} INFO - Exporting the following env vars:
AIRFLOW_CTX_DAG_OWNER=my_name
AIRFLOW_CTX_DAG_ID=first_dag
AIRFLOW_CTX_TASK_ID=second_task
AIRFLOW_CTX_EXECUTION_DATE=2022-06-08T00:00:00+00:00
AIRFLOW_CTX_DAG_RUN_ID=scheduled__2022-06-08T00:00:00+00:00
[2025-06-18 15:02:11,579] {bash.py:135} INFO - Tmp dir root location: 
 /tmp
[2025-06-18 15:02:11,584] {bash.py:158} INFO - Running command: echo "this is sencond task "
[2025-06-18 15:02:11,679] {bash.py:169} INFO - Output:
[2025-06-18 15:02:11,680] {bash.py:173} INFO - this is sencond task
[2025-06-18 15:02:11,681] {bash.py:177} INFO - Command exited with return code 0
[2025-06-18 15:02:11,951] {taskinstance.py:1166} INFO - Marking task as SUCCESS. dag_id=first_dag, task_id=second_task, execution_date=20220608T000000, start_date=20250618T150210, end_date=20250618T150211
[2025-06-18 15:02:12,271] {taskinstance.py:1220} INFO - 0 downstream tasks scheduled from follow-on schedule check
[2025-06-18 15:02:12,307] {local_task_job.py:146} INFO - Task exited with return code 0
