[2025-06-18 15:05:53,203] {taskinstance.py:851} INFO - Dependencies all met for <TaskInstance: first_dag.first_task 2023-11-04T00:00:00+00:00 [queued]>
[2025-06-18 15:05:53,243] {taskinstance.py:851} INFO - Dependencies all met for <TaskInstance: first_dag.first_task 2023-11-04T00:00:00+00:00 [queued]>
[2025-06-18 15:05:53,244] {taskinstance.py:1042} INFO - 
--------------------------------------------------------------------------------
[2025-06-18 15:05:53,244] {taskinstance.py:1043} INFO - Starting attempt 1 of 6
[2025-06-18 15:05:53,244] {taskinstance.py:1044} INFO - 
--------------------------------------------------------------------------------
[2025-06-18 15:05:53,279] {taskinstance.py:1063} INFO - Executing <Task(BashOperator): first_task> on 2023-11-04T00:00:00+00:00
[2025-06-18 15:05:53,298] {standard_task_runner.py:52} INFO - Started process 11237 to run task
[2025-06-18 15:05:53,328] {standard_task_runner.py:76} INFO - Running: ['airflow', 'tasks', 'run', 'first_dag', 'first_task', '2023-11-04T00:00:00+00:00', '--job-id', '12131', '--pool', 'default_pool', '--raw', '--subdir', 'DAGS_FOLDER/first_dag.py', '--cfg-path', '/tmp/tmp2gv8juto', '--error-file', '/tmp/tmptq574bcl']
[2025-06-18 15:05:53,356] {standard_task_runner.py:77} INFO - Job 12131: Subtask first_task
[2025-06-18 15:05:53,525] {logging_mixin.py:104} INFO - Running <TaskInstance: first_dag.first_task 2023-11-04T00:00:00+00:00 [running]> on host 500dc4ac3a72
[2025-06-18 15:05:53,632] {taskinstance.py:1257} INFO - Exporting the following env vars:
AIRFLOW_CTX_DAG_OWNER=my_name
AIRFLOW_CTX_DAG_ID=first_dag
AIRFLOW_CTX_TASK_ID=first_task
AIRFLOW_CTX_EXECUTION_DATE=2023-11-04T00:00:00+00:00
AIRFLOW_CTX_DAG_RUN_ID=scheduled__2023-11-04T00:00:00+00:00
[2025-06-18 15:05:53,634] {bash.py:135} INFO - Tmp dir root location: 
 /tmp
[2025-06-18 15:05:53,637] {bash.py:158} INFO - Running command: echo "this is my first task and I will run first! "
[2025-06-18 15:05:53,674] {bash.py:169} INFO - Output:
[2025-06-18 15:05:53,676] {bash.py:173} INFO - this is my first task and I will run first!
[2025-06-18 15:05:53,677] {bash.py:177} INFO - Command exited with return code 0
[2025-06-18 15:05:53,838] {taskinstance.py:1166} INFO - Marking task as SUCCESS. dag_id=first_dag, task_id=first_task, execution_date=20231104T000000, start_date=20250618T150553, end_date=20250618T150553
[2025-06-18 15:05:54,086] {taskinstance.py:1220} INFO - 0 downstream tasks scheduled from follow-on schedule check
[2025-06-18 15:05:54,129] {local_task_job.py:146} INFO - Task exited with return code 0
