[2025-06-18 15:05:16,664] {taskinstance.py:851} INFO - Dependencies all met for <TaskInstance: first_dag.third_task 2023-09-21T00:00:00+00:00 [queued]>
[2025-06-18 15:05:16,690] {taskinstance.py:851} INFO - Dependencies all met for <TaskInstance: first_dag.third_task 2023-09-21T00:00:00+00:00 [queued]>
[2025-06-18 15:05:16,696] {taskinstance.py:1042} INFO - 
--------------------------------------------------------------------------------
[2025-06-18 15:05:16,698] {taskinstance.py:1043} INFO - Starting attempt 1 of 6
[2025-06-18 15:05:16,699] {taskinstance.py:1044} INFO - 
--------------------------------------------------------------------------------
[2025-06-18 15:05:16,750] {taskinstance.py:1063} INFO - Executing <Task(BashOperator): third_task> on 2023-09-21T00:00:00+00:00
[2025-06-18 15:05:16,767] {standard_task_runner.py:52} INFO - Started process 10804 to run task
[2025-06-18 15:05:16,792] {standard_task_runner.py:76} INFO - Running: ['airflow', 'tasks', 'run', 'first_dag', 'third_task', '2023-09-21T00:00:00+00:00', '--job-id', '12011', '--pool', 'default_pool', '--raw', '--subdir', 'DAGS_FOLDER/first_dag.py', '--cfg-path', '/tmp/tmpewlifx2y', '--error-file', '/tmp/tmpnr83kgrh']
[2025-06-18 15:05:16,802] {standard_task_runner.py:77} INFO - Job 12011: Subtask third_task
[2025-06-18 15:05:16,996] {logging_mixin.py:104} INFO - Running <TaskInstance: first_dag.third_task 2023-09-21T00:00:00+00:00 [running]> on host 500dc4ac3a72
[2025-06-18 15:05:17,131] {taskinstance.py:1257} INFO - Exporting the following env vars:
AIRFLOW_CTX_DAG_OWNER=my_name
AIRFLOW_CTX_DAG_ID=first_dag
AIRFLOW_CTX_TASK_ID=third_task
AIRFLOW_CTX_EXECUTION_DATE=2023-09-21T00:00:00+00:00
AIRFLOW_CTX_DAG_RUN_ID=scheduled__2023-09-21T00:00:00+00:00
[2025-06-18 15:05:17,132] {bash.py:135} INFO - Tmp dir root location: 
 /tmp
[2025-06-18 15:05:17,133] {bash.py:158} INFO - Running command: echo "this is third task "
[2025-06-18 15:05:17,156] {bash.py:169} INFO - Output:
[2025-06-18 15:05:17,157] {bash.py:173} INFO - this is third task
[2025-06-18 15:05:17,157] {bash.py:177} INFO - Command exited with return code 0
[2025-06-18 15:05:17,281] {taskinstance.py:1166} INFO - Marking task as SUCCESS. dag_id=first_dag, task_id=third_task, execution_date=20230921T000000, start_date=20250618T150516, end_date=20250618T150517
[2025-06-18 15:05:17,547] {taskinstance.py:1220} INFO - 0 downstream tasks scheduled from follow-on schedule check
[2025-06-18 15:05:17,575] {local_task_job.py:146} INFO - Task exited with return code 0
