[2025-06-17 16:05:05,433] {taskinstance.py:851} INFO - Dependencies all met for <TaskInstance: our_first_dag_v5.thrid_task 2024-09-12T00:00:00+00:00 [queued]>
[2025-06-17 16:05:05,538] {taskinstance.py:851} INFO - Dependencies all met for <TaskInstance: our_first_dag_v5.thrid_task 2024-09-12T00:00:00+00:00 [queued]>
[2025-06-17 16:05:05,538] {taskinstance.py:1042} INFO - 
--------------------------------------------------------------------------------
[2025-06-17 16:05:05,538] {taskinstance.py:1043} INFO - Starting attempt 1 of 6
[2025-06-17 16:05:05,538] {taskinstance.py:1044} INFO - 
--------------------------------------------------------------------------------
[2025-06-17 16:05:05,606] {taskinstance.py:1063} INFO - Executing <Task(BashOperator): thrid_task> on 2024-09-12T00:00:00+00:00
[2025-06-17 16:05:05,701] {standard_task_runner.py:52} INFO - Started process 13936 to run task
[2025-06-17 16:05:05,711] {standard_task_runner.py:76} INFO - Running: ['airflow', 'tasks', 'run', 'our_first_dag_v5', 'thrid_task', '2024-09-12T00:00:00+00:00', '--job-id', '6883', '--pool', 'default_pool', '--raw', '--subdir', 'DAGS_FOLDER/first_dag.py', '--cfg-path', '/tmp/tmpiu1lfgp3', '--error-file', '/tmp/tmp9eug_4j0']
[2025-06-17 16:05:05,718] {standard_task_runner.py:77} INFO - Job 6883: Subtask thrid_task
[2025-06-17 16:05:06,091] {logging_mixin.py:104} INFO - Running <TaskInstance: our_first_dag_v5.thrid_task 2024-09-12T00:00:00+00:00 [running]> on host 4f8b76136637
[2025-06-17 16:05:06,387] {taskinstance.py:1257} INFO - Exporting the following env vars:
AIRFLOW_CTX_DAG_OWNER=coder2j
AIRFLOW_CTX_DAG_ID=our_first_dag_v5
AIRFLOW_CTX_TASK_ID=thrid_task
AIRFLOW_CTX_EXECUTION_DATE=2024-09-12T00:00:00+00:00
AIRFLOW_CTX_DAG_RUN_ID=scheduled__2024-09-12T00:00:00+00:00
[2025-06-17 16:05:06,402] {bash.py:135} INFO - Tmp dir root location: 
 /tmp
[2025-06-17 16:05:06,404] {bash.py:158} INFO - Running command: echo hey, I am task3 and will be running after task1 at the same time as task2!
[2025-06-17 16:05:06,446] {bash.py:169} INFO - Output:
[2025-06-17 16:05:06,448] {bash.py:173} INFO - hey, I am task3 and will be running after task1 at the same time as task2!
[2025-06-17 16:05:06,448] {bash.py:177} INFO - Command exited with return code 0
[2025-06-17 16:05:06,704] {taskinstance.py:1166} INFO - Marking task as SUCCESS. dag_id=our_first_dag_v5, task_id=thrid_task, execution_date=20240912T000000, start_date=20250617T160505, end_date=20250617T160506
[2025-06-17 16:05:07,003] {taskinstance.py:1220} INFO - 0 downstream tasks scheduled from follow-on schedule check
[2025-06-17 16:05:07,441] {local_task_job.py:146} INFO - Task exited with return code 0
