[2025-06-17 16:01:26,826] {taskinstance.py:851} INFO - Dependencies all met for <TaskInstance: our_first_dag_v5.first_task 2024-01-07T00:00:00+00:00 [queued]>
[2025-06-17 16:01:26,914] {taskinstance.py:851} INFO - Dependencies all met for <TaskInstance: our_first_dag_v5.first_task 2024-01-07T00:00:00+00:00 [queued]>
[2025-06-17 16:01:26,914] {taskinstance.py:1042} INFO - 
--------------------------------------------------------------------------------
[2025-06-17 16:01:26,914] {taskinstance.py:1043} INFO - Starting attempt 1 of 6
[2025-06-17 16:01:26,914] {taskinstance.py:1044} INFO - 
--------------------------------------------------------------------------------
[2025-06-17 16:01:26,954] {taskinstance.py:1063} INFO - Executing <Task(BashOperator): first_task> on 2024-01-07T00:00:00+00:00
[2025-06-17 16:01:26,973] {standard_task_runner.py:52} INFO - Started process 9960 to run task
[2025-06-17 16:01:27,007] {standard_task_runner.py:76} INFO - Running: ['airflow', 'tasks', 'run', 'our_first_dag_v5', 'first_task', '2024-01-07T00:00:00+00:00', '--job-id', '5372', '--pool', 'default_pool', '--raw', '--subdir', 'DAGS_FOLDER/first_dag.py', '--cfg-path', '/tmp/tmp_wp0jsxu', '--error-file', '/tmp/tmp95is5uev']
[2025-06-17 16:01:27,025] {standard_task_runner.py:77} INFO - Job 5372: Subtask first_task
[2025-06-17 16:01:27,198] {logging_mixin.py:104} INFO - Running <TaskInstance: our_first_dag_v5.first_task 2024-01-07T00:00:00+00:00 [running]> on host 4f8b76136637
[2025-06-17 16:01:27,545] {taskinstance.py:1257} INFO - Exporting the following env vars:
AIRFLOW_CTX_DAG_OWNER=coder2j
AIRFLOW_CTX_DAG_ID=our_first_dag_v5
AIRFLOW_CTX_TASK_ID=first_task
AIRFLOW_CTX_EXECUTION_DATE=2024-01-07T00:00:00+00:00
AIRFLOW_CTX_DAG_RUN_ID=scheduled__2024-01-07T00:00:00+00:00
[2025-06-17 16:01:27,545] {bash.py:135} INFO - Tmp dir root location: 
 /tmp
[2025-06-17 16:01:27,554] {bash.py:158} INFO - Running command: echo hello world, this is the first task!
[2025-06-17 16:01:27,585] {bash.py:169} INFO - Output:
[2025-06-17 16:01:27,589] {bash.py:173} INFO - hello world, this is the first task!
[2025-06-17 16:01:27,590] {bash.py:177} INFO - Command exited with return code 0
[2025-06-17 16:01:27,946] {taskinstance.py:1166} INFO - Marking task as SUCCESS. dag_id=our_first_dag_v5, task_id=first_task, execution_date=20240107T000000, start_date=20250617T160126, end_date=20250617T160127
[2025-06-17 16:01:28,805] {taskinstance.py:1220} INFO - 0 downstream tasks scheduled from follow-on schedule check
[2025-06-17 16:01:28,863] {local_task_job.py:146} INFO - Task exited with return code 0
