[2025-06-17 16:02:05,521] {taskinstance.py:851} INFO - Dependencies all met for <TaskInstance: our_first_dag_v5.second_task 2024-02-16T00:00:00+00:00 [queued]>
[2025-06-17 16:02:05,597] {taskinstance.py:851} INFO - Dependencies all met for <TaskInstance: our_first_dag_v5.second_task 2024-02-16T00:00:00+00:00 [queued]>
[2025-06-17 16:02:05,597] {taskinstance.py:1042} INFO - 
--------------------------------------------------------------------------------
[2025-06-17 16:02:05,598] {taskinstance.py:1043} INFO - Starting attempt 1 of 6
[2025-06-17 16:02:05,598] {taskinstance.py:1044} INFO - 
--------------------------------------------------------------------------------
[2025-06-17 16:02:05,656] {taskinstance.py:1063} INFO - Executing <Task(BashOperator): second_task> on 2024-02-16T00:00:00+00:00
[2025-06-17 16:02:05,686] {standard_task_runner.py:52} INFO - Started process 10638 to run task
[2025-06-17 16:02:05,716] {standard_task_runner.py:76} INFO - Running: ['airflow', 'tasks', 'run', 'our_first_dag_v5', 'second_task', '2024-02-16T00:00:00+00:00', '--job-id', '5628', '--pool', 'default_pool', '--raw', '--subdir', 'DAGS_FOLDER/first_dag.py', '--cfg-path', '/tmp/tmp9a4q7syk', '--error-file', '/tmp/tmpkz0b2v7_']
[2025-06-17 16:02:05,773] {standard_task_runner.py:77} INFO - Job 5628: Subtask second_task
[2025-06-17 16:02:06,062] {logging_mixin.py:104} INFO - Running <TaskInstance: our_first_dag_v5.second_task 2024-02-16T00:00:00+00:00 [running]> on host 4f8b76136637
[2025-06-17 16:02:06,277] {taskinstance.py:1257} INFO - Exporting the following env vars:
AIRFLOW_CTX_DAG_OWNER=coder2j
AIRFLOW_CTX_DAG_ID=our_first_dag_v5
AIRFLOW_CTX_TASK_ID=second_task
AIRFLOW_CTX_EXECUTION_DATE=2024-02-16T00:00:00+00:00
AIRFLOW_CTX_DAG_RUN_ID=scheduled__2024-02-16T00:00:00+00:00
[2025-06-17 16:02:06,278] {bash.py:135} INFO - Tmp dir root location: 
 /tmp
[2025-06-17 16:02:06,289] {bash.py:158} INFO - Running command: echo hey, I am task2 and will be running after task1!
[2025-06-17 16:02:06,320] {bash.py:169} INFO - Output:
[2025-06-17 16:02:06,333] {bash.py:173} INFO - hey, I am task2 and will be running after task1!
[2025-06-17 16:02:06,334] {bash.py:177} INFO - Command exited with return code 0
[2025-06-17 16:02:06,521] {taskinstance.py:1166} INFO - Marking task as SUCCESS. dag_id=our_first_dag_v5, task_id=second_task, execution_date=20240216T000000, start_date=20250617T160205, end_date=20250617T160206
[2025-06-17 16:02:07,060] {taskinstance.py:1220} INFO - 0 downstream tasks scheduled from follow-on schedule check
[2025-06-17 16:02:07,096] {local_task_job.py:146} INFO - Task exited with return code 0
