[2025-06-17 16:07:59,347] {taskinstance.py:851} INFO - Dependencies all met for <TaskInstance: our_first_dag_v5.first_task 2025-03-06T00:00:00+00:00 [queued]>
[2025-06-17 16:07:59,407] {taskinstance.py:851} INFO - Dependencies all met for <TaskInstance: our_first_dag_v5.first_task 2025-03-06T00:00:00+00:00 [queued]>
[2025-06-17 16:07:59,407] {taskinstance.py:1042} INFO - 
--------------------------------------------------------------------------------
[2025-06-17 16:07:59,407] {taskinstance.py:1043} INFO - Starting attempt 1 of 6
[2025-06-17 16:07:59,407] {taskinstance.py:1044} INFO - 
--------------------------------------------------------------------------------
[2025-06-17 16:07:59,433] {taskinstance.py:1063} INFO - Executing <Task(BashOperator): first_task> on 2025-03-06T00:00:00+00:00
[2025-06-17 16:07:59,440] {standard_task_runner.py:52} INFO - Started process 16657 to run task
[2025-06-17 16:07:59,454] {standard_task_runner.py:76} INFO - Running: ['airflow', 'tasks', 'run', 'our_first_dag_v5', 'first_task', '2025-03-06T00:00:00+00:00', '--job-id', '7906', '--pool', 'default_pool', '--raw', '--subdir', 'DAGS_FOLDER/first_dag.py', '--cfg-path', '/tmp/tmpek5rdzjz', '--error-file', '/tmp/tmpo02jibgj']
[2025-06-17 16:07:59,458] {standard_task_runner.py:77} INFO - Job 7906: Subtask first_task
[2025-06-17 16:07:59,629] {logging_mixin.py:104} INFO - Running <TaskInstance: our_first_dag_v5.first_task 2025-03-06T00:00:00+00:00 [running]> on host 4f8b76136637
[2025-06-17 16:07:59,904] {taskinstance.py:1257} INFO - Exporting the following env vars:
AIRFLOW_CTX_DAG_OWNER=coder2j
AIRFLOW_CTX_DAG_ID=our_first_dag_v5
AIRFLOW_CTX_TASK_ID=first_task
AIRFLOW_CTX_EXECUTION_DATE=2025-03-06T00:00:00+00:00
AIRFLOW_CTX_DAG_RUN_ID=scheduled__2025-03-06T00:00:00+00:00
[2025-06-17 16:07:59,906] {bash.py:135} INFO - Tmp dir root location: 
 /tmp
[2025-06-17 16:07:59,913] {bash.py:158} INFO - Running command: echo hello world, this is the first task!
[2025-06-17 16:08:00,003] {bash.py:169} INFO - Output:
[2025-06-17 16:08:00,004] {bash.py:173} INFO - hello world, this is the first task!
[2025-06-17 16:08:00,004] {bash.py:177} INFO - Command exited with return code 0
[2025-06-17 16:08:00,213] {taskinstance.py:1166} INFO - Marking task as SUCCESS. dag_id=our_first_dag_v5, task_id=first_task, execution_date=20250306T000000, start_date=20250617T160759, end_date=20250617T160800
[2025-06-17 16:08:00,401] {taskinstance.py:1220} INFO - 2 downstream tasks scheduled from follow-on schedule check
[2025-06-17 16:08:00,462] {local_task_job.py:146} INFO - Task exited with return code 0
