[2025-06-18 15:09:36,012] {taskinstance.py:851} INFO - Dependencies all met for <TaskInstance: first_dag.second_task 2025-04-08T00:00:00+00:00 [queued]>
[2025-06-18 15:09:36,050] {taskinstance.py:851} INFO - Dependencies all met for <TaskInstance: first_dag.second_task 2025-04-08T00:00:00+00:00 [queued]>
[2025-06-18 15:09:36,050] {taskinstance.py:1042} INFO - 
--------------------------------------------------------------------------------
[2025-06-18 15:09:36,050] {taskinstance.py:1043} INFO - Starting attempt 1 of 6
[2025-06-18 15:09:36,050] {taskinstance.py:1044} INFO - 
--------------------------------------------------------------------------------
[2025-06-18 15:09:36,137] {taskinstance.py:1063} INFO - Executing <Task(BashOperator): second_task> on 2025-04-08T00:00:00+00:00
[2025-06-18 15:09:36,156] {standard_task_runner.py:52} INFO - Started process 16498 to run task
[2025-06-18 15:09:36,170] {standard_task_runner.py:76} INFO - Running: ['airflow', 'tasks', 'run', 'first_dag', 'second_task', '2025-04-08T00:00:00+00:00', '--job-id', '13706', '--pool', 'default_pool', '--raw', '--subdir', 'DAGS_FOLDER/first_dag.py', '--cfg-path', '/tmp/tmpoc6yw9pq', '--error-file', '/tmp/tmpfnya2r33']
[2025-06-18 15:09:36,180] {standard_task_runner.py:77} INFO - Job 13706: Subtask second_task
[2025-06-18 15:09:36,329] {logging_mixin.py:104} INFO - Running <TaskInstance: first_dag.second_task 2025-04-08T00:00:00+00:00 [running]> on host 500dc4ac3a72
[2025-06-18 15:09:36,547] {taskinstance.py:1257} INFO - Exporting the following env vars:
AIRFLOW_CTX_DAG_OWNER=my_name
AIRFLOW_CTX_DAG_ID=first_dag
AIRFLOW_CTX_TASK_ID=second_task
AIRFLOW_CTX_EXECUTION_DATE=2025-04-08T00:00:00+00:00
AIRFLOW_CTX_DAG_RUN_ID=scheduled__2025-04-08T00:00:00+00:00
[2025-06-18 15:09:36,550] {bash.py:135} INFO - Tmp dir root location: 
 /tmp
[2025-06-18 15:09:36,558] {bash.py:158} INFO - Running command: echo "this is sencond task "
[2025-06-18 15:09:36,593] {bash.py:169} INFO - Output:
[2025-06-18 15:09:36,593] {bash.py:173} INFO - this is sencond task
[2025-06-18 15:09:36,594] {bash.py:177} INFO - Command exited with return code 0
[2025-06-18 15:09:36,802] {taskinstance.py:1166} INFO - Marking task as SUCCESS. dag_id=first_dag, task_id=second_task, execution_date=20250408T000000, start_date=20250618T150936, end_date=20250618T150936
[2025-06-18 15:09:37,014] {taskinstance.py:1220} INFO - 0 downstream tasks scheduled from follow-on schedule check
[2025-06-18 15:09:37,049] {local_task_job.py:146} INFO - Task exited with return code 0
