[2025-06-17 16:00:39,578] {taskinstance.py:851} INFO - Dependencies all met for <TaskInstance: dag_with_taskflow_api_v02.get_age 2024-02-21T00:00:00+00:00 [queued]>
[2025-06-17 16:00:39,650] {taskinstance.py:851} INFO - Dependencies all met for <TaskInstance: dag_with_taskflow_api_v02.get_age 2024-02-21T00:00:00+00:00 [queued]>
[2025-06-17 16:00:39,651] {taskinstance.py:1042} INFO - 
--------------------------------------------------------------------------------
[2025-06-17 16:00:39,651] {taskinstance.py:1043} INFO - Starting attempt 1 of 6
[2025-06-17 16:00:39,652] {taskinstance.py:1044} INFO - 
--------------------------------------------------------------------------------
[2025-06-17 16:00:39,684] {taskinstance.py:1063} INFO - Executing <Task(_PythonDecoratedOperator): get_age> on 2024-02-21T00:00:00+00:00
[2025-06-17 16:00:39,710] {standard_task_runner.py:52} INFO - Started process 9170 to run task
[2025-06-17 16:00:39,723] {standard_task_runner.py:76} INFO - Running: ['airflow', 'tasks', 'run', 'dag_with_taskflow_api_v02', 'get_age', '2024-02-21T00:00:00+00:00', '--job-id', '5074', '--pool', 'default_pool', '--raw', '--subdir', 'DAGS_FOLDER/taskflow.py', '--cfg-path', '/tmp/tmp96jo_r71', '--error-file', '/tmp/tmpr2hg66eq']
[2025-06-17 16:00:39,726] {standard_task_runner.py:77} INFO - Job 5074: Subtask get_age
[2025-06-17 16:00:40,043] {logging_mixin.py:104} INFO - Running <TaskInstance: dag_with_taskflow_api_v02.get_age 2024-02-21T00:00:00+00:00 [running]> on host 4f8b76136637
[2025-06-17 16:00:40,335] {taskinstance.py:1257} INFO - Exporting the following env vars:
AIRFLOW_CTX_DAG_OWNER=coder2j
AIRFLOW_CTX_DAG_ID=dag_with_taskflow_api_v02
AIRFLOW_CTX_TASK_ID=get_age
AIRFLOW_CTX_EXECUTION_DATE=2024-02-21T00:00:00+00:00
AIRFLOW_CTX_DAG_RUN_ID=scheduled__2024-02-21T00:00:00+00:00
[2025-06-17 16:00:40,577] {taskinstance.py:1166} INFO - Marking task as SUCCESS. dag_id=dag_with_taskflow_api_v02, task_id=get_age, execution_date=20240221T000000, start_date=20250617T160039, end_date=20250617T160040
[2025-06-17 16:00:41,004] {taskinstance.py:1220} INFO - 0 downstream tasks scheduled from follow-on schedule check
[2025-06-17 16:00:41,080] {local_task_job.py:146} INFO - Task exited with return code 0
