[2025-06-18 15:02:22,117] {taskinstance.py:851} INFO - Dependencies all met for <TaskInstance: first_dag.third_task 2022-07-04T00:00:00+00:00 [queued]>
[2025-06-18 15:02:22,211] {taskinstance.py:851} INFO - Dependencies all met for <TaskInstance: first_dag.third_task 2022-07-04T00:00:00+00:00 [queued]>
[2025-06-18 15:02:22,212] {taskinstance.py:1042} INFO - 
--------------------------------------------------------------------------------
[2025-06-18 15:02:22,214] {taskinstance.py:1043} INFO - Starting attempt 1 of 6
[2025-06-18 15:02:22,218] {taskinstance.py:1044} INFO - 
--------------------------------------------------------------------------------
[2025-06-18 15:02:22,304] {taskinstance.py:1063} INFO - Executing <Task(BashOperator): third_task> on 2022-07-04T00:00:00+00:00
[2025-06-18 15:02:22,319] {standard_task_runner.py:52} INFO - Started process 6407 to run task
[2025-06-18 15:02:22,328] {standard_task_runner.py:76} INFO - Running: ['airflow', 'tasks', 'run', 'first_dag', 'third_task', '2022-07-04T00:00:00+00:00', '--job-id', '10679', '--pool', 'default_pool', '--raw', '--subdir', 'DAGS_FOLDER/first_dag.py', '--cfg-path', '/tmp/tmpvaw5hfyd', '--error-file', '/tmp/tmpavhvl6zs']
[2025-06-18 15:02:22,334] {standard_task_runner.py:77} INFO - Job 10679: Subtask third_task
[2025-06-18 15:02:22,494] {logging_mixin.py:104} INFO - Running <TaskInstance: first_dag.third_task 2022-07-04T00:00:00+00:00 [running]> on host 500dc4ac3a72
[2025-06-18 15:02:22,704] {taskinstance.py:1257} INFO - Exporting the following env vars:
AIRFLOW_CTX_DAG_OWNER=my_name
AIRFLOW_CTX_DAG_ID=first_dag
AIRFLOW_CTX_TASK_ID=third_task
AIRFLOW_CTX_EXECUTION_DATE=2022-07-04T00:00:00+00:00
AIRFLOW_CTX_DAG_RUN_ID=scheduled__2022-07-04T00:00:00+00:00
[2025-06-18 15:02:22,706] {bash.py:135} INFO - Tmp dir root location: 
 /tmp
[2025-06-18 15:02:22,709] {bash.py:158} INFO - Running command: echo "this is third task "
[2025-06-18 15:02:22,743] {bash.py:169} INFO - Output:
[2025-06-18 15:02:22,745] {bash.py:173} INFO - this is third task
[2025-06-18 15:02:22,746] {bash.py:177} INFO - Command exited with return code 0
[2025-06-18 15:02:22,892] {taskinstance.py:1166} INFO - Marking task as SUCCESS. dag_id=first_dag, task_id=third_task, execution_date=20220704T000000, start_date=20250618T150222, end_date=20250618T150222
[2025-06-18 15:02:23,050] {taskinstance.py:1220} INFO - 0 downstream tasks scheduled from follow-on schedule check
[2025-06-18 15:02:23,098] {local_task_job.py:146} INFO - Task exited with return code 0
