[2025-06-17 16:01:53,901] {taskinstance.py:851} INFO - Dependencies all met for <TaskInstance: dag_with_taskflow_api_v02.get_age 2024-05-11T00:00:00+00:00 [queued]>
[2025-06-17 16:01:54,019] {taskinstance.py:851} INFO - Dependencies all met for <TaskInstance: dag_with_taskflow_api_v02.get_age 2024-05-11T00:00:00+00:00 [queued]>
[2025-06-17 16:01:54,019] {taskinstance.py:1042} INFO - 
--------------------------------------------------------------------------------
[2025-06-17 16:01:54,020] {taskinstance.py:1043} INFO - Starting attempt 1 of 6
[2025-06-17 16:01:54,020] {taskinstance.py:1044} INFO - 
--------------------------------------------------------------------------------
[2025-06-17 16:01:54,118] {taskinstance.py:1063} INFO - Executing <Task(_PythonDecoratedOperator): get_age> on 2024-05-11T00:00:00+00:00
[2025-06-17 16:01:54,144] {standard_task_runner.py:52} INFO - Started process 10434 to run task
[2025-06-17 16:01:54,200] {standard_task_runner.py:76} INFO - Running: ['airflow', 'tasks', 'run', 'dag_with_taskflow_api_v02', 'get_age', '2024-05-11T00:00:00+00:00', '--job-id', '5550', '--pool', 'default_pool', '--raw', '--subdir', 'DAGS_FOLDER/taskflow.py', '--cfg-path', '/tmp/tmp_guawg3_', '--error-file', '/tmp/tmptr696ozl']
[2025-06-17 16:01:54,242] {standard_task_runner.py:77} INFO - Job 5550: Subtask get_age
[2025-06-17 16:01:54,591] {logging_mixin.py:104} INFO - Running <TaskInstance: dag_with_taskflow_api_v02.get_age 2024-05-11T00:00:00+00:00 [running]> on host 4f8b76136637
[2025-06-17 16:01:54,934] {taskinstance.py:1257} INFO - Exporting the following env vars:
AIRFLOW_CTX_DAG_OWNER=coder2j
AIRFLOW_CTX_DAG_ID=dag_with_taskflow_api_v02
AIRFLOW_CTX_TASK_ID=get_age
AIRFLOW_CTX_EXECUTION_DATE=2024-05-11T00:00:00+00:00
AIRFLOW_CTX_DAG_RUN_ID=scheduled__2024-05-11T00:00:00+00:00
[2025-06-17 16:01:55,152] {taskinstance.py:1166} INFO - Marking task as SUCCESS. dag_id=dag_with_taskflow_api_v02, task_id=get_age, execution_date=20240511T000000, start_date=20250617T160153, end_date=20250617T160155
[2025-06-17 16:01:55,541] {taskinstance.py:1220} INFO - 0 downstream tasks scheduled from follow-on schedule check
[2025-06-17 16:01:55,626] {local_task_job.py:146} INFO - Task exited with return code 0
