[2025-06-17 16:05:15,346] {taskinstance.py:851} INFO - Dependencies all met for <TaskInstance: dag_with_taskflow_api_v02.get_name 2024-12-28T00:00:00+00:00 [queued]>
[2025-06-17 16:05:15,403] {taskinstance.py:851} INFO - Dependencies all met for <TaskInstance: dag_with_taskflow_api_v02.get_name 2024-12-28T00:00:00+00:00 [queued]>
[2025-06-17 16:05:15,404] {taskinstance.py:1042} INFO - 
--------------------------------------------------------------------------------
[2025-06-17 16:05:15,404] {taskinstance.py:1043} INFO - Starting attempt 1 of 6
[2025-06-17 16:05:15,404] {taskinstance.py:1044} INFO - 
--------------------------------------------------------------------------------
[2025-06-17 16:05:15,431] {taskinstance.py:1063} INFO - Executing <Task(_PythonDecoratedOperator): get_name> on 2024-12-28T00:00:00+00:00
[2025-06-17 16:05:15,448] {standard_task_runner.py:52} INFO - Started process 14103 to run task
[2025-06-17 16:05:15,461] {standard_task_runner.py:76} INFO - Running: ['airflow', 'tasks', 'run', 'dag_with_taskflow_api_v02', 'get_name', '2024-12-28T00:00:00+00:00', '--job-id', '6945', '--pool', 'default_pool', '--raw', '--subdir', 'DAGS_FOLDER/taskflow.py', '--cfg-path', '/tmp/tmpglwd6opa', '--error-file', '/tmp/tmp_bp989ib']
[2025-06-17 16:05:15,478] {standard_task_runner.py:77} INFO - Job 6945: Subtask get_name
[2025-06-17 16:05:15,709] {logging_mixin.py:104} INFO - Running <TaskInstance: dag_with_taskflow_api_v02.get_name 2024-12-28T00:00:00+00:00 [running]> on host 4f8b76136637
[2025-06-17 16:05:15,993] {taskinstance.py:1257} INFO - Exporting the following env vars:
AIRFLOW_CTX_DAG_OWNER=coder2j
AIRFLOW_CTX_DAG_ID=dag_with_taskflow_api_v02
AIRFLOW_CTX_TASK_ID=get_name
AIRFLOW_CTX_EXECUTION_DATE=2024-12-28T00:00:00+00:00
AIRFLOW_CTX_DAG_RUN_ID=scheduled__2024-12-28T00:00:00+00:00
[2025-06-17 16:05:16,870] {taskinstance.py:1166} INFO - Marking task as SUCCESS. dag_id=dag_with_taskflow_api_v02, task_id=get_name, execution_date=20241228T000000, start_date=20250617T160515, end_date=20250617T160516
[2025-06-17 16:05:17,322] {taskinstance.py:1220} INFO - 1 downstream tasks scheduled from follow-on schedule check
[2025-06-17 16:05:17,392] {local_task_job.py:146} INFO - Task exited with return code 0
