[2025-06-17 16:05:21,116] {taskinstance.py:851} INFO - Dependencies all met for <TaskInstance: dag_with_taskflow_api_v02.get_name 2025-01-02T00:00:00+00:00 [queued]>
[2025-06-17 16:05:21,226] {taskinstance.py:851} INFO - Dependencies all met for <TaskInstance: dag_with_taskflow_api_v02.get_name 2025-01-02T00:00:00+00:00 [queued]>
[2025-06-17 16:05:21,227] {taskinstance.py:1042} INFO - 
--------------------------------------------------------------------------------
[2025-06-17 16:05:21,227] {taskinstance.py:1043} INFO - Starting attempt 1 of 6
[2025-06-17 16:05:21,227] {taskinstance.py:1044} INFO - 
--------------------------------------------------------------------------------
[2025-06-17 16:05:21,288] {taskinstance.py:1063} INFO - Executing <Task(_PythonDecoratedOperator): get_name> on 2025-01-02T00:00:00+00:00
[2025-06-17 16:05:21,331] {standard_task_runner.py:52} INFO - Started process 14184 to run task
[2025-06-17 16:05:21,366] {standard_task_runner.py:76} INFO - Running: ['airflow', 'tasks', 'run', 'dag_with_taskflow_api_v02', 'get_name', '2025-01-02T00:00:00+00:00', '--job-id', '6973', '--pool', 'default_pool', '--raw', '--subdir', 'DAGS_FOLDER/taskflow.py', '--cfg-path', '/tmp/tmpog2za0i0', '--error-file', '/tmp/tmpgtg43caq']
[2025-06-17 16:05:21,376] {standard_task_runner.py:77} INFO - Job 6973: Subtask get_name
[2025-06-17 16:05:21,676] {logging_mixin.py:104} INFO - Running <TaskInstance: dag_with_taskflow_api_v02.get_name 2025-01-02T00:00:00+00:00 [running]> on host 4f8b76136637
[2025-06-17 16:05:22,134] {taskinstance.py:1257} INFO - Exporting the following env vars:
AIRFLOW_CTX_DAG_OWNER=coder2j
AIRFLOW_CTX_DAG_ID=dag_with_taskflow_api_v02
AIRFLOW_CTX_TASK_ID=get_name
AIRFLOW_CTX_EXECUTION_DATE=2025-01-02T00:00:00+00:00
AIRFLOW_CTX_DAG_RUN_ID=scheduled__2025-01-02T00:00:00+00:00
[2025-06-17 16:05:22,871] {taskinstance.py:1166} INFO - Marking task as SUCCESS. dag_id=dag_with_taskflow_api_v02, task_id=get_name, execution_date=20250102T000000, start_date=20250617T160521, end_date=20250617T160522
[2025-06-17 16:05:23,030] {taskinstance.py:1220} INFO - 1 downstream tasks scheduled from follow-on schedule check
[2025-06-17 16:05:23,111] {local_task_job.py:146} INFO - Task exited with return code 0
