[2025-06-17 15:59:12,253] {taskinstance.py:851} INFO - Dependencies all met for <TaskInstance: dag_with_taskflow_api_v02.get_name 2023-12-16T00:00:00+00:00 [queued]>
[2025-06-17 15:59:12,713] {taskinstance.py:851} INFO - Dependencies all met for <TaskInstance: dag_with_taskflow_api_v02.get_name 2023-12-16T00:00:00+00:00 [queued]>
[2025-06-17 15:59:12,725] {taskinstance.py:1042} INFO - 
--------------------------------------------------------------------------------
[2025-06-17 15:59:12,725] {taskinstance.py:1043} INFO - Starting attempt 1 of 6
[2025-06-17 15:59:12,726] {taskinstance.py:1044} INFO - 
--------------------------------------------------------------------------------
[2025-06-17 15:59:13,067] {taskinstance.py:1063} INFO - Executing <Task(_PythonDecoratedOperator): get_name> on 2023-12-16T00:00:00+00:00
[2025-06-17 15:59:13,187] {standard_task_runner.py:52} INFO - Started process 8093 to run task
[2025-06-17 15:59:13,231] {standard_task_runner.py:76} INFO - Running: ['airflow', 'tasks', 'run', 'dag_with_taskflow_api_v02', 'get_name', '2023-12-16T00:00:00+00:00', '--job-id', '4673', '--pool', 'default_pool', '--raw', '--subdir', 'DAGS_FOLDER/taskflow.py', '--cfg-path', '/tmp/tmpyrmfbiit', '--error-file', '/tmp/tmpyor0qzyi']
[2025-06-17 15:59:13,235] {standard_task_runner.py:77} INFO - Job 4673: Subtask get_name
[2025-06-17 15:59:13,742] {logging_mixin.py:104} INFO - Running <TaskInstance: dag_with_taskflow_api_v02.get_name 2023-12-16T00:00:00+00:00 [running]> on host 4f8b76136637
[2025-06-17 15:59:14,259] {taskinstance.py:1257} INFO - Exporting the following env vars:
AIRFLOW_CTX_DAG_OWNER=coder2j
AIRFLOW_CTX_DAG_ID=dag_with_taskflow_api_v02
AIRFLOW_CTX_TASK_ID=get_name
AIRFLOW_CTX_EXECUTION_DATE=2023-12-16T00:00:00+00:00
AIRFLOW_CTX_DAG_RUN_ID=scheduled__2023-12-16T00:00:00+00:00
[2025-06-17 15:59:15,738] {taskinstance.py:1166} INFO - Marking task as SUCCESS. dag_id=dag_with_taskflow_api_v02, task_id=get_name, execution_date=20231216T000000, start_date=20250617T155912, end_date=20250617T155915
[2025-06-17 15:59:16,145] {taskinstance.py:1220} INFO - 1 downstream tasks scheduled from follow-on schedule check
[2025-06-17 15:59:16,219] {local_task_job.py:146} INFO - Task exited with return code 0
