[2025-06-18 15:04:17,883] {taskinstance.py:851} INFO - Dependencies all met for <TaskInstance: first_dag.third_task 2023-04-16T00:00:00+00:00 [queued]>
[2025-06-18 15:04:17,930] {taskinstance.py:851} INFO - Dependencies all met for <TaskInstance: first_dag.third_task 2023-04-16T00:00:00+00:00 [queued]>
[2025-06-18 15:04:17,930] {taskinstance.py:1042} INFO - 
--------------------------------------------------------------------------------
[2025-06-18 15:04:17,931] {taskinstance.py:1043} INFO - Starting attempt 1 of 6
[2025-06-18 15:04:17,931] {taskinstance.py:1044} INFO - 
--------------------------------------------------------------------------------
[2025-06-18 15:04:17,971] {taskinstance.py:1063} INFO - Executing <Task(BashOperator): third_task> on 2023-04-16T00:00:00+00:00
[2025-06-18 15:04:17,979] {standard_task_runner.py:52} INFO - Started process 9224 to run task
[2025-06-18 15:04:17,986] {standard_task_runner.py:76} INFO - Running: ['airflow', 'tasks', 'run', 'first_dag', 'third_task', '2023-04-16T00:00:00+00:00', '--job-id', '11536', '--pool', 'default_pool', '--raw', '--subdir', 'DAGS_FOLDER/first_dag.py', '--cfg-path', '/tmp/tmpo6d8uxq1', '--error-file', '/tmp/tmpkggexl1y']
[2025-06-18 15:04:17,992] {standard_task_runner.py:77} INFO - Job 11536: Subtask third_task
[2025-06-18 15:04:18,113] {logging_mixin.py:104} INFO - Running <TaskInstance: first_dag.third_task 2023-04-16T00:00:00+00:00 [running]> on host 500dc4ac3a72
[2025-06-18 15:04:18,264] {taskinstance.py:1257} INFO - Exporting the following env vars:
AIRFLOW_CTX_DAG_OWNER=my_name
AIRFLOW_CTX_DAG_ID=first_dag
AIRFLOW_CTX_TASK_ID=third_task
AIRFLOW_CTX_EXECUTION_DATE=2023-04-16T00:00:00+00:00
AIRFLOW_CTX_DAG_RUN_ID=scheduled__2023-04-16T00:00:00+00:00
[2025-06-18 15:04:18,264] {bash.py:135} INFO - Tmp dir root location: 
 /tmp
[2025-06-18 15:04:18,266] {bash.py:158} INFO - Running command: echo "this is third task "
[2025-06-18 15:04:18,292] {bash.py:169} INFO - Output:
[2025-06-18 15:04:18,295] {bash.py:173} INFO - this is third task
[2025-06-18 15:04:18,296] {bash.py:177} INFO - Command exited with return code 0
[2025-06-18 15:04:18,416] {taskinstance.py:1166} INFO - Marking task as SUCCESS. dag_id=first_dag, task_id=third_task, execution_date=20230416T000000, start_date=20250618T150417, end_date=20250618T150418
[2025-06-18 15:04:18,512] {taskinstance.py:1220} INFO - 0 downstream tasks scheduled from follow-on schedule check
[2025-06-18 15:04:18,543] {local_task_job.py:146} INFO - Task exited with return code 0
