[2025-06-17 16:04:42,593] {taskinstance.py:851} INFO - Dependencies all met for <TaskInstance: dag_with_taskflow_api_v02.get_name 2024-11-26T00:00:00+00:00 [queued]>
[2025-06-17 16:04:42,685] {taskinstance.py:851} INFO - Dependencies all met for <TaskInstance: dag_with_taskflow_api_v02.get_name 2024-11-26T00:00:00+00:00 [queued]>
[2025-06-17 16:04:42,686] {taskinstance.py:1042} INFO - 
--------------------------------------------------------------------------------
[2025-06-17 16:04:42,686] {taskinstance.py:1043} INFO - Starting attempt 1 of 6
[2025-06-17 16:04:42,686] {taskinstance.py:1044} INFO - 
--------------------------------------------------------------------------------
[2025-06-17 16:04:42,758] {taskinstance.py:1063} INFO - Executing <Task(_PythonDecoratedOperator): get_name> on 2024-11-26T00:00:00+00:00
[2025-06-17 16:04:42,767] {standard_task_runner.py:52} INFO - Started process 13586 to run task
[2025-06-17 16:04:42,801] {standard_task_runner.py:76} INFO - Running: ['airflow', 'tasks', 'run', 'dag_with_taskflow_api_v02', 'get_name', '2024-11-26T00:00:00+00:00', '--job-id', '6751', '--pool', 'default_pool', '--raw', '--subdir', 'DAGS_FOLDER/taskflow.py', '--cfg-path', '/tmp/tmp7sbv3egn', '--error-file', '/tmp/tmpfck6am19']
[2025-06-17 16:04:42,824] {standard_task_runner.py:77} INFO - Job 6751: Subtask get_name
[2025-06-17 16:04:43,269] {logging_mixin.py:104} INFO - Running <TaskInstance: dag_with_taskflow_api_v02.get_name 2024-11-26T00:00:00+00:00 [running]> on host 4f8b76136637
[2025-06-17 16:04:43,595] {taskinstance.py:1257} INFO - Exporting the following env vars:
AIRFLOW_CTX_DAG_OWNER=coder2j
AIRFLOW_CTX_DAG_ID=dag_with_taskflow_api_v02
AIRFLOW_CTX_TASK_ID=get_name
AIRFLOW_CTX_EXECUTION_DATE=2024-11-26T00:00:00+00:00
AIRFLOW_CTX_DAG_RUN_ID=scheduled__2024-11-26T00:00:00+00:00
[2025-06-17 16:04:44,104] {taskinstance.py:1166} INFO - Marking task as SUCCESS. dag_id=dag_with_taskflow_api_v02, task_id=get_name, execution_date=20241126T000000, start_date=20250617T160442, end_date=20250617T160444
[2025-06-17 16:04:44,942] {taskinstance.py:1220} INFO - 0 downstream tasks scheduled from follow-on schedule check
[2025-06-17 16:04:44,972] {local_task_job.py:146} INFO - Task exited with return code 0
