[2025-06-17 16:01:57,711] {taskinstance.py:851} INFO - Dependencies all met for <TaskInstance: our_first_dag_v5.first_task 2024-02-10T00:00:00+00:00 [queued]>
[2025-06-17 16:01:57,854] {taskinstance.py:851} INFO - Dependencies all met for <TaskInstance: our_first_dag_v5.first_task 2024-02-10T00:00:00+00:00 [queued]>
[2025-06-17 16:01:57,854] {taskinstance.py:1042} INFO - 
--------------------------------------------------------------------------------
[2025-06-17 16:01:57,854] {taskinstance.py:1043} INFO - Starting attempt 1 of 6
[2025-06-17 16:01:57,854] {taskinstance.py:1044} INFO - 
--------------------------------------------------------------------------------
[2025-06-17 16:01:57,905] {taskinstance.py:1063} INFO - Executing <Task(BashOperator): first_task> on 2024-02-10T00:00:00+00:00
[2025-06-17 16:01:57,943] {standard_task_runner.py:52} INFO - Started process 10500 to run task
[2025-06-17 16:01:57,962] {standard_task_runner.py:76} INFO - Running: ['airflow', 'tasks', 'run', 'our_first_dag_v5', 'first_task', '2024-02-10T00:00:00+00:00', '--job-id', '5578', '--pool', 'default_pool', '--raw', '--subdir', 'DAGS_FOLDER/first_dag.py', '--cfg-path', '/tmp/tmpt5jau_1g', '--error-file', '/tmp/tmpv46bqo7_']
[2025-06-17 16:01:57,980] {standard_task_runner.py:77} INFO - Job 5578: Subtask first_task
[2025-06-17 16:01:58,192] {logging_mixin.py:104} INFO - Running <TaskInstance: our_first_dag_v5.first_task 2024-02-10T00:00:00+00:00 [running]> on host 4f8b76136637
[2025-06-17 16:01:58,402] {taskinstance.py:1257} INFO - Exporting the following env vars:
AIRFLOW_CTX_DAG_OWNER=coder2j
AIRFLOW_CTX_DAG_ID=our_first_dag_v5
AIRFLOW_CTX_TASK_ID=first_task
AIRFLOW_CTX_EXECUTION_DATE=2024-02-10T00:00:00+00:00
AIRFLOW_CTX_DAG_RUN_ID=scheduled__2024-02-10T00:00:00+00:00
[2025-06-17 16:01:58,403] {bash.py:135} INFO - Tmp dir root location: 
 /tmp
[2025-06-17 16:01:58,415] {bash.py:158} INFO - Running command: echo hello world, this is the first task!
[2025-06-17 16:01:58,459] {bash.py:169} INFO - Output:
[2025-06-17 16:01:58,461] {bash.py:173} INFO - hello world, this is the first task!
[2025-06-17 16:01:58,462] {bash.py:177} INFO - Command exited with return code 0
[2025-06-17 16:01:58,795] {taskinstance.py:1166} INFO - Marking task as SUCCESS. dag_id=our_first_dag_v5, task_id=first_task, execution_date=20240210T000000, start_date=20250617T160157, end_date=20250617T160158
[2025-06-17 16:01:59,269] {taskinstance.py:1220} INFO - 0 downstream tasks scheduled from follow-on schedule check
[2025-06-17 16:01:59,334] {local_task_job.py:146} INFO - Task exited with return code 0
