[2025-06-18 15:00:10,438] {taskinstance.py:851} INFO - Dependencies all met for <TaskInstance: first_dag.second_task 2021-09-14T00:00:00+00:00 [queued]>
[2025-06-18 15:00:10,489] {taskinstance.py:851} INFO - Dependencies all met for <TaskInstance: first_dag.second_task 2021-09-14T00:00:00+00:00 [queued]>
[2025-06-18 15:00:10,489] {taskinstance.py:1042} INFO - 
--------------------------------------------------------------------------------
[2025-06-18 15:00:10,490] {taskinstance.py:1043} INFO - Starting attempt 1 of 6
[2025-06-18 15:00:10,500] {taskinstance.py:1044} INFO - 
--------------------------------------------------------------------------------
[2025-06-18 15:00:10,611] {taskinstance.py:1063} INFO - Executing <Task(BashOperator): second_task> on 2021-09-14T00:00:00+00:00
[2025-06-18 15:00:10,626] {standard_task_runner.py:52} INFO - Started process 3449 to run task
[2025-06-18 15:00:10,649] {standard_task_runner.py:76} INFO - Running: ['airflow', 'tasks', 'run', 'first_dag', 'second_task', '2021-09-14T00:00:00+00:00', '--job-id', '9800', '--pool', 'default_pool', '--raw', '--subdir', 'DAGS_FOLDER/first_dag.py', '--cfg-path', '/tmp/tmp8h_ngble', '--error-file', '/tmp/tmp24_4prga']
[2025-06-18 15:00:10,669] {standard_task_runner.py:77} INFO - Job 9800: Subtask second_task
[2025-06-18 15:00:10,922] {logging_mixin.py:104} INFO - Running <TaskInstance: first_dag.second_task 2021-09-14T00:00:00+00:00 [running]> on host 500dc4ac3a72
[2025-06-18 15:00:11,272] {taskinstance.py:1257} INFO - Exporting the following env vars:
AIRFLOW_CTX_DAG_OWNER=coder2j
AIRFLOW_CTX_DAG_ID=first_dag
AIRFLOW_CTX_TASK_ID=second_task
AIRFLOW_CTX_EXECUTION_DATE=2021-09-14T00:00:00+00:00
AIRFLOW_CTX_DAG_RUN_ID=scheduled__2021-09-14T00:00:00+00:00
[2025-06-18 15:00:11,273] {bash.py:135} INFO - Tmp dir root location: 
 /tmp
[2025-06-18 15:00:11,279] {bash.py:158} INFO - Running command: echo "this is sencond task "
[2025-06-18 15:00:11,304] {bash.py:169} INFO - Output:
[2025-06-18 15:00:11,305] {bash.py:173} INFO - this is sencond task
[2025-06-18 15:00:11,305] {bash.py:177} INFO - Command exited with return code 0
[2025-06-18 15:00:11,471] {taskinstance.py:1166} INFO - Marking task as SUCCESS. dag_id=first_dag, task_id=second_task, execution_date=20210914T000000, start_date=20250618T150010, end_date=20250618T150011
[2025-06-18 15:00:11,750] {taskinstance.py:1220} INFO - 0 downstream tasks scheduled from follow-on schedule check
[2025-06-18 15:00:11,809] {local_task_job.py:146} INFO - Task exited with return code 0
