[2025-06-17 16:07:45,825] {taskinstance.py:851} INFO - Dependencies all met for <TaskInstance: our_first_dag_v5.second_task 2025-02-13T00:00:00+00:00 [queued]>
[2025-06-17 16:07:45,954] {taskinstance.py:851} INFO - Dependencies all met for <TaskInstance: our_first_dag_v5.second_task 2025-02-13T00:00:00+00:00 [queued]>
[2025-06-17 16:07:45,954] {taskinstance.py:1042} INFO - 
--------------------------------------------------------------------------------
[2025-06-17 16:07:45,954] {taskinstance.py:1043} INFO - Starting attempt 1 of 6
[2025-06-17 16:07:45,954] {taskinstance.py:1044} INFO - 
--------------------------------------------------------------------------------
[2025-06-17 16:07:46,009] {taskinstance.py:1063} INFO - Executing <Task(BashOperator): second_task> on 2025-02-13T00:00:00+00:00
[2025-06-17 16:07:46,022] {standard_task_runner.py:52} INFO - Started process 16392 to run task
[2025-06-17 16:07:46,039] {standard_task_runner.py:76} INFO - Running: ['airflow', 'tasks', 'run', 'our_first_dag_v5', 'second_task', '2025-02-13T00:00:00+00:00', '--job-id', '7805', '--pool', 'default_pool', '--raw', '--subdir', 'DAGS_FOLDER/first_dag.py', '--cfg-path', '/tmp/tmp6a_yamkc', '--error-file', '/tmp/tmpyp312fx8']
[2025-06-17 16:07:46,054] {standard_task_runner.py:77} INFO - Job 7805: Subtask second_task
[2025-06-17 16:07:46,268] {logging_mixin.py:104} INFO - Running <TaskInstance: our_first_dag_v5.second_task 2025-02-13T00:00:00+00:00 [running]> on host 4f8b76136637
[2025-06-17 16:07:46,570] {taskinstance.py:1257} INFO - Exporting the following env vars:
AIRFLOW_CTX_DAG_OWNER=coder2j
AIRFLOW_CTX_DAG_ID=our_first_dag_v5
AIRFLOW_CTX_TASK_ID=second_task
AIRFLOW_CTX_EXECUTION_DATE=2025-02-13T00:00:00+00:00
AIRFLOW_CTX_DAG_RUN_ID=scheduled__2025-02-13T00:00:00+00:00
[2025-06-17 16:07:46,571] {bash.py:135} INFO - Tmp dir root location: 
 /tmp
[2025-06-17 16:07:46,573] {bash.py:158} INFO - Running command: echo hey, I am task2 and will be running after task1!
[2025-06-17 16:07:46,609] {bash.py:169} INFO - Output:
[2025-06-17 16:07:46,611] {bash.py:173} INFO - hey, I am task2 and will be running after task1!
[2025-06-17 16:07:46,614] {bash.py:177} INFO - Command exited with return code 0
[2025-06-17 16:07:46,829] {taskinstance.py:1166} INFO - Marking task as SUCCESS. dag_id=our_first_dag_v5, task_id=second_task, execution_date=20250213T000000, start_date=20250617T160745, end_date=20250617T160746
[2025-06-17 16:07:46,948] {taskinstance.py:1220} INFO - 0 downstream tasks scheduled from follow-on schedule check
[2025-06-17 16:07:46,974] {local_task_job.py:146} INFO - Task exited with return code 0
