[2025-06-18 15:01:15,997] {taskinstance.py:851} INFO - Dependencies all met for <TaskInstance: first_dag.first_task 2022-02-05T00:00:00+00:00 [queued]>
[2025-06-18 15:01:16,041] {taskinstance.py:851} INFO - Dependencies all met for <TaskInstance: first_dag.first_task 2022-02-05T00:00:00+00:00 [queued]>
[2025-06-18 15:01:16,041] {taskinstance.py:1042} INFO - 
--------------------------------------------------------------------------------
[2025-06-18 15:01:16,041] {taskinstance.py:1043} INFO - Starting attempt 1 of 6
[2025-06-18 15:01:16,041] {taskinstance.py:1044} INFO - 
--------------------------------------------------------------------------------
[2025-06-18 15:01:16,110] {taskinstance.py:1063} INFO - Executing <Task(BashOperator): first_task> on 2022-02-05T00:00:00+00:00
[2025-06-18 15:01:16,160] {standard_task_runner.py:52} INFO - Started process 4849 to run task
[2025-06-18 15:01:16,182] {standard_task_runner.py:76} INFO - Running: ['airflow', 'tasks', 'run', 'first_dag', 'first_task', '2022-02-05T00:00:00+00:00', '--job-id', '10217', '--pool', 'default_pool', '--raw', '--subdir', 'DAGS_FOLDER/first_dag.py', '--cfg-path', '/tmp/tmpesw9e83g', '--error-file', '/tmp/tmph_dmhkur']
[2025-06-18 15:01:16,198] {standard_task_runner.py:77} INFO - Job 10217: Subtask first_task
[2025-06-18 15:01:16,395] {logging_mixin.py:104} INFO - Running <TaskInstance: first_dag.first_task 2022-02-05T00:00:00+00:00 [running]> on host 500dc4ac3a72
[2025-06-18 15:01:16,541] {taskinstance.py:1257} INFO - Exporting the following env vars:
AIRFLOW_CTX_DAG_OWNER=my_name
AIRFLOW_CTX_DAG_ID=first_dag
AIRFLOW_CTX_TASK_ID=first_task
AIRFLOW_CTX_EXECUTION_DATE=2022-02-05T00:00:00+00:00
AIRFLOW_CTX_DAG_RUN_ID=scheduled__2022-02-05T00:00:00+00:00
[2025-06-18 15:01:16,542] {bash.py:135} INFO - Tmp dir root location: 
 /tmp
[2025-06-18 15:01:16,550] {bash.py:158} INFO - Running command: echo "this is my first task and I will run first! "
[2025-06-18 15:01:16,596] {bash.py:169} INFO - Output:
[2025-06-18 15:01:16,597] {bash.py:173} INFO - this is my first task and I will run first!
[2025-06-18 15:01:16,597] {bash.py:177} INFO - Command exited with return code 0
[2025-06-18 15:01:16,747] {taskinstance.py:1166} INFO - Marking task as SUCCESS. dag_id=first_dag, task_id=first_task, execution_date=20220205T000000, start_date=20250618T150116, end_date=20250618T150116
[2025-06-18 15:01:16,977] {taskinstance.py:1220} INFO - 2 downstream tasks scheduled from follow-on schedule check
[2025-06-18 15:01:17,064] {local_task_job.py:146} INFO - Task exited with return code 0
