[2025-06-18 15:07:53,719] {taskinstance.py:851} INFO - Dependencies all met for <TaskInstance: first_dag.third_task 2024-08-15T00:00:00+00:00 [queued]>
[2025-06-18 15:07:53,758] {taskinstance.py:851} INFO - Dependencies all met for <TaskInstance: first_dag.third_task 2024-08-15T00:00:00+00:00 [queued]>
[2025-06-18 15:07:53,759] {taskinstance.py:1042} INFO - 
--------------------------------------------------------------------------------
[2025-06-18 15:07:53,760] {taskinstance.py:1043} INFO - Starting attempt 1 of 6
[2025-06-18 15:07:53,760] {taskinstance.py:1044} INFO - 
--------------------------------------------------------------------------------
[2025-06-18 15:07:53,829] {taskinstance.py:1063} INFO - Executing <Task(BashOperator): third_task> on 2024-08-15T00:00:00+00:00
[2025-06-18 15:07:53,843] {standard_task_runner.py:52} INFO - Started process 14137 to run task
[2025-06-18 15:07:53,870] {standard_task_runner.py:76} INFO - Running: ['airflow', 'tasks', 'run', 'first_dag', 'third_task', '2024-08-15T00:00:00+00:00', '--job-id', '12999', '--pool', 'default_pool', '--raw', '--subdir', 'DAGS_FOLDER/first_dag.py', '--cfg-path', '/tmp/tmpml6la3ss', '--error-file', '/tmp/tmp0sv2xw9l']
[2025-06-18 15:07:53,879] {standard_task_runner.py:77} INFO - Job 12999: Subtask third_task
[2025-06-18 15:07:54,033] {logging_mixin.py:104} INFO - Running <TaskInstance: first_dag.third_task 2024-08-15T00:00:00+00:00 [running]> on host 500dc4ac3a72
[2025-06-18 15:07:54,298] {taskinstance.py:1257} INFO - Exporting the following env vars:
AIRFLOW_CTX_DAG_OWNER=my_name
AIRFLOW_CTX_DAG_ID=first_dag
AIRFLOW_CTX_TASK_ID=third_task
AIRFLOW_CTX_EXECUTION_DATE=2024-08-15T00:00:00+00:00
AIRFLOW_CTX_DAG_RUN_ID=scheduled__2024-08-15T00:00:00+00:00
[2025-06-18 15:07:54,299] {bash.py:135} INFO - Tmp dir root location: 
 /tmp
[2025-06-18 15:07:54,302] {bash.py:158} INFO - Running command: echo "this is third task "
[2025-06-18 15:07:54,331] {bash.py:169} INFO - Output:
[2025-06-18 15:07:54,335] {bash.py:173} INFO - this is third task
[2025-06-18 15:07:54,336] {bash.py:177} INFO - Command exited with return code 0
[2025-06-18 15:07:54,465] {taskinstance.py:1166} INFO - Marking task as SUCCESS. dag_id=first_dag, task_id=third_task, execution_date=20240815T000000, start_date=20250618T150753, end_date=20250618T150754
[2025-06-18 15:07:54,671] {taskinstance.py:1220} INFO - 0 downstream tasks scheduled from follow-on schedule check
[2025-06-18 15:07:54,722] {local_task_job.py:146} INFO - Task exited with return code 0
