[2025-06-18 15:03:42,478] {taskinstance.py:851} INFO - Dependencies all met for <TaskInstance: first_dag.third_task 2023-01-11T00:00:00+00:00 [queued]>
[2025-06-18 15:03:42,508] {taskinstance.py:851} INFO - Dependencies all met for <TaskInstance: first_dag.third_task 2023-01-11T00:00:00+00:00 [queued]>
[2025-06-18 15:03:42,509] {taskinstance.py:1042} INFO - 
--------------------------------------------------------------------------------
[2025-06-18 15:03:42,509] {taskinstance.py:1043} INFO - Starting attempt 1 of 6
[2025-06-18 15:03:42,509] {taskinstance.py:1044} INFO - 
--------------------------------------------------------------------------------
[2025-06-18 15:03:42,590] {taskinstance.py:1063} INFO - Executing <Task(BashOperator): third_task> on 2023-01-11T00:00:00+00:00
[2025-06-18 15:03:42,603] {standard_task_runner.py:52} INFO - Started process 8293 to run task
[2025-06-18 15:03:42,622] {standard_task_runner.py:76} INFO - Running: ['airflow', 'tasks', 'run', 'first_dag', 'third_task', '2023-01-11T00:00:00+00:00', '--job-id', '11251', '--pool', 'default_pool', '--raw', '--subdir', 'DAGS_FOLDER/first_dag.py', '--cfg-path', '/tmp/tmp9inxxzfj', '--error-file', '/tmp/tmph1pph16o']
[2025-06-18 15:03:42,632] {standard_task_runner.py:77} INFO - Job 11251: Subtask third_task
[2025-06-18 15:03:42,798] {logging_mixin.py:104} INFO - Running <TaskInstance: first_dag.third_task 2023-01-11T00:00:00+00:00 [running]> on host 500dc4ac3a72
[2025-06-18 15:03:42,986] {taskinstance.py:1257} INFO - Exporting the following env vars:
AIRFLOW_CTX_DAG_OWNER=my_name
AIRFLOW_CTX_DAG_ID=first_dag
AIRFLOW_CTX_TASK_ID=third_task
AIRFLOW_CTX_EXECUTION_DATE=2023-01-11T00:00:00+00:00
AIRFLOW_CTX_DAG_RUN_ID=scheduled__2023-01-11T00:00:00+00:00
[2025-06-18 15:03:42,987] {bash.py:135} INFO - Tmp dir root location: 
 /tmp
[2025-06-18 15:03:42,990] {bash.py:158} INFO - Running command: echo "this is third task "
[2025-06-18 15:03:43,010] {bash.py:169} INFO - Output:
[2025-06-18 15:03:43,014] {bash.py:173} INFO - this is third task
[2025-06-18 15:03:43,015] {bash.py:177} INFO - Command exited with return code 0
[2025-06-18 15:03:43,112] {taskinstance.py:1166} INFO - Marking task as SUCCESS. dag_id=first_dag, task_id=third_task, execution_date=20230111T000000, start_date=20250618T150342, end_date=20250618T150343
[2025-06-18 15:03:43,471] {taskinstance.py:1220} INFO - 0 downstream tasks scheduled from follow-on schedule check
[2025-06-18 15:03:43,529] {local_task_job.py:146} INFO - Task exited with return code 0
