[2025-06-17 15:53:20,926] {taskinstance.py:851} INFO - Dependencies all met for <TaskInstance: our_first_dag_v5.second_task 2022-10-31T00:00:00+00:00 [queued]>
[2025-06-17 15:53:21,165] {taskinstance.py:851} INFO - Dependencies all met for <TaskInstance: our_first_dag_v5.second_task 2022-10-31T00:00:00+00:00 [queued]>
[2025-06-17 15:53:21,165] {taskinstance.py:1042} INFO - 
--------------------------------------------------------------------------------
[2025-06-17 15:53:21,166] {taskinstance.py:1043} INFO - Starting attempt 1 of 6
[2025-06-17 15:53:21,166] {taskinstance.py:1044} INFO - 
--------------------------------------------------------------------------------
[2025-06-17 15:53:21,261] {taskinstance.py:1063} INFO - Executing <Task(BashOperator): second_task> on 2022-10-31T00:00:00+00:00
[2025-06-17 15:53:21,298] {standard_task_runner.py:52} INFO - Started process 3079 to run task
[2025-06-17 15:53:21,333] {standard_task_runner.py:76} INFO - Running: ['airflow', 'tasks', 'run', 'our_first_dag_v5', 'second_task', '2022-10-31T00:00:00+00:00', '--job-id', '2798', '--pool', 'default_pool', '--raw', '--subdir', 'DAGS_FOLDER/first_dag.py', '--cfg-path', '/tmp/tmpbmfrztew', '--error-file', '/tmp/tmp78g6xjvm']
[2025-06-17 15:53:21,343] {standard_task_runner.py:77} INFO - Job 2798: Subtask second_task
[2025-06-17 15:53:21,579] {logging_mixin.py:104} INFO - Running <TaskInstance: our_first_dag_v5.second_task 2022-10-31T00:00:00+00:00 [running]> on host 4f8b76136637
[2025-06-17 15:53:21,796] {taskinstance.py:1257} INFO - Exporting the following env vars:
AIRFLOW_CTX_DAG_OWNER=coder2j
AIRFLOW_CTX_DAG_ID=our_first_dag_v5
AIRFLOW_CTX_TASK_ID=second_task
AIRFLOW_CTX_EXECUTION_DATE=2022-10-31T00:00:00+00:00
AIRFLOW_CTX_DAG_RUN_ID=scheduled__2022-10-31T00:00:00+00:00
[2025-06-17 15:53:21,798] {bash.py:135} INFO - Tmp dir root location: 
 /tmp
[2025-06-17 15:53:21,818] {bash.py:158} INFO - Running command: echo hey, I am task2 and will be running after task1!
[2025-06-17 15:53:21,891] {bash.py:169} INFO - Output:
[2025-06-17 15:53:21,892] {bash.py:173} INFO - hey, I am task2 and will be running after task1!
[2025-06-17 15:53:21,904] {bash.py:177} INFO - Command exited with return code 0
[2025-06-17 15:53:22,180] {taskinstance.py:1166} INFO - Marking task as SUCCESS. dag_id=our_first_dag_v5, task_id=second_task, execution_date=20221031T000000, start_date=20250617T155320, end_date=20250617T155322
[2025-06-17 15:53:22,578] {taskinstance.py:1220} INFO - 0 downstream tasks scheduled from follow-on schedule check
[2025-06-17 15:53:22,657] {local_task_job.py:146} INFO - Task exited with return code 0
