[2025-06-17 16:04:03,710] {taskinstance.py:851} INFO - Dependencies all met for <TaskInstance: dag_with_taskflow_api_v02.get_name 2024-10-10T00:00:00+00:00 [queued]>
[2025-06-17 16:04:03,781] {taskinstance.py:851} INFO - Dependencies all met for <TaskInstance: dag_with_taskflow_api_v02.get_name 2024-10-10T00:00:00+00:00 [queued]>
[2025-06-17 16:04:03,781] {taskinstance.py:1042} INFO - 
--------------------------------------------------------------------------------
[2025-06-17 16:04:03,781] {taskinstance.py:1043} INFO - Starting attempt 1 of 6
[2025-06-17 16:04:03,781] {taskinstance.py:1044} INFO - 
--------------------------------------------------------------------------------
[2025-06-17 16:04:03,806] {taskinstance.py:1063} INFO - Executing <Task(_PythonDecoratedOperator): get_name> on 2024-10-10T00:00:00+00:00
[2025-06-17 16:04:03,832] {standard_task_runner.py:52} INFO - Started process 12852 to run task
[2025-06-17 16:04:03,847] {standard_task_runner.py:76} INFO - Running: ['airflow', 'tasks', 'run', 'dag_with_taskflow_api_v02', 'get_name', '2024-10-10T00:00:00+00:00', '--job-id', '6469', '--pool', 'default_pool', '--raw', '--subdir', 'DAGS_FOLDER/taskflow.py', '--cfg-path', '/tmp/tmpgaa0qv73', '--error-file', '/tmp/tmp3ldqesmx']
[2025-06-17 16:04:03,857] {standard_task_runner.py:77} INFO - Job 6469: Subtask get_name
[2025-06-17 16:04:04,060] {logging_mixin.py:104} INFO - Running <TaskInstance: dag_with_taskflow_api_v02.get_name 2024-10-10T00:00:00+00:00 [running]> on host 4f8b76136637
[2025-06-17 16:04:04,311] {taskinstance.py:1257} INFO - Exporting the following env vars:
AIRFLOW_CTX_DAG_OWNER=coder2j
AIRFLOW_CTX_DAG_ID=dag_with_taskflow_api_v02
AIRFLOW_CTX_TASK_ID=get_name
AIRFLOW_CTX_EXECUTION_DATE=2024-10-10T00:00:00+00:00
AIRFLOW_CTX_DAG_RUN_ID=scheduled__2024-10-10T00:00:00+00:00
[2025-06-17 16:04:04,660] {taskinstance.py:1166} INFO - Marking task as SUCCESS. dag_id=dag_with_taskflow_api_v02, task_id=get_name, execution_date=20241010T000000, start_date=20250617T160403, end_date=20250617T160404
[2025-06-17 16:04:04,959] {taskinstance.py:1220} INFO - 0 downstream tasks scheduled from follow-on schedule check
[2025-06-17 16:04:05,000] {local_task_job.py:146} INFO - Task exited with return code 0
