[2025-06-17 15:46:20,110] {taskinstance.py:851} INFO - Dependencies all met for <TaskInstance: dag_with_taskflow_api_v02.get_age 2022-02-12T00:00:00+00:00 [queued]>
[2025-06-17 15:46:20,166] {taskinstance.py:851} INFO - Dependencies all met for <TaskInstance: dag_with_taskflow_api_v02.get_age 2022-02-12T00:00:00+00:00 [queued]>
[2025-06-17 15:46:20,167] {taskinstance.py:1042} INFO - 
--------------------------------------------------------------------------------
[2025-06-17 15:46:20,167] {taskinstance.py:1043} INFO - Starting attempt 1 of 6
[2025-06-17 15:46:20,167] {taskinstance.py:1044} INFO - 
--------------------------------------------------------------------------------
[2025-06-17 15:46:20,215] {taskinstance.py:1063} INFO - Executing <Task(_PythonDecoratedOperator): get_age> on 2022-02-12T00:00:00+00:00
[2025-06-17 15:46:20,234] {standard_task_runner.py:52} INFO - Started process 1976 to run task
[2025-06-17 15:46:20,247] {standard_task_runner.py:76} INFO - Running: ['airflow', 'tasks', 'run', 'dag_with_taskflow_api_v02', 'get_age', '2022-02-12T00:00:00+00:00', '--job-id', '644', '--pool', 'default_pool', '--raw', '--subdir', 'DAGS_FOLDER/taskflow.py', '--cfg-path', '/tmp/tmp0vp83wzq', '--error-file', '/tmp/tmpbk6ypyi6']
[2025-06-17 15:46:20,254] {standard_task_runner.py:77} INFO - Job 644: Subtask get_age
[2025-06-17 15:46:20,429] {logging_mixin.py:104} INFO - Running <TaskInstance: dag_with_taskflow_api_v02.get_age 2022-02-12T00:00:00+00:00 [running]> on host 4f8b76136637
[2025-06-17 15:46:20,745] {taskinstance.py:1257} INFO - Exporting the following env vars:
AIRFLOW_CTX_DAG_OWNER=coder2j
AIRFLOW_CTX_DAG_ID=dag_with_taskflow_api_v02
AIRFLOW_CTX_TASK_ID=get_age
AIRFLOW_CTX_EXECUTION_DATE=2022-02-12T00:00:00+00:00
AIRFLOW_CTX_DAG_RUN_ID=scheduled__2022-02-12T00:00:00+00:00
[2025-06-17 15:46:20,931] {taskinstance.py:1166} INFO - Marking task as SUCCESS. dag_id=dag_with_taskflow_api_v02, task_id=get_age, execution_date=20220212T000000, start_date=20250617T154620, end_date=20250617T154620
[2025-06-17 15:46:21,392] {taskinstance.py:1220} INFO - 0 downstream tasks scheduled from follow-on schedule check
[2025-06-17 15:46:21,507] {local_task_job.py:146} INFO - Task exited with return code 0
