[2025-06-18 14:59:21,172] {taskinstance.py:851} INFO - Dependencies all met for <TaskInstance: taskflow_dag.get_infor 2025-06-17T00:00:00+00:00 [queued]>
[2025-06-18 14:59:21,205] {taskinstance.py:851} INFO - Dependencies all met for <TaskInstance: taskflow_dag.get_infor 2025-06-17T00:00:00+00:00 [queued]>
[2025-06-18 14:59:21,205] {taskinstance.py:1042} INFO - 
--------------------------------------------------------------------------------
[2025-06-18 14:59:21,205] {taskinstance.py:1043} INFO - Starting attempt 1 of 6
[2025-06-18 14:59:21,206] {taskinstance.py:1044} INFO - 
--------------------------------------------------------------------------------
[2025-06-18 14:59:21,300] {taskinstance.py:1063} INFO - Executing <Task(_PythonDecoratedOperator): get_infor> on 2025-06-17T00:00:00+00:00
[2025-06-18 14:59:21,306] {standard_task_runner.py:52} INFO - Started process 3023 to run task
[2025-06-18 14:59:21,316] {standard_task_runner.py:76} INFO - Running: ['airflow', 'tasks', 'run', 'taskflow_dag', 'get_infor', '2025-06-17T00:00:00+00:00', '--job-id', '9693', '--pool', 'default_pool', '--raw', '--subdir', 'DAGS_FOLDER/taskflow_dag.py', '--cfg-path', '/tmp/tmpxy_tsbne', '--error-file', '/tmp/tmp2y__64kk']
[2025-06-18 14:59:21,322] {standard_task_runner.py:77} INFO - Job 9693: Subtask get_infor
[2025-06-18 14:59:21,414] {logging_mixin.py:104} INFO - Running <TaskInstance: taskflow_dag.get_infor 2025-06-17T00:00:00+00:00 [running]> on host 500dc4ac3a72
[2025-06-18 14:59:21,485] {taskinstance.py:1257} INFO - Exporting the following env vars:
AIRFLOW_CTX_DAG_OWNER=coder2j
AIRFLOW_CTX_DAG_ID=taskflow_dag
AIRFLOW_CTX_TASK_ID=get_infor
AIRFLOW_CTX_EXECUTION_DATE=2025-06-17T00:00:00+00:00
AIRFLOW_CTX_DAG_RUN_ID=scheduled__2025-06-17T00:00:00+00:00
[2025-06-18 14:59:21,649] {taskinstance.py:1166} INFO - Marking task as SUCCESS. dag_id=taskflow_dag, task_id=get_infor, execution_date=20250617T000000, start_date=20250618T145921, end_date=20250618T145921
[2025-06-18 14:59:21,721] {taskinstance.py:1220} INFO - 1 downstream tasks scheduled from follow-on schedule check
[2025-06-18 14:59:21,769] {local_task_job.py:146} INFO - Task exited with return code 0
