[2025-06-17 15:48:58,940] {taskinstance.py:851} INFO - Dependencies all met for <TaskInstance: dag_with_taskflow_api_v02.get_name 2022-08-01T00:00:00+00:00 [queued]>
[2025-06-17 15:48:59,033] {taskinstance.py:851} INFO - Dependencies all met for <TaskInstance: dag_with_taskflow_api_v02.get_name 2022-08-01T00:00:00+00:00 [queued]>
[2025-06-17 15:48:59,034] {taskinstance.py:1042} INFO - 
--------------------------------------------------------------------------------
[2025-06-17 15:48:59,036] {taskinstance.py:1043} INFO - Starting attempt 1 of 6
[2025-06-17 15:48:59,037] {taskinstance.py:1044} INFO - 
--------------------------------------------------------------------------------
[2025-06-17 15:48:59,157] {taskinstance.py:1063} INFO - Executing <Task(_PythonDecoratedOperator): get_name> on 2022-08-01T00:00:00+00:00
[2025-06-17 15:48:59,171] {standard_task_runner.py:52} INFO - Started process 4647 to run task
[2025-06-17 15:48:59,215] {standard_task_runner.py:76} INFO - Running: ['airflow', 'tasks', 'run', 'dag_with_taskflow_api_v02', 'get_name', '2022-08-01T00:00:00+00:00', '--job-id', '1654', '--pool', 'default_pool', '--raw', '--subdir', 'DAGS_FOLDER/taskflow.py', '--cfg-path', '/tmp/tmpot4div6e', '--error-file', '/tmp/tmpi_4r1lch']
[2025-06-17 15:48:59,233] {standard_task_runner.py:77} INFO - Job 1654: Subtask get_name
[2025-06-17 15:48:59,459] {logging_mixin.py:104} INFO - Running <TaskInstance: dag_with_taskflow_api_v02.get_name 2022-08-01T00:00:00+00:00 [running]> on host 4f8b76136637
[2025-06-17 15:48:59,968] {taskinstance.py:1257} INFO - Exporting the following env vars:
AIRFLOW_CTX_DAG_OWNER=coder2j
AIRFLOW_CTX_DAG_ID=dag_with_taskflow_api_v02
AIRFLOW_CTX_TASK_ID=get_name
AIRFLOW_CTX_EXECUTION_DATE=2022-08-01T00:00:00+00:00
AIRFLOW_CTX_DAG_RUN_ID=scheduled__2022-08-01T00:00:00+00:00
[2025-06-17 15:49:00,595] {taskinstance.py:1166} INFO - Marking task as SUCCESS. dag_id=dag_with_taskflow_api_v02, task_id=get_name, execution_date=20220801T000000, start_date=20250617T154858, end_date=20250617T154900
[2025-06-17 15:49:01,179] {taskinstance.py:1220} INFO - 1 downstream tasks scheduled from follow-on schedule check
[2025-06-17 15:49:01,216] {local_task_job.py:146} INFO - Task exited with return code 0
