[2025-06-17 16:00:23,348] {taskinstance.py:851} INFO - Dependencies all met for <TaskInstance: our_first_dag_v5.first_task 2023-11-04T00:00:00+00:00 [queued]>
[2025-06-17 16:00:23,452] {taskinstance.py:851} INFO - Dependencies all met for <TaskInstance: our_first_dag_v5.first_task 2023-11-04T00:00:00+00:00 [queued]>
[2025-06-17 16:00:23,453] {taskinstance.py:1042} INFO - 
--------------------------------------------------------------------------------
[2025-06-17 16:00:23,454] {taskinstance.py:1043} INFO - Starting attempt 1 of 6
[2025-06-17 16:00:23,454] {taskinstance.py:1044} INFO - 
--------------------------------------------------------------------------------
[2025-06-17 16:00:23,508] {taskinstance.py:1063} INFO - Executing <Task(BashOperator): first_task> on 2023-11-04T00:00:00+00:00
[2025-06-17 16:00:23,536] {standard_task_runner.py:52} INFO - Started process 8933 to run task
[2025-06-17 16:00:23,546] {standard_task_runner.py:76} INFO - Running: ['airflow', 'tasks', 'run', 'our_first_dag_v5', 'first_task', '2023-11-04T00:00:00+00:00', '--job-id', '4985', '--pool', 'default_pool', '--raw', '--subdir', 'DAGS_FOLDER/first_dag.py', '--cfg-path', '/tmp/tmpceaz5c5j', '--error-file', '/tmp/tmpjl1g1rdw']
[2025-06-17 16:00:23,581] {standard_task_runner.py:77} INFO - Job 4985: Subtask first_task
[2025-06-17 16:00:23,828] {logging_mixin.py:104} INFO - Running <TaskInstance: our_first_dag_v5.first_task 2023-11-04T00:00:00+00:00 [running]> on host 4f8b76136637
[2025-06-17 16:00:24,172] {taskinstance.py:1257} INFO - Exporting the following env vars:
AIRFLOW_CTX_DAG_OWNER=coder2j
AIRFLOW_CTX_DAG_ID=our_first_dag_v5
AIRFLOW_CTX_TASK_ID=first_task
AIRFLOW_CTX_EXECUTION_DATE=2023-11-04T00:00:00+00:00
AIRFLOW_CTX_DAG_RUN_ID=scheduled__2023-11-04T00:00:00+00:00
[2025-06-17 16:00:24,174] {bash.py:135} INFO - Tmp dir root location: 
 /tmp
[2025-06-17 16:00:24,176] {bash.py:158} INFO - Running command: echo hello world, this is the first task!
[2025-06-17 16:00:24,231] {bash.py:169} INFO - Output:
[2025-06-17 16:00:24,235] {bash.py:173} INFO - hello world, this is the first task!
[2025-06-17 16:00:24,236] {bash.py:177} INFO - Command exited with return code 0
[2025-06-17 16:00:24,664] {taskinstance.py:1166} INFO - Marking task as SUCCESS. dag_id=our_first_dag_v5, task_id=first_task, execution_date=20231104T000000, start_date=20250617T160023, end_date=20250617T160024
[2025-06-17 16:00:25,351] {taskinstance.py:1220} INFO - 0 downstream tasks scheduled from follow-on schedule check
[2025-06-17 16:00:25,481] {local_task_job.py:146} INFO - Task exited with return code 0
