[2025-06-17 16:04:38,531] {taskinstance.py:851} INFO - Dependencies all met for <TaskInstance: our_first_dag_v5.first_task 2024-08-20T00:00:00+00:00 [queued]>
[2025-06-17 16:04:38,636] {taskinstance.py:851} INFO - Dependencies all met for <TaskInstance: our_first_dag_v5.first_task 2024-08-20T00:00:00+00:00 [queued]>
[2025-06-17 16:04:38,637] {taskinstance.py:1042} INFO - 
--------------------------------------------------------------------------------
[2025-06-17 16:04:38,637] {taskinstance.py:1043} INFO - Starting attempt 1 of 6
[2025-06-17 16:04:38,638] {taskinstance.py:1044} INFO - 
--------------------------------------------------------------------------------
[2025-06-17 16:04:38,697] {taskinstance.py:1063} INFO - Executing <Task(BashOperator): first_task> on 2024-08-20T00:00:00+00:00
[2025-06-17 16:04:38,712] {standard_task_runner.py:52} INFO - Started process 13518 to run task
[2025-06-17 16:04:38,719] {standard_task_runner.py:76} INFO - Running: ['airflow', 'tasks', 'run', 'our_first_dag_v5', 'first_task', '2024-08-20T00:00:00+00:00', '--job-id', '6725', '--pool', 'default_pool', '--raw', '--subdir', 'DAGS_FOLDER/first_dag.py', '--cfg-path', '/tmp/tmptkjjxz0b', '--error-file', '/tmp/tmpft2ip2qp']
[2025-06-17 16:04:38,736] {standard_task_runner.py:77} INFO - Job 6725: Subtask first_task
[2025-06-17 16:04:38,955] {logging_mixin.py:104} INFO - Running <TaskInstance: our_first_dag_v5.first_task 2024-08-20T00:00:00+00:00 [running]> on host 4f8b76136637
[2025-06-17 16:04:39,203] {taskinstance.py:1257} INFO - Exporting the following env vars:
AIRFLOW_CTX_DAG_OWNER=coder2j
AIRFLOW_CTX_DAG_ID=our_first_dag_v5
AIRFLOW_CTX_TASK_ID=first_task
AIRFLOW_CTX_EXECUTION_DATE=2024-08-20T00:00:00+00:00
AIRFLOW_CTX_DAG_RUN_ID=scheduled__2024-08-20T00:00:00+00:00
[2025-06-17 16:04:39,204] {bash.py:135} INFO - Tmp dir root location: 
 /tmp
[2025-06-17 16:04:39,211] {bash.py:158} INFO - Running command: echo hello world, this is the first task!
[2025-06-17 16:04:39,255] {bash.py:169} INFO - Output:
[2025-06-17 16:04:39,261] {bash.py:173} INFO - hello world, this is the first task!
[2025-06-17 16:04:39,265] {bash.py:177} INFO - Command exited with return code 0
[2025-06-17 16:04:39,433] {taskinstance.py:1166} INFO - Marking task as SUCCESS. dag_id=our_first_dag_v5, task_id=first_task, execution_date=20240820T000000, start_date=20250617T160438, end_date=20250617T160439
[2025-06-17 16:04:39,671] {taskinstance.py:1220} INFO - 2 downstream tasks scheduled from follow-on schedule check
[2025-06-17 16:04:39,810] {local_task_job.py:146} INFO - Task exited with return code 0
