[2025-06-18 15:01:29,998] {taskinstance.py:851} INFO - Dependencies all met for <TaskInstance: first_dag.third_task 2022-03-04T00:00:00+00:00 [queued]>
[2025-06-18 15:01:30,041] {taskinstance.py:851} INFO - Dependencies all met for <TaskInstance: first_dag.third_task 2022-03-04T00:00:00+00:00 [queued]>
[2025-06-18 15:01:30,042] {taskinstance.py:1042} INFO - 
--------------------------------------------------------------------------------
[2025-06-18 15:01:30,042] {taskinstance.py:1043} INFO - Starting attempt 1 of 6
[2025-06-18 15:01:30,042] {taskinstance.py:1044} INFO - 
--------------------------------------------------------------------------------
[2025-06-18 15:01:30,114] {taskinstance.py:1063} INFO - Executing <Task(BashOperator): third_task> on 2022-03-04T00:00:00+00:00
[2025-06-18 15:01:30,151] {standard_task_runner.py:52} INFO - Started process 5175 to run task
[2025-06-18 15:01:30,169] {standard_task_runner.py:76} INFO - Running: ['airflow', 'tasks', 'run', 'first_dag', 'third_task', '2022-03-04T00:00:00+00:00', '--job-id', '10307', '--pool', 'default_pool', '--raw', '--subdir', 'DAGS_FOLDER/first_dag.py', '--cfg-path', '/tmp/tmpe6m7yqrc', '--error-file', '/tmp/tmpwlk0egm2']
[2025-06-18 15:01:30,179] {standard_task_runner.py:77} INFO - Job 10307: Subtask third_task
[2025-06-18 15:01:30,310] {logging_mixin.py:104} INFO - Running <TaskInstance: first_dag.third_task 2022-03-04T00:00:00+00:00 [running]> on host 500dc4ac3a72
[2025-06-18 15:01:30,432] {taskinstance.py:1257} INFO - Exporting the following env vars:
AIRFLOW_CTX_DAG_OWNER=my_name
AIRFLOW_CTX_DAG_ID=first_dag
AIRFLOW_CTX_TASK_ID=third_task
AIRFLOW_CTX_EXECUTION_DATE=2022-03-04T00:00:00+00:00
AIRFLOW_CTX_DAG_RUN_ID=scheduled__2022-03-04T00:00:00+00:00
[2025-06-18 15:01:30,433] {bash.py:135} INFO - Tmp dir root location: 
 /tmp
[2025-06-18 15:01:30,435] {bash.py:158} INFO - Running command: echo "this is third task "
[2025-06-18 15:01:30,455] {bash.py:169} INFO - Output:
[2025-06-18 15:01:30,462] {bash.py:173} INFO - this is third task
[2025-06-18 15:01:30,463] {bash.py:177} INFO - Command exited with return code 0
[2025-06-18 15:01:30,553] {taskinstance.py:1166} INFO - Marking task as SUCCESS. dag_id=first_dag, task_id=third_task, execution_date=20220304T000000, start_date=20250618T150130, end_date=20250618T150130
[2025-06-18 15:01:30,643] {taskinstance.py:1220} INFO - 0 downstream tasks scheduled from follow-on schedule check
[2025-06-18 15:01:30,678] {local_task_job.py:146} INFO - Task exited with return code 0
