[2025-06-17 15:45:20,804] {taskinstance.py:851} INFO - Dependencies all met for <TaskInstance: our_first_dag_v5.first_task 2021-09-27T00:00:00+00:00 [queued]>
[2025-06-17 15:45:20,955] {taskinstance.py:851} INFO - Dependencies all met for <TaskInstance: our_first_dag_v5.first_task 2021-09-27T00:00:00+00:00 [queued]>
[2025-06-17 15:45:20,956] {taskinstance.py:1042} INFO - 
--------------------------------------------------------------------------------
[2025-06-17 15:45:20,956] {taskinstance.py:1043} INFO - Starting attempt 1 of 6
[2025-06-17 15:45:20,956] {taskinstance.py:1044} INFO - 
--------------------------------------------------------------------------------
[2025-06-17 15:45:21,207] {taskinstance.py:1063} INFO - Executing <Task(BashOperator): first_task> on 2021-09-27T00:00:00+00:00
[2025-06-17 15:45:21,225] {standard_task_runner.py:52} INFO - Started process 1208 to run task
[2025-06-17 15:45:21,239] {standard_task_runner.py:76} INFO - Running: ['airflow', 'tasks', 'run', 'our_first_dag_v5', 'first_task', '2021-09-27T00:00:00+00:00', '--job-id', '355', '--pool', 'default_pool', '--raw', '--subdir', 'DAGS_FOLDER/first_dag.py', '--cfg-path', '/tmp/tmp8u4j_cqw', '--error-file', '/tmp/tmpqa7chlln']
[2025-06-17 15:45:21,253] {standard_task_runner.py:77} INFO - Job 355: Subtask first_task
[2025-06-17 15:45:22,084] {logging_mixin.py:104} INFO - Running <TaskInstance: our_first_dag_v5.first_task 2021-09-27T00:00:00+00:00 [running]> on host 4f8b76136637
[2025-06-17 15:45:22,490] {taskinstance.py:1257} INFO - Exporting the following env vars:
AIRFLOW_CTX_DAG_OWNER=coder2j
AIRFLOW_CTX_DAG_ID=our_first_dag_v5
AIRFLOW_CTX_TASK_ID=first_task
AIRFLOW_CTX_EXECUTION_DATE=2021-09-27T00:00:00+00:00
AIRFLOW_CTX_DAG_RUN_ID=scheduled__2021-09-27T00:00:00+00:00
[2025-06-17 15:45:22,518] {bash.py:135} INFO - Tmp dir root location: 
 /tmp
[2025-06-17 15:45:22,520] {bash.py:158} INFO - Running command: echo hello world, this is the first task!
[2025-06-17 15:45:22,574] {bash.py:169} INFO - Output:
[2025-06-17 15:45:22,580] {bash.py:173} INFO - hello world, this is the first task!
[2025-06-17 15:45:22,582] {bash.py:177} INFO - Command exited with return code 0
[2025-06-17 15:45:22,955] {taskinstance.py:1166} INFO - Marking task as SUCCESS. dag_id=our_first_dag_v5, task_id=first_task, execution_date=20210927T000000, start_date=20250617T154520, end_date=20250617T154522
[2025-06-17 15:45:24,017] {taskinstance.py:1220} INFO - 0 downstream tasks scheduled from follow-on schedule check
[2025-06-17 15:45:24,210] {local_task_job.py:146} INFO - Task exited with return code 0
