[2025-06-18 16:18:47,935] {taskinstance.py:851} INFO - Dependencies all met for <TaskInstance: connect_postgres_dag.insert_into_table 2023-06-09T00:00:00+00:00 [queued]>
[2025-06-18 16:18:47,960] {taskinstance.py:851} INFO - Dependencies all met for <TaskInstance: connect_postgres_dag.insert_into_table 2023-06-09T00:00:00+00:00 [queued]>
[2025-06-18 16:18:47,961] {taskinstance.py:1042} INFO - 
--------------------------------------------------------------------------------
[2025-06-18 16:18:47,961] {taskinstance.py:1043} INFO - Starting attempt 1 of 6
[2025-06-18 16:18:47,961] {taskinstance.py:1044} INFO - 
--------------------------------------------------------------------------------
[2025-06-18 16:18:48,002] {taskinstance.py:1063} INFO - Executing <Task(PostgresOperator): insert_into_table> on 2023-06-09T00:00:00+00:00
[2025-06-18 16:18:48,012] {standard_task_runner.py:52} INFO - Started process 29243 to run task
[2025-06-18 16:18:48,019] {standard_task_runner.py:76} INFO - Running: ['airflow', 'tasks', 'run', 'connect_postgres_dag', 'insert_into_table', '2023-06-09T00:00:00+00:00', '--job-id', '15008', '--pool', 'default_pool', '--raw', '--subdir', 'DAGS_FOLDER/connect_postgres_dag.py', '--cfg-path', '/tmp/tmpauxl6t8_', '--error-file', '/tmp/tmpc5aghx5k']
[2025-06-18 16:18:48,025] {standard_task_runner.py:77} INFO - Job 15008: Subtask insert_into_table
[2025-06-18 16:18:48,178] {logging_mixin.py:104} INFO - Running <TaskInstance: connect_postgres_dag.insert_into_table 2023-06-09T00:00:00+00:00 [running]> on host 500dc4ac3a72
[2025-06-18 16:18:48,291] {taskinstance.py:1257} INFO - Exporting the following env vars:
AIRFLOW_CTX_DAG_OWNER=coder2j
AIRFLOW_CTX_DAG_ID=connect_postgres_dag
AIRFLOW_CTX_TASK_ID=insert_into_table
AIRFLOW_CTX_EXECUTION_DATE=2023-06-09T00:00:00+00:00
AIRFLOW_CTX_DAG_RUN_ID=scheduled__2023-06-09T00:00:00+00:00
[2025-06-18 16:18:48,293] {postgres.py:69} INFO - Executing: 
            insert into employee (name,age,salary) values ('hayyye', '1997','5000.00');
        
[2025-06-18 16:18:48,314] {base.py:74} INFO - Using connection to: id: postgres_localhost. Host: postgres, Port: 5432, Schema: test, Login: airflow, Password: XXXXXXXX, extra: None
[2025-06-18 16:18:48,329] {dbapi.py:180} INFO - Running statement: 
            insert into employee (name,age,salary) values ('hayyye', '1997','5000.00');
        , parameters: None
[2025-06-18 16:18:48,331] {dbapi.py:186} INFO - Rows affected: 1
[2025-06-18 16:18:48,431] {taskinstance.py:1166} INFO - Marking task as SUCCESS. dag_id=connect_postgres_dag, task_id=insert_into_table, execution_date=20230609T000000, start_date=20250618T161847, end_date=20250618T161848
[2025-06-18 16:18:48,765] {taskinstance.py:1220} INFO - 0 downstream tasks scheduled from follow-on schedule check
[2025-06-18 16:18:48,789] {local_task_job.py:146} INFO - Task exited with return code 0
