[2025-06-17 16:03:40,391] {taskinstance.py:851} INFO - Dependencies all met for <TaskInstance: our_first_dag_v5.first_task 2024-06-11T00:00:00+00:00 [queued]>
[2025-06-17 16:03:40,472] {taskinstance.py:851} INFO - Dependencies all met for <TaskInstance: our_first_dag_v5.first_task 2024-06-11T00:00:00+00:00 [queued]>
[2025-06-17 16:03:40,473] {taskinstance.py:1042} INFO - 
--------------------------------------------------------------------------------
[2025-06-17 16:03:40,473] {taskinstance.py:1043} INFO - Starting attempt 1 of 6
[2025-06-17 16:03:40,473] {taskinstance.py:1044} INFO - 
--------------------------------------------------------------------------------
[2025-06-17 16:03:40,597] {taskinstance.py:1063} INFO - Executing <Task(BashOperator): first_task> on 2024-06-11T00:00:00+00:00
[2025-06-17 16:03:40,613] {standard_task_runner.py:52} INFO - Started process 12423 to run task
[2025-06-17 16:03:40,651] {standard_task_runner.py:76} INFO - Running: ['airflow', 'tasks', 'run', 'our_first_dag_v5', 'first_task', '2024-06-11T00:00:00+00:00', '--job-id', '6307', '--pool', 'default_pool', '--raw', '--subdir', 'DAGS_FOLDER/first_dag.py', '--cfg-path', '/tmp/tmp8axxpjli', '--error-file', '/tmp/tmp1wdu05h6']
[2025-06-17 16:03:40,675] {standard_task_runner.py:77} INFO - Job 6307: Subtask first_task
[2025-06-17 16:03:40,911] {logging_mixin.py:104} INFO - Running <TaskInstance: our_first_dag_v5.first_task 2024-06-11T00:00:00+00:00 [running]> on host 4f8b76136637
[2025-06-17 16:03:41,221] {taskinstance.py:1257} INFO - Exporting the following env vars:
AIRFLOW_CTX_DAG_OWNER=coder2j
AIRFLOW_CTX_DAG_ID=our_first_dag_v5
AIRFLOW_CTX_TASK_ID=first_task
AIRFLOW_CTX_EXECUTION_DATE=2024-06-11T00:00:00+00:00
AIRFLOW_CTX_DAG_RUN_ID=scheduled__2024-06-11T00:00:00+00:00
[2025-06-17 16:03:41,221] {bash.py:135} INFO - Tmp dir root location: 
 /tmp
[2025-06-17 16:03:41,224] {bash.py:158} INFO - Running command: echo hello world, this is the first task!
[2025-06-17 16:03:41,273] {bash.py:169} INFO - Output:
[2025-06-17 16:03:41,290] {bash.py:173} INFO - hello world, this is the first task!
[2025-06-17 16:03:41,301] {bash.py:177} INFO - Command exited with return code 0
[2025-06-17 16:03:41,453] {taskinstance.py:1166} INFO - Marking task as SUCCESS. dag_id=our_first_dag_v5, task_id=first_task, execution_date=20240611T000000, start_date=20250617T160340, end_date=20250617T160341
[2025-06-17 16:03:41,673] {taskinstance.py:1220} INFO - 2 downstream tasks scheduled from follow-on schedule check
[2025-06-17 16:03:41,707] {local_task_job.py:146} INFO - Task exited with return code 0
