[2025-06-17 15:44:33,980] {taskinstance.py:851} INFO - Dependencies all met for <TaskInstance: our_first_dag_v5.thrid_task 2021-08-11T00:00:00+00:00 [queued]>
[2025-06-17 15:44:34,065] {taskinstance.py:851} INFO - Dependencies all met for <TaskInstance: our_first_dag_v5.thrid_task 2021-08-11T00:00:00+00:00 [queued]>
[2025-06-17 15:44:34,071] {taskinstance.py:1042} INFO - 
--------------------------------------------------------------------------------
[2025-06-17 15:44:34,072] {taskinstance.py:1043} INFO - Starting attempt 1 of 6
[2025-06-17 15:44:34,074] {taskinstance.py:1044} INFO - 
--------------------------------------------------------------------------------
[2025-06-17 15:44:34,132] {taskinstance.py:1063} INFO - Executing <Task(BashOperator): thrid_task> on 2021-08-11T00:00:00+00:00
[2025-06-17 15:44:34,147] {standard_task_runner.py:52} INFO - Started process 509 to run task
[2025-06-17 15:44:34,181] {standard_task_runner.py:76} INFO - Running: ['airflow', 'tasks', 'run', 'our_first_dag_v5', 'thrid_task', '2021-08-11T00:00:00+00:00', '--job-id', '94', '--pool', 'default_pool', '--raw', '--subdir', 'DAGS_FOLDER/first_dag.py', '--cfg-path', '/tmp/tmpz_468j40', '--error-file', '/tmp/tmpqpxnevei']
[2025-06-17 15:44:34,196] {standard_task_runner.py:77} INFO - Job 94: Subtask thrid_task
[2025-06-17 15:44:34,542] {logging_mixin.py:104} INFO - Running <TaskInstance: our_first_dag_v5.thrid_task 2021-08-11T00:00:00+00:00 [running]> on host 4f8b76136637
[2025-06-17 15:44:34,734] {taskinstance.py:1257} INFO - Exporting the following env vars:
AIRFLOW_CTX_DAG_OWNER=coder2j
AIRFLOW_CTX_DAG_ID=our_first_dag_v5
AIRFLOW_CTX_TASK_ID=thrid_task
AIRFLOW_CTX_EXECUTION_DATE=2021-08-11T00:00:00+00:00
AIRFLOW_CTX_DAG_RUN_ID=scheduled__2021-08-11T00:00:00+00:00
[2025-06-17 15:44:34,734] {bash.py:135} INFO - Tmp dir root location: 
 /tmp
[2025-06-17 15:44:34,736] {bash.py:158} INFO - Running command: echo hey, I am task3 and will be running after task1 at the same time as task2!
[2025-06-17 15:44:34,780] {bash.py:169} INFO - Output:
[2025-06-17 15:44:34,780] {bash.py:173} INFO - hey, I am task3 and will be running after task1 at the same time as task2!
[2025-06-17 15:44:34,827] {bash.py:177} INFO - Command exited with return code 0
[2025-06-17 15:44:35,088] {taskinstance.py:1166} INFO - Marking task as SUCCESS. dag_id=our_first_dag_v5, task_id=thrid_task, execution_date=20210811T000000, start_date=20250617T154433, end_date=20250617T154435
[2025-06-17 15:44:35,315] {taskinstance.py:1220} INFO - 0 downstream tasks scheduled from follow-on schedule check
[2025-06-17 15:44:35,335] {local_task_job.py:146} INFO - Task exited with return code 0
