[2025-06-17 15:53:36,456] {taskinstance.py:851} INFO - Dependencies all met for <TaskInstance: our_first_dag_v5.thrid_task 2022-11-14T00:00:00+00:00 [queued]>
[2025-06-17 15:53:36,598] {taskinstance.py:851} INFO - Dependencies all met for <TaskInstance: our_first_dag_v5.thrid_task 2022-11-14T00:00:00+00:00 [queued]>
[2025-06-17 15:53:36,599] {taskinstance.py:1042} INFO - 
--------------------------------------------------------------------------------
[2025-06-17 15:53:36,599] {taskinstance.py:1043} INFO - Starting attempt 1 of 6
[2025-06-17 15:53:36,600] {taskinstance.py:1044} INFO - 
--------------------------------------------------------------------------------
[2025-06-17 15:53:36,669] {taskinstance.py:1063} INFO - Executing <Task(BashOperator): thrid_task> on 2022-11-14T00:00:00+00:00
[2025-06-17 15:53:36,704] {standard_task_runner.py:76} INFO - Running: ['airflow', 'tasks', 'run', 'our_first_dag_v5', 'thrid_task', '2022-11-14T00:00:00+00:00', '--job-id', '2884', '--pool', 'default_pool', '--raw', '--subdir', 'DAGS_FOLDER/first_dag.py', '--cfg-path', '/tmp/tmpncpcq4nx', '--error-file', '/tmp/tmpfvbn6mfu']
[2025-06-17 15:53:36,728] {standard_task_runner.py:77} INFO - Job 2884: Subtask thrid_task
[2025-06-17 15:53:36,719] {standard_task_runner.py:52} INFO - Started process 3308 to run task
[2025-06-17 15:53:36,947] {logging_mixin.py:104} INFO - Running <TaskInstance: our_first_dag_v5.thrid_task 2022-11-14T00:00:00+00:00 [running]> on host 4f8b76136637
[2025-06-17 15:53:37,354] {taskinstance.py:1257} INFO - Exporting the following env vars:
AIRFLOW_CTX_DAG_OWNER=coder2j
AIRFLOW_CTX_DAG_ID=our_first_dag_v5
AIRFLOW_CTX_TASK_ID=thrid_task
AIRFLOW_CTX_EXECUTION_DATE=2022-11-14T00:00:00+00:00
AIRFLOW_CTX_DAG_RUN_ID=scheduled__2022-11-14T00:00:00+00:00
[2025-06-17 15:53:37,409] {bash.py:135} INFO - Tmp dir root location: 
 /tmp
[2025-06-17 15:53:37,410] {bash.py:158} INFO - Running command: echo hey, I am task3 and will be running after task1 at the same time as task2!
[2025-06-17 15:53:37,477] {bash.py:169} INFO - Output:
[2025-06-17 15:53:37,486] {bash.py:173} INFO - hey, I am task3 and will be running after task1 at the same time as task2!
[2025-06-17 15:53:37,487] {bash.py:177} INFO - Command exited with return code 0
[2025-06-17 15:53:37,734] {taskinstance.py:1166} INFO - Marking task as SUCCESS. dag_id=our_first_dag_v5, task_id=thrid_task, execution_date=20221114T000000, start_date=20250617T155336, end_date=20250617T155337
[2025-06-17 15:53:37,869] {taskinstance.py:1220} INFO - 0 downstream tasks scheduled from follow-on schedule check
[2025-06-17 15:53:37,918] {local_task_job.py:146} INFO - Task exited with return code 0
