[2025-06-18 16:10:51,095] {taskinstance.py:851} INFO - Dependencies all met for <TaskInstance: connect_postgres_dag.insert_into_table 2021-12-25T00:00:00+00:00 [queued]>
[2025-06-18 16:10:51,119] {taskinstance.py:851} INFO - Dependencies all met for <TaskInstance: connect_postgres_dag.insert_into_table 2021-12-25T00:00:00+00:00 [queued]>
[2025-06-18 16:10:51,120] {taskinstance.py:1042} INFO - 
--------------------------------------------------------------------------------
[2025-06-18 16:10:51,120] {taskinstance.py:1043} INFO - Starting attempt 1 of 6
[2025-06-18 16:10:51,120] {taskinstance.py:1044} INFO - 
--------------------------------------------------------------------------------
[2025-06-18 16:10:51,151] {taskinstance.py:1063} INFO - Executing <Task(PostgresOperator): insert_into_table> on 2021-12-25T00:00:00+00:00
[2025-06-18 16:10:51,158] {standard_task_runner.py:52} INFO - Started process 25949 to run task
[2025-06-18 16:10:51,167] {standard_task_runner.py:76} INFO - Running: ['airflow', 'tasks', 'run', 'connect_postgres_dag', 'insert_into_table', '2021-12-25T00:00:00+00:00', '--job-id', '13929', '--pool', 'default_pool', '--raw', '--subdir', 'DAGS_FOLDER/connect_postgres_dag.py', '--cfg-path', '/tmp/tmpvx_6q1ia', '--error-file', '/tmp/tmp4fo6foz1']
[2025-06-18 16:10:51,172] {standard_task_runner.py:77} INFO - Job 13929: Subtask insert_into_table
[2025-06-18 16:10:51,364] {logging_mixin.py:104} INFO - Running <TaskInstance: connect_postgres_dag.insert_into_table 2021-12-25T00:00:00+00:00 [running]> on host 500dc4ac3a72
[2025-06-18 16:10:51,480] {taskinstance.py:1257} INFO - Exporting the following env vars:
AIRFLOW_CTX_DAG_OWNER=coder2j
AIRFLOW_CTX_DAG_ID=connect_postgres_dag
AIRFLOW_CTX_TASK_ID=insert_into_table
AIRFLOW_CTX_EXECUTION_DATE=2021-12-25T00:00:00+00:00
AIRFLOW_CTX_DAG_RUN_ID=scheduled__2021-12-25T00:00:00+00:00
[2025-06-18 16:10:51,482] {postgres.py:69} INFO - Executing: 
            insert into dag_runs (name,age,salary) values ('hayyye', '1997','5000.00');
        
[2025-06-18 16:10:51,508] {base.py:74} INFO - Using connection to: id: postgres_localhost. Host: postgres, Port: 5432, Schema: test, Login: airflow, Password: XXXXXXXX, extra: None
[2025-06-18 16:10:51,517] {dbapi.py:180} INFO - Running statement: 
            insert into dag_runs (name,age,salary) values ('hayyye', '1997','5000.00');
        , parameters: None
[2025-06-18 16:10:51,519] {taskinstance.py:1455} ERROR - column "name" of relation "dag_runs" does not exist
LINE 2:             insert into dag_runs (name,age,salary) values ('...
                                          ^
Traceback (most recent call last):
  File "/home/airflow/.local/lib/python3.6/site-packages/airflow/models/taskinstance.py", line 1112, in _run_raw_task
    self._prepare_and_execute_task_with_callbacks(context, task)
  File "/home/airflow/.local/lib/python3.6/site-packages/airflow/models/taskinstance.py", line 1285, in _prepare_and_execute_task_with_callbacks
    result = self._execute_task(context, task_copy)
  File "/home/airflow/.local/lib/python3.6/site-packages/airflow/models/taskinstance.py", line 1315, in _execute_task
    result = task_copy.execute(context=context)
  File "/home/airflow/.local/lib/python3.6/site-packages/airflow/providers/postgres/operators/postgres.py", line 71, in execute
    self.hook.run(self.sql, self.autocommit, parameters=self.parameters)
  File "/home/airflow/.local/lib/python3.6/site-packages/airflow/hooks/dbapi.py", line 184, in run
    cur.execute(sql_statement)
psycopg2.errors.UndefinedColumn: column "name" of relation "dag_runs" does not exist
LINE 2:             insert into dag_runs (name,age,salary) values ('...
                                          ^

[2025-06-18 16:10:51,525] {taskinstance.py:1503} INFO - Marking task as UP_FOR_RETRY. dag_id=connect_postgres_dag, task_id=insert_into_table, execution_date=20211225T000000, start_date=20250618T161051, end_date=20250618T161051
[2025-06-18 16:10:51,594] {local_task_job.py:146} INFO - Task exited with return code 1
