[2025-06-18 15:08:19,188] {taskinstance.py:851} INFO - Dependencies all met for <TaskInstance: first_dag.second_task 2024-10-12T00:00:00+00:00 [queued]>
[2025-06-18 15:08:19,247] {taskinstance.py:851} INFO - Dependencies all met for <TaskInstance: first_dag.second_task 2024-10-12T00:00:00+00:00 [queued]>
[2025-06-18 15:08:19,248] {taskinstance.py:1042} INFO - 
--------------------------------------------------------------------------------
[2025-06-18 15:08:19,248] {taskinstance.py:1043} INFO - Starting attempt 1 of 6
[2025-06-18 15:08:19,248] {taskinstance.py:1044} INFO - 
--------------------------------------------------------------------------------
[2025-06-18 15:08:19,311] {taskinstance.py:1063} INFO - Executing <Task(BashOperator): second_task> on 2024-10-12T00:00:00+00:00
[2025-06-18 15:08:19,323] {standard_task_runner.py:52} INFO - Started process 14712 to run task
[2025-06-18 15:08:19,341] {standard_task_runner.py:76} INFO - Running: ['airflow', 'tasks', 'run', 'first_dag', 'second_task', '2024-10-12T00:00:00+00:00', '--job-id', '13172', '--pool', 'default_pool', '--raw', '--subdir', 'DAGS_FOLDER/first_dag.py', '--cfg-path', '/tmp/tmpx1s76hx2', '--error-file', '/tmp/tmpvv_lrjdc']
[2025-06-18 15:08:19,346] {standard_task_runner.py:77} INFO - Job 13172: Subtask second_task
[2025-06-18 15:08:19,682] {logging_mixin.py:104} INFO - Running <TaskInstance: first_dag.second_task 2024-10-12T00:00:00+00:00 [running]> on host 500dc4ac3a72
[2025-06-18 15:08:19,902] {taskinstance.py:1257} INFO - Exporting the following env vars:
AIRFLOW_CTX_DAG_OWNER=my_name
AIRFLOW_CTX_DAG_ID=first_dag
AIRFLOW_CTX_TASK_ID=second_task
AIRFLOW_CTX_EXECUTION_DATE=2024-10-12T00:00:00+00:00
AIRFLOW_CTX_DAG_RUN_ID=scheduled__2024-10-12T00:00:00+00:00
[2025-06-18 15:08:19,903] {bash.py:135} INFO - Tmp dir root location: 
 /tmp
[2025-06-18 15:08:19,909] {bash.py:158} INFO - Running command: echo "this is sencond task "
[2025-06-18 15:08:19,938] {bash.py:169} INFO - Output:
[2025-06-18 15:08:19,943] {bash.py:173} INFO - this is sencond task
[2025-06-18 15:08:19,944] {bash.py:177} INFO - Command exited with return code 0
[2025-06-18 15:08:20,090] {taskinstance.py:1166} INFO - Marking task as SUCCESS. dag_id=first_dag, task_id=second_task, execution_date=20241012T000000, start_date=20250618T150819, end_date=20250618T150820
[2025-06-18 15:08:20,460] {taskinstance.py:1220} INFO - 0 downstream tasks scheduled from follow-on schedule check
[2025-06-18 15:08:20,550] {local_task_job.py:146} INFO - Task exited with return code 0
