[2025-06-18 15:06:39,171] {taskinstance.py:851} INFO - Dependencies all met for <TaskInstance: first_dag.second_task 2024-02-16T00:00:00+00:00 [queued]>
[2025-06-18 15:06:39,218] {taskinstance.py:851} INFO - Dependencies all met for <TaskInstance: first_dag.second_task 2024-02-16T00:00:00+00:00 [queued]>
[2025-06-18 15:06:39,223] {taskinstance.py:1042} INFO - 
--------------------------------------------------------------------------------
[2025-06-18 15:06:39,224] {taskinstance.py:1043} INFO - Starting attempt 1 of 6
[2025-06-18 15:06:39,226] {taskinstance.py:1044} INFO - 
--------------------------------------------------------------------------------
[2025-06-18 15:06:39,271] {taskinstance.py:1063} INFO - Executing <Task(BashOperator): second_task> on 2024-02-16T00:00:00+00:00
[2025-06-18 15:06:39,289] {standard_task_runner.py:52} INFO - Started process 12332 to run task
[2025-06-18 15:06:39,302] {standard_task_runner.py:76} INFO - Running: ['airflow', 'tasks', 'run', 'first_dag', 'second_task', '2024-02-16T00:00:00+00:00', '--job-id', '12455', '--pool', 'default_pool', '--raw', '--subdir', 'DAGS_FOLDER/first_dag.py', '--cfg-path', '/tmp/tmpbx0rnbsz', '--error-file', '/tmp/tmpq8f25ody']
[2025-06-18 15:06:39,312] {standard_task_runner.py:77} INFO - Job 12455: Subtask second_task
[2025-06-18 15:06:39,552] {logging_mixin.py:104} INFO - Running <TaskInstance: first_dag.second_task 2024-02-16T00:00:00+00:00 [running]> on host 500dc4ac3a72
[2025-06-18 15:06:39,743] {taskinstance.py:1257} INFO - Exporting the following env vars:
AIRFLOW_CTX_DAG_OWNER=my_name
AIRFLOW_CTX_DAG_ID=first_dag
AIRFLOW_CTX_TASK_ID=second_task
AIRFLOW_CTX_EXECUTION_DATE=2024-02-16T00:00:00+00:00
AIRFLOW_CTX_DAG_RUN_ID=scheduled__2024-02-16T00:00:00+00:00
[2025-06-18 15:06:39,758] {bash.py:135} INFO - Tmp dir root location: 
 /tmp
[2025-06-18 15:06:39,761] {bash.py:158} INFO - Running command: echo "this is sencond task "
[2025-06-18 15:06:39,793] {bash.py:169} INFO - Output:
[2025-06-18 15:06:39,798] {bash.py:173} INFO - this is sencond task
[2025-06-18 15:06:39,799] {bash.py:177} INFO - Command exited with return code 0
[2025-06-18 15:06:39,942] {taskinstance.py:1166} INFO - Marking task as SUCCESS. dag_id=first_dag, task_id=second_task, execution_date=20240216T000000, start_date=20250618T150639, end_date=20250618T150639
[2025-06-18 15:06:40,289] {taskinstance.py:1220} INFO - 0 downstream tasks scheduled from follow-on schedule check
[2025-06-18 15:06:40,347] {local_task_job.py:146} INFO - Task exited with return code 0
