[2025-06-18 15:08:36,110] {taskinstance.py:851} INFO - Dependencies all met for <TaskInstance: first_dag.third_task 2024-11-17T00:00:00+00:00 [queued]>
[2025-06-18 15:08:36,151] {taskinstance.py:851} INFO - Dependencies all met for <TaskInstance: first_dag.third_task 2024-11-17T00:00:00+00:00 [queued]>
[2025-06-18 15:08:36,151] {taskinstance.py:1042} INFO - 
--------------------------------------------------------------------------------
[2025-06-18 15:08:36,152] {taskinstance.py:1043} INFO - Starting attempt 1 of 6
[2025-06-18 15:08:36,152] {taskinstance.py:1044} INFO - 
--------------------------------------------------------------------------------
[2025-06-18 15:08:36,212] {taskinstance.py:1063} INFO - Executing <Task(BashOperator): third_task> on 2024-11-17T00:00:00+00:00
[2025-06-18 15:08:36,231] {standard_task_runner.py:52} INFO - Started process 15081 to run task
[2025-06-18 15:08:36,247] {standard_task_runner.py:76} INFO - Running: ['airflow', 'tasks', 'run', 'first_dag', 'third_task', '2024-11-17T00:00:00+00:00', '--job-id', '13280', '--pool', 'default_pool', '--raw', '--subdir', 'DAGS_FOLDER/first_dag.py', '--cfg-path', '/tmp/tmprvlyby12', '--error-file', '/tmp/tmpje29kteq']
[2025-06-18 15:08:36,260] {standard_task_runner.py:77} INFO - Job 13280: Subtask third_task
[2025-06-18 15:08:36,520] {logging_mixin.py:104} INFO - Running <TaskInstance: first_dag.third_task 2024-11-17T00:00:00+00:00 [running]> on host 500dc4ac3a72
[2025-06-18 15:08:36,797] {taskinstance.py:1257} INFO - Exporting the following env vars:
AIRFLOW_CTX_DAG_OWNER=my_name
AIRFLOW_CTX_DAG_ID=first_dag
AIRFLOW_CTX_TASK_ID=third_task
AIRFLOW_CTX_EXECUTION_DATE=2024-11-17T00:00:00+00:00
AIRFLOW_CTX_DAG_RUN_ID=scheduled__2024-11-17T00:00:00+00:00
[2025-06-18 15:08:36,800] {bash.py:135} INFO - Tmp dir root location: 
 /tmp
[2025-06-18 15:08:36,809] {bash.py:158} INFO - Running command: echo "this is third task "
[2025-06-18 15:08:36,843] {bash.py:169} INFO - Output:
[2025-06-18 15:08:36,860] {bash.py:173} INFO - this is third task
[2025-06-18 15:08:36,861] {bash.py:177} INFO - Command exited with return code 0
[2025-06-18 15:08:37,019] {taskinstance.py:1166} INFO - Marking task as SUCCESS. dag_id=first_dag, task_id=third_task, execution_date=20241117T000000, start_date=20250618T150836, end_date=20250618T150837
[2025-06-18 15:08:37,331] {taskinstance.py:1220} INFO - 0 downstream tasks scheduled from follow-on schedule check
[2025-06-18 15:08:37,390] {local_task_job.py:146} INFO - Task exited with return code 0
