[2025-06-18 22:59:51,385] {taskinstance.py:851} INFO - Dependencies all met for <TaskInstance: xcom_with_context_example.push_data 2025-06-17T00:00:00+00:00 [queued]>
[2025-06-18 22:59:51,441] {taskinstance.py:851} INFO - Dependencies all met for <TaskInstance: xcom_with_context_example.push_data 2025-06-17T00:00:00+00:00 [queued]>
[2025-06-18 22:59:51,441] {taskinstance.py:1042} INFO - 
--------------------------------------------------------------------------------
[2025-06-18 22:59:51,441] {taskinstance.py:1043} INFO - Starting attempt 1 of 2
[2025-06-18 22:59:51,441] {taskinstance.py:1044} INFO - 
--------------------------------------------------------------------------------
[2025-06-18 22:59:51,493] {taskinstance.py:1063} INFO - Executing <Task(_PythonDecoratedOperator): push_data> on 2025-06-17T00:00:00+00:00
[2025-06-18 22:59:51,498] {standard_task_runner.py:52} INFO - Started process 1302 to run task
[2025-06-18 22:59:51,503] {standard_task_runner.py:76} INFO - Running: ['airflow', 'tasks', 'run', 'xcom_with_context_example', 'push_data', '2025-06-17T00:00:00+00:00', '--job-id', '16493', '--pool', 'default_pool', '--raw', '--subdir', 'DAGS_FOLDER/taskInstant.py', '--cfg-path', '/tmp/tmp8cboh02f', '--error-file', '/tmp/tmptur1o1kd']
[2025-06-18 22:59:51,507] {standard_task_runner.py:77} INFO - Job 16493: Subtask push_data
[2025-06-18 22:59:51,623] {logging_mixin.py:104} INFO - Running <TaskInstance: xcom_with_context_example.push_data 2025-06-17T00:00:00+00:00 [running]> on host 42aff929b245
[2025-06-18 22:59:51,769] {taskinstance.py:1257} INFO - Exporting the following env vars:
AIRFLOW_CTX_DAG_OWNER=my_name
AIRFLOW_CTX_DAG_ID=xcom_with_context_example
AIRFLOW_CTX_TASK_ID=push_data
AIRFLOW_CTX_EXECUTION_DATE=2025-06-17T00:00:00+00:00
AIRFLOW_CTX_DAG_RUN_ID=scheduled__2025-06-17T00:00:00+00:00
[2025-06-18 22:59:51,801] {logging_mixin.py:104} INFO - [PUSH] Tổng là: 12
[2025-06-18 22:59:51,815] {taskinstance.py:1166} INFO - Marking task as SUCCESS. dag_id=xcom_with_context_example, task_id=push_data, execution_date=20250617T000000, start_date=20250618T225951, end_date=20250618T225951
[2025-06-18 22:59:51,911] {taskinstance.py:1220} INFO - 1 downstream tasks scheduled from follow-on schedule check
[2025-06-18 22:59:51,957] {local_task_job.py:146} INFO - Task exited with return code 0
