[2025-06-17 15:54:51,707] {taskinstance.py:851} INFO - Dependencies all met for <TaskInstance: our_first_dag_v5.thrid_task 2023-01-28T00:00:00+00:00 [queued]>
[2025-06-17 15:54:51,856] {taskinstance.py:851} INFO - Dependencies all met for <TaskInstance: our_first_dag_v5.thrid_task 2023-01-28T00:00:00+00:00 [queued]>
[2025-06-17 15:54:51,865] {taskinstance.py:1042} INFO - 
--------------------------------------------------------------------------------
[2025-06-17 15:54:51,866] {taskinstance.py:1043} INFO - Starting attempt 1 of 6
[2025-06-17 15:54:51,866] {taskinstance.py:1044} INFO - 
--------------------------------------------------------------------------------
[2025-06-17 15:54:51,953] {taskinstance.py:1063} INFO - Executing <Task(BashOperator): thrid_task> on 2023-01-28T00:00:00+00:00
[2025-06-17 15:54:51,968] {standard_task_runner.py:52} INFO - Started process 4488 to run task
[2025-06-17 15:54:51,996] {standard_task_runner.py:76} INFO - Running: ['airflow', 'tasks', 'run', 'our_first_dag_v5', 'thrid_task', '2023-01-28T00:00:00+00:00', '--job-id', '3330', '--pool', 'default_pool', '--raw', '--subdir', 'DAGS_FOLDER/first_dag.py', '--cfg-path', '/tmp/tmpz937rd26', '--error-file', '/tmp/tmp1p5x4o49']
[2025-06-17 15:54:52,007] {standard_task_runner.py:77} INFO - Job 3330: Subtask thrid_task
[2025-06-17 15:54:52,200] {logging_mixin.py:104} INFO - Running <TaskInstance: our_first_dag_v5.thrid_task 2023-01-28T00:00:00+00:00 [running]> on host 4f8b76136637
[2025-06-17 15:54:52,540] {taskinstance.py:1257} INFO - Exporting the following env vars:
AIRFLOW_CTX_DAG_OWNER=coder2j
AIRFLOW_CTX_DAG_ID=our_first_dag_v5
AIRFLOW_CTX_TASK_ID=thrid_task
AIRFLOW_CTX_EXECUTION_DATE=2023-01-28T00:00:00+00:00
AIRFLOW_CTX_DAG_RUN_ID=scheduled__2023-01-28T00:00:00+00:00
[2025-06-17 15:54:52,583] {bash.py:135} INFO - Tmp dir root location: 
 /tmp
[2025-06-17 15:54:52,621] {bash.py:158} INFO - Running command: echo hey, I am task3 and will be running after task1 at the same time as task2!
[2025-06-17 15:54:52,688] {bash.py:169} INFO - Output:
[2025-06-17 15:54:52,689] {bash.py:173} INFO - hey, I am task3 and will be running after task1 at the same time as task2!
[2025-06-17 15:54:52,705] {bash.py:177} INFO - Command exited with return code 0
[2025-06-17 15:54:52,941] {taskinstance.py:1166} INFO - Marking task as SUCCESS. dag_id=our_first_dag_v5, task_id=thrid_task, execution_date=20230128T000000, start_date=20250617T155451, end_date=20250617T155452
[2025-06-17 15:54:53,241] {taskinstance.py:1220} INFO - 0 downstream tasks scheduled from follow-on schedule check
[2025-06-17 15:54:53,281] {local_task_job.py:146} INFO - Task exited with return code 0
