[2025-06-18 16:17:20,548] {taskinstance.py:851} INFO - Dependencies all met for <TaskInstance: connect_postgres_dag.insert_into_table 2022-10-02T00:00:00+00:00 [queued]>
[2025-06-18 16:17:20,575] {taskinstance.py:851} INFO - Dependencies all met for <TaskInstance: connect_postgres_dag.insert_into_table 2022-10-02T00:00:00+00:00 [queued]>
[2025-06-18 16:17:20,575] {taskinstance.py:1042} INFO - 
--------------------------------------------------------------------------------
[2025-06-18 16:17:20,576] {taskinstance.py:1043} INFO - Starting attempt 1 of 6
[2025-06-18 16:17:20,576] {taskinstance.py:1044} INFO - 
--------------------------------------------------------------------------------
[2025-06-18 16:17:20,626] {taskinstance.py:1063} INFO - Executing <Task(PostgresOperator): insert_into_table> on 2022-10-02T00:00:00+00:00
[2025-06-18 16:17:20,644] {standard_task_runner.py:52} INFO - Started process 28042 to run task
[2025-06-18 16:17:20,662] {standard_task_runner.py:76} INFO - Running: ['airflow', 'tasks', 'run', 'connect_postgres_dag', 'insert_into_table', '2022-10-02T00:00:00+00:00', '--job-id', '14508', '--pool', 'default_pool', '--raw', '--subdir', 'DAGS_FOLDER/connect_postgres_dag.py', '--cfg-path', '/tmp/tmpr_9m47u4', '--error-file', '/tmp/tmpcb_rx48o']
[2025-06-18 16:17:20,674] {standard_task_runner.py:77} INFO - Job 14508: Subtask insert_into_table
[2025-06-18 16:17:20,871] {logging_mixin.py:104} INFO - Running <TaskInstance: connect_postgres_dag.insert_into_table 2022-10-02T00:00:00+00:00 [running]> on host 500dc4ac3a72
[2025-06-18 16:17:21,042] {taskinstance.py:1257} INFO - Exporting the following env vars:
AIRFLOW_CTX_DAG_OWNER=coder2j
AIRFLOW_CTX_DAG_ID=connect_postgres_dag
AIRFLOW_CTX_TASK_ID=insert_into_table
AIRFLOW_CTX_EXECUTION_DATE=2022-10-02T00:00:00+00:00
AIRFLOW_CTX_DAG_RUN_ID=scheduled__2022-10-02T00:00:00+00:00
[2025-06-18 16:17:21,050] {postgres.py:69} INFO - Executing: 
            insert into employee (name,age,salary) values ('hayyye', '1997','5000.00');
        
[2025-06-18 16:17:21,092] {base.py:74} INFO - Using connection to: id: postgres_localhost. Host: postgres, Port: 5432, Schema: test, Login: airflow, Password: XXXXXXXX, extra: None
[2025-06-18 16:17:21,115] {dbapi.py:180} INFO - Running statement: 
            insert into employee (name,age,salary) values ('hayyye', '1997','5000.00');
        , parameters: None
[2025-06-18 16:17:21,117] {dbapi.py:186} INFO - Rows affected: 1
[2025-06-18 16:17:21,225] {taskinstance.py:1166} INFO - Marking task as SUCCESS. dag_id=connect_postgres_dag, task_id=insert_into_table, execution_date=20221002T000000, start_date=20250618T161720, end_date=20250618T161721
[2025-06-18 16:17:21,408] {taskinstance.py:1220} INFO - 0 downstream tasks scheduled from follow-on schedule check
[2025-06-18 16:17:21,437] {local_task_job.py:146} INFO - Task exited with return code 0
