[2025-06-18 15:07:05,801] {taskinstance.py:851} INFO - Dependencies all met for <TaskInstance: first_dag.second_task 2024-04-22T00:00:00+00:00 [queued]>
[2025-06-18 15:07:05,847] {taskinstance.py:851} INFO - Dependencies all met for <TaskInstance: first_dag.second_task 2024-04-22T00:00:00+00:00 [queued]>
[2025-06-18 15:07:05,848] {taskinstance.py:1042} INFO - 
--------------------------------------------------------------------------------
[2025-06-18 15:07:05,849] {taskinstance.py:1043} INFO - Starting attempt 1 of 6
[2025-06-18 15:07:05,849] {taskinstance.py:1044} INFO - 
--------------------------------------------------------------------------------
[2025-06-18 15:07:05,898] {taskinstance.py:1063} INFO - Executing <Task(BashOperator): second_task> on 2024-04-22T00:00:00+00:00
[2025-06-18 15:07:05,905] {standard_task_runner.py:52} INFO - Started process 12977 to run task
[2025-06-18 15:07:05,917] {standard_task_runner.py:76} INFO - Running: ['airflow', 'tasks', 'run', 'first_dag', 'second_task', '2024-04-22T00:00:00+00:00', '--job-id', '12652', '--pool', 'default_pool', '--raw', '--subdir', 'DAGS_FOLDER/first_dag.py', '--cfg-path', '/tmp/tmpv3zpu5_b', '--error-file', '/tmp/tmpf71l61y_']
[2025-06-18 15:07:05,928] {standard_task_runner.py:77} INFO - Job 12652: Subtask second_task
[2025-06-18 15:07:06,112] {logging_mixin.py:104} INFO - Running <TaskInstance: first_dag.second_task 2024-04-22T00:00:00+00:00 [running]> on host 500dc4ac3a72
[2025-06-18 15:07:06,258] {taskinstance.py:1257} INFO - Exporting the following env vars:
AIRFLOW_CTX_DAG_OWNER=my_name
AIRFLOW_CTX_DAG_ID=first_dag
AIRFLOW_CTX_TASK_ID=second_task
AIRFLOW_CTX_EXECUTION_DATE=2024-04-22T00:00:00+00:00
AIRFLOW_CTX_DAG_RUN_ID=scheduled__2024-04-22T00:00:00+00:00
[2025-06-18 15:07:06,259] {bash.py:135} INFO - Tmp dir root location: 
 /tmp
[2025-06-18 15:07:06,261] {bash.py:158} INFO - Running command: echo "this is sencond task "
[2025-06-18 15:07:06,288] {bash.py:169} INFO - Output:
[2025-06-18 15:07:06,289] {bash.py:173} INFO - this is sencond task
[2025-06-18 15:07:06,290] {bash.py:177} INFO - Command exited with return code 0
[2025-06-18 15:07:06,454] {taskinstance.py:1166} INFO - Marking task as SUCCESS. dag_id=first_dag, task_id=second_task, execution_date=20240422T000000, start_date=20250618T150705, end_date=20250618T150706
[2025-06-18 15:07:06,619] {taskinstance.py:1220} INFO - 0 downstream tasks scheduled from follow-on schedule check
[2025-06-18 15:07:06,650] {local_task_job.py:146} INFO - Task exited with return code 0
