[2025-06-18 15:01:02,469] {taskinstance.py:851} INFO - Dependencies all met for <TaskInstance: first_dag.third_task 2022-01-01T00:00:00+00:00 [queued]>
[2025-06-18 15:01:02,498] {taskinstance.py:851} INFO - Dependencies all met for <TaskInstance: first_dag.third_task 2022-01-01T00:00:00+00:00 [queued]>
[2025-06-18 15:01:02,499] {taskinstance.py:1042} INFO - 
--------------------------------------------------------------------------------
[2025-06-18 15:01:02,499] {taskinstance.py:1043} INFO - Starting attempt 1 of 6
[2025-06-18 15:01:02,499] {taskinstance.py:1044} INFO - 
--------------------------------------------------------------------------------
[2025-06-18 15:01:02,551] {taskinstance.py:1063} INFO - Executing <Task(BashOperator): third_task> on 2022-01-01T00:00:00+00:00
[2025-06-18 15:01:02,563] {standard_task_runner.py:52} INFO - Started process 4548 to run task
[2025-06-18 15:01:02,581] {standard_task_runner.py:76} INFO - Running: ['airflow', 'tasks', 'run', 'first_dag', 'third_task', '2022-01-01T00:00:00+00:00', '--job-id', '10127', '--pool', 'default_pool', '--raw', '--subdir', 'DAGS_FOLDER/first_dag.py', '--cfg-path', '/tmp/tmp4fv_p8h3', '--error-file', '/tmp/tmpwbod2sde']
[2025-06-18 15:01:02,605] {standard_task_runner.py:77} INFO - Job 10127: Subtask third_task
[2025-06-18 15:01:02,782] {logging_mixin.py:104} INFO - Running <TaskInstance: first_dag.third_task 2022-01-01T00:00:00+00:00 [running]> on host 500dc4ac3a72
[2025-06-18 15:01:02,983] {taskinstance.py:1257} INFO - Exporting the following env vars:
AIRFLOW_CTX_DAG_OWNER=my_name
AIRFLOW_CTX_DAG_ID=first_dag
AIRFLOW_CTX_TASK_ID=third_task
AIRFLOW_CTX_EXECUTION_DATE=2022-01-01T00:00:00+00:00
AIRFLOW_CTX_DAG_RUN_ID=scheduled__2022-01-01T00:00:00+00:00
[2025-06-18 15:01:02,984] {bash.py:135} INFO - Tmp dir root location: 
 /tmp
[2025-06-18 15:01:02,991] {bash.py:158} INFO - Running command: echo "this is third task "
[2025-06-18 15:01:03,029] {bash.py:169} INFO - Output:
[2025-06-18 15:01:03,031] {bash.py:173} INFO - this is third task
[2025-06-18 15:01:03,032] {bash.py:177} INFO - Command exited with return code 0
[2025-06-18 15:01:03,191] {taskinstance.py:1166} INFO - Marking task as SUCCESS. dag_id=first_dag, task_id=third_task, execution_date=20220101T000000, start_date=20250618T150102, end_date=20250618T150103
[2025-06-18 15:01:03,277] {taskinstance.py:1220} INFO - 0 downstream tasks scheduled from follow-on schedule check
[2025-06-18 15:01:03,304] {local_task_job.py:146} INFO - Task exited with return code 0
