[2025-06-17 15:54:56,762] {taskinstance.py:851} INFO - Dependencies all met for <TaskInstance: our_first_dag_v5.first_task 2023-02-05T00:00:00+00:00 [queued]>
[2025-06-17 15:54:56,938] {taskinstance.py:851} INFO - Dependencies all met for <TaskInstance: our_first_dag_v5.first_task 2023-02-05T00:00:00+00:00 [queued]>
[2025-06-17 15:54:56,939] {taskinstance.py:1042} INFO - 
--------------------------------------------------------------------------------
[2025-06-17 15:54:56,939] {taskinstance.py:1043} INFO - Starting attempt 1 of 6
[2025-06-17 15:54:56,939] {taskinstance.py:1044} INFO - 
--------------------------------------------------------------------------------
[2025-06-17 15:54:57,009] {taskinstance.py:1063} INFO - Executing <Task(BashOperator): first_task> on 2023-02-05T00:00:00+00:00
[2025-06-17 15:54:57,028] {standard_task_runner.py:52} INFO - Started process 4570 to run task
[2025-06-17 15:54:57,041] {standard_task_runner.py:76} INFO - Running: ['airflow', 'tasks', 'run', 'our_first_dag_v5', 'first_task', '2023-02-05T00:00:00+00:00', '--job-id', '3357', '--pool', 'default_pool', '--raw', '--subdir', 'DAGS_FOLDER/first_dag.py', '--cfg-path', '/tmp/tmp00ig2rl8', '--error-file', '/tmp/tmpnr6sr_ed']
[2025-06-17 15:54:57,051] {standard_task_runner.py:77} INFO - Job 3357: Subtask first_task
[2025-06-17 15:54:57,372] {logging_mixin.py:104} INFO - Running <TaskInstance: our_first_dag_v5.first_task 2023-02-05T00:00:00+00:00 [running]> on host 4f8b76136637
[2025-06-17 15:54:57,605] {taskinstance.py:1257} INFO - Exporting the following env vars:
AIRFLOW_CTX_DAG_OWNER=coder2j
AIRFLOW_CTX_DAG_ID=our_first_dag_v5
AIRFLOW_CTX_TASK_ID=first_task
AIRFLOW_CTX_EXECUTION_DATE=2023-02-05T00:00:00+00:00
AIRFLOW_CTX_DAG_RUN_ID=scheduled__2023-02-05T00:00:00+00:00
[2025-06-17 15:54:57,606] {bash.py:135} INFO - Tmp dir root location: 
 /tmp
[2025-06-17 15:54:57,610] {bash.py:158} INFO - Running command: echo hello world, this is the first task!
[2025-06-17 15:54:57,694] {bash.py:169} INFO - Output:
[2025-06-17 15:54:57,695] {bash.py:173} INFO - hello world, this is the first task!
[2025-06-17 15:54:57,706] {bash.py:177} INFO - Command exited with return code 0
[2025-06-17 15:54:57,993] {taskinstance.py:1166} INFO - Marking task as SUCCESS. dag_id=our_first_dag_v5, task_id=first_task, execution_date=20230205T000000, start_date=20250617T155456, end_date=20250617T155457
[2025-06-17 15:54:58,571] {taskinstance.py:1220} INFO - 2 downstream tasks scheduled from follow-on schedule check
[2025-06-17 15:54:58,637] {local_task_job.py:146} INFO - Task exited with return code 0
