[2025-06-17 16:04:03,618] {taskinstance.py:851} INFO - Dependencies all met for <TaskInstance: dag_with_taskflow_api_v02.greet 2024-10-07T00:00:00+00:00 [queued]>
[2025-06-17 16:04:03,786] {taskinstance.py:851} INFO - Dependencies all met for <TaskInstance: dag_with_taskflow_api_v02.greet 2024-10-07T00:00:00+00:00 [queued]>
[2025-06-17 16:04:03,787] {taskinstance.py:1042} INFO - 
--------------------------------------------------------------------------------
[2025-06-17 16:04:03,787] {taskinstance.py:1043} INFO - Starting attempt 1 of 6
[2025-06-17 16:04:03,787] {taskinstance.py:1044} INFO - 
--------------------------------------------------------------------------------
[2025-06-17 16:04:03,918] {taskinstance.py:1063} INFO - Executing <Task(_PythonDecoratedOperator): greet> on 2024-10-07T00:00:00+00:00
[2025-06-17 16:04:03,941] {standard_task_runner.py:52} INFO - Started process 12854 to run task
[2025-06-17 16:04:03,957] {standard_task_runner.py:76} INFO - Running: ['airflow', 'tasks', 'run', 'dag_with_taskflow_api_v02', 'greet', '2024-10-07T00:00:00+00:00', '--job-id', '6467', '--pool', 'default_pool', '--raw', '--subdir', 'DAGS_FOLDER/taskflow.py', '--cfg-path', '/tmp/tmp3kby0qcw', '--error-file', '/tmp/tmp2r5_nmly']
[2025-06-17 16:04:03,969] {standard_task_runner.py:77} INFO - Job 6467: Subtask greet
[2025-06-17 16:04:04,300] {logging_mixin.py:104} INFO - Running <TaskInstance: dag_with_taskflow_api_v02.greet 2024-10-07T00:00:00+00:00 [running]> on host 4f8b76136637
[2025-06-17 16:04:04,651] {taskinstance.py:1257} INFO - Exporting the following env vars:
AIRFLOW_CTX_DAG_OWNER=coder2j
AIRFLOW_CTX_DAG_ID=dag_with_taskflow_api_v02
AIRFLOW_CTX_TASK_ID=greet
AIRFLOW_CTX_EXECUTION_DATE=2024-10-07T00:00:00+00:00
AIRFLOW_CTX_DAG_RUN_ID=scheduled__2024-10-07T00:00:00+00:00
[2025-06-17 16:04:04,652] {logging_mixin.py:104} INFO - Hello World! My name is Jerry Fridman and I am 19 years old!
[2025-06-17 16:04:04,707] {taskinstance.py:1166} INFO - Marking task as SUCCESS. dag_id=dag_with_taskflow_api_v02, task_id=greet, execution_date=20241007T000000, start_date=20250617T160403, end_date=20250617T160404
[2025-06-17 16:04:04,925] {taskinstance.py:1220} INFO - 0 downstream tasks scheduled from follow-on schedule check
[2025-06-17 16:04:04,957] {local_task_job.py:146} INFO - Task exited with return code 0
