[2025-06-17 16:08:33,257] {taskinstance.py:851} INFO - Dependencies all met for <TaskInstance: our_first_dag_v5.thrid_task 2025-05-16T00:00:00+00:00 [queued]>
[2025-06-17 16:08:33,230] {taskinstance.py:851} INFO - Dependencies all met for <TaskInstance: our_first_dag_v5.thrid_task 2025-05-16T00:00:00+00:00 [queued]>
[2025-06-17 16:08:33,231] {taskinstance.py:1042} INFO - 
--------------------------------------------------------------------------------
[2025-06-17 16:08:33,231] {taskinstance.py:1043} INFO - Starting attempt 1 of 6
[2025-06-17 16:08:33,231] {taskinstance.py:1044} INFO - 
--------------------------------------------------------------------------------
[2025-06-17 16:08:33,305] {taskinstance.py:1063} INFO - Executing <Task(BashOperator): thrid_task> on 2025-05-16T00:00:00+00:00
[2025-06-17 16:08:33,329] {standard_task_runner.py:52} INFO - Started process 17444 to run task
[2025-06-17 16:08:33,354] {standard_task_runner.py:76} INFO - Running: ['airflow', 'tasks', 'run', 'our_first_dag_v5', 'thrid_task', '2025-05-16T00:00:00+00:00', '--job-id', '8168', '--pool', 'default_pool', '--raw', '--subdir', 'DAGS_FOLDER/first_dag.py', '--cfg-path', '/tmp/tmp4nvw2e5u', '--error-file', '/tmp/tmp9ob3chnw']
[2025-06-17 16:08:33,414] {standard_task_runner.py:77} INFO - Job 8168: Subtask thrid_task
[2025-06-17 16:08:33,756] {logging_mixin.py:104} INFO - Running <TaskInstance: our_first_dag_v5.thrid_task 2025-05-16T00:00:00+00:00 [running]> on host 4f8b76136637
[2025-06-17 16:08:34,083] {taskinstance.py:1257} INFO - Exporting the following env vars:
AIRFLOW_CTX_DAG_OWNER=coder2j
AIRFLOW_CTX_DAG_ID=our_first_dag_v5
AIRFLOW_CTX_TASK_ID=thrid_task
AIRFLOW_CTX_EXECUTION_DATE=2025-05-16T00:00:00+00:00
AIRFLOW_CTX_DAG_RUN_ID=scheduled__2025-05-16T00:00:00+00:00
[2025-06-17 16:08:34,098] {bash.py:135} INFO - Tmp dir root location: 
 /tmp
[2025-06-17 16:08:34,103] {bash.py:158} INFO - Running command: echo hey, I am task3 and will be running after task1 at the same time as task2!
[2025-06-17 16:08:34,164] {bash.py:169} INFO - Output:
[2025-06-17 16:08:34,175] {bash.py:173} INFO - hey, I am task3 and will be running after task1 at the same time as task2!
[2025-06-17 16:08:34,176] {bash.py:177} INFO - Command exited with return code 0
[2025-06-17 16:08:34,406] {taskinstance.py:1166} INFO - Marking task as SUCCESS. dag_id=our_first_dag_v5, task_id=thrid_task, execution_date=20250516T000000, start_date=20250617T160833, end_date=20250617T160834
[2025-06-17 16:08:34,619] {taskinstance.py:1220} INFO - 0 downstream tasks scheduled from follow-on schedule check
[2025-06-17 16:08:34,667] {local_task_job.py:146} INFO - Task exited with return code 0
