[2025-06-17 16:05:39,182] {taskinstance.py:851} INFO - Dependencies all met for <TaskInstance: dag_with_taskflow_api_v02.greet 2025-01-15T00:00:00+00:00 [queued]>
[2025-06-17 16:05:39,261] {taskinstance.py:851} INFO - Dependencies all met for <TaskInstance: dag_with_taskflow_api_v02.greet 2025-01-15T00:00:00+00:00 [queued]>
[2025-06-17 16:05:39,261] {taskinstance.py:1042} INFO - 
--------------------------------------------------------------------------------
[2025-06-17 16:05:39,262] {taskinstance.py:1043} INFO - Starting attempt 1 of 6
[2025-06-17 16:05:39,262] {taskinstance.py:1044} INFO - 
--------------------------------------------------------------------------------
[2025-06-17 16:05:39,313] {taskinstance.py:1063} INFO - Executing <Task(_PythonDecoratedOperator): greet> on 2025-01-15T00:00:00+00:00
[2025-06-17 16:05:39,330] {standard_task_runner.py:52} INFO - Started process 14465 to run task
[2025-06-17 16:05:39,356] {standard_task_runner.py:76} INFO - Running: ['airflow', 'tasks', 'run', 'dag_with_taskflow_api_v02', 'greet', '2025-01-15T00:00:00+00:00', '--job-id', '7082', '--pool', 'default_pool', '--raw', '--subdir', 'DAGS_FOLDER/taskflow.py', '--cfg-path', '/tmp/tmpqoxohzlj', '--error-file', '/tmp/tmpake4886x']
[2025-06-17 16:05:39,368] {standard_task_runner.py:77} INFO - Job 7082: Subtask greet
[2025-06-17 16:05:39,562] {logging_mixin.py:104} INFO - Running <TaskInstance: dag_with_taskflow_api_v02.greet 2025-01-15T00:00:00+00:00 [running]> on host 4f8b76136637
[2025-06-17 16:05:40,043] {taskinstance.py:1257} INFO - Exporting the following env vars:
AIRFLOW_CTX_DAG_OWNER=coder2j
AIRFLOW_CTX_DAG_ID=dag_with_taskflow_api_v02
AIRFLOW_CTX_TASK_ID=greet
AIRFLOW_CTX_EXECUTION_DATE=2025-01-15T00:00:00+00:00
AIRFLOW_CTX_DAG_RUN_ID=scheduled__2025-01-15T00:00:00+00:00
[2025-06-17 16:05:40,044] {logging_mixin.py:104} INFO - Hello World! My name is Jerry Fridman and I am 19 years old!
[2025-06-17 16:05:40,127] {taskinstance.py:1166} INFO - Marking task as SUCCESS. dag_id=dag_with_taskflow_api_v02, task_id=greet, execution_date=20250115T000000, start_date=20250617T160539, end_date=20250617T160540
[2025-06-17 16:05:40,409] {taskinstance.py:1220} INFO - 0 downstream tasks scheduled from follow-on schedule check
[2025-06-17 16:05:40,466] {local_task_job.py:146} INFO - Task exited with return code 0
