[2025-06-17 15:54:07,527] {taskinstance.py:851} INFO - Dependencies all met for <TaskInstance: our_first_dag_v5.first_task 2022-12-18T00:00:00+00:00 [queued]>
[2025-06-17 15:54:07,630] {taskinstance.py:851} INFO - Dependencies all met for <TaskInstance: our_first_dag_v5.first_task 2022-12-18T00:00:00+00:00 [queued]>
[2025-06-17 15:54:07,630] {taskinstance.py:1042} INFO - 
--------------------------------------------------------------------------------
[2025-06-17 15:54:07,630] {taskinstance.py:1043} INFO - Starting attempt 1 of 6
[2025-06-17 15:54:07,630] {taskinstance.py:1044} INFO - 
--------------------------------------------------------------------------------
[2025-06-17 15:54:07,662] {taskinstance.py:1063} INFO - Executing <Task(BashOperator): first_task> on 2022-12-18T00:00:00+00:00
[2025-06-17 15:54:07,697] {standard_task_runner.py:52} INFO - Started process 3782 to run task
[2025-06-17 15:54:07,552] {standard_task_runner.py:76} INFO - Running: ['airflow', 'tasks', 'run', 'our_first_dag_v5', 'first_task', '2022-12-18T00:00:00+00:00', '--job-id', '3063', '--pool', 'default_pool', '--raw', '--subdir', 'DAGS_FOLDER/first_dag.py', '--cfg-path', '/tmp/tmpge505qe8', '--error-file', '/tmp/tmplhrrbu0p']
[2025-06-17 15:54:07,567] {standard_task_runner.py:77} INFO - Job 3063: Subtask first_task
[2025-06-17 15:54:07,763] {logging_mixin.py:104} INFO - Running <TaskInstance: our_first_dag_v5.first_task 2022-12-18T00:00:00+00:00 [running]> on host 4f8b76136637
[2025-06-17 15:54:08,173] {taskinstance.py:1257} INFO - Exporting the following env vars:
AIRFLOW_CTX_DAG_OWNER=coder2j
AIRFLOW_CTX_DAG_ID=our_first_dag_v5
AIRFLOW_CTX_TASK_ID=first_task
AIRFLOW_CTX_EXECUTION_DATE=2022-12-18T00:00:00+00:00
AIRFLOW_CTX_DAG_RUN_ID=scheduled__2022-12-18T00:00:00+00:00
[2025-06-17 15:54:08,201] {bash.py:135} INFO - Tmp dir root location: 
 /tmp
[2025-06-17 15:54:08,236] {bash.py:158} INFO - Running command: echo hello world, this is the first task!
[2025-06-17 15:54:08,283] {bash.py:169} INFO - Output:
[2025-06-17 15:54:08,287] {bash.py:173} INFO - hello world, this is the first task!
[2025-06-17 15:54:08,288] {bash.py:177} INFO - Command exited with return code 0
[2025-06-17 15:54:08,480] {taskinstance.py:1166} INFO - Marking task as SUCCESS. dag_id=our_first_dag_v5, task_id=first_task, execution_date=20221218T000000, start_date=20250617T155407, end_date=20250617T155408
[2025-06-17 15:54:08,676] {taskinstance.py:1220} INFO - 2 downstream tasks scheduled from follow-on schedule check
[2025-06-17 15:54:08,722] {local_task_job.py:146} INFO - Task exited with return code 0
