[2025-06-17 15:50:03,153] {taskinstance.py:851} INFO - Dependencies all met for <TaskInstance: dag_with_taskflow_api_v02.get_name 2022-08-20T00:00:00+00:00 [queued]>
[2025-06-17 15:50:03,210] {taskinstance.py:851} INFO - Dependencies all met for <TaskInstance: dag_with_taskflow_api_v02.get_name 2022-08-20T00:00:00+00:00 [queued]>
[2025-06-17 15:50:03,211] {taskinstance.py:1042} INFO - 
--------------------------------------------------------------------------------
[2025-06-17 15:50:03,211] {taskinstance.py:1043} INFO - Starting attempt 1 of 6
[2025-06-17 15:50:03,211] {taskinstance.py:1044} INFO - 
--------------------------------------------------------------------------------
[2025-06-17 15:50:03,244] {taskinstance.py:1063} INFO - Executing <Task(_PythonDecoratedOperator): get_name> on 2022-08-20T00:00:00+00:00
[2025-06-17 15:50:03,256] {standard_task_runner.py:52} INFO - Started process 350 to run task
[2025-06-17 15:50:03,270] {standard_task_runner.py:76} INFO - Running: ['airflow', 'tasks', 'run', 'dag_with_taskflow_api_v02', 'get_name', '2022-08-20T00:00:00+00:00', '--job-id', '1779', '--pool', 'default_pool', '--raw', '--subdir', 'DAGS_FOLDER/taskflow.py', '--cfg-path', '/tmp/tmp_k3grep0', '--error-file', '/tmp/tmpz55d2bin']
[2025-06-17 15:50:03,287] {standard_task_runner.py:77} INFO - Job 1779: Subtask get_name
[2025-06-17 15:50:03,545] {logging_mixin.py:104} INFO - Running <TaskInstance: dag_with_taskflow_api_v02.get_name 2022-08-20T00:00:00+00:00 [running]> on host 4f8b76136637
[2025-06-17 15:50:03,922] {taskinstance.py:1257} INFO - Exporting the following env vars:
AIRFLOW_CTX_DAG_OWNER=coder2j
AIRFLOW_CTX_DAG_ID=dag_with_taskflow_api_v02
AIRFLOW_CTX_TASK_ID=get_name
AIRFLOW_CTX_EXECUTION_DATE=2022-08-20T00:00:00+00:00
AIRFLOW_CTX_DAG_RUN_ID=scheduled__2022-08-20T00:00:00+00:00
[2025-06-17 15:50:04,433] {taskinstance.py:1166} INFO - Marking task as SUCCESS. dag_id=dag_with_taskflow_api_v02, task_id=get_name, execution_date=20220820T000000, start_date=20250617T155003, end_date=20250617T155004
[2025-06-17 15:50:04,642] {taskinstance.py:1220} INFO - 1 downstream tasks scheduled from follow-on schedule check
[2025-06-17 15:50:04,694] {local_task_job.py:146} INFO - Task exited with return code 0
