[2025-06-17 15:47:29,519] {taskinstance.py:851} INFO - Dependencies all met for <TaskInstance: dag_with_taskflow_api_v02.get_age 2022-04-28T00:00:00+00:00 [queued]>
[2025-06-17 15:47:29,656] {taskinstance.py:851} INFO - Dependencies all met for <TaskInstance: dag_with_taskflow_api_v02.get_age 2022-04-28T00:00:00+00:00 [queued]>
[2025-06-17 15:47:29,656] {taskinstance.py:1042} INFO - 
--------------------------------------------------------------------------------
[2025-06-17 15:47:29,657] {taskinstance.py:1043} INFO - Starting attempt 1 of 6
[2025-06-17 15:47:29,657] {taskinstance.py:1044} INFO - 
--------------------------------------------------------------------------------
[2025-06-17 15:47:29,863] {taskinstance.py:1063} INFO - Executing <Task(_PythonDecoratedOperator): get_age> on 2022-04-28T00:00:00+00:00
[2025-06-17 15:47:29,877] {standard_task_runner.py:52} INFO - Started process 3156 to run task
[2025-06-17 15:47:29,904] {standard_task_runner.py:76} INFO - Running: ['airflow', 'tasks', 'run', 'dag_with_taskflow_api_v02', 'get_age', '2022-04-28T00:00:00+00:00', '--job-id', '1092', '--pool', 'default_pool', '--raw', '--subdir', 'DAGS_FOLDER/taskflow.py', '--cfg-path', '/tmp/tmpr3ad_itc', '--error-file', '/tmp/tmpd0gu7ji7']
[2025-06-17 15:47:29,912] {standard_task_runner.py:77} INFO - Job 1092: Subtask get_age
[2025-06-17 15:47:30,131] {logging_mixin.py:104} INFO - Running <TaskInstance: dag_with_taskflow_api_v02.get_age 2022-04-28T00:00:00+00:00 [running]> on host 4f8b76136637
[2025-06-17 15:47:30,444] {taskinstance.py:1257} INFO - Exporting the following env vars:
AIRFLOW_CTX_DAG_OWNER=coder2j
AIRFLOW_CTX_DAG_ID=dag_with_taskflow_api_v02
AIRFLOW_CTX_TASK_ID=get_age
AIRFLOW_CTX_EXECUTION_DATE=2022-04-28T00:00:00+00:00
AIRFLOW_CTX_DAG_RUN_ID=scheduled__2022-04-28T00:00:00+00:00
[2025-06-17 15:47:30,860] {taskinstance.py:1166} INFO - Marking task as SUCCESS. dag_id=dag_with_taskflow_api_v02, task_id=get_age, execution_date=20220428T000000, start_date=20250617T154729, end_date=20250617T154730
[2025-06-17 15:47:31,461] {taskinstance.py:1220} INFO - 1 downstream tasks scheduled from follow-on schedule check
[2025-06-17 15:47:31,536] {local_task_job.py:146} INFO - Task exited with return code 0
