[2025-06-18 15:08:32,386] {taskinstance.py:851} INFO - Dependencies all met for <TaskInstance: first_dag.second_task 2024-11-10T00:00:00+00:00 [queued]>
[2025-06-18 15:08:32,528] {taskinstance.py:851} INFO - Dependencies all met for <TaskInstance: first_dag.second_task 2024-11-10T00:00:00+00:00 [queued]>
[2025-06-18 15:08:32,528] {taskinstance.py:1042} INFO - 
--------------------------------------------------------------------------------
[2025-06-18 15:08:32,529] {taskinstance.py:1043} INFO - Starting attempt 1 of 6
[2025-06-18 15:08:32,529] {taskinstance.py:1044} INFO - 
--------------------------------------------------------------------------------
[2025-06-18 15:08:32,610] {taskinstance.py:1063} INFO - Executing <Task(BashOperator): second_task> on 2024-11-10T00:00:00+00:00
[2025-06-18 15:08:32,629] {standard_task_runner.py:52} INFO - Started process 15000 to run task
[2025-06-18 15:08:32,660] {standard_task_runner.py:76} INFO - Running: ['airflow', 'tasks', 'run', 'first_dag', 'second_task', '2024-11-10T00:00:00+00:00', '--job-id', '13259', '--pool', 'default_pool', '--raw', '--subdir', 'DAGS_FOLDER/first_dag.py', '--cfg-path', '/tmp/tmplunfqye2', '--error-file', '/tmp/tmpc7z001zd']
[2025-06-18 15:08:32,674] {standard_task_runner.py:77} INFO - Job 13259: Subtask second_task
[2025-06-18 15:08:32,814] {logging_mixin.py:104} INFO - Running <TaskInstance: first_dag.second_task 2024-11-10T00:00:00+00:00 [running]> on host 500dc4ac3a72
[2025-06-18 15:08:33,082] {taskinstance.py:1257} INFO - Exporting the following env vars:
AIRFLOW_CTX_DAG_OWNER=my_name
AIRFLOW_CTX_DAG_ID=first_dag
AIRFLOW_CTX_TASK_ID=second_task
AIRFLOW_CTX_EXECUTION_DATE=2024-11-10T00:00:00+00:00
AIRFLOW_CTX_DAG_RUN_ID=scheduled__2024-11-10T00:00:00+00:00
[2025-06-18 15:08:33,085] {bash.py:135} INFO - Tmp dir root location: 
 /tmp
[2025-06-18 15:08:33,088] {bash.py:158} INFO - Running command: echo "this is sencond task "
[2025-06-18 15:08:33,139] {bash.py:169} INFO - Output:
[2025-06-18 15:08:33,147] {bash.py:173} INFO - this is sencond task
[2025-06-18 15:08:33,149] {bash.py:177} INFO - Command exited with return code 0
[2025-06-18 15:08:33,303] {taskinstance.py:1166} INFO - Marking task as SUCCESS. dag_id=first_dag, task_id=second_task, execution_date=20241110T000000, start_date=20250618T150832, end_date=20250618T150833
[2025-06-18 15:08:33,534] {taskinstance.py:1220} INFO - 0 downstream tasks scheduled from follow-on schedule check
[2025-06-18 15:08:33,583] {local_task_job.py:146} INFO - Task exited with return code 0
