[2025-06-17 15:54:18,129] {taskinstance.py:851} INFO - Dependencies all met for <TaskInstance: dag_with_taskflow_api_v02.greet 2023-03-30T00:00:00+00:00 [queued]>
[2025-06-17 15:54:18,306] {taskinstance.py:851} INFO - Dependencies all met for <TaskInstance: dag_with_taskflow_api_v02.greet 2023-03-30T00:00:00+00:00 [queued]>
[2025-06-17 15:54:18,306] {taskinstance.py:1042} INFO - 
--------------------------------------------------------------------------------
[2025-06-17 15:54:18,306] {taskinstance.py:1043} INFO - Starting attempt 1 of 6
[2025-06-17 15:54:18,306] {taskinstance.py:1044} INFO - 
--------------------------------------------------------------------------------
[2025-06-17 15:54:18,394] {taskinstance.py:1063} INFO - Executing <Task(_PythonDecoratedOperator): greet> on 2023-03-30T00:00:00+00:00
[2025-06-17 15:54:18,433] {standard_task_runner.py:52} INFO - Started process 3955 to run task
[2025-06-17 15:54:18,490] {standard_task_runner.py:76} INFO - Running: ['airflow', 'tasks', 'run', 'dag_with_taskflow_api_v02', 'greet', '2023-03-30T00:00:00+00:00', '--job-id', '3128', '--pool', 'default_pool', '--raw', '--subdir', 'DAGS_FOLDER/taskflow.py', '--cfg-path', '/tmp/tmpa_waglru', '--error-file', '/tmp/tmps79iwz2f']
[2025-06-17 15:54:18,536] {standard_task_runner.py:77} INFO - Job 3128: Subtask greet
[2025-06-17 15:54:18,886] {logging_mixin.py:104} INFO - Running <TaskInstance: dag_with_taskflow_api_v02.greet 2023-03-30T00:00:00+00:00 [running]> on host 4f8b76136637
[2025-06-17 15:54:19,388] {taskinstance.py:1257} INFO - Exporting the following env vars:
AIRFLOW_CTX_DAG_OWNER=coder2j
AIRFLOW_CTX_DAG_ID=dag_with_taskflow_api_v02
AIRFLOW_CTX_TASK_ID=greet
AIRFLOW_CTX_EXECUTION_DATE=2023-03-30T00:00:00+00:00
AIRFLOW_CTX_DAG_RUN_ID=scheduled__2023-03-30T00:00:00+00:00
[2025-06-17 15:54:19,390] {logging_mixin.py:104} INFO - Hello World! My name is Jerry Fridman and I am 19 years old!
[2025-06-17 15:54:19,465] {taskinstance.py:1166} INFO - Marking task as SUCCESS. dag_id=dag_with_taskflow_api_v02, task_id=greet, execution_date=20230330T000000, start_date=20250617T155418, end_date=20250617T155419
[2025-06-17 15:54:19,685] {taskinstance.py:1220} INFO - 0 downstream tasks scheduled from follow-on schedule check
[2025-06-17 15:54:19,732] {local_task_job.py:146} INFO - Task exited with return code 0
