[2025-06-17 16:00:33,675] {taskinstance.py:851} INFO - Dependencies all met for <TaskInstance: dag_with_taskflow_api_v02.get_name 2024-02-15T00:00:00+00:00 [queued]>
[2025-06-17 16:00:33,890] {taskinstance.py:851} INFO - Dependencies all met for <TaskInstance: dag_with_taskflow_api_v02.get_name 2024-02-15T00:00:00+00:00 [queued]>
[2025-06-17 16:00:33,890] {taskinstance.py:1042} INFO - 
--------------------------------------------------------------------------------
[2025-06-17 16:00:33,891] {taskinstance.py:1043} INFO - Starting attempt 1 of 6
[2025-06-17 16:00:33,891] {taskinstance.py:1044} INFO - 
--------------------------------------------------------------------------------
[2025-06-17 16:00:33,980] {taskinstance.py:1063} INFO - Executing <Task(_PythonDecoratedOperator): get_name> on 2024-02-15T00:00:00+00:00
[2025-06-17 16:00:33,999] {standard_task_runner.py:52} INFO - Started process 9066 to run task
[2025-06-17 16:00:34,012] {standard_task_runner.py:76} INFO - Running: ['airflow', 'tasks', 'run', 'dag_with_taskflow_api_v02', 'get_name', '2024-02-15T00:00:00+00:00', '--job-id', '5036', '--pool', 'default_pool', '--raw', '--subdir', 'DAGS_FOLDER/taskflow.py', '--cfg-path', '/tmp/tmpijh2tb8u', '--error-file', '/tmp/tmpj_q9klw1']
[2025-06-17 16:00:34,033] {standard_task_runner.py:77} INFO - Job 5036: Subtask get_name
[2025-06-17 16:00:34,498] {logging_mixin.py:104} INFO - Running <TaskInstance: dag_with_taskflow_api_v02.get_name 2024-02-15T00:00:00+00:00 [running]> on host 4f8b76136637
[2025-06-17 16:00:34,733] {taskinstance.py:1257} INFO - Exporting the following env vars:
AIRFLOW_CTX_DAG_OWNER=coder2j
AIRFLOW_CTX_DAG_ID=dag_with_taskflow_api_v02
AIRFLOW_CTX_TASK_ID=get_name
AIRFLOW_CTX_EXECUTION_DATE=2024-02-15T00:00:00+00:00
AIRFLOW_CTX_DAG_RUN_ID=scheduled__2024-02-15T00:00:00+00:00
[2025-06-17 16:00:35,135] {taskinstance.py:1166} INFO - Marking task as SUCCESS. dag_id=dag_with_taskflow_api_v02, task_id=get_name, execution_date=20240215T000000, start_date=20250617T160033, end_date=20250617T160035
[2025-06-17 16:00:35,444] {taskinstance.py:1220} INFO - 0 downstream tasks scheduled from follow-on schedule check
[2025-06-17 16:00:35,491] {local_task_job.py:146} INFO - Task exited with return code 0
