[2025-06-17 15:58:07,314] {taskinstance.py:851} INFO - Dependencies all met for <TaskInstance: our_first_dag_v5.second_task 2023-07-24T00:00:00+00:00 [queued]>
[2025-06-17 15:58:07,388] {taskinstance.py:851} INFO - Dependencies all met for <TaskInstance: our_first_dag_v5.second_task 2023-07-24T00:00:00+00:00 [queued]>
[2025-06-17 15:58:07,389] {taskinstance.py:1042} INFO - 
--------------------------------------------------------------------------------
[2025-06-17 15:58:07,393] {taskinstance.py:1043} INFO - Starting attempt 1 of 6
[2025-06-17 15:58:07,393] {taskinstance.py:1044} INFO - 
--------------------------------------------------------------------------------
[2025-06-17 15:58:07,435] {taskinstance.py:1063} INFO - Executing <Task(BashOperator): second_task> on 2023-07-24T00:00:00+00:00
[2025-06-17 15:58:07,448] {standard_task_runner.py:52} INFO - Started process 7322 to run task
[2025-06-17 15:58:07,456] {standard_task_runner.py:76} INFO - Running: ['airflow', 'tasks', 'run', 'our_first_dag_v5', 'second_task', '2023-07-24T00:00:00+00:00', '--job-id', '4393', '--pool', 'default_pool', '--raw', '--subdir', 'DAGS_FOLDER/first_dag.py', '--cfg-path', '/tmp/tmpy5blpg7h', '--error-file', '/tmp/tmp8oujg87d']
[2025-06-17 15:58:07,474] {standard_task_runner.py:77} INFO - Job 4393: Subtask second_task
[2025-06-17 15:58:07,635] {logging_mixin.py:104} INFO - Running <TaskInstance: our_first_dag_v5.second_task 2023-07-24T00:00:00+00:00 [running]> on host 4f8b76136637
[2025-06-17 15:58:07,938] {taskinstance.py:1257} INFO - Exporting the following env vars:
AIRFLOW_CTX_DAG_OWNER=coder2j
AIRFLOW_CTX_DAG_ID=our_first_dag_v5
AIRFLOW_CTX_TASK_ID=second_task
AIRFLOW_CTX_EXECUTION_DATE=2023-07-24T00:00:00+00:00
AIRFLOW_CTX_DAG_RUN_ID=scheduled__2023-07-24T00:00:00+00:00
[2025-06-17 15:58:07,940] {bash.py:135} INFO - Tmp dir root location: 
 /tmp
[2025-06-17 15:58:07,959] {bash.py:158} INFO - Running command: echo hey, I am task2 and will be running after task1!
[2025-06-17 15:58:08,024] {bash.py:169} INFO - Output:
[2025-06-17 15:58:08,060] {bash.py:173} INFO - hey, I am task2 and will be running after task1!
[2025-06-17 15:58:08,061] {bash.py:177} INFO - Command exited with return code 0
[2025-06-17 15:58:08,265] {taskinstance.py:1166} INFO - Marking task as SUCCESS. dag_id=our_first_dag_v5, task_id=second_task, execution_date=20230724T000000, start_date=20250617T155807, end_date=20250617T155808
[2025-06-17 15:58:08,652] {taskinstance.py:1220} INFO - 0 downstream tasks scheduled from follow-on schedule check
[2025-06-17 15:58:08,720] {local_task_job.py:146} INFO - Task exited with return code 0
