[2025-06-17 15:52:03,373] {taskinstance.py:851} INFO - Dependencies all met for <TaskInstance: dag_with_taskflow_api_v02.get_name 2022-11-29T00:00:00+00:00 [queued]>
[2025-06-17 15:52:03,530] {taskinstance.py:851} INFO - Dependencies all met for <TaskInstance: dag_with_taskflow_api_v02.get_name 2022-11-29T00:00:00+00:00 [queued]>
[2025-06-17 15:52:03,531] {taskinstance.py:1042} INFO - 
--------------------------------------------------------------------------------
[2025-06-17 15:52:03,538] {taskinstance.py:1043} INFO - Starting attempt 1 of 6
[2025-06-17 15:52:03,539] {taskinstance.py:1044} INFO - 
--------------------------------------------------------------------------------
[2025-06-17 15:52:03,664] {taskinstance.py:1063} INFO - Executing <Task(_PythonDecoratedOperator): get_name> on 2022-11-29T00:00:00+00:00
[2025-06-17 15:52:03,734] {standard_task_runner.py:52} INFO - Started process 1963 to run task
[2025-06-17 15:52:03,764] {standard_task_runner.py:76} INFO - Running: ['airflow', 'tasks', 'run', 'dag_with_taskflow_api_v02', 'get_name', '2022-11-29T00:00:00+00:00', '--job-id', '2378', '--pool', 'default_pool', '--raw', '--subdir', 'DAGS_FOLDER/taskflow.py', '--cfg-path', '/tmp/tmppm_9gan7', '--error-file', '/tmp/tmppiyo53r_']
[2025-06-17 15:52:03,782] {standard_task_runner.py:77} INFO - Job 2378: Subtask get_name
[2025-06-17 15:52:04,201] {logging_mixin.py:104} INFO - Running <TaskInstance: dag_with_taskflow_api_v02.get_name 2022-11-29T00:00:00+00:00 [running]> on host 4f8b76136637
[2025-06-17 15:52:04,648] {taskinstance.py:1257} INFO - Exporting the following env vars:
AIRFLOW_CTX_DAG_OWNER=coder2j
AIRFLOW_CTX_DAG_ID=dag_with_taskflow_api_v02
AIRFLOW_CTX_TASK_ID=get_name
AIRFLOW_CTX_EXECUTION_DATE=2022-11-29T00:00:00+00:00
AIRFLOW_CTX_DAG_RUN_ID=scheduled__2022-11-29T00:00:00+00:00
[2025-06-17 15:52:04,978] {taskinstance.py:1166} INFO - Marking task as SUCCESS. dag_id=dag_with_taskflow_api_v02, task_id=get_name, execution_date=20221129T000000, start_date=20250617T155203, end_date=20250617T155204
[2025-06-17 15:52:05,494] {taskinstance.py:1220} INFO - 0 downstream tasks scheduled from follow-on schedule check
[2025-06-17 15:52:05,652] {local_task_job.py:146} INFO - Task exited with return code 0
