[2025-06-17 16:05:31,389] {taskinstance.py:851} INFO - Dependencies all met for <TaskInstance: our_first_dag_v5.first_task 2024-10-10T00:00:00+00:00 [queued]>
[2025-06-17 16:05:31,501] {taskinstance.py:851} INFO - Dependencies all met for <TaskInstance: our_first_dag_v5.first_task 2024-10-10T00:00:00+00:00 [queued]>
[2025-06-17 16:05:31,501] {taskinstance.py:1042} INFO - 
--------------------------------------------------------------------------------
[2025-06-17 16:05:31,502] {taskinstance.py:1043} INFO - Starting attempt 1 of 6
[2025-06-17 16:05:31,502] {taskinstance.py:1044} INFO - 
--------------------------------------------------------------------------------
[2025-06-17 16:05:31,540] {taskinstance.py:1063} INFO - Executing <Task(BashOperator): first_task> on 2024-10-10T00:00:00+00:00
[2025-06-17 16:05:31,569] {standard_task_runner.py:52} INFO - Started process 14332 to run task
[2025-06-17 16:05:31,605] {standard_task_runner.py:76} INFO - Running: ['airflow', 'tasks', 'run', 'our_first_dag_v5', 'first_task', '2024-10-10T00:00:00+00:00', '--job-id', '7031', '--pool', 'default_pool', '--raw', '--subdir', 'DAGS_FOLDER/first_dag.py', '--cfg-path', '/tmp/tmph9rqshz3', '--error-file', '/tmp/tmp_aew0t8r']
[2025-06-17 16:05:31,617] {standard_task_runner.py:77} INFO - Job 7031: Subtask first_task
[2025-06-17 16:05:31,867] {logging_mixin.py:104} INFO - Running <TaskInstance: our_first_dag_v5.first_task 2024-10-10T00:00:00+00:00 [running]> on host 4f8b76136637
[2025-06-17 16:05:32,627] {taskinstance.py:1257} INFO - Exporting the following env vars:
AIRFLOW_CTX_DAG_OWNER=coder2j
AIRFLOW_CTX_DAG_ID=our_first_dag_v5
AIRFLOW_CTX_TASK_ID=first_task
AIRFLOW_CTX_EXECUTION_DATE=2024-10-10T00:00:00+00:00
AIRFLOW_CTX_DAG_RUN_ID=scheduled__2024-10-10T00:00:00+00:00
[2025-06-17 16:05:32,638] {bash.py:135} INFO - Tmp dir root location: 
 /tmp
[2025-06-17 16:05:32,639] {bash.py:158} INFO - Running command: echo hello world, this is the first task!
[2025-06-17 16:05:32,706] {bash.py:169} INFO - Output:
[2025-06-17 16:05:32,726] {bash.py:173} INFO - hello world, this is the first task!
[2025-06-17 16:05:32,728] {bash.py:177} INFO - Command exited with return code 0
[2025-06-17 16:05:33,000] {taskinstance.py:1166} INFO - Marking task as SUCCESS. dag_id=our_first_dag_v5, task_id=first_task, execution_date=20241010T000000, start_date=20250617T160531, end_date=20250617T160532
[2025-06-17 16:05:33,690] {taskinstance.py:1220} INFO - 0 downstream tasks scheduled from follow-on schedule check
[2025-06-17 16:05:33,743] {local_task_job.py:146} INFO - Task exited with return code 0
