[2025-06-17 15:50:38,436] {taskinstance.py:851} INFO - Dependencies all met for <TaskInstance: our_first_dag_v5.second_task 2022-06-15T00:00:00+00:00 [queued]>
[2025-06-17 15:50:38,590] {taskinstance.py:851} INFO - Dependencies all met for <TaskInstance: our_first_dag_v5.second_task 2022-06-15T00:00:00+00:00 [queued]>
[2025-06-17 15:50:38,590] {taskinstance.py:1042} INFO - 
--------------------------------------------------------------------------------
[2025-06-17 15:50:38,591] {taskinstance.py:1043} INFO - Starting attempt 1 of 6
[2025-06-17 15:50:38,594] {taskinstance.py:1044} INFO - 
--------------------------------------------------------------------------------
[2025-06-17 15:50:38,481] {taskinstance.py:1063} INFO - Executing <Task(BashOperator): second_task> on 2022-06-15T00:00:00+00:00
[2025-06-17 15:50:38,503] {standard_task_runner.py:52} INFO - Started process 828 to run task
[2025-06-17 15:50:38,523] {standard_task_runner.py:76} INFO - Running: ['airflow', 'tasks', 'run', 'our_first_dag_v5', 'second_task', '2022-06-15T00:00:00+00:00', '--job-id', '1954', '--pool', 'default_pool', '--raw', '--subdir', 'DAGS_FOLDER/first_dag.py', '--cfg-path', '/tmp/tmppru99kgi', '--error-file', '/tmp/tmpthnw9hg4']
[2025-06-17 15:50:38,535] {standard_task_runner.py:77} INFO - Job 1954: Subtask second_task
[2025-06-17 15:50:38,854] {logging_mixin.py:104} INFO - Running <TaskInstance: our_first_dag_v5.second_task 2022-06-15T00:00:00+00:00 [running]> on host 4f8b76136637
[2025-06-17 15:50:39,151] {taskinstance.py:1257} INFO - Exporting the following env vars:
AIRFLOW_CTX_DAG_OWNER=coder2j
AIRFLOW_CTX_DAG_ID=our_first_dag_v5
AIRFLOW_CTX_TASK_ID=second_task
AIRFLOW_CTX_EXECUTION_DATE=2022-06-15T00:00:00+00:00
AIRFLOW_CTX_DAG_RUN_ID=scheduled__2022-06-15T00:00:00+00:00
[2025-06-17 15:50:39,152] {bash.py:135} INFO - Tmp dir root location: 
 /tmp
[2025-06-17 15:50:39,153] {bash.py:158} INFO - Running command: echo hey, I am task2 and will be running after task1!
[2025-06-17 15:50:39,186] {bash.py:169} INFO - Output:
[2025-06-17 15:50:39,192] {bash.py:173} INFO - hey, I am task2 and will be running after task1!
[2025-06-17 15:50:39,193] {bash.py:177} INFO - Command exited with return code 0
[2025-06-17 15:50:39,419] {taskinstance.py:1166} INFO - Marking task as SUCCESS. dag_id=our_first_dag_v5, task_id=second_task, execution_date=20220615T000000, start_date=20250617T155038, end_date=20250617T155039
[2025-06-17 15:50:39,868] {taskinstance.py:1220} INFO - 0 downstream tasks scheduled from follow-on schedule check
[2025-06-17 15:50:39,900] {local_task_job.py:146} INFO - Task exited with return code 0
